2024-06-27 08:47:28,817 - root - INFO - City: Wuxi
2024-06-27 08:47:28,817 - root - INFO - Parking fee: 20
2024-06-27 08:53:33,975 - root - INFO - Year: 2019, Month: 6
2024-06-27 08:59:43,295 - root - INFO - count, count_true: 141729, 24702
2024-06-27 08:59:43,296 - root - INFO - len args: 149664, missing rate: 0.05301876202694035
2024-06-27 08:59:43,358 - root - INFO - count, count_true: 136018, 13115
2024-06-27 08:59:43,361 - root - INFO - len args: 143515, missing rate: 0.05223844197470648
2024-06-27 08:59:44,173 - root - INFO - count, count_true: 138112, 13230
2024-06-27 08:59:44,175 - root - INFO - len args: 145716, missing rate: 0.0521836997996102
2024-06-27 08:59:44,809 - root - INFO - count, count_true: 139989, 13383
2024-06-27 08:59:44,810 - root - INFO - len args: 147824, missing rate: 0.05300221885485442
2024-06-27 08:59:44,812 - root - INFO - count, count_true: 141729, 14140
2024-06-27 08:59:44,814 - root - INFO - len args: 149664, missing rate: 0.05301876202694035
2024-06-27 08:59:45,823 - root - INFO - count, count_true: 130634, 6090
2024-06-27 08:59:45,824 - root - INFO - len args: 137950, missing rate: 0.05303370786516854
2024-06-27 08:59:48,011 - root - INFO - count, count_true: 134031, 12937
2024-06-27 08:59:48,013 - root - INFO - len args: 141465, missing rate: 0.05255010073162973
2024-06-27 08:59:50,124 - root - INFO - count, count_true: 132735, 12793
2024-06-27 08:59:50,125 - root - INFO - len args: 140359, missing rate: 0.054317856354063505
2024-06-27 09:02:16,794 - root - INFO - count, count_true: 141729, 29023
2024-06-27 09:02:16,795 - root - INFO - len args: 149664, missing rate: 0.05301876202694035
2024-06-27 09:02:26,763 - root - INFO - count, count_true: 141729, 29023
2024-06-27 09:02:26,764 - root - INFO - len args: 149664, missing rate: 0.05301876202694035
2024-06-27 09:02:32,393 - root - INFO - count, count_true: 139989, 13990
2024-06-27 09:02:32,394 - root - INFO - len args: 147824, missing rate: 0.05300221885485442
2024-06-27 09:02:33,429 - root - INFO - count, count_true: 141729, 24702
2024-06-27 09:02:33,430 - root - INFO - len args: 149664, missing rate: 0.05301876202694035
2024-06-27 09:04:20,491 - root - INFO - Factual data collection finished, {2010: {}, 2011: {}, 2012: {}, 2013: {}, 2014: {'(8, 9, 10, 11, 12)': {'traffic_num': [165845.94648046364, 1136491.537422276, 6606233.016553694, 3257537.813941354], 'traffic_ratio': [0.014852618460329531, 0.10178045075533279, 0.5916325393365113, 0.2917343914478265], 'carbon': 19742890707.55054, 'subway_distribution': {'地铁1号线(堰桥--南方泉)': 108571.56653818929, '地铁1号线(南方泉--堰桥)': 57274.37994227387}, 'fuel_car_distance': 77168870800.39925, 'elec_car_distance': 135666709837.86806, 'subway_mileage': 1119415553.8183904}}, 2015: {'(1, 2, 3, 4, 5, 6, 7, 8, 9, 10, 11, 12)': {'traffic_num': [351923.33563438203, 1119813.1915185852, 6715917.474981417, 3256408.1882285657], 'traffic_ratio': [0.03075160985499859, 0.09785102290527399, 0.5868473417277384, 0.28455002551198894], 'carbon': 20177397006.08165, 'subway_distribution': {'地铁1号线(堰桥--南方泉)': 140223.14653594064, '地铁2号线(无锡东站--梅园开原寺)': 16122.153988767452, '地铁2号线(梅园开原寺--无锡东站)': 194642.44885578184, '地铁1号线(南方泉--堰桥)': 88179.91435538114}, 'fuel_car_distance': 78699031960.8095, 'elec_car_distance': 139045722323.68393, 'subway_mileage': 2656986210.7744265}}, 2016: {'(1, 2, 3, 4, 5, 6, 7, 8, 9, 10, 11, 12)': {'traffic_num': [362127.31116776733, 1152125.8404748715, 6894400.4438008955, 3323745.18076821], 'traffic_ratio': [0.030865581546887552, 0.09820036485726064, 0.5876377521176465, 0.2832963014782054], 'carbon': 20784076641.431126, 'subway_distribution': {'地铁1号线(堰桥--南方泉)': 144196.88497747463, '地铁2号线(无锡东站--梅园开原寺)': 16512.977070202855, '地铁2号线(梅园开原寺--无锡东站)': 200278.76545928366, '地铁1号线(南方泉--堰桥)': 90884.99048835457}, 'fuel_car_distance': 80995846034.67879, 'elec_car_distance': 143388829705.4933, 'subway_mileage': 2742046640.04818}}, 2017: {'(1, 2, 3, 4, 5, 6, 7, 8, 9, 10, 11, 12)': {'traffic_num': [369959.60481082136, 1176236.210365598, 7068329.899767972, 3389764.5632376866], 'traffic_ratio': [0.030818948579011518, 0.0979846524124312, 0.5888169759285756, 0.28237942307998154], 'carbon': 21340543775.854427, 'subway_distribution': {'地铁1号线(堰桥--南方泉)': 147095.6079547187, '地铁2号线(无锡东站--梅园开原寺)': 16900.89875104538, '地铁2号线(梅园开原寺--无锡东站)': 204835.87342946156, '地铁1号线(南方泉--堰桥)': 92934.97744415751}, 'fuel_car_distance': 83104936795.49998, 'elec_car_distance': 147366922327.88535, 'subway_mileage': 2804454295.6437626}}, 2018: {'(1, 2, 3, 4, 5, 6, 7, 8, 9, 10, 11, 12)': {'traffic_num': [375640.6786665641, 1200600.711890097, 7229821.584549767, 3458010.7503364966], 'traffic_ratio': [0.03062935587930002, 0.09789575134397169, 0.5895122409082434, 0.28196265186848496], 'carbon': 21843772276.126755, 'subway_distribution': {'地铁1号线(堰桥--南方泉)': 149780.55215884812, '地铁2号线(无锡东站--梅园开原寺)': 17197.666128146757, '地铁2号线(梅园开原寺--无锡东站)': 207150.74164794775, '地铁1号线(南方泉--堰桥)': 94642.56337520806}, 'fuel_car_distance': 85054195809.41255, 'elec_car_distance': 150866341029.0699, 'subway_mileage': 2843055711.4095864}}, 2019: {'(1, 2, 3, 4, 5, 6, 7, 8, 9)': {'traffic_num': [382750.03190948087, 1219617.3579060477, 7399312.228862388, 3523118.673312339], 'traffic_ratio': [0.03055937692459716, 0.09737620754228085, 0.5907729654691788, 0.2812914500639433], 'carbon': 22378334547.408024, 'subway_distribution': {'地铁1号线(堰桥--南方泉)': 152425.54250065223, '地铁2号线(无锡东站--梅园开原寺)': 17422.498664429564, '地铁2号线(梅园开原寺--无锡东站)': 211233.7083987355, '地铁1号线(南方泉--堰桥)': 96568.22147828795}, 'fuel_car_distance': 87098376516.27513, 'elec_car_distance': 154645492385.50803, 'subway_mileage': 2899671026.8982363}, '(10, 11, 12)': {'traffic_num': [393446.84777270205, 1218197.7324167236, 7391965.243041725, 3521188.468759144], 'traffic_ratio': [0.03141342787327077, 0.09726286236447979, 0.5901863703281308, 0.28113733943411856], 'carbon': 22363862456.3223, 'subway_distribution': {'地铁1号线(堰桥--南方泉)': 154046.6168272133, '地铁2号线(无锡东站--梅园开原寺)': 17704.02413394137, '地铁2号线(梅园开原寺--无锡东站)': 212011.467763663, '地铁1号线(南方泉--堰桥)': 105773.40908005532}, 'fuel_car_distance': 87026066674.47668, 'elec_car_distance': 154582851675.5068, 'subway_mileage': 3051192022.6069965}}, 2020: {'(1, 2, 3, 4, 5, 6, 7, 8, 9, 10)': {'traffic_num': [401299.60530214437, 1242415.5869507228, 7552533.189240455, 3586249.7054350087], 'traffic_ratio': [0.031394458467591896, 0.09719661825893366, 0.5908495458304699, 0.2805593774430045], 'carbon': 22876347172.747692, 'subway_distribution': {'地铁1号线(堰桥--南方泉)': 157103.23480146684, '地铁2号线(无锡东站--梅园开原寺)': 18012.47110746189, '地铁2号线(梅园开原寺--无锡东站)': 216260.4414453987, '地铁1号线(南方泉--堰桥)': 107947.45391338464}, 'fuel_car_distance': 88988787925.27711, 'elec_car_distance': 158198989319.07376, 'subway_mileage': 3113579069.2162294}, '(11, 12)': {'traffic_num': [572088.1028371542, 1218603.2628366188, 7457165.407022826, 3534641.314231703], 'traffic_ratio': [0.044755578991416835, 0.09533373324599145, 0.5833887364042485, 0.2765219513583432], 'carbon': 22683905344.86871, 'subway_distribution': {'地铁3号线(硕放机场--苏庙)': 23238.39935825506, '地铁1号线(堰桥--南方泉)': 154209.56612505802, '地铁2号线(无锡东站--梅园开原寺)': 22902.88364866266, '地铁2号线(梅园开原寺--无锡东站)': 231886.6687983136, '地铁3号线(苏庙--硕放机场)': 171754.4134333177, '地铁1号线(南方泉--堰桥)': 106111.08641398835}, 'fuel_car_distance': 88086765875.17545, 'elec_car_distance': 157226884542.59586, 'subway_mileage': 4608936509.143588}}, 2021: {'(1, 2, 3, 4, 5, 6, 7, 8, 9, 10, 11, 12)': {'traffic_num': [572088.1028371542, 1218603.2628366188, 7457165.407022826, 3534641.314231703], 'traffic_ratio': [0.044755578991416835, 0.09533373324599145, 0.5833887364042485, 0.2765219513583432], 'carbon': 22683905344.86871, 'subway_distribution': {'地铁3号线(硕放机场--苏庙)': 23238.39935825506, '地铁1号线(堰桥--南方泉)': 154209.56612505802, '地铁2号线(无锡东站--梅园开原寺)': 22902.88364866266, '地铁2号线(梅园开原寺--无锡东站)': 231886.6687983136, '地铁3号线(苏庙--硕放机场)': 171754.4134333177, '地铁1号线(南方泉--堰桥)': 106111.08641398835}, 'fuel_car_distance': 88086765875.17545, 'elec_car_distance': 157226884542.59586, 'subway_mileage': 4608936509.143588}}, 2022: {'(1, 2, 3, 4, 5, 6, 7, 8, 9, 10, 11, 12)': {'traffic_num': [675909.1795557184, 1202672.119815743, 7411756.616561991, 3492160.1709949235], 'traffic_ratio': [0.0528777062948999, 0.09408740855166788, 0.5798363172955523, 0.27319856785788005], 'carbon': 22609246723.390186, 'subway_distribution': {'地铁3号线(硕放机场--苏庙)': 23214.63824066549, '地铁1号线(堰桥--南方泉)': 163810.18540777132, '地铁4号线(刘潭--博览中心)': 78604.5788828434, '地铁2号线(无锡东站--梅园开原寺)': 22467.977861174808, '地铁2号线(梅园开原寺--无锡东站)': 244878.2664376618, '地铁3号线(苏庙--硕放机场)': 180836.54157799255, '地铁1号线(南方泉--堰桥)': 117586.80543029596, '地铁4号线(博览中心--刘潭)': 48016.72693949518}, 'fuel_car_distance': 87713892043.0742, 'elec_car_distance': 156903363857.00104, 'subway_mileage': 5557811715.763629}}, 2023: {'(1, 2, 3, 4, 5, 6, 7, 8, 9, 10, 11, 12)': {'traffic_num': [675909.1795557184, 1202672.119815743, 7411756.616561991, 3492160.1709949235], 'traffic_ratio': [0.0528777062948999, 0.09408740855166788, 0.5798363172955523, 0.27319856785788005], 'carbon': 22609246723.390186, 'subway_distribution': {'地铁3号线(硕放机场--苏庙)': 23214.63824066549, '地铁1号线(堰桥--南方泉)': 163810.18540777132, '地铁4号线(刘潭--博览中心)': 78604.5788828434, '地铁2号线(无锡东站--梅园开原寺)': 22467.977861174808, '地铁2号线(梅园开原寺--无锡东站)': 244878.2664376618, '地铁3号线(苏庙--硕放机场)': 180836.54157799255, '地铁1号线(南方泉--堰桥)': 117586.80543029596, '地铁4号线(博览中心--刘潭)': 48016.72693949518}, 'fuel_car_distance': 87713892043.0742, 'elec_car_distance': 156903363857.00104, 'subway_mileage': 5557811715.763629}}}
2024-06-27 09:04:20,890 - root - INFO - jinzhanliang_true_list: [25.44931506849315, 23.853424657534248, 21.475616438356166, 19.41041095890411, 16.991780821917807]
2024-06-27 09:04:20,890 - root - INFO - jinzhanliang_list: [38.54242358752862, 37.56406786665641, 36.995960481082136, 36.21273111677673, 35.192333563438204, 6.910247770019318]
2024-06-27 09:04:20,890 - root - INFO - keyunliang_true_list: [30.044931506849313, 28.252054794520546, 25.297534246575342, 22.64958904109589, 19.794520547945204]
2024-06-27 09:04:20,891 - root - INFO - keyunliang_list: [48.062135773279714, 46.877152331015076, 46.17673575793831, 45.18736179953157, 43.91676637358711, 6.910247770019296]
2024-06-27 09:04:20,891 - root - INFO - licheng_true_list: [221.0482191780822, 207.31315068493151, 184.17342465753424, 161.41643835616438, 138.21369863013697]
2024-06-27 09:04:20,891 - root - INFO - licheng_list: [293.7551275825426, 284.30557114095865, 280.44542956437624, 274.204664004818, 265.6986210774426, 46.64231474243294]
2024-06-27 09:04:20,891 - root - INFO - ratio: 0.6602935856044072
2024-06-27 09:04:21,145 - matplotlib.font_manager - WARNING - findfont: Generic family 'sans-serif' not found because none of the following families were found: Times New Roman
2024-06-27 09:04:21,158 - matplotlib.font_manager - WARNING - findfont: Generic family 'sans-serif' not found because none of the following families were found: Times New Roman
2024-06-27 09:04:21,160 - matplotlib.font_manager - WARNING - findfont: Generic family 'sans-serif' not found because none of the following families were found: Times New Roman
2024-06-27 09:04:21,163 - matplotlib.font_manager - WARNING - findfont: Generic family 'sans-serif' not found because none of the following families were found: Times New Roman
2024-06-27 09:04:21,165 - matplotlib.font_manager - WARNING - findfont: Generic family 'sans-serif' not found because none of the following families were found: Times New Roman
2024-06-27 09:04:21,168 - matplotlib.font_manager - WARNING - findfont: Generic family 'sans-serif' not found because none of the following families were found: Times New Roman
2024-06-27 09:04:21,191 - matplotlib.font_manager - WARNING - findfont: Generic family 'sans-serif' not found because none of the following families were found: Times New Roman
2024-06-27 09:04:21,194 - matplotlib.font_manager - WARNING - findfont: Generic family 'sans-serif' not found because none of the following families were found: Times New Roman
2024-06-27 09:04:21,196 - matplotlib.font_manager - WARNING - findfont: Generic family 'sans-serif' not found because none of the following families were found: Times New Roman
2024-06-27 09:04:21,197 - matplotlib.font_manager - WARNING - findfont: Generic family 'sans-serif' not found because none of the following families were found: Times New Roman
2024-06-27 09:04:21,199 - matplotlib.font_manager - WARNING - findfont: Generic family 'sans-serif' not found because none of the following families were found: Times New Roman
2024-06-27 09:04:21,200 - matplotlib.font_manager - WARNING - findfont: Generic family 'sans-serif' not found because none of the following families were found: Times New Roman
2024-06-27 09:04:21,224 - matplotlib.font_manager - WARNING - findfont: Generic family 'sans-serif' not found because none of the following families were found: Times New Roman
2024-06-27 09:04:21,229 - matplotlib.font_manager - WARNING - findfont: Generic family 'sans-serif' not found because none of the following families were found: Times New Roman
2024-06-27 09:04:21,246 - matplotlib.font_manager - WARNING - findfont: Generic family 'sans-serif' not found because none of the following families were found: Times New Roman
2024-06-27 09:04:21,249 - matplotlib.font_manager - WARNING - findfont: Generic family 'sans-serif' not found because none of the following families were found: Times New Roman
2024-06-27 09:04:21,253 - matplotlib.font_manager - WARNING - findfont: Generic family 'sans-serif' not found because none of the following families were found: Times New Roman
2024-06-27 09:04:21,257 - matplotlib.font_manager - WARNING - findfont: Generic family 'sans-serif' not found because none of the following families were found: Times New Roman
2024-06-27 09:04:21,259 - matplotlib.font_manager - WARNING - findfont: Generic family 'sans-serif' not found because none of the following families were found: Times New Roman
2024-06-27 09:04:21,260 - matplotlib.font_manager - WARNING - findfont: Generic family 'sans-serif' not found because none of the following families were found: Times New Roman
2024-06-27 09:04:21,262 - matplotlib.font_manager - WARNING - findfont: Generic family 'sans-serif' not found because none of the following families were found: Times New Roman
2024-06-27 09:04:21,262 - matplotlib.font_manager - WARNING - findfont: Generic family 'sans-serif' not found because none of the following families were found: Times New Roman
2024-06-27 09:04:21,263 - matplotlib.font_manager - WARNING - findfont: Generic family 'sans-serif' not found because none of the following families were found: Times New Roman
2024-06-27 09:04:21,263 - matplotlib.font_manager - WARNING - findfont: Generic family 'sans-serif' not found because none of the following families were found: Times New Roman
2024-06-27 09:04:21,267 - matplotlib.font_manager - WARNING - findfont: Generic family 'sans-serif' not found because none of the following families were found: Times New Roman
2024-06-27 09:04:21,268 - matplotlib.font_manager - WARNING - findfont: Generic family 'sans-serif' not found because none of the following families were found: Times New Roman
2024-06-27 09:04:21,270 - matplotlib.font_manager - WARNING - findfont: Generic family 'sans-serif' not found because none of the following families were found: Times New Roman
2024-06-27 09:04:21,271 - matplotlib.font_manager - WARNING - findfont: Generic family 'sans-serif' not found because none of the following families were found: Times New Roman
2024-06-27 09:04:21,272 - matplotlib.font_manager - WARNING - findfont: Generic family 'sans-serif' not found because none of the following families were found: Times New Roman
2024-06-27 09:04:21,272 - matplotlib.font_manager - WARNING - findfont: Generic family 'sans-serif' not found because none of the following families were found: Times New Roman
2024-06-27 09:04:21,273 - matplotlib.font_manager - WARNING - findfont: Generic family 'sans-serif' not found because none of the following families were found: Times New Roman
2024-06-27 09:04:21,275 - matplotlib.font_manager - WARNING - findfont: Generic family 'sans-serif' not found because none of the following families were found: Times New Roman
2024-06-27 09:04:21,307 - matplotlib.font_manager - WARNING - findfont: Generic family 'sans-serif' not found because none of the following families were found: Times New Roman
2024-06-27 09:04:21,310 - matplotlib.font_manager - WARNING - findfont: Generic family 'sans-serif' not found because none of the following families were found: Times New Roman
2024-06-27 09:04:21,334 - matplotlib.font_manager - WARNING - findfont: Generic family 'sans-serif' not found because none of the following families were found: Times New Roman
2024-06-27 09:04:21,336 - matplotlib.font_manager - WARNING - findfont: Generic family 'sans-serif' not found because none of the following families were found: Times New Roman
2024-06-27 09:04:21,381 - matplotlib.font_manager - WARNING - findfont: Generic family 'sans-serif' not found because none of the following families were found: Times New Roman
2024-06-27 09:04:21,382 - matplotlib.font_manager - WARNING - findfont: Generic family 'sans-serif' not found because none of the following families were found: Times New Roman
2024-06-27 09:04:21,427 - matplotlib.font_manager - WARNING - findfont: Generic family 'sans-serif' not found because none of the following families were found: Times New Roman
2024-06-27 09:04:21,428 - matplotlib.font_manager - WARNING - findfont: Generic family 'sans-serif' not found because none of the following families were found: Times New Roman
2024-06-27 09:04:21,430 - matplotlib.font_manager - WARNING - findfont: Generic family 'sans-serif' not found because none of the following families were found: Times New Roman
2024-06-27 09:04:21,431 - matplotlib.font_manager - WARNING - findfont: Generic family 'sans-serif' not found because none of the following families were found: Times New Roman
2024-06-27 09:04:21,431 - matplotlib.font_manager - WARNING - findfont: Generic family 'sans-serif' not found because none of the following families were found: Times New Roman
2024-06-27 09:04:21,433 - matplotlib.font_manager - WARNING - findfont: Generic family 'sans-serif' not found because none of the following families were found: Times New Roman
2024-06-27 09:04:21,435 - matplotlib.font_manager - WARNING - findfont: Generic family 'sans-serif' not found because none of the following families were found: Times New Roman
2024-06-27 09:04:21,438 - matplotlib.font_manager - WARNING - findfont: Generic family 'sans-serif' not found because none of the following families were found: Times New Roman
2024-06-27 09:04:21,440 - matplotlib.font_manager - WARNING - findfont: Generic family 'sans-serif' not found because none of the following families were found: Times New Roman
2024-06-27 09:04:21,441 - matplotlib.font_manager - WARNING - findfont: Generic family 'sans-serif' not found because none of the following families were found: Times New Roman
2024-06-27 09:04:21,443 - matplotlib.font_manager - WARNING - findfont: Generic family 'sans-serif' not found because none of the following families were found: Times New Roman
2024-06-27 09:04:21,451 - matplotlib.font_manager - WARNING - findfont: Generic family 'sans-serif' not found because none of the following families were found: Times New Roman
2024-06-27 09:04:21,452 - matplotlib.font_manager - WARNING - findfont: Generic family 'sans-serif' not found because none of the following families were found: Times New Roman
2024-06-27 09:04:21,452 - matplotlib.font_manager - WARNING - findfont: Generic family 'sans-serif' not found because none of the following families were found: Times New Roman
2024-06-27 09:04:21,453 - matplotlib.font_manager - WARNING - findfont: Generic family 'sans-serif' not found because none of the following families were found: Times New Roman
2024-06-27 09:04:21,453 - matplotlib.font_manager - WARNING - findfont: Generic family 'sans-serif' not found because none of the following families were found: Times New Roman
2024-06-27 09:04:21,454 - matplotlib.font_manager - WARNING - findfont: Generic family 'sans-serif' not found because none of the following families were found: Times New Roman
2024-06-27 09:04:21,455 - matplotlib.font_manager - WARNING - findfont: Generic family 'sans-serif' not found because none of the following families were found: Times New Roman
2024-06-27 09:04:21,457 - matplotlib.font_manager - WARNING - findfont: Generic family 'sans-serif' not found because none of the following families were found: Times New Roman
2024-06-27 09:04:21,458 - matplotlib.font_manager - WARNING - findfont: Generic family 'sans-serif' not found because none of the following families were found: Times New Roman
2024-06-27 09:04:21,459 - matplotlib.font_manager - WARNING - findfont: Generic family 'sans-serif' not found because none of the following families were found: Times New Roman
2024-06-27 09:04:21,460 - matplotlib.font_manager - WARNING - findfont: Generic family 'sans-serif' not found because none of the following families were found: Times New Roman
2024-06-27 09:04:21,461 - matplotlib.font_manager - WARNING - findfont: Generic family 'sans-serif' not found because none of the following families were found: Times New Roman
2024-06-27 09:04:21,468 - matplotlib.font_manager - WARNING - findfont: Generic family 'sans-serif' not found because none of the following families were found: Times New Roman
2024-06-27 09:04:21,470 - matplotlib.font_manager - WARNING - findfont: Generic family 'sans-serif' not found because none of the following families were found: Times New Roman
2024-06-27 09:04:21,475 - matplotlib.font_manager - WARNING - findfont: Generic family 'sans-serif' not found because none of the following families were found: Times New Roman
2024-06-27 09:04:21,476 - matplotlib.font_manager - WARNING - findfont: Generic family 'sans-serif' not found because none of the following families were found: Times New Roman
2024-06-27 09:04:21,477 - matplotlib.font_manager - WARNING - findfont: Generic family 'sans-serif' not found because none of the following families were found: Times New Roman
2024-06-27 09:04:21,478 - matplotlib.font_manager - WARNING - findfont: Generic family 'sans-serif' not found because none of the following families were found: Times New Roman
2024-06-27 09:04:21,478 - matplotlib.font_manager - WARNING - findfont: Generic family 'sans-serif' not found because none of the following families were found: Times New Roman
2024-06-27 09:04:21,479 - matplotlib.font_manager - WARNING - findfont: Generic family 'sans-serif' not found because none of the following families were found: Times New Roman
2024-06-27 09:04:21,480 - matplotlib.font_manager - WARNING - findfont: Generic family 'sans-serif' not found because none of the following families were found: Times New Roman
2024-06-27 09:04:21,480 - matplotlib.font_manager - WARNING - findfont: Generic family 'sans-serif' not found because none of the following families were found: Times New Roman
2024-06-27 09:04:21,481 - matplotlib.font_manager - WARNING - findfont: Generic family 'sans-serif' not found because none of the following families were found: Times New Roman
2024-06-27 09:04:21,482 - matplotlib.font_manager - WARNING - findfont: Generic family 'sans-serif' not found because none of the following families were found: Times New Roman
2024-06-27 09:04:21,483 - matplotlib.font_manager - WARNING - findfont: Generic family 'sans-serif' not found because none of the following families were found: Times New Roman
2024-06-27 09:04:21,483 - matplotlib.font_manager - WARNING - findfont: Generic family 'sans-serif' not found because none of the following families were found: Times New Roman
2024-06-27 09:04:21,484 - matplotlib.font_manager - WARNING - findfont: Generic family 'sans-serif' not found because none of the following families were found: Times New Roman
2024-06-27 09:04:21,484 - matplotlib.font_manager - WARNING - findfont: Generic family 'sans-serif' not found because none of the following families were found: Times New Roman
2024-06-27 09:04:21,485 - matplotlib.font_manager - WARNING - findfont: Generic family 'sans-serif' not found because none of the following families were found: Times New Roman
2024-06-27 09:04:21,485 - matplotlib.font_manager - WARNING - findfont: Generic family 'sans-serif' not found because none of the following families were found: Times New Roman
2024-06-27 09:04:21,486 - matplotlib.font_manager - WARNING - findfont: Generic family 'sans-serif' not found because none of the following families were found: Times New Roman
2024-06-27 09:04:21,486 - matplotlib.font_manager - WARNING - findfont: Generic family 'sans-serif' not found because none of the following families were found: Times New Roman
2024-06-27 09:04:21,487 - matplotlib.font_manager - WARNING - findfont: Generic family 'sans-serif' not found because none of the following families were found: Times New Roman
2024-06-27 09:04:21,488 - matplotlib.font_manager - WARNING - findfont: Generic family 'sans-serif' not found because none of the following families were found: Times New Roman
2024-06-27 09:04:21,488 - matplotlib.font_manager - WARNING - findfont: Generic family 'sans-serif' not found because none of the following families were found: Times New Roman
2024-06-27 09:04:21,492 - matplotlib.font_manager - WARNING - findfont: Generic family 'sans-serif' not found because none of the following families were found: Times New Roman
2024-06-27 09:04:21,493 - matplotlib.font_manager - WARNING - findfont: Generic family 'sans-serif' not found because none of the following families were found: Times New Roman
2024-06-27 09:04:21,496 - matplotlib.font_manager - WARNING - findfont: Generic family 'sans-serif' not found because none of the following families were found: Times New Roman
2024-06-27 09:04:21,496 - matplotlib.font_manager - WARNING - findfont: Generic family 'sans-serif' not found because none of the following families were found: Times New Roman
2024-06-27 09:04:21,497 - matplotlib.font_manager - WARNING - findfont: Generic family 'sans-serif' not found because none of the following families were found: Times New Roman
2024-06-27 09:04:21,498 - matplotlib.font_manager - WARNING - findfont: Generic family 'sans-serif' not found because none of the following families were found: Times New Roman
2024-06-27 09:04:21,499 - matplotlib.font_manager - WARNING - findfont: Generic family 'sans-serif' not found because none of the following families were found: Times New Roman
2024-06-27 09:04:21,501 - matplotlib.font_manager - WARNING - findfont: Generic family 'sans-serif' not found because none of the following families were found: Times New Roman
2024-06-27 09:04:21,502 - matplotlib.font_manager - WARNING - findfont: Generic family 'sans-serif' not found because none of the following families were found: Times New Roman
2024-06-27 09:04:21,504 - matplotlib.font_manager - WARNING - findfont: Generic family 'sans-serif' not found because none of the following families were found: Times New Roman
2024-06-27 09:04:21,651 - matplotlib.font_manager - WARNING - findfont: Generic family 'sans-serif' not found because none of the following families were found: Times New Roman
2024-06-27 09:04:21,652 - matplotlib.font_manager - WARNING - findfont: Generic family 'sans-serif' not found because none of the following families were found: Times New Roman
2024-06-27 09:04:21,653 - matplotlib.font_manager - WARNING - findfont: Generic family 'sans-serif' not found because none of the following families were found: Times New Roman
2024-06-27 09:04:21,654 - matplotlib.font_manager - WARNING - findfont: Generic family 'sans-serif' not found because none of the following families were found: Times New Roman
2024-06-27 09:04:21,654 - matplotlib.font_manager - WARNING - findfont: Generic family 'sans-serif' not found because none of the following families were found: Times New Roman
2024-06-27 09:04:21,655 - matplotlib.font_manager - WARNING - findfont: Generic family 'sans-serif' not found because none of the following families were found: Times New Roman
2024-06-27 09:04:21,657 - matplotlib.font_manager - WARNING - findfont: Generic family 'sans-serif' not found because none of the following families were found: Times New Roman
2024-06-27 09:04:21,658 - matplotlib.font_manager - WARNING - findfont: Generic family 'sans-serif' not found because none of the following families were found: Times New Roman
2024-06-27 09:04:21,660 - matplotlib.font_manager - WARNING - findfont: Generic family 'sans-serif' not found because none of the following families were found: Times New Roman
2024-06-27 09:04:21,660 - matplotlib.font_manager - WARNING - findfont: Generic family 'sans-serif' not found because none of the following families were found: Times New Roman
2024-06-27 09:04:21,662 - matplotlib.font_manager - WARNING - findfont: Generic family 'sans-serif' not found because none of the following families were found: Times New Roman
2024-06-27 09:04:21,668 - matplotlib.font_manager - WARNING - findfont: Generic family 'sans-serif' not found because none of the following families were found: Times New Roman
2024-06-27 09:04:21,669 - matplotlib.font_manager - WARNING - findfont: Generic family 'sans-serif' not found because none of the following families were found: Times New Roman
2024-06-27 09:04:21,669 - matplotlib.font_manager - WARNING - findfont: Generic family 'sans-serif' not found because none of the following families were found: Times New Roman
2024-06-27 09:04:21,670 - matplotlib.font_manager - WARNING - findfont: Generic family 'sans-serif' not found because none of the following families were found: Times New Roman
2024-06-27 09:04:21,670 - matplotlib.font_manager - WARNING - findfont: Generic family 'sans-serif' not found because none of the following families were found: Times New Roman
2024-06-27 09:04:21,671 - matplotlib.font_manager - WARNING - findfont: Generic family 'sans-serif' not found because none of the following families were found: Times New Roman
2024-06-27 09:04:21,672 - matplotlib.font_manager - WARNING - findfont: Generic family 'sans-serif' not found because none of the following families were found: Times New Roman
2024-06-27 09:04:21,673 - matplotlib.font_manager - WARNING - findfont: Generic family 'sans-serif' not found because none of the following families were found: Times New Roman
2024-06-27 09:04:21,674 - matplotlib.font_manager - WARNING - findfont: Generic family 'sans-serif' not found because none of the following families were found: Times New Roman
2024-06-27 09:04:21,675 - matplotlib.font_manager - WARNING - findfont: Generic family 'sans-serif' not found because none of the following families were found: Times New Roman
2024-06-27 09:04:21,676 - matplotlib.font_manager - WARNING - findfont: Generic family 'sans-serif' not found because none of the following families were found: Times New Roman
2024-06-27 09:04:21,677 - matplotlib.font_manager - WARNING - findfont: Generic family 'sans-serif' not found because none of the following families were found: Times New Roman
2024-06-27 09:04:21,686 - matplotlib.font_manager - WARNING - findfont: Generic family 'sans-serif' not found because none of the following families were found: Times New Roman
2024-06-27 09:04:21,688 - matplotlib.font_manager - WARNING - findfont: Generic family 'sans-serif' not found because none of the following families were found: Times New Roman
2024-06-27 09:04:21,693 - matplotlib.font_manager - WARNING - findfont: Generic family 'sans-serif' not found because none of the following families were found: Times New Roman
2024-06-27 09:04:21,694 - matplotlib.font_manager - WARNING - findfont: Generic family 'sans-serif' not found because none of the following families were found: Times New Roman
2024-06-27 09:04:21,695 - matplotlib.font_manager - WARNING - findfont: Generic family 'sans-serif' not found because none of the following families were found: Times New Roman
2024-06-27 09:04:21,696 - matplotlib.font_manager - WARNING - findfont: Generic family 'sans-serif' not found because none of the following families were found: Times New Roman
2024-06-27 09:04:21,696 - matplotlib.font_manager - WARNING - findfont: Generic family 'sans-serif' not found because none of the following families were found: Times New Roman
2024-06-27 09:04:21,697 - matplotlib.font_manager - WARNING - findfont: Generic family 'sans-serif' not found because none of the following families were found: Times New Roman
2024-06-27 09:04:21,698 - matplotlib.font_manager - WARNING - findfont: Generic family 'sans-serif' not found because none of the following families were found: Times New Roman
2024-06-27 09:04:21,719 - matplotlib.font_manager - WARNING - findfont: Generic family 'sans-serif' not found because none of the following families were found: Times New Roman
2024-06-27 09:04:21,721 - matplotlib.font_manager - WARNING - findfont: Generic family 'sans-serif' not found because none of the following families were found: Times New Roman
2024-06-27 09:04:21,724 - matplotlib.font_manager - WARNING - findfont: Generic family 'sans-serif' not found because none of the following families were found: Times New Roman
2024-06-27 09:04:21,725 - matplotlib.font_manager - WARNING - findfont: Generic family 'sans-serif' not found because none of the following families were found: Times New Roman
2024-06-27 09:04:21,726 - matplotlib.font_manager - WARNING - findfont: Generic family 'sans-serif' not found because none of the following families were found: Times New Roman
2024-06-27 09:04:21,727 - matplotlib.font_manager - WARNING - findfont: Generic family 'sans-serif' not found because none of the following families were found: Times New Roman
2024-06-27 09:04:21,728 - matplotlib.font_manager - WARNING - findfont: Generic family 'sans-serif' not found because none of the following families were found: Times New Roman
2024-06-27 09:04:21,729 - matplotlib.font_manager - WARNING - findfont: Generic family 'sans-serif' not found because none of the following families were found: Times New Roman
2024-06-27 09:04:21,729 - matplotlib.font_manager - WARNING - findfont: Generic family 'sans-serif' not found because none of the following families were found: Times New Roman
2024-06-27 09:04:21,730 - matplotlib.font_manager - WARNING - findfont: Generic family 'sans-serif' not found because none of the following families were found: Times New Roman
2024-06-27 09:04:21,731 - matplotlib.font_manager - WARNING - findfont: Generic family 'sans-serif' not found because none of the following families were found: Times New Roman
2024-06-27 09:04:21,731 - matplotlib.font_manager - WARNING - findfont: Generic family 'sans-serif' not found because none of the following families were found: Times New Roman
2024-06-27 09:04:21,732 - matplotlib.font_manager - WARNING - findfont: Generic family 'sans-serif' not found because none of the following families were found: Times New Roman
2024-06-27 09:04:21,732 - matplotlib.font_manager - WARNING - findfont: Generic family 'sans-serif' not found because none of the following families were found: Times New Roman
2024-06-27 09:04:21,736 - matplotlib.font_manager - WARNING - findfont: Generic family 'sans-serif' not found because none of the following families were found: Times New Roman
2024-06-27 09:04:21,737 - matplotlib.font_manager - WARNING - findfont: Generic family 'sans-serif' not found because none of the following families were found: Times New Roman
2024-06-27 09:04:21,739 - matplotlib.font_manager - WARNING - findfont: Generic family 'sans-serif' not found because none of the following families were found: Times New Roman
2024-06-27 09:04:21,740 - matplotlib.font_manager - WARNING - findfont: Generic family 'sans-serif' not found because none of the following families were found: Times New Roman
2024-06-27 09:04:21,741 - matplotlib.font_manager - WARNING - findfont: Generic family 'sans-serif' not found because none of the following families were found: Times New Roman
2024-06-27 09:04:21,742 - matplotlib.font_manager - WARNING - findfont: Generic family 'sans-serif' not found because none of the following families were found: Times New Roman
2024-06-27 09:04:21,743 - matplotlib.font_manager - WARNING - findfont: Generic family 'sans-serif' not found because none of the following families were found: Times New Roman
2024-06-27 09:04:21,745 - matplotlib.font_manager - WARNING - findfont: Generic family 'sans-serif' not found because none of the following families were found: Times New Roman
2024-06-27 09:04:21,746 - matplotlib.font_manager - WARNING - findfont: Generic family 'sans-serif' not found because none of the following families were found: Times New Roman
2024-06-27 09:04:21,747 - matplotlib.font_manager - WARNING - findfont: Generic family 'sans-serif' not found because none of the following families were found: Times New Roman
2024-06-27 09:04:21,889 - matplotlib.font_manager - WARNING - findfont: Generic family 'sans-serif' not found because none of the following families were found: Times New Roman
2024-06-27 09:04:21,890 - matplotlib.font_manager - WARNING - findfont: Generic family 'sans-serif' not found because none of the following families were found: Times New Roman
2024-06-27 09:04:21,891 - matplotlib.font_manager - WARNING - findfont: Generic family 'sans-serif' not found because none of the following families were found: Times New Roman
2024-06-27 09:04:21,892 - matplotlib.font_manager - WARNING - findfont: Generic family 'sans-serif' not found because none of the following families were found: Times New Roman
2024-06-27 09:04:21,893 - matplotlib.font_manager - WARNING - findfont: Generic family 'sans-serif' not found because none of the following families were found: Times New Roman
2024-06-27 09:04:21,894 - matplotlib.font_manager - WARNING - findfont: Generic family 'sans-serif' not found because none of the following families were found: Times New Roman
2024-06-27 09:04:21,905 - matplotlib.font_manager - WARNING - findfont: Generic family 'sans-serif' not found because none of the following families were found: Times New Roman
2024-06-27 09:04:21,906 - matplotlib.font_manager - WARNING - findfont: Generic family 'sans-serif' not found because none of the following families were found: Times New Roman
2024-06-27 09:04:21,907 - matplotlib.font_manager - WARNING - findfont: Generic family 'sans-serif' not found because none of the following families were found: Times New Roman
2024-06-27 09:04:21,908 - matplotlib.font_manager - WARNING - findfont: Generic family 'sans-serif' not found because none of the following families were found: Times New Roman
2024-06-27 09:04:21,908 - matplotlib.font_manager - WARNING - findfont: Generic family 'sans-serif' not found because none of the following families were found: Times New Roman
2024-06-27 09:04:21,909 - matplotlib.font_manager - WARNING - findfont: Generic family 'sans-serif' not found because none of the following families were found: Times New Roman
2024-06-27 09:04:21,910 - matplotlib.font_manager - WARNING - findfont: Generic family 'sans-serif' not found because none of the following families were found: Times New Roman
2024-06-27 09:04:21,921 - matplotlib.font_manager - WARNING - findfont: Generic family 'sans-serif' not found because none of the following families were found: Times New Roman
2024-06-27 09:04:21,930 - matplotlib.font_manager - WARNING - findfont: Generic family 'sans-serif' not found because none of the following families were found: Times New Roman
2024-06-27 09:04:21,931 - matplotlib.font_manager - WARNING - findfont: Generic family 'sans-serif' not found because none of the following families were found: Times New Roman
2024-06-27 09:04:21,933 - matplotlib.font_manager - WARNING - findfont: Generic family 'sans-serif' not found because none of the following families were found: Times New Roman
2024-06-27 09:04:21,934 - matplotlib.font_manager - WARNING - findfont: Generic family 'sans-serif' not found because none of the following families were found: Times New Roman
2024-06-27 09:04:21,935 - matplotlib.font_manager - WARNING - findfont: Generic family 'sans-serif' not found because none of the following families were found: Times New Roman
2024-06-27 09:04:21,936 - matplotlib.font_manager - WARNING - findfont: Generic family 'sans-serif' not found because none of the following families were found: Times New Roman
2024-06-27 09:04:21,937 - matplotlib.font_manager - WARNING - findfont: Generic family 'sans-serif' not found because none of the following families were found: Times New Roman
2024-06-27 09:04:21,937 - matplotlib.font_manager - WARNING - findfont: Generic family 'sans-serif' not found because none of the following families were found: Times New Roman
2024-06-27 09:04:21,938 - matplotlib.font_manager - WARNING - findfont: Generic family 'sans-serif' not found because none of the following families were found: Times New Roman
2024-06-27 09:04:21,939 - matplotlib.font_manager - WARNING - findfont: Generic family 'sans-serif' not found because none of the following families were found: Times New Roman
2024-06-27 09:04:21,940 - matplotlib.font_manager - WARNING - findfont: Generic family 'sans-serif' not found because none of the following families were found: Times New Roman
2024-06-27 09:04:21,940 - matplotlib.font_manager - WARNING - findfont: Generic family 'sans-serif' not found because none of the following families were found: Times New Roman
2024-06-27 09:04:21,943 - matplotlib.font_manager - WARNING - findfont: Generic family 'sans-serif' not found because none of the following families were found: Times New Roman
2024-06-27 09:04:21,944 - matplotlib.font_manager - WARNING - findfont: Generic family 'sans-serif' not found because none of the following families were found: Times New Roman
2024-06-27 09:04:21,946 - matplotlib.font_manager - WARNING - findfont: Generic family 'sans-serif' not found because none of the following families were found: Times New Roman
2024-06-27 09:04:21,947 - matplotlib.font_manager - WARNING - findfont: Generic family 'sans-serif' not found because none of the following families were found: Times New Roman
2024-06-27 09:04:21,947 - matplotlib.font_manager - WARNING - findfont: Generic family 'sans-serif' not found because none of the following families were found: Times New Roman
2024-06-27 09:04:21,948 - matplotlib.font_manager - WARNING - findfont: Generic family 'sans-serif' not found because none of the following families were found: Times New Roman
2024-06-27 09:04:21,948 - matplotlib.font_manager - WARNING - findfont: Generic family 'sans-serif' not found because none of the following families were found: Times New Roman
2024-06-27 09:04:21,950 - matplotlib.font_manager - WARNING - findfont: Generic family 'sans-serif' not found because none of the following families were found: Times New Roman
2024-06-27 09:04:21,976 - matplotlib.font_manager - WARNING - findfont: Generic family 'sans-serif' not found because none of the following families were found: Times New Roman
2024-06-27 09:04:21,977 - matplotlib.font_manager - WARNING - findfont: Generic family 'sans-serif' not found because none of the following families were found: Times New Roman
2024-06-27 09:04:21,987 - matplotlib.font_manager - WARNING - findfont: Generic family 'sans-serif' not found because none of the following families were found: Times New Roman
2024-06-27 09:04:21,989 - matplotlib.font_manager - WARNING - findfont: Generic family 'sans-serif' not found because none of the following families were found: Times New Roman
2024-06-27 09:04:22,011 - matplotlib.font_manager - WARNING - findfont: Generic family 'sans-serif' not found because none of the following families were found: Times New Roman
2024-06-27 09:04:22,012 - matplotlib.font_manager - WARNING - findfont: Generic family 'sans-serif' not found because none of the following families were found: Times New Roman
2024-06-27 09:04:22,052 - matplotlib.font_manager - WARNING - findfont: Generic family 'sans-serif' not found because none of the following families were found: Times New Roman
2024-06-27 09:04:22,053 - matplotlib.font_manager - WARNING - findfont: Generic family 'sans-serif' not found because none of the following families were found: Times New Roman
2024-06-27 09:04:22,054 - matplotlib.font_manager - WARNING - findfont: Generic family 'sans-serif' not found because none of the following families were found: Times New Roman
2024-06-27 09:04:22,055 - matplotlib.font_manager - WARNING - findfont: Generic family 'sans-serif' not found because none of the following families were found: Times New Roman
2024-06-27 09:04:22,055 - matplotlib.font_manager - WARNING - findfont: Generic family 'sans-serif' not found because none of the following families were found: Times New Roman
2024-06-27 09:04:22,056 - matplotlib.font_manager - WARNING - findfont: Generic family 'sans-serif' not found because none of the following families were found: Times New Roman
2024-06-27 09:04:22,058 - matplotlib.font_manager - WARNING - findfont: Generic family 'sans-serif' not found because none of the following families were found: Times New Roman
2024-06-27 09:04:22,061 - matplotlib.font_manager - WARNING - findfont: Generic family 'sans-serif' not found because none of the following families were found: Times New Roman
2024-06-27 09:04:22,062 - matplotlib.font_manager - WARNING - findfont: Generic family 'sans-serif' not found because none of the following families were found: Times New Roman
2024-06-27 09:04:22,063 - matplotlib.font_manager - WARNING - findfont: Generic family 'sans-serif' not found because none of the following families were found: Times New Roman
2024-06-27 09:04:22,064 - matplotlib.font_manager - WARNING - findfont: Generic family 'sans-serif' not found because none of the following families were found: Times New Roman
2024-06-27 09:04:22,071 - matplotlib.font_manager - WARNING - findfont: Generic family 'sans-serif' not found because none of the following families were found: Times New Roman
2024-06-27 09:04:22,091 - matplotlib.font_manager - WARNING - findfont: Generic family 'sans-serif' not found because none of the following families were found: Times New Roman
2024-06-27 09:04:22,094 - matplotlib.font_manager - WARNING - findfont: Generic family 'sans-serif' not found because none of the following families were found: Times New Roman
2024-06-27 09:04:22,095 - matplotlib.font_manager - WARNING - findfont: Generic family 'sans-serif' not found because none of the following families were found: Times New Roman
2024-06-27 09:04:22,096 - matplotlib.font_manager - WARNING - findfont: Generic family 'sans-serif' not found because none of the following families were found: Times New Roman
2024-06-27 09:04:22,096 - matplotlib.font_manager - WARNING - findfont: Generic family 'sans-serif' not found because none of the following families were found: Times New Roman
2024-06-27 09:04:22,097 - matplotlib.font_manager - WARNING - findfont: Generic family 'sans-serif' not found because none of the following families were found: Times New Roman
2024-06-27 09:04:22,099 - matplotlib.font_manager - WARNING - findfont: Generic family 'sans-serif' not found because none of the following families were found: Times New Roman
2024-06-27 09:04:22,101 - matplotlib.font_manager - WARNING - findfont: Generic family 'sans-serif' not found because none of the following families were found: Times New Roman
2024-06-27 09:04:22,102 - matplotlib.font_manager - WARNING - findfont: Generic family 'sans-serif' not found because none of the following families were found: Times New Roman
2024-06-27 09:04:22,103 - matplotlib.font_manager - WARNING - findfont: Generic family 'sans-serif' not found because none of the following families were found: Times New Roman
2024-06-27 09:04:22,104 - matplotlib.font_manager - WARNING - findfont: Generic family 'sans-serif' not found because none of the following families were found: Times New Roman
2024-06-27 09:04:22,105 - matplotlib.font_manager - WARNING - findfont: Generic family 'sans-serif' not found because none of the following families were found: Times New Roman
2024-06-27 09:04:22,106 - matplotlib.font_manager - WARNING - findfont: Generic family 'sans-serif' not found because none of the following families were found: Times New Roman
2024-06-27 09:04:22,113 - matplotlib.font_manager - WARNING - findfont: Generic family 'sans-serif' not found because none of the following families were found: Times New Roman
2024-06-27 09:04:22,115 - matplotlib.font_manager - WARNING - findfont: Generic family 'sans-serif' not found because none of the following families were found: Times New Roman
2024-06-27 09:04:22,118 - matplotlib.font_manager - WARNING - findfont: Generic family 'sans-serif' not found because none of the following families were found: Times New Roman
2024-06-27 09:04:22,118 - matplotlib.font_manager - WARNING - findfont: Generic family 'sans-serif' not found because none of the following families were found: Times New Roman
2024-06-27 09:04:22,119 - matplotlib.font_manager - WARNING - findfont: Generic family 'sans-serif' not found because none of the following families were found: Times New Roman
2024-06-27 09:04:22,119 - matplotlib.font_manager - WARNING - findfont: Generic family 'sans-serif' not found because none of the following families were found: Times New Roman
2024-06-27 09:04:22,120 - matplotlib.font_manager - WARNING - findfont: Generic family 'sans-serif' not found because none of the following families were found: Times New Roman
2024-06-27 09:04:22,120 - matplotlib.font_manager - WARNING - findfont: Generic family 'sans-serif' not found because none of the following families were found: Times New Roman
2024-06-27 09:04:22,121 - matplotlib.font_manager - WARNING - findfont: Generic family 'sans-serif' not found because none of the following families were found: Times New Roman
2024-06-27 09:04:22,122 - matplotlib.font_manager - WARNING - findfont: Generic family 'sans-serif' not found because none of the following families were found: Times New Roman
2024-06-27 09:04:22,122 - matplotlib.font_manager - WARNING - findfont: Generic family 'sans-serif' not found because none of the following families were found: Times New Roman
2024-06-27 09:04:22,123 - matplotlib.font_manager - WARNING - findfont: Generic family 'sans-serif' not found because none of the following families were found: Times New Roman
2024-06-27 09:04:22,123 - matplotlib.font_manager - WARNING - findfont: Generic family 'sans-serif' not found because none of the following families were found: Times New Roman
2024-06-27 09:04:22,124 - matplotlib.font_manager - WARNING - findfont: Generic family 'sans-serif' not found because none of the following families were found: Times New Roman
2024-06-27 09:04:22,124 - matplotlib.font_manager - WARNING - findfont: Generic family 'sans-serif' not found because none of the following families were found: Times New Roman
2024-06-27 09:04:22,124 - matplotlib.font_manager - WARNING - findfont: Generic family 'sans-serif' not found because none of the following families were found: Times New Roman
2024-06-27 09:04:22,125 - matplotlib.font_manager - WARNING - findfont: Generic family 'sans-serif' not found because none of the following families were found: Times New Roman
2024-06-27 09:04:22,125 - matplotlib.font_manager - WARNING - findfont: Generic family 'sans-serif' not found because none of the following families were found: Times New Roman
2024-06-27 09:04:22,126 - matplotlib.font_manager - WARNING - findfont: Generic family 'sans-serif' not found because none of the following families were found: Times New Roman
2024-06-27 09:04:22,126 - matplotlib.font_manager - WARNING - findfont: Generic family 'sans-serif' not found because none of the following families were found: Times New Roman
2024-06-27 09:04:22,127 - matplotlib.font_manager - WARNING - findfont: Generic family 'sans-serif' not found because none of the following families were found: Times New Roman
2024-06-27 09:04:22,127 - matplotlib.font_manager - WARNING - findfont: Generic family 'sans-serif' not found because none of the following families were found: Times New Roman
2024-06-27 09:04:22,128 - matplotlib.font_manager - WARNING - findfont: Generic family 'sans-serif' not found because none of the following families were found: Times New Roman
2024-06-27 09:04:22,129 - matplotlib.font_manager - WARNING - findfont: Generic family 'sans-serif' not found because none of the following families were found: Times New Roman
2024-06-27 09:04:22,132 - matplotlib.font_manager - WARNING - findfont: Generic family 'sans-serif' not found because none of the following families were found: Times New Roman
2024-06-27 09:04:22,132 - matplotlib.font_manager - WARNING - findfont: Generic family 'sans-serif' not found because none of the following families were found: Times New Roman
2024-06-27 09:04:22,135 - matplotlib.font_manager - WARNING - findfont: Generic family 'sans-serif' not found because none of the following families were found: Times New Roman
2024-06-27 09:04:22,136 - matplotlib.font_manager - WARNING - findfont: Generic family 'sans-serif' not found because none of the following families were found: Times New Roman
2024-06-27 09:04:22,136 - matplotlib.font_manager - WARNING - findfont: Generic family 'sans-serif' not found because none of the following families were found: Times New Roman
2024-06-27 09:04:22,137 - matplotlib.font_manager - WARNING - findfont: Generic family 'sans-serif' not found because none of the following families were found: Times New Roman
2024-06-27 09:04:22,137 - matplotlib.font_manager - WARNING - findfont: Generic family 'sans-serif' not found because none of the following families were found: Times New Roman
2024-06-27 09:04:22,139 - matplotlib.font_manager - WARNING - findfont: Generic family 'sans-serif' not found because none of the following families were found: Times New Roman
2024-06-27 09:04:22,140 - matplotlib.font_manager - WARNING - findfont: Generic family 'sans-serif' not found because none of the following families were found: Times New Roman
2024-06-27 09:04:22,141 - matplotlib.font_manager - WARNING - findfont: Generic family 'sans-serif' not found because none of the following families were found: Times New Roman
2024-06-27 09:04:22,235 - matplotlib.font_manager - WARNING - findfont: Generic family 'sans-serif' not found because none of the following families were found: Times New Roman
2024-06-27 09:04:22,236 - matplotlib.font_manager - WARNING - findfont: Generic family 'sans-serif' not found because none of the following families were found: Times New Roman
2024-06-27 09:04:22,237 - matplotlib.font_manager - WARNING - findfont: Generic family 'sans-serif' not found because none of the following families were found: Times New Roman
2024-06-27 09:04:22,238 - matplotlib.font_manager - WARNING - findfont: Generic family 'sans-serif' not found because none of the following families were found: Times New Roman
2024-06-27 09:04:22,238 - matplotlib.font_manager - WARNING - findfont: Generic family 'sans-serif' not found because none of the following families were found: Times New Roman
2024-06-27 09:04:22,239 - matplotlib.font_manager - WARNING - findfont: Generic family 'sans-serif' not found because none of the following families were found: Times New Roman
2024-06-27 09:04:22,264 - matplotlib.font_manager - WARNING - findfont: Generic family 'sans-serif' not found because none of the following families were found: Times New Roman
2024-06-27 09:04:22,269 - matplotlib.font_manager - WARNING - findfont: Generic family 'sans-serif' not found because none of the following families were found: Times New Roman
2024-06-27 09:04:22,272 - matplotlib.font_manager - WARNING - findfont: Generic family 'sans-serif' not found because none of the following families were found: Times New Roman
2024-06-27 09:04:22,275 - matplotlib.font_manager - WARNING - findfont: Generic family 'sans-serif' not found because none of the following families were found: Times New Roman
2024-06-27 09:04:22,278 - matplotlib.font_manager - WARNING - findfont: Generic family 'sans-serif' not found because none of the following families were found: Times New Roman
2024-06-27 09:04:22,287 - matplotlib.font_manager - WARNING - findfont: Generic family 'sans-serif' not found because none of the following families were found: Times New Roman
2024-06-27 09:04:22,288 - matplotlib.font_manager - WARNING - findfont: Generic family 'sans-serif' not found because none of the following families were found: Times New Roman
2024-06-27 09:04:22,289 - matplotlib.font_manager - WARNING - findfont: Generic family 'sans-serif' not found because none of the following families were found: Times New Roman
2024-06-27 09:04:22,290 - matplotlib.font_manager - WARNING - findfont: Generic family 'sans-serif' not found because none of the following families were found: Times New Roman
2024-06-27 09:04:22,290 - matplotlib.font_manager - WARNING - findfont: Generic family 'sans-serif' not found because none of the following families were found: Times New Roman
2024-06-27 09:04:22,290 - matplotlib.font_manager - WARNING - findfont: Generic family 'sans-serif' not found because none of the following families were found: Times New Roman
2024-06-27 09:04:22,291 - matplotlib.font_manager - WARNING - findfont: Generic family 'sans-serif' not found because none of the following families were found: Times New Roman
2024-06-27 09:04:22,292 - matplotlib.font_manager - WARNING - findfont: Generic family 'sans-serif' not found because none of the following families were found: Times New Roman
2024-06-27 09:04:22,293 - matplotlib.font_manager - WARNING - findfont: Generic family 'sans-serif' not found because none of the following families were found: Times New Roman
2024-06-27 09:04:22,294 - matplotlib.font_manager - WARNING - findfont: Generic family 'sans-serif' not found because none of the following families were found: Times New Roman
2024-06-27 09:04:22,295 - matplotlib.font_manager - WARNING - findfont: Generic family 'sans-serif' not found because none of the following families were found: Times New Roman
2024-06-27 09:04:22,296 - matplotlib.font_manager - WARNING - findfont: Generic family 'sans-serif' not found because none of the following families were found: Times New Roman
2024-06-27 09:04:22,297 - matplotlib.font_manager - WARNING - findfont: Generic family 'sans-serif' not found because none of the following families were found: Times New Roman
2024-06-27 09:04:22,297 - matplotlib.font_manager - WARNING - findfont: Generic family 'sans-serif' not found because none of the following families were found: Times New Roman
2024-06-27 09:04:22,305 - matplotlib.font_manager - WARNING - findfont: Generic family 'sans-serif' not found because none of the following families were found: Times New Roman
2024-06-27 09:04:22,307 - matplotlib.font_manager - WARNING - findfont: Generic family 'sans-serif' not found because none of the following families were found: Times New Roman
2024-06-27 09:04:22,311 - matplotlib.font_manager - WARNING - findfont: Generic family 'sans-serif' not found because none of the following families were found: Times New Roman
2024-06-27 09:04:22,311 - matplotlib.font_manager - WARNING - findfont: Generic family 'sans-serif' not found because none of the following families were found: Times New Roman
2024-06-27 09:04:22,312 - matplotlib.font_manager - WARNING - findfont: Generic family 'sans-serif' not found because none of the following families were found: Times New Roman
2024-06-27 09:04:22,313 - matplotlib.font_manager - WARNING - findfont: Generic family 'sans-serif' not found because none of the following families were found: Times New Roman
2024-06-27 09:04:22,313 - matplotlib.font_manager - WARNING - findfont: Generic family 'sans-serif' not found because none of the following families were found: Times New Roman
2024-06-27 09:04:22,314 - matplotlib.font_manager - WARNING - findfont: Generic family 'sans-serif' not found because none of the following families were found: Times New Roman
2024-06-27 09:04:22,315 - matplotlib.font_manager - WARNING - findfont: Generic family 'sans-serif' not found because none of the following families were found: Times New Roman
2024-06-27 09:04:22,315 - matplotlib.font_manager - WARNING - findfont: Generic family 'sans-serif' not found because none of the following families were found: Times New Roman
2024-06-27 09:04:22,316 - matplotlib.font_manager - WARNING - findfont: Generic family 'sans-serif' not found because none of the following families were found: Times New Roman
2024-06-27 09:04:22,316 - matplotlib.font_manager - WARNING - findfont: Generic family 'sans-serif' not found because none of the following families were found: Times New Roman
2024-06-27 09:04:22,316 - matplotlib.font_manager - WARNING - findfont: Generic family 'sans-serif' not found because none of the following families were found: Times New Roman
2024-06-27 09:04:22,317 - matplotlib.font_manager - WARNING - findfont: Generic family 'sans-serif' not found because none of the following families were found: Times New Roman
2024-06-27 09:04:22,318 - matplotlib.font_manager - WARNING - findfont: Generic family 'sans-serif' not found because none of the following families were found: Times New Roman
2024-06-27 09:04:22,318 - matplotlib.font_manager - WARNING - findfont: Generic family 'sans-serif' not found because none of the following families were found: Times New Roman
2024-06-27 09:04:22,318 - matplotlib.font_manager - WARNING - findfont: Generic family 'sans-serif' not found because none of the following families were found: Times New Roman
2024-06-27 09:04:22,319 - matplotlib.font_manager - WARNING - findfont: Generic family 'sans-serif' not found because none of the following families were found: Times New Roman
2024-06-27 09:04:22,319 - matplotlib.font_manager - WARNING - findfont: Generic family 'sans-serif' not found because none of the following families were found: Times New Roman
2024-06-27 09:04:22,319 - matplotlib.font_manager - WARNING - findfont: Generic family 'sans-serif' not found because none of the following families were found: Times New Roman
2024-06-27 09:04:22,320 - matplotlib.font_manager - WARNING - findfont: Generic family 'sans-serif' not found because none of the following families were found: Times New Roman
2024-06-27 09:04:22,320 - matplotlib.font_manager - WARNING - findfont: Generic family 'sans-serif' not found because none of the following families were found: Times New Roman
2024-06-27 09:04:22,321 - matplotlib.font_manager - WARNING - findfont: Generic family 'sans-serif' not found because none of the following families were found: Times New Roman
2024-06-27 09:04:22,321 - matplotlib.font_manager - WARNING - findfont: Generic family 'sans-serif' not found because none of the following families were found: Times New Roman
2024-06-27 09:04:22,324 - matplotlib.font_manager - WARNING - findfont: Generic family 'sans-serif' not found because none of the following families were found: Times New Roman
2024-06-27 09:04:22,325 - matplotlib.font_manager - WARNING - findfont: Generic family 'sans-serif' not found because none of the following families were found: Times New Roman
2024-06-27 09:04:22,327 - matplotlib.font_manager - WARNING - findfont: Generic family 'sans-serif' not found because none of the following families were found: Times New Roman
2024-06-27 09:04:22,328 - matplotlib.font_manager - WARNING - findfont: Generic family 'sans-serif' not found because none of the following families were found: Times New Roman
2024-06-27 09:04:22,328 - matplotlib.font_manager - WARNING - findfont: Generic family 'sans-serif' not found because none of the following families were found: Times New Roman
2024-06-27 09:04:22,329 - matplotlib.font_manager - WARNING - findfont: Generic family 'sans-serif' not found because none of the following families were found: Times New Roman
2024-06-27 09:04:22,329 - matplotlib.font_manager - WARNING - findfont: Generic family 'sans-serif' not found because none of the following families were found: Times New Roman
2024-06-27 09:04:22,331 - matplotlib.font_manager - WARNING - findfont: Generic family 'sans-serif' not found because none of the following families were found: Times New Roman
2024-06-27 09:04:22,331 - matplotlib.font_manager - WARNING - findfont: Generic family 'sans-serif' not found because none of the following families were found: Times New Roman
2024-06-27 09:04:22,333 - matplotlib.font_manager - WARNING - findfont: Generic family 'sans-serif' not found because none of the following families were found: Times New Roman
2024-06-27 09:04:22,557 - matplotlib.font_manager - WARNING - findfont: Generic family 'sans-serif' not found because none of the following families were found: Times New Roman
2024-06-27 09:04:22,558 - matplotlib.font_manager - WARNING - findfont: Generic family 'sans-serif' not found because none of the following families were found: Times New Roman
2024-06-27 09:04:22,559 - matplotlib.font_manager - WARNING - findfont: Generic family 'sans-serif' not found because none of the following families were found: Times New Roman
2024-06-27 09:04:22,560 - matplotlib.font_manager - WARNING - findfont: Generic family 'sans-serif' not found because none of the following families were found: Times New Roman
2024-06-27 09:04:22,560 - matplotlib.font_manager - WARNING - findfont: Generic family 'sans-serif' not found because none of the following families were found: Times New Roman
2024-06-27 09:04:22,560 - matplotlib.font_manager - WARNING - findfont: Generic family 'sans-serif' not found because none of the following families were found: Times New Roman
2024-06-27 09:04:22,571 - matplotlib.font_manager - WARNING - findfont: Generic family 'sans-serif' not found because none of the following families were found: Times New Roman
2024-06-27 09:04:22,572 - matplotlib.font_manager - WARNING - findfont: Generic family 'sans-serif' not found because none of the following families were found: Times New Roman
2024-06-27 09:04:22,572 - matplotlib.font_manager - WARNING - findfont: Generic family 'sans-serif' not found because none of the following families were found: Times New Roman
2024-06-27 09:04:22,573 - matplotlib.font_manager - WARNING - findfont: Generic family 'sans-serif' not found because none of the following families were found: Times New Roman
2024-06-27 09:04:22,573 - matplotlib.font_manager - WARNING - findfont: Generic family 'sans-serif' not found because none of the following families were found: Times New Roman
2024-06-27 09:04:22,603 - matplotlib.font_manager - WARNING - findfont: Generic family 'sans-serif' not found because none of the following families were found: Times New Roman
2024-06-27 09:04:22,615 - matplotlib.font_manager - WARNING - findfont: Generic family 'sans-serif' not found because none of the following families were found: Times New Roman
2024-06-27 09:04:22,616 - matplotlib.font_manager - WARNING - findfont: Generic family 'sans-serif' not found because none of the following families were found: Times New Roman
2024-06-27 09:04:22,618 - matplotlib.font_manager - WARNING - findfont: Generic family 'sans-serif' not found because none of the following families were found: Times New Roman
2024-06-27 09:04:22,620 - matplotlib.font_manager - WARNING - findfont: Generic family 'sans-serif' not found because none of the following families were found: Times New Roman
2024-06-27 09:04:22,621 - matplotlib.font_manager - WARNING - findfont: Generic family 'sans-serif' not found because none of the following families were found: Times New Roman
2024-06-27 09:04:22,622 - matplotlib.font_manager - WARNING - findfont: Generic family 'sans-serif' not found because none of the following families were found: Times New Roman
2024-06-27 09:04:22,623 - matplotlib.font_manager - WARNING - findfont: Generic family 'sans-serif' not found because none of the following families were found: Times New Roman
2024-06-27 09:04:22,623 - matplotlib.font_manager - WARNING - findfont: Generic family 'sans-serif' not found because none of the following families were found: Times New Roman
2024-06-27 09:04:22,624 - matplotlib.font_manager - WARNING - findfont: Generic family 'sans-serif' not found because none of the following families were found: Times New Roman
2024-06-27 09:04:22,624 - matplotlib.font_manager - WARNING - findfont: Generic family 'sans-serif' not found because none of the following families were found: Times New Roman
2024-06-27 09:04:22,625 - matplotlib.font_manager - WARNING - findfont: Generic family 'sans-serif' not found because none of the following families were found: Times New Roman
2024-06-27 09:04:22,626 - matplotlib.font_manager - WARNING - findfont: Generic family 'sans-serif' not found because none of the following families were found: Times New Roman
2024-06-27 09:04:22,626 - matplotlib.font_manager - WARNING - findfont: Generic family 'sans-serif' not found because none of the following families were found: Times New Roman
2024-06-27 09:04:22,627 - matplotlib.font_manager - WARNING - findfont: Generic family 'sans-serif' not found because none of the following families were found: Times New Roman
2024-06-27 09:04:22,627 - matplotlib.font_manager - WARNING - findfont: Generic family 'sans-serif' not found because none of the following families were found: Times New Roman
2024-06-27 09:04:22,630 - matplotlib.font_manager - WARNING - findfont: Generic family 'sans-serif' not found because none of the following families were found: Times New Roman
2024-06-27 09:04:22,632 - matplotlib.font_manager - WARNING - findfont: Generic family 'sans-serif' not found because none of the following families were found: Times New Roman
2024-06-27 09:04:22,634 - matplotlib.font_manager - WARNING - findfont: Generic family 'sans-serif' not found because none of the following families were found: Times New Roman
2024-06-27 09:04:22,635 - matplotlib.font_manager - WARNING - findfont: Generic family 'sans-serif' not found because none of the following families were found: Times New Roman
2024-06-27 09:04:22,636 - matplotlib.font_manager - WARNING - findfont: Generic family 'sans-serif' not found because none of the following families were found: Times New Roman
2024-06-27 09:04:22,636 - matplotlib.font_manager - WARNING - findfont: Generic family 'sans-serif' not found because none of the following families were found: Times New Roman
2024-06-27 09:04:22,637 - matplotlib.font_manager - WARNING - findfont: Generic family 'sans-serif' not found because none of the following families were found: Times New Roman
2024-06-27 09:04:22,639 - matplotlib.font_manager - WARNING - findfont: Generic family 'sans-serif' not found because none of the following families were found: Times New Roman
2024-06-27 09:04:22,707 - matplotlib.font_manager - WARNING - findfont: Generic family 'sans-serif' not found because none of the following families were found: Times New Roman
2024-06-27 09:04:22,709 - matplotlib.font_manager - WARNING - findfont: Generic family 'sans-serif' not found because none of the following families were found: Times New Roman
2024-06-27 09:04:22,723 - matplotlib.font_manager - WARNING - findfont: Generic family 'sans-serif' not found because none of the following families were found: Times New Roman
2024-06-27 09:04:22,725 - matplotlib.font_manager - WARNING - findfont: Generic family 'sans-serif' not found because none of the following families were found: Times New Roman
2024-06-27 09:04:22,753 - matplotlib.font_manager - WARNING - findfont: Generic family 'sans-serif' not found because none of the following families were found: Times New Roman
2024-06-27 09:04:22,754 - matplotlib.font_manager - WARNING - findfont: Generic family 'sans-serif' not found because none of the following families were found: Times New Roman
2024-06-27 09:04:22,797 - matplotlib.font_manager - WARNING - findfont: Generic family 'sans-serif' not found because none of the following families were found: Times New Roman
2024-06-27 09:04:22,798 - matplotlib.font_manager - WARNING - findfont: Generic family 'sans-serif' not found because none of the following families were found: Times New Roman
2024-06-27 09:04:22,799 - matplotlib.font_manager - WARNING - findfont: Generic family 'sans-serif' not found because none of the following families were found: Times New Roman
2024-06-27 09:04:22,800 - matplotlib.font_manager - WARNING - findfont: Generic family 'sans-serif' not found because none of the following families were found: Times New Roman
2024-06-27 09:04:22,801 - matplotlib.font_manager - WARNING - findfont: Generic family 'sans-serif' not found because none of the following families were found: Times New Roman
2024-06-27 09:04:22,801 - matplotlib.font_manager - WARNING - findfont: Generic family 'sans-serif' not found because none of the following families were found: Times New Roman
2024-06-27 09:04:22,817 - matplotlib.font_manager - WARNING - findfont: Generic family 'sans-serif' not found because none of the following families were found: Times New Roman
2024-06-27 09:04:22,822 - matplotlib.font_manager - WARNING - findfont: Generic family 'sans-serif' not found because none of the following families were found: Times New Roman
2024-06-27 09:04:22,826 - matplotlib.font_manager - WARNING - findfont: Generic family 'sans-serif' not found because none of the following families were found: Times New Roman
2024-06-27 09:04:22,830 - matplotlib.font_manager - WARNING - findfont: Generic family 'sans-serif' not found because none of the following families were found: Times New Roman
2024-06-27 09:04:22,848 - matplotlib.font_manager - WARNING - findfont: Generic family 'sans-serif' not found because none of the following families were found: Times New Roman
2024-06-27 09:04:22,862 - matplotlib.font_manager - WARNING - findfont: Generic family 'sans-serif' not found because none of the following families were found: Times New Roman
2024-06-27 09:04:22,864 - matplotlib.font_manager - WARNING - findfont: Generic family 'sans-serif' not found because none of the following families were found: Times New Roman
2024-06-27 09:04:22,865 - matplotlib.font_manager - WARNING - findfont: Generic family 'sans-serif' not found because none of the following families were found: Times New Roman
2024-06-27 09:04:22,866 - matplotlib.font_manager - WARNING - findfont: Generic family 'sans-serif' not found because none of the following families were found: Times New Roman
2024-06-27 09:04:22,866 - matplotlib.font_manager - WARNING - findfont: Generic family 'sans-serif' not found because none of the following families were found: Times New Roman
2024-06-27 09:04:22,869 - matplotlib.font_manager - WARNING - findfont: Generic family 'sans-serif' not found because none of the following families were found: Times New Roman
2024-06-27 09:04:22,871 - matplotlib.font_manager - WARNING - findfont: Generic family 'sans-serif' not found because none of the following families were found: Times New Roman
2024-06-27 09:04:22,872 - matplotlib.font_manager - WARNING - findfont: Generic family 'sans-serif' not found because none of the following families were found: Times New Roman
2024-06-27 09:04:22,873 - matplotlib.font_manager - WARNING - findfont: Generic family 'sans-serif' not found because none of the following families were found: Times New Roman
2024-06-27 09:04:22,874 - matplotlib.font_manager - WARNING - findfont: Generic family 'sans-serif' not found because none of the following families were found: Times New Roman
2024-06-27 09:04:22,881 - matplotlib.font_manager - WARNING - findfont: Generic family 'sans-serif' not found because none of the following families were found: Times New Roman
2024-06-27 09:04:22,882 - matplotlib.font_manager - WARNING - findfont: Generic family 'sans-serif' not found because none of the following families were found: Times New Roman
2024-06-27 09:04:22,887 - matplotlib.font_manager - WARNING - findfont: Generic family 'sans-serif' not found because none of the following families were found: Times New Roman
2024-06-27 09:04:22,888 - matplotlib.font_manager - WARNING - findfont: Generic family 'sans-serif' not found because none of the following families were found: Times New Roman
2024-06-27 09:04:22,889 - matplotlib.font_manager - WARNING - findfont: Generic family 'sans-serif' not found because none of the following families were found: Times New Roman
2024-06-27 09:04:22,890 - matplotlib.font_manager - WARNING - findfont: Generic family 'sans-serif' not found because none of the following families were found: Times New Roman
2024-06-27 09:04:22,891 - matplotlib.font_manager - WARNING - findfont: Generic family 'sans-serif' not found because none of the following families were found: Times New Roman
2024-06-27 09:04:22,892 - matplotlib.font_manager - WARNING - findfont: Generic family 'sans-serif' not found because none of the following families were found: Times New Roman
2024-06-27 09:04:22,893 - matplotlib.font_manager - WARNING - findfont: Generic family 'sans-serif' not found because none of the following families were found: Times New Roman
2024-06-27 09:04:22,893 - matplotlib.font_manager - WARNING - findfont: Generic family 'sans-serif' not found because none of the following families were found: Times New Roman
2024-06-27 09:04:22,895 - matplotlib.font_manager - WARNING - findfont: Generic family 'sans-serif' not found because none of the following families were found: Times New Roman
2024-06-27 09:04:22,895 - matplotlib.font_manager - WARNING - findfont: Generic family 'sans-serif' not found because none of the following families were found: Times New Roman
2024-06-27 09:04:22,896 - matplotlib.font_manager - WARNING - findfont: Generic family 'sans-serif' not found because none of the following families were found: Times New Roman
2024-06-27 09:04:22,897 - matplotlib.font_manager - WARNING - findfont: Generic family 'sans-serif' not found because none of the following families were found: Times New Roman
2024-06-27 09:04:22,898 - matplotlib.font_manager - WARNING - findfont: Generic family 'sans-serif' not found because none of the following families were found: Times New Roman
2024-06-27 09:04:22,898 - matplotlib.font_manager - WARNING - findfont: Generic family 'sans-serif' not found because none of the following families were found: Times New Roman
2024-06-27 09:04:22,899 - matplotlib.font_manager - WARNING - findfont: Generic family 'sans-serif' not found because none of the following families were found: Times New Roman
2024-06-27 09:04:22,901 - matplotlib.font_manager - WARNING - findfont: Generic family 'sans-serif' not found because none of the following families were found: Times New Roman
2024-06-27 09:04:22,902 - matplotlib.font_manager - WARNING - findfont: Generic family 'sans-serif' not found because none of the following families were found: Times New Roman
2024-06-27 09:04:22,902 - matplotlib.font_manager - WARNING - findfont: Generic family 'sans-serif' not found because none of the following families were found: Times New Roman
2024-06-27 09:04:22,903 - matplotlib.font_manager - WARNING - findfont: Generic family 'sans-serif' not found because none of the following families were found: Times New Roman
2024-06-27 09:04:22,904 - matplotlib.font_manager - WARNING - findfont: Generic family 'sans-serif' not found because none of the following families were found: Times New Roman
2024-06-27 09:04:22,905 - matplotlib.font_manager - WARNING - findfont: Generic family 'sans-serif' not found because none of the following families were found: Times New Roman
2024-06-27 09:04:22,906 - matplotlib.font_manager - WARNING - findfont: Generic family 'sans-serif' not found because none of the following families were found: Times New Roman
2024-06-27 09:04:22,906 - matplotlib.font_manager - WARNING - findfont: Generic family 'sans-serif' not found because none of the following families were found: Times New Roman
2024-06-27 09:04:22,907 - matplotlib.font_manager - WARNING - findfont: Generic family 'sans-serif' not found because none of the following families were found: Times New Roman
2024-06-27 09:04:22,908 - matplotlib.font_manager - WARNING - findfont: Generic family 'sans-serif' not found because none of the following families were found: Times New Roman
2024-06-27 09:04:22,913 - matplotlib.font_manager - WARNING - findfont: Generic family 'sans-serif' not found because none of the following families were found: Times New Roman
2024-06-27 09:04:22,915 - matplotlib.font_manager - WARNING - findfont: Generic family 'sans-serif' not found because none of the following families were found: Times New Roman
2024-06-27 09:04:22,919 - matplotlib.font_manager - WARNING - findfont: Generic family 'sans-serif' not found because none of the following families were found: Times New Roman
2024-06-27 09:04:22,920 - matplotlib.font_manager - WARNING - findfont: Generic family 'sans-serif' not found because none of the following families were found: Times New Roman
2024-06-27 09:04:22,921 - matplotlib.font_manager - WARNING - findfont: Generic family 'sans-serif' not found because none of the following families were found: Times New Roman
2024-06-27 09:04:22,922 - matplotlib.font_manager - WARNING - findfont: Generic family 'sans-serif' not found because none of the following families were found: Times New Roman
2024-06-27 09:04:22,924 - matplotlib.font_manager - WARNING - findfont: Generic family 'sans-serif' not found because none of the following families were found: Times New Roman
2024-06-27 09:04:22,927 - matplotlib.font_manager - WARNING - findfont: Generic family 'sans-serif' not found because none of the following families were found: Times New Roman
2024-06-27 09:04:22,929 - matplotlib.font_manager - WARNING - findfont: Generic family 'sans-serif' not found because none of the following families were found: Times New Roman
2024-06-27 09:04:22,932 - matplotlib.font_manager - WARNING - findfont: Generic family 'sans-serif' not found because none of the following families were found: Times New Roman
2024-06-27 09:04:23,031 - matplotlib.font_manager - WARNING - findfont: Generic family 'sans-serif' not found because none of the following families were found: Times New Roman
2024-06-27 09:04:23,032 - matplotlib.font_manager - WARNING - findfont: Generic family 'sans-serif' not found because none of the following families were found: Times New Roman
2024-06-27 09:04:23,032 - matplotlib.font_manager - WARNING - findfont: Generic family 'sans-serif' not found because none of the following families were found: Times New Roman
2024-06-27 09:04:23,033 - matplotlib.font_manager - WARNING - findfont: Generic family 'sans-serif' not found because none of the following families were found: Times New Roman
2024-06-27 09:04:23,033 - matplotlib.font_manager - WARNING - findfont: Generic family 'sans-serif' not found because none of the following families were found: Times New Roman
2024-06-27 09:04:23,034 - matplotlib.font_manager - WARNING - findfont: Generic family 'sans-serif' not found because none of the following families were found: Times New Roman
2024-06-27 09:04:23,036 - matplotlib.font_manager - WARNING - findfont: Generic family 'sans-serif' not found because none of the following families were found: Times New Roman
2024-06-27 09:04:23,037 - matplotlib.font_manager - WARNING - findfont: Generic family 'sans-serif' not found because none of the following families were found: Times New Roman
2024-06-27 09:04:23,038 - matplotlib.font_manager - WARNING - findfont: Generic family 'sans-serif' not found because none of the following families were found: Times New Roman
2024-06-27 09:04:23,039 - matplotlib.font_manager - WARNING - findfont: Generic family 'sans-serif' not found because none of the following families were found: Times New Roman
2024-06-27 09:04:23,040 - matplotlib.font_manager - WARNING - findfont: Generic family 'sans-serif' not found because none of the following families were found: Times New Roman
2024-06-27 09:04:23,046 - matplotlib.font_manager - WARNING - findfont: Generic family 'sans-serif' not found because none of the following families were found: Times New Roman
2024-06-27 09:04:23,047 - matplotlib.font_manager - WARNING - findfont: Generic family 'sans-serif' not found because none of the following families were found: Times New Roman
2024-06-27 09:04:23,047 - matplotlib.font_manager - WARNING - findfont: Generic family 'sans-serif' not found because none of the following families were found: Times New Roman
2024-06-27 09:04:23,048 - matplotlib.font_manager - WARNING - findfont: Generic family 'sans-serif' not found because none of the following families were found: Times New Roman
2024-06-27 09:04:23,049 - matplotlib.font_manager - WARNING - findfont: Generic family 'sans-serif' not found because none of the following families were found: Times New Roman
2024-06-27 09:04:23,050 - matplotlib.font_manager - WARNING - findfont: Generic family 'sans-serif' not found because none of the following families were found: Times New Roman
2024-06-27 09:04:23,051 - matplotlib.font_manager - WARNING - findfont: Generic family 'sans-serif' not found because none of the following families were found: Times New Roman
2024-06-27 09:04:23,052 - matplotlib.font_manager - WARNING - findfont: Generic family 'sans-serif' not found because none of the following families were found: Times New Roman
2024-06-27 09:04:23,053 - matplotlib.font_manager - WARNING - findfont: Generic family 'sans-serif' not found because none of the following families were found: Times New Roman
2024-06-27 09:04:23,054 - matplotlib.font_manager - WARNING - findfont: Generic family 'sans-serif' not found because none of the following families were found: Times New Roman
2024-06-27 09:04:23,060 - matplotlib.font_manager - WARNING - findfont: Generic family 'sans-serif' not found because none of the following families were found: Times New Roman
2024-06-27 09:04:23,061 - matplotlib.font_manager - WARNING - findfont: Generic family 'sans-serif' not found because none of the following families were found: Times New Roman
2024-06-27 09:04:23,065 - matplotlib.font_manager - WARNING - findfont: Generic family 'sans-serif' not found because none of the following families were found: Times New Roman
2024-06-27 09:04:23,065 - matplotlib.font_manager - WARNING - findfont: Generic family 'sans-serif' not found because none of the following families were found: Times New Roman
2024-06-27 09:04:23,066 - matplotlib.font_manager - WARNING - findfont: Generic family 'sans-serif' not found because none of the following families were found: Times New Roman
2024-06-27 09:04:23,067 - matplotlib.font_manager - WARNING - findfont: Generic family 'sans-serif' not found because none of the following families were found: Times New Roman
2024-06-27 09:04:23,067 - matplotlib.font_manager - WARNING - findfont: Generic family 'sans-serif' not found because none of the following families were found: Times New Roman
2024-06-27 09:04:23,068 - matplotlib.font_manager - WARNING - findfont: Generic family 'sans-serif' not found because none of the following families were found: Times New Roman
2024-06-27 09:04:23,068 - matplotlib.font_manager - WARNING - findfont: Generic family 'sans-serif' not found because none of the following families were found: Times New Roman
2024-06-27 09:04:23,068 - matplotlib.font_manager - WARNING - findfont: Generic family 'sans-serif' not found because none of the following families were found: Times New Roman
2024-06-27 09:04:23,069 - matplotlib.font_manager - WARNING - findfont: Generic family 'sans-serif' not found because none of the following families were found: Times New Roman
2024-06-27 09:04:23,069 - matplotlib.font_manager - WARNING - findfont: Generic family 'sans-serif' not found because none of the following families were found: Times New Roman
2024-06-27 09:04:23,069 - matplotlib.font_manager - WARNING - findfont: Generic family 'sans-serif' not found because none of the following families were found: Times New Roman
2024-06-27 09:04:23,070 - matplotlib.font_manager - WARNING - findfont: Generic family 'sans-serif' not found because none of the following families were found: Times New Roman
2024-06-27 09:04:23,070 - matplotlib.font_manager - WARNING - findfont: Generic family 'sans-serif' not found because none of the following families were found: Times New Roman
2024-06-27 09:04:23,071 - matplotlib.font_manager - WARNING - findfont: Generic family 'sans-serif' not found because none of the following families were found: Times New Roman
2024-06-27 09:04:23,071 - matplotlib.font_manager - WARNING - findfont: Generic family 'sans-serif' not found because none of the following families were found: Times New Roman
2024-06-27 09:04:23,072 - matplotlib.font_manager - WARNING - findfont: Generic family 'sans-serif' not found because none of the following families were found: Times New Roman
2024-06-27 09:04:23,072 - matplotlib.font_manager - WARNING - findfont: Generic family 'sans-serif' not found because none of the following families were found: Times New Roman
2024-06-27 09:04:23,073 - matplotlib.font_manager - WARNING - findfont: Generic family 'sans-serif' not found because none of the following families were found: Times New Roman
2024-06-27 09:04:23,073 - matplotlib.font_manager - WARNING - findfont: Generic family 'sans-serif' not found because none of the following families were found: Times New Roman
2024-06-27 09:04:23,073 - matplotlib.font_manager - WARNING - findfont: Generic family 'sans-serif' not found because none of the following families were found: Times New Roman
2024-06-27 09:04:23,074 - matplotlib.font_manager - WARNING - findfont: Generic family 'sans-serif' not found because none of the following families were found: Times New Roman
2024-06-27 09:04:23,074 - matplotlib.font_manager - WARNING - findfont: Generic family 'sans-serif' not found because none of the following families were found: Times New Roman
2024-06-27 09:04:23,074 - matplotlib.font_manager - WARNING - findfont: Generic family 'sans-serif' not found because none of the following families were found: Times New Roman
2024-06-27 09:04:23,075 - matplotlib.font_manager - WARNING - findfont: Generic family 'sans-serif' not found because none of the following families were found: Times New Roman
2024-06-27 09:04:23,075 - matplotlib.font_manager - WARNING - findfont: Generic family 'sans-serif' not found because none of the following families were found: Times New Roman
2024-06-27 09:04:23,078 - matplotlib.font_manager - WARNING - findfont: Generic family 'sans-serif' not found because none of the following families were found: Times New Roman
2024-06-27 09:04:23,079 - matplotlib.font_manager - WARNING - findfont: Generic family 'sans-serif' not found because none of the following families were found: Times New Roman
2024-06-27 09:04:23,081 - matplotlib.font_manager - WARNING - findfont: Generic family 'sans-serif' not found because none of the following families were found: Times New Roman
2024-06-27 09:04:23,081 - matplotlib.font_manager - WARNING - findfont: Generic family 'sans-serif' not found because none of the following families were found: Times New Roman
2024-06-27 09:04:23,082 - matplotlib.font_manager - WARNING - findfont: Generic family 'sans-serif' not found because none of the following families were found: Times New Roman
2024-06-27 09:04:23,083 - matplotlib.font_manager - WARNING - findfont: Generic family 'sans-serif' not found because none of the following families were found: Times New Roman
2024-06-27 09:04:23,084 - matplotlib.font_manager - WARNING - findfont: Generic family 'sans-serif' not found because none of the following families were found: Times New Roman
2024-06-27 09:04:23,085 - matplotlib.font_manager - WARNING - findfont: Generic family 'sans-serif' not found because none of the following families were found: Times New Roman
2024-06-27 09:04:23,086 - matplotlib.font_manager - WARNING - findfont: Generic family 'sans-serif' not found because none of the following families were found: Times New Roman
2024-06-27 09:04:23,087 - matplotlib.font_manager - WARNING - findfont: Generic family 'sans-serif' not found because none of the following families were found: Times New Roman
2024-06-27 09:04:23,101 - root - INFO - remove_subway_list: ['地铁1号线', '地铁2号线']
2024-06-27 09:08:33,535 - root - INFO - count, count_true: 130634, 0
2024-06-27 09:08:41,585 - root - INFO - count, count_true: 134031, 3559
2024-06-27 09:08:48,688 - root - INFO - count, count_true: 139989, 3644
2024-06-27 09:09:04,304 - root - INFO - count, count_true: 132735, 3520
2024-06-27 09:09:14,065 - root - INFO - count, count_true: 138112, 3627
2024-06-27 09:09:41,671 - root - INFO - count, count_true: 136018, 3616
2024-06-27 09:09:48,673 - root - INFO - count, count_true: 141729, 3675
2024-06-27 09:09:49,710 - root - INFO - count, count_true: 141729, 13926
2024-06-27 09:12:40,321 - root - INFO - count, count_true: 139989, 3644
2024-06-27 09:12:50,037 - root - INFO - count, count_true: 141729, 17143
2024-06-27 09:13:25,819 - root - INFO - count, count_true: 141729, 17143
2024-06-27 09:15:33,893 - root - INFO - count, count_true: 141729, 13926
2024-06-27 09:21:05,711 - root - INFO - count, count_true: 136018, 7560
2024-06-27 09:21:15,203 - root - INFO - count, count_true: 132735, 7398
2024-06-27 09:21:21,888 - root - INFO - count, count_true: 134031, 7461
2024-06-27 09:21:28,797 - root - INFO - count, count_true: 130634, 6090
2024-06-27 09:21:42,794 - root - INFO - count, count_true: 141729, 17752
2024-06-27 09:22:19,879 - root - INFO - count, count_true: 138112, 7650
2024-06-27 09:22:29,064 - root - INFO - count, count_true: 139989, 7753
2024-06-27 09:22:31,528 - root - INFO - count, count_true: 141729, 8425
2024-06-27 09:24:44,485 - root - INFO - count, count_true: 141729, 21897
2024-06-27 09:24:53,569 - root - INFO - count, count_true: 141729, 21897
2024-06-27 09:25:07,891 - root - INFO - count, count_true: 139989, 8329
2024-06-27 09:25:19,900 - root - INFO - count, count_true: 141729, 17752
2024-06-27 09:27:14,195 - root - INFO - line 地铁1号线
2024-06-27 09:27:14,195 - root - INFO - year2construction{2010: {}, 2011: {}, 2012: {}, 2013: {}, 2014: {7: 1815688.1970000002}, 2015: {}, 2016: {}, 2017: {}, 2018: {}, 2019: {9: 241092.51300000004}, 2020: {}, 2021: {}, 2022: {}, 2023: {}}
2024-06-27 09:27:14,195 - root - INFO - total_construction2056780.7100000002
2024-06-27 09:27:14,199 - root - INFO - year2ope{2010: {}, 2011: {}, 2012: {}, 2013: {}, 2014: {7: 20    153.169593
Name: per_mileage_carbon (tCO2/km), dtype: float64}, 2015: {}, 2016: {}, 2017: {}, 2018: {}, 2019: {9: 20    180.138271
Name: per_mileage_carbon (tCO2/km), dtype: float64}, 2020: {}, 2021: {}, 2022: {}, 2023: {}}
2024-06-27 09:27:14,199 - root - INFO - carbon_save_list{2010: {}, 2011: {}, 2012: {}, 2013: {}, 2014: {'(8, 9, 10, 11, 12)': 98.62270898499285}, 2015: {'(1, 2, 3, 4, 5, 6, 7, 8, 9, 10, 11, 12)': 125.04014349091061}, 2016: {'(1, 2, 3, 4, 5, 6, 7, 8, 9, 10, 11, 12)': 129.2988367518566}, 2017: {'(1, 2, 3, 4, 5, 6, 7, 8, 9, 10, 11, 12)': 132.01186203180112}, 2018: {'(1, 2, 3, 4, 5, 6, 7, 8, 9, 10, 11, 12)': 134.43949756863535}, 2019: {'(1, 2, 3, 4, 5, 6, 7, 8, 9)': 137.1784668682025, '(10, 11, 12)': 146.835544188635}, 2020: {'(1, 2, 3, 4, 5, 6, 7, 8, 9, 10)': 149.86991079141296, '(11, 12)': 140.56838093647488}, 2021: {'(1, 2, 3, 4, 5, 6, 7, 8, 9, 10, 11, 12)': 140.56838093647488}, 2022: {'(1, 2, 3, 4, 5, 6, 7, 8, 9, 10, 11, 12)': 142.0239977918516}, 2023: {'(1, 2, 3, 4, 5, 6, 7, 8, 9, 10, 11, 12)': 142.0239977918516}}
2024-06-27 14:03:44,497 - root - INFO - City: Wuxi
2024-06-27 14:03:44,504 - root - INFO - Parking fee: 20
2024-06-27 14:11:21,218 - root - INFO - count, count_true: 124854, 0
2024-06-27 14:11:26,371 - root - INFO - count, count_true: 128184, 0
2024-06-27 14:11:27,310 - root - INFO - count, count_true: 123290, 0
2024-06-27 14:11:33,208 - root - INFO - count, count_true: 125910, 0
2024-06-27 14:11:34,645 - root - INFO - count, count_true: 136018, 0
2024-06-27 14:11:35,101 - root - INFO - count, count_true: 130634, 0
2024-06-27 14:11:35,242 - root - INFO - count, count_true: 132735, 0
2024-06-27 14:11:35,434 - root - INFO - count, count_true: 134031, 0
2024-06-27 14:15:09,490 - root - INFO - count, count_true: 141729, 0
2024-06-27 14:15:15,831 - root - INFO - count, count_true: 139989, 0
2024-06-27 14:15:16,786 - root - INFO - count, count_true: 141729, 0
2024-06-27 14:15:40,577 - root - INFO - count, count_true: 138112, 0
2024-06-27 14:16:08,202 - root - INFO - count, count_true: 141729, 0
2024-06-27 14:16:11,726 - root - INFO - count, count_true: 141729, 0
