2024-06-26 14:02:05,802 - root - INFO - City: Nanning
2024-06-26 14:02:05,803 - root - INFO - Parking fee: 20
2024-06-26 14:03:51,946 - root - INFO - Year: 2019, Month: 6
2024-06-26 14:15:06,718 - root - INFO - count, count_true: 102335, 4119
2024-06-26 14:15:06,719 - root - INFO - len args: 104343, missing rate: 0.019244223378664597
2024-06-26 14:15:08,034 - root - INFO - count, count_true: 101608, 286
2024-06-26 14:15:08,035 - root - INFO - len args: 103620, missing rate: 0.019417100945763367
2024-06-26 14:15:15,380 - root - INFO - count, count_true: 103756, 11580
2024-06-26 14:15:15,381 - root - INFO - len args: 105762, missing rate: 0.01896711484276016
2024-06-26 14:15:25,616 - root - INFO - count, count_true: 104352, 26516
2024-06-26 14:15:25,617 - root - INFO - len args: 106361, missing rate: 0.018888502364588524
2024-06-26 14:15:25,662 - root - INFO - count, count_true: 102937, 11556
2024-06-26 14:15:25,663 - root - INFO - len args: 104944, missing rate: 0.019124485439853636
2024-06-26 14:15:28,651 - root - INFO - count, count_true: 104352, 16267
2024-06-26 14:15:28,652 - root - INFO - len args: 106361, missing rate: 0.018888502364588524
2024-06-26 14:15:30,260 - root - INFO - count, count_true: 104352, 14211
2024-06-26 14:15:30,261 - root - INFO - len args: 106361, missing rate: 0.018888502364588524
2024-06-26 14:15:30,678 - root - INFO - count, count_true: 104352, 26516
2024-06-26 14:15:30,679 - root - INFO - len args: 106361, missing rate: 0.018888502364588524
2024-06-26 14:22:18,953 - root - INFO - count, count_true: 103756, 14176
2024-06-26 14:22:18,955 - root - INFO - len args: 105762, missing rate: 0.01896711484276016
2024-06-26 14:22:40,555 - root - INFO - count, count_true: 104352, 16267
2024-06-26 14:22:40,557 - root - INFO - len args: 106361, missing rate: 0.018888502364588524
2024-06-26 14:25:05,041 - root - INFO - Factual data collection finished, {2010: {}, 2011: {}, 2012: {}, 2013: {}, 2014: {}, 2015: {}, 2016: {'(7, 8, 9, 10, 11, 12)': {'traffic_num': [1985.7090278759501, 765595.6185397733, 3596813.299234067, 2266400.367497206], 'traffic_ratio': [0.00029946771534683834, 0.11546060754374449, 0.5424407333248221, 0.3417991914160866], 'carbon': 14763286618.284636, 'subway_distribution': {'轨道交通1号线(石埠--火车东站)': 1728.5486299190386, '轨道交通1号线(火车东站--石埠)': 257.16039795691074}, 'fuel_car_distance': 39665139268.34533, 'elec_car_distance': 143625864214.27063, 'subway_mileage': 9491149.922985518}}, 2017: {'(1, 2, 3, 4, 5, 6, 7, 8, 9, 10, 11, 12)': {'traffic_num': [225761.51704170235, 721480.0837358377, 3547901.952357453, 2191613.2235574103], 'traffic_ratio': [0.033762483754250595, 0.10789686358125875, 0.5305863620947222, 0.32775429056976846], 'carbon': 14760758079.074598, 'subway_distribution': {'轨道交通1号线(石埠--火车东站)': 222464.22069370272, '轨道交通1号线(火车东站--石埠)': 3297.2963479994737}, 'fuel_car_distance': 39360270026.922195, 'elec_car_distance': 144298163846.0014, 'subway_mileage': 1444725226.6838903}}, 2018: {'(1, 2, 3, 4, 5, 6, 7, 8, 9, 10, 11, 12)': {'traffic_num': [452439.9091712584, 679875.448849242, 3486912.2537338054, 2118769.499071236], 'traffic_ratio': [0.06714753683173148, 0.1009017127295775, 0.517499814318945, 0.31445093611974606], 'carbon': 14691041219.779978, 'subway_distribution': {'轨道交通1号线(石埠--火车东站)': 267793.5139532268, '轨道交通2号线(坛泽--西津)': 73238.9760286133, '轨道交通1号线(火车东站--石埠)': 10658.400370815016, '轨道交通2号线(西津--坛泽)': 183533.1004190954}, 'fuel_car_distance': 38965486862.46664, 'elec_car_distance': 144104985441.2822, 'subway_mileage': 3110646179.736398}}, 2019: {'(1, 2, 3, 4, 5, 6)': {'traffic_num': [453291.46930992877, 683047.690606214, 3522748.863824125, 2131975.124147948], 'traffic_ratio': [0.06674823358856362, 0.10058037684697692, 0.5187330447544988, 0.31393834480996075], 'carbon': 14870421056.879343, 'subway_distribution': {'轨道交通1号线(石埠--火车东站)': 270156.64907413744, '轨道交通2号线(坛泽--西津)': 72851.38674193337, '轨道交通1号线(火车东站--石埠)': 10588.07017620245, '轨道交通2号线(西津--坛泽)': 182267.11521866074}, 'fuel_car_distance': 39296774355.60618, 'elec_car_distance': 146202338630.70438, 'subway_mileage': 3113726700.044615}, '(7, 8, 9, 10, 11, 12)': {'traffic_num': [515819.14342482184, 670749.010181981, 3500247.4812807273, 2104247.513000683], 'traffic_ratio': [0.07595558047273111, 0.09876936726623738, 0.5154196633216677, 0.3098553889393638], 'carbon': 14830741935.24145, 'subway_distribution': {'轨道交通1号线(石埠--火车东站)': 292708.8569529292, '轨道交通2号线(坛泽--西津)': 79574.01125135664, '轨道交通1号线(火车东站--石埠)': 11349.618842107588, '轨道交通2号线(西津--坛泽)': 184840.50019791772, '轨道交通3号线(平良立交--科园大道)': 14971.623626947337, '轨道交通3号线(科园大道--平良立交)': 62889.44186982531}, 'fuel_car_distance': 39110113642.84334, 'elec_car_distance': 146003480662.27512, 'subway_mileage': 3679742652.1702237}}, 2020: {'(1, 2, 3, 4, 5, 6, 7, 8, 9, 10, 11)': {'traffic_num': [517713.30883595307, 673737.3352226038, 3519487.2306576166, 2117195.3044591765], 'traffic_ratio': [0.07582062259929126, 0.09867079588860224, 0.5154391600608283, 0.31006942145127797], 'carbon': 14911212844.92317, 'subway_distribution': {'轨道交通1号线(石埠--火车东站)': 293864.2831919242, '轨道交通2号线(坛泽--西津)': 80004.08486223893, '轨道交通1号线(火车东站--石埠)': 11325.984368556361, '轨道交通2号线(西津--坛泽)': 185500.2135843548, '轨道交通3号线(平良立交--科园大道)': 15031.343894571484, '轨道交通3号线(科园大道--平良立交)': 63221.714978875665}, 'fuel_car_distance': 39300204564.76294, 'elec_car_distance': 146847402092.58975, 'subway_mileage': 3691742629.8267393}, '(12,)': {'traffic_num': [554691.7180473298, 666216.0816642257, 3498810.1176054785, 2108415.2618583017], 'traffic_ratio': [0.0812362183765025, 0.09756928638944437, 0.5124109366050832, 0.30878355862896983], 'carbon': 14871564023.955084, 'subway_distribution': {'轨道交通1号线(石埠--火车东站)': 295603.44895670936, '轨道交通2号线(坛泽--西津)': 85656.89463151323, '轨道交通1号线(火车东站--石埠)': 12353.457533750905, '轨道交通2号线(西津--坛泽)': 204407.90784108345, '轨道交通3号线(平良立交--科园大道)': 19298.390439524326, '轨道交通3号线(科园大道--平良立交)': 66071.42854872484, '轨道交通4号线(龙岗--洪运路)': 2907.182391058143, '轨道交通4号线(洪运路--龙岗)': 53449.369454081476}, 'fuel_car_distance': 39107474124.72239, 'elec_car_distance': 146663220218.9897, 'subway_mileage': 4270123443.7706866}}, 2021: {'(1, 2, 3, 4, 5, 6, 7, 8, 9, 10, 11, 12)': {'traffic_num': [554691.7180473298, 666216.0816642257, 3498810.1176054785, 2108415.2618583017], 'traffic_ratio': [0.0812362183765025, 0.09756928638944437, 0.5124109366050832, 0.30878355862896983], 'carbon': 14871564023.955084, 'subway_distribution': {'轨道交通1号线(石埠--火车东站)': 295603.44895670936, '轨道交通2号线(坛泽--西津)': 85656.89463151323, '轨道交通1号线(火车东站--石埠)': 12353.457533750905, '轨道交通2号线(西津--坛泽)': 204407.90784108345, '轨道交通3号线(平良立交--科园大道)': 19298.390439524326, '轨道交通3号线(科园大道--平良立交)': 66071.42854872484, '轨道交通4号线(龙岗--洪运路)': 2907.182391058143, '轨道交通4号线(洪运路--龙岗)': 53449.369454081476}, 'fuel_car_distance': 39107474124.72239, 'elec_car_distance': 146663220218.9897, 'subway_mileage': 4270123443.7706866}}, 2022: {'(1, 2, 3, 4, 5, 6, 7, 8, 9, 10, 11, 12)': {'traffic_num': [676876.3436201002, 641756.446732648, 3452691.460948768, 2056808.927873846], 'traffic_ratio': [0.09913051281490191, 0.09398710158288877, 0.5056567249565205, 0.30122566064568884], 'carbon': 14745097935.489391, 'subway_distribution': {'轨道交通1号线(石埠--火车东站)': 309149.9233154091, '轨道交通2号线(坛泽--西津)': 92024.61638924276, '轨道交通1号线(火车东站--石埠)': 13435.505894685066, '轨道交通2号线(西津--坛泽)': 225879.68054379555, '轨道交通5号线(国凯大道--金桥客运站)': 131558.68416005577, '轨道交通3号线(平良立交--科园大道)': 20994.25675869563, '轨道交通5号线(金桥客运站--国凯大道)': 42336.78048128279, '轨道交通3号线(科园大道--平良立交)': 83783.60646337127, '轨道交通4号线(龙岗--洪运路)': 5220.184699999818, '轨道交通4号线(洪运路--龙岗)': 61902.137310325525}, 'fuel_car_distance': 38669171778.30146, 'elec_car_distance': 145663224796.81277, 'subway_mileage': 5341183533.494416}}, 2023: {'(1, 2, 3, 4, 5, 6, 7, 8, 9, 10, 11, 12)': {'traffic_num': [676876.3436201002, 641756.446732648, 3452691.460948768, 2056808.927873846], 'traffic_ratio': [0.09913051281490191, 0.09398710158288877, 0.5056567249565205, 0.30122566064568884], 'carbon': 14745097935.489391, 'subway_distribution': {'轨道交通1号线(石埠--火车东站)': 309149.9233154091, '轨道交通2号线(坛泽--西津)': 92024.61638924276, '轨道交通1号线(火车东站--石埠)': 13435.505894685066, '轨道交通2号线(西津--坛泽)': 225879.68054379555, '轨道交通5号线(国凯大道--金桥客运站)': 131558.68416005577, '轨道交通3号线(平良立交--科园大道)': 20994.25675869563, '轨道交通5号线(金桥客运站--国凯大道)': 42336.78048128279, '轨道交通3号线(科园大道--平良立交)': 83783.60646337127, '轨道交通4号线(龙岗--洪运路)': 5220.184699999818, '轨道交通4号线(洪运路--龙岗)': 61902.137310325525}, 'fuel_car_distance': 38669171778.30146, 'elec_car_distance': 145663224796.81277, 'subway_mileage': 5341183533.494416}}}
2024-06-26 14:25:05,263 - root - INFO - jinzhanliang_true_list: [57.86657534246575, 50.25178082191781, 26.537808219178082, 1.7273972602739727, 0.0]
2024-06-26 14:25:05,264 - root - INFO - jinzhanliang_list: [48.455530636737535, 45.24399091712584, 22.57615170417024, 0.0992854513937975, 0.0, 0.0]
2024-06-26 14:25:05,264 - root - INFO - keyunliang_true_list: [75.0227397260274, 58.52630136986301, 26.61123287671233, 1.7273972602739727, 0.0]
2024-06-26 14:25:05,264 - root - INFO - keyunliang_list: [59.10986369760089, 53.522399077175045, 22.57615170417022, 0.09928545139379746, 0.0, 0.0]
2024-06-26 14:25:05,264 - root - INFO - licheng_true_list: [737.586301369863, 436.94, 226.41945205479453, 7.532876712328767, 0.0]
2024-06-26 14:25:05,264 - root - INFO - licheng_list: [339.67346761074197, 311.0646179736398, 144.47252266838905, 0.47455749614927595, 0.0, 0.0]
2024-06-26 14:25:05,264 - root - INFO - ratio: 1.1942202382692109
2024-06-26 14:25:05,406 - matplotlib.font_manager - WARNING - findfont: Generic family 'sans-serif' not found because none of the following families were found: Times New Roman
2024-06-26 14:25:05,429 - matplotlib.font_manager - WARNING - findfont: Generic family 'sans-serif' not found because none of the following families were found: Times New Roman
2024-06-26 14:25:05,435 - matplotlib.font_manager - WARNING - findfont: Generic family 'sans-serif' not found because none of the following families were found: Times New Roman
2024-06-26 14:25:05,437 - matplotlib.font_manager - WARNING - findfont: Generic family 'sans-serif' not found because none of the following families were found: Times New Roman
2024-06-26 14:25:05,438 - matplotlib.font_manager - WARNING - findfont: Generic family 'sans-serif' not found because none of the following families were found: Times New Roman
2024-06-26 14:25:05,438 - matplotlib.font_manager - WARNING - findfont: Generic family 'sans-serif' not found because none of the following families were found: Times New Roman
2024-06-26 14:25:05,446 - matplotlib.font_manager - WARNING - findfont: Generic family 'sans-serif' not found because none of the following families were found: Times New Roman
2024-06-26 14:25:05,447 - matplotlib.font_manager - WARNING - findfont: Generic family 'sans-serif' not found because none of the following families were found: Times New Roman
2024-06-26 14:25:05,448 - matplotlib.font_manager - WARNING - findfont: Generic family 'sans-serif' not found because none of the following families were found: Times New Roman
2024-06-26 14:25:05,448 - matplotlib.font_manager - WARNING - findfont: Generic family 'sans-serif' not found because none of the following families were found: Times New Roman
2024-06-26 14:25:05,449 - matplotlib.font_manager - WARNING - findfont: Generic family 'sans-serif' not found because none of the following families were found: Times New Roman
2024-06-26 14:25:05,449 - matplotlib.font_manager - WARNING - findfont: Generic family 'sans-serif' not found because none of the following families were found: Times New Roman
2024-06-26 14:25:05,450 - matplotlib.font_manager - WARNING - findfont: Generic family 'sans-serif' not found because none of the following families were found: Times New Roman
2024-06-26 14:25:05,460 - matplotlib.font_manager - WARNING - findfont: Generic family 'sans-serif' not found because none of the following families were found: Times New Roman
2024-06-26 14:25:05,463 - matplotlib.font_manager - WARNING - findfont: Generic family 'sans-serif' not found because none of the following families were found: Times New Roman
2024-06-26 14:25:05,472 - matplotlib.font_manager - WARNING - findfont: Generic family 'sans-serif' not found because none of the following families were found: Times New Roman
2024-06-26 14:25:05,474 - matplotlib.font_manager - WARNING - findfont: Generic family 'sans-serif' not found because none of the following families were found: Times New Roman
2024-06-26 14:25:05,476 - matplotlib.font_manager - WARNING - findfont: Generic family 'sans-serif' not found because none of the following families were found: Times New Roman
2024-06-26 14:25:05,476 - matplotlib.font_manager - WARNING - findfont: Generic family 'sans-serif' not found because none of the following families were found: Times New Roman
2024-06-26 14:25:05,477 - matplotlib.font_manager - WARNING - findfont: Generic family 'sans-serif' not found because none of the following families were found: Times New Roman
2024-06-26 14:25:05,478 - matplotlib.font_manager - WARNING - findfont: Generic family 'sans-serif' not found because none of the following families were found: Times New Roman
2024-06-26 14:25:05,479 - matplotlib.font_manager - WARNING - findfont: Generic family 'sans-serif' not found because none of the following families were found: Times New Roman
2024-06-26 14:25:05,479 - matplotlib.font_manager - WARNING - findfont: Generic family 'sans-serif' not found because none of the following families were found: Times New Roman
2024-06-26 14:25:05,480 - matplotlib.font_manager - WARNING - findfont: Generic family 'sans-serif' not found because none of the following families were found: Times New Roman
2024-06-26 14:25:05,480 - matplotlib.font_manager - WARNING - findfont: Generic family 'sans-serif' not found because none of the following families were found: Times New Roman
2024-06-26 14:25:05,482 - matplotlib.font_manager - WARNING - findfont: Generic family 'sans-serif' not found because none of the following families were found: Times New Roman
2024-06-26 14:25:05,483 - matplotlib.font_manager - WARNING - findfont: Generic family 'sans-serif' not found because none of the following families were found: Times New Roman
2024-06-26 14:25:05,485 - matplotlib.font_manager - WARNING - findfont: Generic family 'sans-serif' not found because none of the following families were found: Times New Roman
2024-06-26 14:25:05,485 - matplotlib.font_manager - WARNING - findfont: Generic family 'sans-serif' not found because none of the following families were found: Times New Roman
2024-06-26 14:25:05,486 - matplotlib.font_manager - WARNING - findfont: Generic family 'sans-serif' not found because none of the following families were found: Times New Roman
2024-06-26 14:25:05,486 - matplotlib.font_manager - WARNING - findfont: Generic family 'sans-serif' not found because none of the following families were found: Times New Roman
2024-06-26 14:25:05,487 - matplotlib.font_manager - WARNING - findfont: Generic family 'sans-serif' not found because none of the following families were found: Times New Roman
2024-06-26 14:25:05,489 - matplotlib.font_manager - WARNING - findfont: Generic family 'sans-serif' not found because none of the following families were found: Times New Roman
2024-06-26 14:25:05,510 - matplotlib.font_manager - WARNING - findfont: Generic family 'sans-serif' not found because none of the following families were found: Times New Roman
2024-06-26 14:25:05,511 - matplotlib.font_manager - WARNING - findfont: Generic family 'sans-serif' not found because none of the following families were found: Times New Roman
2024-06-26 14:25:05,520 - matplotlib.font_manager - WARNING - findfont: Generic family 'sans-serif' not found because none of the following families were found: Times New Roman
2024-06-26 14:25:05,521 - matplotlib.font_manager - WARNING - findfont: Generic family 'sans-serif' not found because none of the following families were found: Times New Roman
2024-06-26 14:25:05,540 - matplotlib.font_manager - WARNING - findfont: Generic family 'sans-serif' not found because none of the following families were found: Times New Roman
2024-06-26 14:25:05,541 - matplotlib.font_manager - WARNING - findfont: Generic family 'sans-serif' not found because none of the following families were found: Times New Roman
2024-06-26 14:25:05,569 - matplotlib.font_manager - WARNING - findfont: Generic family 'sans-serif' not found because none of the following families were found: Times New Roman
2024-06-26 14:25:05,570 - matplotlib.font_manager - WARNING - findfont: Generic family 'sans-serif' not found because none of the following families were found: Times New Roman
2024-06-26 14:25:05,571 - matplotlib.font_manager - WARNING - findfont: Generic family 'sans-serif' not found because none of the following families were found: Times New Roman
2024-06-26 14:25:05,572 - matplotlib.font_manager - WARNING - findfont: Generic family 'sans-serif' not found because none of the following families were found: Times New Roman
2024-06-26 14:25:05,572 - matplotlib.font_manager - WARNING - findfont: Generic family 'sans-serif' not found because none of the following families were found: Times New Roman
2024-06-26 14:25:05,573 - matplotlib.font_manager - WARNING - findfont: Generic family 'sans-serif' not found because none of the following families were found: Times New Roman
2024-06-26 14:25:05,574 - matplotlib.font_manager - WARNING - findfont: Generic family 'sans-serif' not found because none of the following families were found: Times New Roman
2024-06-26 14:25:05,575 - matplotlib.font_manager - WARNING - findfont: Generic family 'sans-serif' not found because none of the following families were found: Times New Roman
2024-06-26 14:25:05,576 - matplotlib.font_manager - WARNING - findfont: Generic family 'sans-serif' not found because none of the following families were found: Times New Roman
2024-06-26 14:25:05,577 - matplotlib.font_manager - WARNING - findfont: Generic family 'sans-serif' not found because none of the following families were found: Times New Roman
2024-06-26 14:25:05,578 - matplotlib.font_manager - WARNING - findfont: Generic family 'sans-serif' not found because none of the following families were found: Times New Roman
2024-06-26 14:25:05,583 - matplotlib.font_manager - WARNING - findfont: Generic family 'sans-serif' not found because none of the following families were found: Times New Roman
2024-06-26 14:25:05,583 - matplotlib.font_manager - WARNING - findfont: Generic family 'sans-serif' not found because none of the following families were found: Times New Roman
2024-06-26 14:25:05,584 - matplotlib.font_manager - WARNING - findfont: Generic family 'sans-serif' not found because none of the following families were found: Times New Roman
2024-06-26 14:25:05,584 - matplotlib.font_manager - WARNING - findfont: Generic family 'sans-serif' not found because none of the following families were found: Times New Roman
2024-06-26 14:25:05,584 - matplotlib.font_manager - WARNING - findfont: Generic family 'sans-serif' not found because none of the following families were found: Times New Roman
2024-06-26 14:25:05,585 - matplotlib.font_manager - WARNING - findfont: Generic family 'sans-serif' not found because none of the following families were found: Times New Roman
2024-06-26 14:25:05,585 - matplotlib.font_manager - WARNING - findfont: Generic family 'sans-serif' not found because none of the following families were found: Times New Roman
2024-06-26 14:25:05,586 - matplotlib.font_manager - WARNING - findfont: Generic family 'sans-serif' not found because none of the following families were found: Times New Roman
2024-06-26 14:25:05,587 - matplotlib.font_manager - WARNING - findfont: Generic family 'sans-serif' not found because none of the following families were found: Times New Roman
2024-06-26 14:25:05,588 - matplotlib.font_manager - WARNING - findfont: Generic family 'sans-serif' not found because none of the following families were found: Times New Roman
2024-06-26 14:25:05,589 - matplotlib.font_manager - WARNING - findfont: Generic family 'sans-serif' not found because none of the following families were found: Times New Roman
2024-06-26 14:25:05,590 - matplotlib.font_manager - WARNING - findfont: Generic family 'sans-serif' not found because none of the following families were found: Times New Roman
2024-06-26 14:25:05,590 - matplotlib.font_manager - WARNING - findfont: Generic family 'sans-serif' not found because none of the following families were found: Times New Roman
2024-06-26 14:25:05,591 - matplotlib.font_manager - WARNING - findfont: Generic family 'sans-serif' not found because none of the following families were found: Times New Roman
2024-06-26 14:25:05,596 - matplotlib.font_manager - WARNING - findfont: Generic family 'sans-serif' not found because none of the following families were found: Times New Roman
2024-06-26 14:25:05,597 - matplotlib.font_manager - WARNING - findfont: Generic family 'sans-serif' not found because none of the following families were found: Times New Roman
2024-06-26 14:25:05,601 - matplotlib.font_manager - WARNING - findfont: Generic family 'sans-serif' not found because none of the following families were found: Times New Roman
2024-06-26 14:25:05,601 - matplotlib.font_manager - WARNING - findfont: Generic family 'sans-serif' not found because none of the following families were found: Times New Roman
2024-06-26 14:25:05,601 - matplotlib.font_manager - WARNING - findfont: Generic family 'sans-serif' not found because none of the following families were found: Times New Roman
2024-06-26 14:25:05,602 - matplotlib.font_manager - WARNING - findfont: Generic family 'sans-serif' not found because none of the following families were found: Times New Roman
2024-06-26 14:25:05,602 - matplotlib.font_manager - WARNING - findfont: Generic family 'sans-serif' not found because none of the following families were found: Times New Roman
2024-06-26 14:25:05,603 - matplotlib.font_manager - WARNING - findfont: Generic family 'sans-serif' not found because none of the following families were found: Times New Roman
2024-06-26 14:25:05,603 - matplotlib.font_manager - WARNING - findfont: Generic family 'sans-serif' not found because none of the following families were found: Times New Roman
2024-06-26 14:25:05,603 - matplotlib.font_manager - WARNING - findfont: Generic family 'sans-serif' not found because none of the following families were found: Times New Roman
2024-06-26 14:25:05,604 - matplotlib.font_manager - WARNING - findfont: Generic family 'sans-serif' not found because none of the following families were found: Times New Roman
2024-06-26 14:25:05,604 - matplotlib.font_manager - WARNING - findfont: Generic family 'sans-serif' not found because none of the following families were found: Times New Roman
2024-06-26 14:25:05,605 - matplotlib.font_manager - WARNING - findfont: Generic family 'sans-serif' not found because none of the following families were found: Times New Roman
2024-06-26 14:25:05,605 - matplotlib.font_manager - WARNING - findfont: Generic family 'sans-serif' not found because none of the following families were found: Times New Roman
2024-06-26 14:25:05,605 - matplotlib.font_manager - WARNING - findfont: Generic family 'sans-serif' not found because none of the following families were found: Times New Roman
2024-06-26 14:25:05,606 - matplotlib.font_manager - WARNING - findfont: Generic family 'sans-serif' not found because none of the following families were found: Times New Roman
2024-06-26 14:25:05,606 - matplotlib.font_manager - WARNING - findfont: Generic family 'sans-serif' not found because none of the following families were found: Times New Roman
2024-06-26 14:25:05,606 - matplotlib.font_manager - WARNING - findfont: Generic family 'sans-serif' not found because none of the following families were found: Times New Roman
2024-06-26 14:25:05,607 - matplotlib.font_manager - WARNING - findfont: Generic family 'sans-serif' not found because none of the following families were found: Times New Roman
2024-06-26 14:25:05,608 - matplotlib.font_manager - WARNING - findfont: Generic family 'sans-serif' not found because none of the following families were found: Times New Roman
2024-06-26 14:25:05,608 - matplotlib.font_manager - WARNING - findfont: Generic family 'sans-serif' not found because none of the following families were found: Times New Roman
2024-06-26 14:25:05,608 - matplotlib.font_manager - WARNING - findfont: Generic family 'sans-serif' not found because none of the following families were found: Times New Roman
2024-06-26 14:25:05,609 - matplotlib.font_manager - WARNING - findfont: Generic family 'sans-serif' not found because none of the following families were found: Times New Roman
2024-06-26 14:25:05,611 - matplotlib.font_manager - WARNING - findfont: Generic family 'sans-serif' not found because none of the following families were found: Times New Roman
2024-06-26 14:25:05,612 - matplotlib.font_manager - WARNING - findfont: Generic family 'sans-serif' not found because none of the following families were found: Times New Roman
2024-06-26 14:25:05,614 - matplotlib.font_manager - WARNING - findfont: Generic family 'sans-serif' not found because none of the following families were found: Times New Roman
2024-06-26 14:25:05,614 - matplotlib.font_manager - WARNING - findfont: Generic family 'sans-serif' not found because none of the following families were found: Times New Roman
2024-06-26 14:25:05,615 - matplotlib.font_manager - WARNING - findfont: Generic family 'sans-serif' not found because none of the following families were found: Times New Roman
2024-06-26 14:25:05,615 - matplotlib.font_manager - WARNING - findfont: Generic family 'sans-serif' not found because none of the following families were found: Times New Roman
2024-06-26 14:25:05,616 - matplotlib.font_manager - WARNING - findfont: Generic family 'sans-serif' not found because none of the following families were found: Times New Roman
2024-06-26 14:25:05,617 - matplotlib.font_manager - WARNING - findfont: Generic family 'sans-serif' not found because none of the following families were found: Times New Roman
2024-06-26 14:25:05,618 - matplotlib.font_manager - WARNING - findfont: Generic family 'sans-serif' not found because none of the following families were found: Times New Roman
2024-06-26 14:25:05,619 - matplotlib.font_manager - WARNING - findfont: Generic family 'sans-serif' not found because none of the following families were found: Times New Roman
2024-06-26 14:25:05,719 - matplotlib.font_manager - WARNING - findfont: Generic family 'sans-serif' not found because none of the following families were found: Times New Roman
2024-06-26 14:25:05,720 - matplotlib.font_manager - WARNING - findfont: Generic family 'sans-serif' not found because none of the following families were found: Times New Roman
2024-06-26 14:25:05,721 - matplotlib.font_manager - WARNING - findfont: Generic family 'sans-serif' not found because none of the following families were found: Times New Roman
2024-06-26 14:25:05,722 - matplotlib.font_manager - WARNING - findfont: Generic family 'sans-serif' not found because none of the following families were found: Times New Roman
2024-06-26 14:25:05,722 - matplotlib.font_manager - WARNING - findfont: Generic family 'sans-serif' not found because none of the following families were found: Times New Roman
2024-06-26 14:25:05,722 - matplotlib.font_manager - WARNING - findfont: Generic family 'sans-serif' not found because none of the following families were found: Times New Roman
2024-06-26 14:25:05,724 - matplotlib.font_manager - WARNING - findfont: Generic family 'sans-serif' not found because none of the following families were found: Times New Roman
2024-06-26 14:25:05,726 - matplotlib.font_manager - WARNING - findfont: Generic family 'sans-serif' not found because none of the following families were found: Times New Roman
2024-06-26 14:25:05,727 - matplotlib.font_manager - WARNING - findfont: Generic family 'sans-serif' not found because none of the following families were found: Times New Roman
2024-06-26 14:25:05,728 - matplotlib.font_manager - WARNING - findfont: Generic family 'sans-serif' not found because none of the following families were found: Times New Roman
2024-06-26 14:25:05,729 - matplotlib.font_manager - WARNING - findfont: Generic family 'sans-serif' not found because none of the following families were found: Times New Roman
2024-06-26 14:25:05,734 - matplotlib.font_manager - WARNING - findfont: Generic family 'sans-serif' not found because none of the following families were found: Times New Roman
2024-06-26 14:25:05,734 - matplotlib.font_manager - WARNING - findfont: Generic family 'sans-serif' not found because none of the following families were found: Times New Roman
2024-06-26 14:25:05,735 - matplotlib.font_manager - WARNING - findfont: Generic family 'sans-serif' not found because none of the following families were found: Times New Roman
2024-06-26 14:25:05,735 - matplotlib.font_manager - WARNING - findfont: Generic family 'sans-serif' not found because none of the following families were found: Times New Roman
2024-06-26 14:25:05,735 - matplotlib.font_manager - WARNING - findfont: Generic family 'sans-serif' not found because none of the following families were found: Times New Roman
2024-06-26 14:25:05,736 - matplotlib.font_manager - WARNING - findfont: Generic family 'sans-serif' not found because none of the following families were found: Times New Roman
2024-06-26 14:25:05,736 - matplotlib.font_manager - WARNING - findfont: Generic family 'sans-serif' not found because none of the following families were found: Times New Roman
2024-06-26 14:25:05,738 - matplotlib.font_manager - WARNING - findfont: Generic family 'sans-serif' not found because none of the following families were found: Times New Roman
2024-06-26 14:25:05,739 - matplotlib.font_manager - WARNING - findfont: Generic family 'sans-serif' not found because none of the following families were found: Times New Roman
2024-06-26 14:25:05,740 - matplotlib.font_manager - WARNING - findfont: Generic family 'sans-serif' not found because none of the following families were found: Times New Roman
2024-06-26 14:25:05,740 - matplotlib.font_manager - WARNING - findfont: Generic family 'sans-serif' not found because none of the following families were found: Times New Roman
2024-06-26 14:25:05,741 - matplotlib.font_manager - WARNING - findfont: Generic family 'sans-serif' not found because none of the following families were found: Times New Roman
2024-06-26 14:25:05,742 - matplotlib.font_manager - WARNING - findfont: Generic family 'sans-serif' not found because none of the following families were found: Times New Roman
2024-06-26 14:25:05,743 - matplotlib.font_manager - WARNING - findfont: Generic family 'sans-serif' not found because none of the following families were found: Times New Roman
2024-06-26 14:25:05,749 - matplotlib.font_manager - WARNING - findfont: Generic family 'sans-serif' not found because none of the following families were found: Times New Roman
2024-06-26 14:25:05,751 - matplotlib.font_manager - WARNING - findfont: Generic family 'sans-serif' not found because none of the following families were found: Times New Roman
2024-06-26 14:25:05,754 - matplotlib.font_manager - WARNING - findfont: Generic family 'sans-serif' not found because none of the following families were found: Times New Roman
2024-06-26 14:25:05,754 - matplotlib.font_manager - WARNING - findfont: Generic family 'sans-serif' not found because none of the following families were found: Times New Roman
2024-06-26 14:25:05,755 - matplotlib.font_manager - WARNING - findfont: Generic family 'sans-serif' not found because none of the following families were found: Times New Roman
2024-06-26 14:25:05,755 - matplotlib.font_manager - WARNING - findfont: Generic family 'sans-serif' not found because none of the following families were found: Times New Roman
2024-06-26 14:25:05,756 - matplotlib.font_manager - WARNING - findfont: Generic family 'sans-serif' not found because none of the following families were found: Times New Roman
2024-06-26 14:25:05,756 - matplotlib.font_manager - WARNING - findfont: Generic family 'sans-serif' not found because none of the following families were found: Times New Roman
2024-06-26 14:25:05,757 - matplotlib.font_manager - WARNING - findfont: Generic family 'sans-serif' not found because none of the following families were found: Times New Roman
2024-06-26 14:25:05,757 - matplotlib.font_manager - WARNING - findfont: Generic family 'sans-serif' not found because none of the following families were found: Times New Roman
2024-06-26 14:25:05,757 - matplotlib.font_manager - WARNING - findfont: Generic family 'sans-serif' not found because none of the following families were found: Times New Roman
2024-06-26 14:25:05,758 - matplotlib.font_manager - WARNING - findfont: Generic family 'sans-serif' not found because none of the following families were found: Times New Roman
2024-06-26 14:25:05,758 - matplotlib.font_manager - WARNING - findfont: Generic family 'sans-serif' not found because none of the following families were found: Times New Roman
2024-06-26 14:25:05,758 - matplotlib.font_manager - WARNING - findfont: Generic family 'sans-serif' not found because none of the following families were found: Times New Roman
2024-06-26 14:25:05,759 - matplotlib.font_manager - WARNING - findfont: Generic family 'sans-serif' not found because none of the following families were found: Times New Roman
2024-06-26 14:25:05,759 - matplotlib.font_manager - WARNING - findfont: Generic family 'sans-serif' not found because none of the following families were found: Times New Roman
2024-06-26 14:25:05,760 - matplotlib.font_manager - WARNING - findfont: Generic family 'sans-serif' not found because none of the following families were found: Times New Roman
2024-06-26 14:25:05,760 - matplotlib.font_manager - WARNING - findfont: Generic family 'sans-serif' not found because none of the following families were found: Times New Roman
2024-06-26 14:25:05,760 - matplotlib.font_manager - WARNING - findfont: Generic family 'sans-serif' not found because none of the following families were found: Times New Roman
2024-06-26 14:25:05,761 - matplotlib.font_manager - WARNING - findfont: Generic family 'sans-serif' not found because none of the following families were found: Times New Roman
2024-06-26 14:25:05,761 - matplotlib.font_manager - WARNING - findfont: Generic family 'sans-serif' not found because none of the following families were found: Times New Roman
2024-06-26 14:25:05,761 - matplotlib.font_manager - WARNING - findfont: Generic family 'sans-serif' not found because none of the following families were found: Times New Roman
2024-06-26 14:25:05,762 - matplotlib.font_manager - WARNING - findfont: Generic family 'sans-serif' not found because none of the following families were found: Times New Roman
2024-06-26 14:25:05,765 - matplotlib.font_manager - WARNING - findfont: Generic family 'sans-serif' not found because none of the following families were found: Times New Roman
2024-06-26 14:25:05,765 - matplotlib.font_manager - WARNING - findfont: Generic family 'sans-serif' not found because none of the following families were found: Times New Roman
2024-06-26 14:25:05,767 - matplotlib.font_manager - WARNING - findfont: Generic family 'sans-serif' not found because none of the following families were found: Times New Roman
2024-06-26 14:25:05,768 - matplotlib.font_manager - WARNING - findfont: Generic family 'sans-serif' not found because none of the following families were found: Times New Roman
2024-06-26 14:25:05,768 - matplotlib.font_manager - WARNING - findfont: Generic family 'sans-serif' not found because none of the following families were found: Times New Roman
2024-06-26 14:25:05,769 - matplotlib.font_manager - WARNING - findfont: Generic family 'sans-serif' not found because none of the following families were found: Times New Roman
2024-06-26 14:25:05,769 - matplotlib.font_manager - WARNING - findfont: Generic family 'sans-serif' not found because none of the following families were found: Times New Roman
2024-06-26 14:25:05,771 - matplotlib.font_manager - WARNING - findfont: Generic family 'sans-serif' not found because none of the following families were found: Times New Roman
2024-06-26 14:25:05,771 - matplotlib.font_manager - WARNING - findfont: Generic family 'sans-serif' not found because none of the following families were found: Times New Roman
2024-06-26 14:25:05,773 - matplotlib.font_manager - WARNING - findfont: Generic family 'sans-serif' not found because none of the following families were found: Times New Roman
2024-06-26 14:25:05,836 - matplotlib.font_manager - WARNING - findfont: Generic family 'sans-serif' not found because none of the following families were found: Times New Roman
2024-06-26 14:25:05,837 - matplotlib.font_manager - WARNING - findfont: Generic family 'sans-serif' not found because none of the following families were found: Times New Roman
2024-06-26 14:25:05,838 - matplotlib.font_manager - WARNING - findfont: Generic family 'sans-serif' not found because none of the following families were found: Times New Roman
2024-06-26 14:25:05,839 - matplotlib.font_manager - WARNING - findfont: Generic family 'sans-serif' not found because none of the following families were found: Times New Roman
2024-06-26 14:25:05,839 - matplotlib.font_manager - WARNING - findfont: Generic family 'sans-serif' not found because none of the following families were found: Times New Roman
2024-06-26 14:25:05,851 - matplotlib.font_manager - WARNING - findfont: Generic family 'sans-serif' not found because none of the following families were found: Times New Roman
2024-06-26 14:25:05,860 - matplotlib.font_manager - WARNING - findfont: Generic family 'sans-serif' not found because none of the following families were found: Times New Roman
2024-06-26 14:25:05,861 - matplotlib.font_manager - WARNING - findfont: Generic family 'sans-serif' not found because none of the following families were found: Times New Roman
2024-06-26 14:25:05,861 - matplotlib.font_manager - WARNING - findfont: Generic family 'sans-serif' not found because none of the following families were found: Times New Roman
2024-06-26 14:25:05,862 - matplotlib.font_manager - WARNING - findfont: Generic family 'sans-serif' not found because none of the following families were found: Times New Roman
2024-06-26 14:25:05,862 - matplotlib.font_manager - WARNING - findfont: Generic family 'sans-serif' not found because none of the following families were found: Times New Roman
2024-06-26 14:25:05,862 - matplotlib.font_manager - WARNING - findfont: Generic family 'sans-serif' not found because none of the following families were found: Times New Roman
2024-06-26 14:25:05,863 - matplotlib.font_manager - WARNING - findfont: Generic family 'sans-serif' not found because none of the following families were found: Times New Roman
2024-06-26 14:25:05,863 - matplotlib.font_manager - WARNING - findfont: Generic family 'sans-serif' not found because none of the following families were found: Times New Roman
2024-06-26 14:25:05,871 - matplotlib.font_manager - WARNING - findfont: Generic family 'sans-serif' not found because none of the following families were found: Times New Roman
2024-06-26 14:25:05,878 - matplotlib.font_manager - WARNING - findfont: Generic family 'sans-serif' not found because none of the following families were found: Times New Roman
2024-06-26 14:25:05,878 - matplotlib.font_manager - WARNING - findfont: Generic family 'sans-serif' not found because none of the following families were found: Times New Roman
2024-06-26 14:25:05,879 - matplotlib.font_manager - WARNING - findfont: Generic family 'sans-serif' not found because none of the following families were found: Times New Roman
2024-06-26 14:25:05,880 - matplotlib.font_manager - WARNING - findfont: Generic family 'sans-serif' not found because none of the following families were found: Times New Roman
2024-06-26 14:25:05,881 - matplotlib.font_manager - WARNING - findfont: Generic family 'sans-serif' not found because none of the following families were found: Times New Roman
2024-06-26 14:25:05,881 - matplotlib.font_manager - WARNING - findfont: Generic family 'sans-serif' not found because none of the following families were found: Times New Roman
2024-06-26 14:25:05,882 - matplotlib.font_manager - WARNING - findfont: Generic family 'sans-serif' not found because none of the following families were found: Times New Roman
2024-06-26 14:25:05,882 - matplotlib.font_manager - WARNING - findfont: Generic family 'sans-serif' not found because none of the following families were found: Times New Roman
2024-06-26 14:25:05,883 - matplotlib.font_manager - WARNING - findfont: Generic family 'sans-serif' not found because none of the following families were found: Times New Roman
2024-06-26 14:25:05,883 - matplotlib.font_manager - WARNING - findfont: Generic family 'sans-serif' not found because none of the following families were found: Times New Roman
2024-06-26 14:25:05,884 - matplotlib.font_manager - WARNING - findfont: Generic family 'sans-serif' not found because none of the following families were found: Times New Roman
2024-06-26 14:25:05,884 - matplotlib.font_manager - WARNING - findfont: Generic family 'sans-serif' not found because none of the following families were found: Times New Roman
2024-06-26 14:25:05,886 - matplotlib.font_manager - WARNING - findfont: Generic family 'sans-serif' not found because none of the following families were found: Times New Roman
2024-06-26 14:25:05,887 - matplotlib.font_manager - WARNING - findfont: Generic family 'sans-serif' not found because none of the following families were found: Times New Roman
2024-06-26 14:25:05,888 - matplotlib.font_manager - WARNING - findfont: Generic family 'sans-serif' not found because none of the following families were found: Times New Roman
2024-06-26 14:25:05,889 - matplotlib.font_manager - WARNING - findfont: Generic family 'sans-serif' not found because none of the following families were found: Times New Roman
2024-06-26 14:25:05,889 - matplotlib.font_manager - WARNING - findfont: Generic family 'sans-serif' not found because none of the following families were found: Times New Roman
2024-06-26 14:25:05,889 - matplotlib.font_manager - WARNING - findfont: Generic family 'sans-serif' not found because none of the following families were found: Times New Roman
2024-06-26 14:25:05,890 - matplotlib.font_manager - WARNING - findfont: Generic family 'sans-serif' not found because none of the following families were found: Times New Roman
2024-06-26 14:25:05,891 - matplotlib.font_manager - WARNING - findfont: Generic family 'sans-serif' not found because none of the following families were found: Times New Roman
2024-06-26 14:25:05,911 - matplotlib.font_manager - WARNING - findfont: Generic family 'sans-serif' not found because none of the following families were found: Times New Roman
2024-06-26 14:25:05,912 - matplotlib.font_manager - WARNING - findfont: Generic family 'sans-serif' not found because none of the following families were found: Times New Roman
2024-06-26 14:25:05,921 - matplotlib.font_manager - WARNING - findfont: Generic family 'sans-serif' not found because none of the following families were found: Times New Roman
2024-06-26 14:25:05,922 - matplotlib.font_manager - WARNING - findfont: Generic family 'sans-serif' not found because none of the following families were found: Times New Roman
2024-06-26 14:25:05,943 - matplotlib.font_manager - WARNING - findfont: Generic family 'sans-serif' not found because none of the following families were found: Times New Roman
2024-06-26 14:25:05,944 - matplotlib.font_manager - WARNING - findfont: Generic family 'sans-serif' not found because none of the following families were found: Times New Roman
2024-06-26 14:25:05,967 - matplotlib.font_manager - WARNING - findfont: Generic family 'sans-serif' not found because none of the following families were found: Times New Roman
2024-06-26 14:25:05,969 - matplotlib.font_manager - WARNING - findfont: Generic family 'sans-serif' not found because none of the following families were found: Times New Roman
2024-06-26 14:25:05,970 - matplotlib.font_manager - WARNING - findfont: Generic family 'sans-serif' not found because none of the following families were found: Times New Roman
2024-06-26 14:25:05,970 - matplotlib.font_manager - WARNING - findfont: Generic family 'sans-serif' not found because none of the following families were found: Times New Roman
2024-06-26 14:25:05,970 - matplotlib.font_manager - WARNING - findfont: Generic family 'sans-serif' not found because none of the following families were found: Times New Roman
2024-06-26 14:25:05,971 - matplotlib.font_manager - WARNING - findfont: Generic family 'sans-serif' not found because none of the following families were found: Times New Roman
2024-06-26 14:25:05,972 - matplotlib.font_manager - WARNING - findfont: Generic family 'sans-serif' not found because none of the following families were found: Times New Roman
2024-06-26 14:25:05,974 - matplotlib.font_manager - WARNING - findfont: Generic family 'sans-serif' not found because none of the following families were found: Times New Roman
2024-06-26 14:25:05,975 - matplotlib.font_manager - WARNING - findfont: Generic family 'sans-serif' not found because none of the following families were found: Times New Roman
2024-06-26 14:25:05,975 - matplotlib.font_manager - WARNING - findfont: Generic family 'sans-serif' not found because none of the following families were found: Times New Roman
2024-06-26 14:25:05,976 - matplotlib.font_manager - WARNING - findfont: Generic family 'sans-serif' not found because none of the following families were found: Times New Roman
2024-06-26 14:25:05,981 - matplotlib.font_manager - WARNING - findfont: Generic family 'sans-serif' not found because none of the following families were found: Times New Roman
2024-06-26 14:25:05,981 - matplotlib.font_manager - WARNING - findfont: Generic family 'sans-serif' not found because none of the following families were found: Times New Roman
2024-06-26 14:25:05,982 - matplotlib.font_manager - WARNING - findfont: Generic family 'sans-serif' not found because none of the following families were found: Times New Roman
2024-06-26 14:25:05,982 - matplotlib.font_manager - WARNING - findfont: Generic family 'sans-serif' not found because none of the following families were found: Times New Roman
2024-06-26 14:25:05,982 - matplotlib.font_manager - WARNING - findfont: Generic family 'sans-serif' not found because none of the following families were found: Times New Roman
2024-06-26 14:25:05,983 - matplotlib.font_manager - WARNING - findfont: Generic family 'sans-serif' not found because none of the following families were found: Times New Roman
2024-06-26 14:25:05,983 - matplotlib.font_manager - WARNING - findfont: Generic family 'sans-serif' not found because none of the following families were found: Times New Roman
2024-06-26 14:25:05,983 - matplotlib.font_manager - WARNING - findfont: Generic family 'sans-serif' not found because none of the following families were found: Times New Roman
2024-06-26 14:25:05,984 - matplotlib.font_manager - WARNING - findfont: Generic family 'sans-serif' not found because none of the following families were found: Times New Roman
2024-06-26 14:25:05,986 - matplotlib.font_manager - WARNING - findfont: Generic family 'sans-serif' not found because none of the following families were found: Times New Roman
2024-06-26 14:25:05,987 - matplotlib.font_manager - WARNING - findfont: Generic family 'sans-serif' not found because none of the following families were found: Times New Roman
2024-06-26 14:25:05,988 - matplotlib.font_manager - WARNING - findfont: Generic family 'sans-serif' not found because none of the following families were found: Times New Roman
2024-06-26 14:25:05,988 - matplotlib.font_manager - WARNING - findfont: Generic family 'sans-serif' not found because none of the following families were found: Times New Roman
2024-06-26 14:25:05,989 - matplotlib.font_manager - WARNING - findfont: Generic family 'sans-serif' not found because none of the following families were found: Times New Roman
2024-06-26 14:25:05,990 - matplotlib.font_manager - WARNING - findfont: Generic family 'sans-serif' not found because none of the following families were found: Times New Roman
2024-06-26 14:25:05,990 - matplotlib.font_manager - WARNING - findfont: Generic family 'sans-serif' not found because none of the following families were found: Times New Roman
2024-06-26 14:25:05,996 - matplotlib.font_manager - WARNING - findfont: Generic family 'sans-serif' not found because none of the following families were found: Times New Roman
2024-06-26 14:25:05,998 - matplotlib.font_manager - WARNING - findfont: Generic family 'sans-serif' not found because none of the following families were found: Times New Roman
2024-06-26 14:25:06,001 - matplotlib.font_manager - WARNING - findfont: Generic family 'sans-serif' not found because none of the following families were found: Times New Roman
2024-06-26 14:25:06,001 - matplotlib.font_manager - WARNING - findfont: Generic family 'sans-serif' not found because none of the following families were found: Times New Roman
2024-06-26 14:25:06,002 - matplotlib.font_manager - WARNING - findfont: Generic family 'sans-serif' not found because none of the following families were found: Times New Roman
2024-06-26 14:25:06,002 - matplotlib.font_manager - WARNING - findfont: Generic family 'sans-serif' not found because none of the following families were found: Times New Roman
2024-06-26 14:25:06,003 - matplotlib.font_manager - WARNING - findfont: Generic family 'sans-serif' not found because none of the following families were found: Times New Roman
2024-06-26 14:25:06,003 - matplotlib.font_manager - WARNING - findfont: Generic family 'sans-serif' not found because none of the following families were found: Times New Roman
2024-06-26 14:25:06,003 - matplotlib.font_manager - WARNING - findfont: Generic family 'sans-serif' not found because none of the following families were found: Times New Roman
2024-06-26 14:25:06,004 - matplotlib.font_manager - WARNING - findfont: Generic family 'sans-serif' not found because none of the following families were found: Times New Roman
2024-06-26 14:25:06,004 - matplotlib.font_manager - WARNING - findfont: Generic family 'sans-serif' not found because none of the following families were found: Times New Roman
2024-06-26 14:25:06,004 - matplotlib.font_manager - WARNING - findfont: Generic family 'sans-serif' not found because none of the following families were found: Times New Roman
2024-06-26 14:25:06,005 - matplotlib.font_manager - WARNING - findfont: Generic family 'sans-serif' not found because none of the following families were found: Times New Roman
2024-06-26 14:25:06,005 - matplotlib.font_manager - WARNING - findfont: Generic family 'sans-serif' not found because none of the following families were found: Times New Roman
2024-06-26 14:25:06,005 - matplotlib.font_manager - WARNING - findfont: Generic family 'sans-serif' not found because none of the following families were found: Times New Roman
2024-06-26 14:25:06,006 - matplotlib.font_manager - WARNING - findfont: Generic family 'sans-serif' not found because none of the following families were found: Times New Roman
2024-06-26 14:25:06,007 - matplotlib.font_manager - WARNING - findfont: Generic family 'sans-serif' not found because none of the following families were found: Times New Roman
2024-06-26 14:25:06,008 - matplotlib.font_manager - WARNING - findfont: Generic family 'sans-serif' not found because none of the following families were found: Times New Roman
2024-06-26 14:25:06,008 - matplotlib.font_manager - WARNING - findfont: Generic family 'sans-serif' not found because none of the following families were found: Times New Roman
2024-06-26 14:25:06,009 - matplotlib.font_manager - WARNING - findfont: Generic family 'sans-serif' not found because none of the following families were found: Times New Roman
2024-06-26 14:25:06,009 - matplotlib.font_manager - WARNING - findfont: Generic family 'sans-serif' not found because none of the following families were found: Times New Roman
2024-06-26 14:25:06,009 - matplotlib.font_manager - WARNING - findfont: Generic family 'sans-serif' not found because none of the following families were found: Times New Roman
2024-06-26 14:25:06,010 - matplotlib.font_manager - WARNING - findfont: Generic family 'sans-serif' not found because none of the following families were found: Times New Roman
2024-06-26 14:25:06,010 - matplotlib.font_manager - WARNING - findfont: Generic family 'sans-serif' not found because none of the following families were found: Times New Roman
2024-06-26 14:25:06,013 - matplotlib.font_manager - WARNING - findfont: Generic family 'sans-serif' not found because none of the following families were found: Times New Roman
2024-06-26 14:25:06,013 - matplotlib.font_manager - WARNING - findfont: Generic family 'sans-serif' not found because none of the following families were found: Times New Roman
2024-06-26 14:25:06,015 - matplotlib.font_manager - WARNING - findfont: Generic family 'sans-serif' not found because none of the following families were found: Times New Roman
2024-06-26 14:25:06,016 - matplotlib.font_manager - WARNING - findfont: Generic family 'sans-serif' not found because none of the following families were found: Times New Roman
2024-06-26 14:25:06,016 - matplotlib.font_manager - WARNING - findfont: Generic family 'sans-serif' not found because none of the following families were found: Times New Roman
2024-06-26 14:25:06,017 - matplotlib.font_manager - WARNING - findfont: Generic family 'sans-serif' not found because none of the following families were found: Times New Roman
2024-06-26 14:25:06,017 - matplotlib.font_manager - WARNING - findfont: Generic family 'sans-serif' not found because none of the following families were found: Times New Roman
2024-06-26 14:25:06,019 - matplotlib.font_manager - WARNING - findfont: Generic family 'sans-serif' not found because none of the following families were found: Times New Roman
2024-06-26 14:25:06,020 - matplotlib.font_manager - WARNING - findfont: Generic family 'sans-serif' not found because none of the following families were found: Times New Roman
2024-06-26 14:25:06,021 - matplotlib.font_manager - WARNING - findfont: Generic family 'sans-serif' not found because none of the following families were found: Times New Roman
2024-06-26 14:25:06,101 - matplotlib.font_manager - WARNING - findfont: Generic family 'sans-serif' not found because none of the following families were found: Times New Roman
2024-06-26 14:25:06,102 - matplotlib.font_manager - WARNING - findfont: Generic family 'sans-serif' not found because none of the following families were found: Times New Roman
2024-06-26 14:25:06,103 - matplotlib.font_manager - WARNING - findfont: Generic family 'sans-serif' not found because none of the following families were found: Times New Roman
2024-06-26 14:25:06,103 - matplotlib.font_manager - WARNING - findfont: Generic family 'sans-serif' not found because none of the following families were found: Times New Roman
2024-06-26 14:25:06,104 - matplotlib.font_manager - WARNING - findfont: Generic family 'sans-serif' not found because none of the following families were found: Times New Roman
2024-06-26 14:25:06,104 - matplotlib.font_manager - WARNING - findfont: Generic family 'sans-serif' not found because none of the following families were found: Times New Roman
2024-06-26 14:25:06,106 - matplotlib.font_manager - WARNING - findfont: Generic family 'sans-serif' not found because none of the following families were found: Times New Roman
2024-06-26 14:25:06,107 - matplotlib.font_manager - WARNING - findfont: Generic family 'sans-serif' not found because none of the following families were found: Times New Roman
2024-06-26 14:25:06,108 - matplotlib.font_manager - WARNING - findfont: Generic family 'sans-serif' not found because none of the following families were found: Times New Roman
2024-06-26 14:25:06,109 - matplotlib.font_manager - WARNING - findfont: Generic family 'sans-serif' not found because none of the following families were found: Times New Roman
2024-06-26 14:25:06,109 - matplotlib.font_manager - WARNING - findfont: Generic family 'sans-serif' not found because none of the following families were found: Times New Roman
2024-06-26 14:25:06,114 - matplotlib.font_manager - WARNING - findfont: Generic family 'sans-serif' not found because none of the following families were found: Times New Roman
2024-06-26 14:25:06,115 - matplotlib.font_manager - WARNING - findfont: Generic family 'sans-serif' not found because none of the following families were found: Times New Roman
2024-06-26 14:25:06,115 - matplotlib.font_manager - WARNING - findfont: Generic family 'sans-serif' not found because none of the following families were found: Times New Roman
2024-06-26 14:25:06,116 - matplotlib.font_manager - WARNING - findfont: Generic family 'sans-serif' not found because none of the following families were found: Times New Roman
2024-06-26 14:25:06,116 - matplotlib.font_manager - WARNING - findfont: Generic family 'sans-serif' not found because none of the following families were found: Times New Roman
2024-06-26 14:25:06,117 - matplotlib.font_manager - WARNING - findfont: Generic family 'sans-serif' not found because none of the following families were found: Times New Roman
2024-06-26 14:25:06,117 - matplotlib.font_manager - WARNING - findfont: Generic family 'sans-serif' not found because none of the following families were found: Times New Roman
2024-06-26 14:25:06,118 - matplotlib.font_manager - WARNING - findfont: Generic family 'sans-serif' not found because none of the following families were found: Times New Roman
2024-06-26 14:25:06,119 - matplotlib.font_manager - WARNING - findfont: Generic family 'sans-serif' not found because none of the following families were found: Times New Roman
2024-06-26 14:25:06,120 - matplotlib.font_manager - WARNING - findfont: Generic family 'sans-serif' not found because none of the following families were found: Times New Roman
2024-06-26 14:25:06,121 - matplotlib.font_manager - WARNING - findfont: Generic family 'sans-serif' not found because none of the following families were found: Times New Roman
2024-06-26 14:25:06,121 - matplotlib.font_manager - WARNING - findfont: Generic family 'sans-serif' not found because none of the following families were found: Times New Roman
2024-06-26 14:25:06,122 - matplotlib.font_manager - WARNING - findfont: Generic family 'sans-serif' not found because none of the following families were found: Times New Roman
2024-06-26 14:25:06,123 - matplotlib.font_manager - WARNING - findfont: Generic family 'sans-serif' not found because none of the following families were found: Times New Roman
2024-06-26 14:25:06,124 - matplotlib.font_manager - WARNING - findfont: Generic family 'sans-serif' not found because none of the following families were found: Times New Roman
2024-06-26 14:25:06,124 - matplotlib.font_manager - WARNING - findfont: Generic family 'sans-serif' not found because none of the following families were found: Times New Roman
2024-06-26 14:25:06,129 - matplotlib.font_manager - WARNING - findfont: Generic family 'sans-serif' not found because none of the following families were found: Times New Roman
2024-06-26 14:25:06,131 - matplotlib.font_manager - WARNING - findfont: Generic family 'sans-serif' not found because none of the following families were found: Times New Roman
2024-06-26 14:25:06,134 - matplotlib.font_manager - WARNING - findfont: Generic family 'sans-serif' not found because none of the following families were found: Times New Roman
2024-06-26 14:25:06,134 - matplotlib.font_manager - WARNING - findfont: Generic family 'sans-serif' not found because none of the following families were found: Times New Roman
2024-06-26 14:25:06,135 - matplotlib.font_manager - WARNING - findfont: Generic family 'sans-serif' not found because none of the following families were found: Times New Roman
2024-06-26 14:25:06,135 - matplotlib.font_manager - WARNING - findfont: Generic family 'sans-serif' not found because none of the following families were found: Times New Roman
2024-06-26 14:25:06,136 - matplotlib.font_manager - WARNING - findfont: Generic family 'sans-serif' not found because none of the following families were found: Times New Roman
2024-06-26 14:25:06,136 - matplotlib.font_manager - WARNING - findfont: Generic family 'sans-serif' not found because none of the following families were found: Times New Roman
2024-06-26 14:25:06,136 - matplotlib.font_manager - WARNING - findfont: Generic family 'sans-serif' not found because none of the following families were found: Times New Roman
2024-06-26 14:25:06,137 - matplotlib.font_manager - WARNING - findfont: Generic family 'sans-serif' not found because none of the following families were found: Times New Roman
2024-06-26 14:25:06,137 - matplotlib.font_manager - WARNING - findfont: Generic family 'sans-serif' not found because none of the following families were found: Times New Roman
2024-06-26 14:25:06,138 - matplotlib.font_manager - WARNING - findfont: Generic family 'sans-serif' not found because none of the following families were found: Times New Roman
2024-06-26 14:25:06,138 - matplotlib.font_manager - WARNING - findfont: Generic family 'sans-serif' not found because none of the following families were found: Times New Roman
2024-06-26 14:25:06,138 - matplotlib.font_manager - WARNING - findfont: Generic family 'sans-serif' not found because none of the following families were found: Times New Roman
2024-06-26 14:25:06,139 - matplotlib.font_manager - WARNING - findfont: Generic family 'sans-serif' not found because none of the following families were found: Times New Roman
2024-06-26 14:25:06,139 - matplotlib.font_manager - WARNING - findfont: Generic family 'sans-serif' not found because none of the following families were found: Times New Roman
2024-06-26 14:25:06,140 - matplotlib.font_manager - WARNING - findfont: Generic family 'sans-serif' not found because none of the following families were found: Times New Roman
2024-06-26 14:25:06,140 - matplotlib.font_manager - WARNING - findfont: Generic family 'sans-serif' not found because none of the following families were found: Times New Roman
2024-06-26 14:25:06,140 - matplotlib.font_manager - WARNING - findfont: Generic family 'sans-serif' not found because none of the following families were found: Times New Roman
2024-06-26 14:25:06,141 - matplotlib.font_manager - WARNING - findfont: Generic family 'sans-serif' not found because none of the following families were found: Times New Roman
2024-06-26 14:25:06,141 - matplotlib.font_manager - WARNING - findfont: Generic family 'sans-serif' not found because none of the following families were found: Times New Roman
2024-06-26 14:25:06,141 - matplotlib.font_manager - WARNING - findfont: Generic family 'sans-serif' not found because none of the following families were found: Times New Roman
2024-06-26 14:25:06,142 - matplotlib.font_manager - WARNING - findfont: Generic family 'sans-serif' not found because none of the following families were found: Times New Roman
2024-06-26 14:25:06,142 - matplotlib.font_manager - WARNING - findfont: Generic family 'sans-serif' not found because none of the following families were found: Times New Roman
2024-06-26 14:25:06,145 - matplotlib.font_manager - WARNING - findfont: Generic family 'sans-serif' not found because none of the following families were found: Times New Roman
2024-06-26 14:25:06,146 - matplotlib.font_manager - WARNING - findfont: Generic family 'sans-serif' not found because none of the following families were found: Times New Roman
2024-06-26 14:25:06,147 - matplotlib.font_manager - WARNING - findfont: Generic family 'sans-serif' not found because none of the following families were found: Times New Roman
2024-06-26 14:25:06,148 - matplotlib.font_manager - WARNING - findfont: Generic family 'sans-serif' not found because none of the following families were found: Times New Roman
2024-06-26 14:25:06,149 - matplotlib.font_manager - WARNING - findfont: Generic family 'sans-serif' not found because none of the following families were found: Times New Roman
2024-06-26 14:25:06,149 - matplotlib.font_manager - WARNING - findfont: Generic family 'sans-serif' not found because none of the following families were found: Times New Roman
2024-06-26 14:25:06,150 - matplotlib.font_manager - WARNING - findfont: Generic family 'sans-serif' not found because none of the following families were found: Times New Roman
2024-06-26 14:25:06,151 - matplotlib.font_manager - WARNING - findfont: Generic family 'sans-serif' not found because none of the following families were found: Times New Roman
2024-06-26 14:25:06,152 - matplotlib.font_manager - WARNING - findfont: Generic family 'sans-serif' not found because none of the following families were found: Times New Roman
2024-06-26 14:25:06,153 - matplotlib.font_manager - WARNING - findfont: Generic family 'sans-serif' not found because none of the following families were found: Times New Roman
2024-06-26 14:25:06,231 - matplotlib.font_manager - WARNING - findfont: Generic family 'sans-serif' not found because none of the following families were found: Times New Roman
2024-06-26 14:25:06,232 - matplotlib.font_manager - WARNING - findfont: Generic family 'sans-serif' not found because none of the following families were found: Times New Roman
2024-06-26 14:25:06,233 - matplotlib.font_manager - WARNING - findfont: Generic family 'sans-serif' not found because none of the following families were found: Times New Roman
2024-06-26 14:25:06,233 - matplotlib.font_manager - WARNING - findfont: Generic family 'sans-serif' not found because none of the following families were found: Times New Roman
2024-06-26 14:25:06,234 - matplotlib.font_manager - WARNING - findfont: Generic family 'sans-serif' not found because none of the following families were found: Times New Roman
2024-06-26 14:25:06,234 - matplotlib.font_manager - WARNING - findfont: Generic family 'sans-serif' not found because none of the following families were found: Times New Roman
2024-06-26 14:25:06,241 - matplotlib.font_manager - WARNING - findfont: Generic family 'sans-serif' not found because none of the following families were found: Times New Roman
2024-06-26 14:25:06,242 - matplotlib.font_manager - WARNING - findfont: Generic family 'sans-serif' not found because none of the following families were found: Times New Roman
2024-06-26 14:25:06,242 - matplotlib.font_manager - WARNING - findfont: Generic family 'sans-serif' not found because none of the following families were found: Times New Roman
2024-06-26 14:25:06,242 - matplotlib.font_manager - WARNING - findfont: Generic family 'sans-serif' not found because none of the following families were found: Times New Roman
2024-06-26 14:25:06,243 - matplotlib.font_manager - WARNING - findfont: Generic family 'sans-serif' not found because none of the following families were found: Times New Roman
2024-06-26 14:25:06,244 - matplotlib.font_manager - WARNING - findfont: Generic family 'sans-serif' not found because none of the following families were found: Times New Roman
2024-06-26 14:25:06,244 - matplotlib.font_manager - WARNING - findfont: Generic family 'sans-serif' not found because none of the following families were found: Times New Roman
2024-06-26 14:25:06,244 - matplotlib.font_manager - WARNING - findfont: Generic family 'sans-serif' not found because none of the following families were found: Times New Roman
2024-06-26 14:25:06,253 - matplotlib.font_manager - WARNING - findfont: Generic family 'sans-serif' not found because none of the following families were found: Times New Roman
2024-06-26 14:25:06,255 - matplotlib.font_manager - WARNING - findfont: Generic family 'sans-serif' not found because none of the following families were found: Times New Roman
2024-06-26 14:25:06,255 - matplotlib.font_manager - WARNING - findfont: Generic family 'sans-serif' not found because none of the following families were found: Times New Roman
2024-06-26 14:25:06,256 - matplotlib.font_manager - WARNING - findfont: Generic family 'sans-serif' not found because none of the following families were found: Times New Roman
2024-06-26 14:25:06,256 - matplotlib.font_manager - WARNING - findfont: Generic family 'sans-serif' not found because none of the following families were found: Times New Roman
2024-06-26 14:25:06,257 - matplotlib.font_manager - WARNING - findfont: Generic family 'sans-serif' not found because none of the following families were found: Times New Roman
2024-06-26 14:25:06,257 - matplotlib.font_manager - WARNING - findfont: Generic family 'sans-serif' not found because none of the following families were found: Times New Roman
2024-06-26 14:25:06,258 - matplotlib.font_manager - WARNING - findfont: Generic family 'sans-serif' not found because none of the following families were found: Times New Roman
2024-06-26 14:25:06,258 - matplotlib.font_manager - WARNING - findfont: Generic family 'sans-serif' not found because none of the following families were found: Times New Roman
2024-06-26 14:25:06,259 - matplotlib.font_manager - WARNING - findfont: Generic family 'sans-serif' not found because none of the following families were found: Times New Roman
2024-06-26 14:25:06,259 - matplotlib.font_manager - WARNING - findfont: Generic family 'sans-serif' not found because none of the following families were found: Times New Roman
2024-06-26 14:25:06,259 - matplotlib.font_manager - WARNING - findfont: Generic family 'sans-serif' not found because none of the following families were found: Times New Roman
2024-06-26 14:25:06,260 - matplotlib.font_manager - WARNING - findfont: Generic family 'sans-serif' not found because none of the following families were found: Times New Roman
2024-06-26 14:25:06,261 - matplotlib.font_manager - WARNING - findfont: Generic family 'sans-serif' not found because none of the following families were found: Times New Roman
2024-06-26 14:25:06,263 - matplotlib.font_manager - WARNING - findfont: Generic family 'sans-serif' not found because none of the following families were found: Times New Roman
2024-06-26 14:25:06,263 - matplotlib.font_manager - WARNING - findfont: Generic family 'sans-serif' not found because none of the following families were found: Times New Roman
2024-06-26 14:25:06,265 - matplotlib.font_manager - WARNING - findfont: Generic family 'sans-serif' not found because none of the following families were found: Times New Roman
2024-06-26 14:25:06,266 - matplotlib.font_manager - WARNING - findfont: Generic family 'sans-serif' not found because none of the following families were found: Times New Roman
2024-06-26 14:25:06,266 - matplotlib.font_manager - WARNING - findfont: Generic family 'sans-serif' not found because none of the following families were found: Times New Roman
2024-06-26 14:25:06,267 - matplotlib.font_manager - WARNING - findfont: Generic family 'sans-serif' not found because none of the following families were found: Times New Roman
2024-06-26 14:25:06,267 - matplotlib.font_manager - WARNING - findfont: Generic family 'sans-serif' not found because none of the following families were found: Times New Roman
2024-06-26 14:25:06,269 - matplotlib.font_manager - WARNING - findfont: Generic family 'sans-serif' not found because none of the following families were found: Times New Roman
2024-06-26 14:25:06,288 - matplotlib.font_manager - WARNING - findfont: Generic family 'sans-serif' not found because none of the following families were found: Times New Roman
2024-06-26 14:25:06,289 - matplotlib.font_manager - WARNING - findfont: Generic family 'sans-serif' not found because none of the following families were found: Times New Roman
2024-06-26 14:25:06,298 - matplotlib.font_manager - WARNING - findfont: Generic family 'sans-serif' not found because none of the following families were found: Times New Roman
2024-06-26 14:25:06,299 - matplotlib.font_manager - WARNING - findfont: Generic family 'sans-serif' not found because none of the following families were found: Times New Roman
2024-06-26 14:25:06,318 - matplotlib.font_manager - WARNING - findfont: Generic family 'sans-serif' not found because none of the following families were found: Times New Roman
2024-06-26 14:25:06,319 - matplotlib.font_manager - WARNING - findfont: Generic family 'sans-serif' not found because none of the following families were found: Times New Roman
2024-06-26 14:25:06,341 - matplotlib.font_manager - WARNING - findfont: Generic family 'sans-serif' not found because none of the following families were found: Times New Roman
2024-06-26 14:25:06,342 - matplotlib.font_manager - WARNING - findfont: Generic family 'sans-serif' not found because none of the following families were found: Times New Roman
2024-06-26 14:25:06,343 - matplotlib.font_manager - WARNING - findfont: Generic family 'sans-serif' not found because none of the following families were found: Times New Roman
2024-06-26 14:25:06,343 - matplotlib.font_manager - WARNING - findfont: Generic family 'sans-serif' not found because none of the following families were found: Times New Roman
2024-06-26 14:25:06,344 - matplotlib.font_manager - WARNING - findfont: Generic family 'sans-serif' not found because none of the following families were found: Times New Roman
2024-06-26 14:25:06,344 - matplotlib.font_manager - WARNING - findfont: Generic family 'sans-serif' not found because none of the following families were found: Times New Roman
2024-06-26 14:25:06,346 - matplotlib.font_manager - WARNING - findfont: Generic family 'sans-serif' not found because none of the following families were found: Times New Roman
2024-06-26 14:25:06,347 - matplotlib.font_manager - WARNING - findfont: Generic family 'sans-serif' not found because none of the following families were found: Times New Roman
2024-06-26 14:25:06,348 - matplotlib.font_manager - WARNING - findfont: Generic family 'sans-serif' not found because none of the following families were found: Times New Roman
2024-06-26 14:25:06,349 - matplotlib.font_manager - WARNING - findfont: Generic family 'sans-serif' not found because none of the following families were found: Times New Roman
2024-06-26 14:25:06,350 - matplotlib.font_manager - WARNING - findfont: Generic family 'sans-serif' not found because none of the following families were found: Times New Roman
2024-06-26 14:25:06,355 - matplotlib.font_manager - WARNING - findfont: Generic family 'sans-serif' not found because none of the following families were found: Times New Roman
2024-06-26 14:25:06,356 - matplotlib.font_manager - WARNING - findfont: Generic family 'sans-serif' not found because none of the following families were found: Times New Roman
2024-06-26 14:25:06,356 - matplotlib.font_manager - WARNING - findfont: Generic family 'sans-serif' not found because none of the following families were found: Times New Roman
2024-06-26 14:25:06,357 - matplotlib.font_manager - WARNING - findfont: Generic family 'sans-serif' not found because none of the following families were found: Times New Roman
2024-06-26 14:25:06,357 - matplotlib.font_manager - WARNING - findfont: Generic family 'sans-serif' not found because none of the following families were found: Times New Roman
2024-06-26 14:25:06,357 - matplotlib.font_manager - WARNING - findfont: Generic family 'sans-serif' not found because none of the following families were found: Times New Roman
2024-06-26 14:25:06,358 - matplotlib.font_manager - WARNING - findfont: Generic family 'sans-serif' not found because none of the following families were found: Times New Roman
2024-06-26 14:25:06,358 - matplotlib.font_manager - WARNING - findfont: Generic family 'sans-serif' not found because none of the following families were found: Times New Roman
2024-06-26 14:25:06,360 - matplotlib.font_manager - WARNING - findfont: Generic family 'sans-serif' not found because none of the following families were found: Times New Roman
2024-06-26 14:25:06,361 - matplotlib.font_manager - WARNING - findfont: Generic family 'sans-serif' not found because none of the following families were found: Times New Roman
2024-06-26 14:25:06,361 - matplotlib.font_manager - WARNING - findfont: Generic family 'sans-serif' not found because none of the following families were found: Times New Roman
2024-06-26 14:25:06,362 - matplotlib.font_manager - WARNING - findfont: Generic family 'sans-serif' not found because none of the following families were found: Times New Roman
2024-06-26 14:25:06,363 - matplotlib.font_manager - WARNING - findfont: Generic family 'sans-serif' not found because none of the following families were found: Times New Roman
2024-06-26 14:25:06,364 - matplotlib.font_manager - WARNING - findfont: Generic family 'sans-serif' not found because none of the following families were found: Times New Roman
2024-06-26 14:25:06,365 - matplotlib.font_manager - WARNING - findfont: Generic family 'sans-serif' not found because none of the following families were found: Times New Roman
2024-06-26 14:25:06,366 - matplotlib.font_manager - WARNING - findfont: Generic family 'sans-serif' not found because none of the following families were found: Times New Roman
2024-06-26 14:25:06,373 - matplotlib.font_manager - WARNING - findfont: Generic family 'sans-serif' not found because none of the following families were found: Times New Roman
2024-06-26 14:25:06,374 - matplotlib.font_manager - WARNING - findfont: Generic family 'sans-serif' not found because none of the following families were found: Times New Roman
2024-06-26 14:25:06,378 - matplotlib.font_manager - WARNING - findfont: Generic family 'sans-serif' not found because none of the following families were found: Times New Roman
2024-06-26 14:25:06,378 - matplotlib.font_manager - WARNING - findfont: Generic family 'sans-serif' not found because none of the following families were found: Times New Roman
2024-06-26 14:25:06,379 - matplotlib.font_manager - WARNING - findfont: Generic family 'sans-serif' not found because none of the following families were found: Times New Roman
2024-06-26 14:25:06,379 - matplotlib.font_manager - WARNING - findfont: Generic family 'sans-serif' not found because none of the following families were found: Times New Roman
2024-06-26 14:25:06,380 - matplotlib.font_manager - WARNING - findfont: Generic family 'sans-serif' not found because none of the following families were found: Times New Roman
2024-06-26 14:25:06,380 - matplotlib.font_manager - WARNING - findfont: Generic family 'sans-serif' not found because none of the following families were found: Times New Roman
2024-06-26 14:25:06,381 - matplotlib.font_manager - WARNING - findfont: Generic family 'sans-serif' not found because none of the following families were found: Times New Roman
2024-06-26 14:25:06,381 - matplotlib.font_manager - WARNING - findfont: Generic family 'sans-serif' not found because none of the following families were found: Times New Roman
2024-06-26 14:25:06,381 - matplotlib.font_manager - WARNING - findfont: Generic family 'sans-serif' not found because none of the following families were found: Times New Roman
2024-06-26 14:25:06,382 - matplotlib.font_manager - WARNING - findfont: Generic family 'sans-serif' not found because none of the following families were found: Times New Roman
2024-06-26 14:25:06,382 - matplotlib.font_manager - WARNING - findfont: Generic family 'sans-serif' not found because none of the following families were found: Times New Roman
2024-06-26 14:25:06,382 - matplotlib.font_manager - WARNING - findfont: Generic family 'sans-serif' not found because none of the following families were found: Times New Roman
2024-06-26 14:25:06,383 - matplotlib.font_manager - WARNING - findfont: Generic family 'sans-serif' not found because none of the following families were found: Times New Roman
2024-06-26 14:25:06,383 - matplotlib.font_manager - WARNING - findfont: Generic family 'sans-serif' not found because none of the following families were found: Times New Roman
2024-06-26 14:25:06,383 - matplotlib.font_manager - WARNING - findfont: Generic family 'sans-serif' not found because none of the following families were found: Times New Roman
2024-06-26 14:25:06,384 - matplotlib.font_manager - WARNING - findfont: Generic family 'sans-serif' not found because none of the following families were found: Times New Roman
2024-06-26 14:25:06,384 - matplotlib.font_manager - WARNING - findfont: Generic family 'sans-serif' not found because none of the following families were found: Times New Roman
2024-06-26 14:25:06,385 - matplotlib.font_manager - WARNING - findfont: Generic family 'sans-serif' not found because none of the following families were found: Times New Roman
2024-06-26 14:25:06,385 - matplotlib.font_manager - WARNING - findfont: Generic family 'sans-serif' not found because none of the following families were found: Times New Roman
2024-06-26 14:25:06,385 - matplotlib.font_manager - WARNING - findfont: Generic family 'sans-serif' not found because none of the following families were found: Times New Roman
2024-06-26 14:25:06,386 - matplotlib.font_manager - WARNING - findfont: Generic family 'sans-serif' not found because none of the following families were found: Times New Roman
2024-06-26 14:25:06,387 - matplotlib.font_manager - WARNING - findfont: Generic family 'sans-serif' not found because none of the following families were found: Times New Roman
2024-06-26 14:25:06,387 - matplotlib.font_manager - WARNING - findfont: Generic family 'sans-serif' not found because none of the following families were found: Times New Roman
2024-06-26 14:25:06,390 - matplotlib.font_manager - WARNING - findfont: Generic family 'sans-serif' not found because none of the following families were found: Times New Roman
2024-06-26 14:25:06,390 - matplotlib.font_manager - WARNING - findfont: Generic family 'sans-serif' not found because none of the following families were found: Times New Roman
2024-06-26 14:25:06,392 - matplotlib.font_manager - WARNING - findfont: Generic family 'sans-serif' not found because none of the following families were found: Times New Roman
2024-06-26 14:25:06,393 - matplotlib.font_manager - WARNING - findfont: Generic family 'sans-serif' not found because none of the following families were found: Times New Roman
2024-06-26 14:25:06,393 - matplotlib.font_manager - WARNING - findfont: Generic family 'sans-serif' not found because none of the following families were found: Times New Roman
2024-06-26 14:25:06,394 - matplotlib.font_manager - WARNING - findfont: Generic family 'sans-serif' not found because none of the following families were found: Times New Roman
2024-06-26 14:25:06,394 - matplotlib.font_manager - WARNING - findfont: Generic family 'sans-serif' not found because none of the following families were found: Times New Roman
2024-06-26 14:25:06,396 - matplotlib.font_manager - WARNING - findfont: Generic family 'sans-serif' not found because none of the following families were found: Times New Roman
2024-06-26 14:25:06,397 - matplotlib.font_manager - WARNING - findfont: Generic family 'sans-serif' not found because none of the following families were found: Times New Roman
2024-06-26 14:25:06,398 - matplotlib.font_manager - WARNING - findfont: Generic family 'sans-serif' not found because none of the following families were found: Times New Roman
2024-06-26 14:25:06,472 - matplotlib.font_manager - WARNING - findfont: Generic family 'sans-serif' not found because none of the following families were found: Times New Roman
2024-06-26 14:25:06,473 - matplotlib.font_manager - WARNING - findfont: Generic family 'sans-serif' not found because none of the following families were found: Times New Roman
2024-06-26 14:25:06,474 - matplotlib.font_manager - WARNING - findfont: Generic family 'sans-serif' not found because none of the following families were found: Times New Roman
2024-06-26 14:25:06,475 - matplotlib.font_manager - WARNING - findfont: Generic family 'sans-serif' not found because none of the following families were found: Times New Roman
2024-06-26 14:25:06,475 - matplotlib.font_manager - WARNING - findfont: Generic family 'sans-serif' not found because none of the following families were found: Times New Roman
2024-06-26 14:25:06,476 - matplotlib.font_manager - WARNING - findfont: Generic family 'sans-serif' not found because none of the following families were found: Times New Roman
2024-06-26 14:25:06,477 - matplotlib.font_manager - WARNING - findfont: Generic family 'sans-serif' not found because none of the following families were found: Times New Roman
2024-06-26 14:25:06,478 - matplotlib.font_manager - WARNING - findfont: Generic family 'sans-serif' not found because none of the following families were found: Times New Roman
2024-06-26 14:25:06,479 - matplotlib.font_manager - WARNING - findfont: Generic family 'sans-serif' not found because none of the following families were found: Times New Roman
2024-06-26 14:25:06,480 - matplotlib.font_manager - WARNING - findfont: Generic family 'sans-serif' not found because none of the following families were found: Times New Roman
2024-06-26 14:25:06,481 - matplotlib.font_manager - WARNING - findfont: Generic family 'sans-serif' not found because none of the following families were found: Times New Roman
2024-06-26 14:25:06,485 - matplotlib.font_manager - WARNING - findfont: Generic family 'sans-serif' not found because none of the following families were found: Times New Roman
2024-06-26 14:25:06,486 - matplotlib.font_manager - WARNING - findfont: Generic family 'sans-serif' not found because none of the following families were found: Times New Roman
2024-06-26 14:25:06,486 - matplotlib.font_manager - WARNING - findfont: Generic family 'sans-serif' not found because none of the following families were found: Times New Roman
2024-06-26 14:25:06,486 - matplotlib.font_manager - WARNING - findfont: Generic family 'sans-serif' not found because none of the following families were found: Times New Roman
2024-06-26 14:25:06,487 - matplotlib.font_manager - WARNING - findfont: Generic family 'sans-serif' not found because none of the following families were found: Times New Roman
2024-06-26 14:25:06,487 - matplotlib.font_manager - WARNING - findfont: Generic family 'sans-serif' not found because none of the following families were found: Times New Roman
2024-06-26 14:25:06,487 - matplotlib.font_manager - WARNING - findfont: Generic family 'sans-serif' not found because none of the following families were found: Times New Roman
2024-06-26 14:25:06,488 - matplotlib.font_manager - WARNING - findfont: Generic family 'sans-serif' not found because none of the following families were found: Times New Roman
2024-06-26 14:25:06,489 - matplotlib.font_manager - WARNING - findfont: Generic family 'sans-serif' not found because none of the following families were found: Times New Roman
2024-06-26 14:25:06,500 - matplotlib.font_manager - WARNING - findfont: Generic family 'sans-serif' not found because none of the following families were found: Times New Roman
2024-06-26 14:25:06,503 - matplotlib.font_manager - WARNING - findfont: Generic family 'sans-serif' not found because none of the following families were found: Times New Roman
2024-06-26 14:25:06,505 - matplotlib.font_manager - WARNING - findfont: Generic family 'sans-serif' not found because none of the following families were found: Times New Roman
2024-06-26 14:25:06,506 - matplotlib.font_manager - WARNING - findfont: Generic family 'sans-serif' not found because none of the following families were found: Times New Roman
2024-06-26 14:25:06,507 - matplotlib.font_manager - WARNING - findfont: Generic family 'sans-serif' not found because none of the following families were found: Times New Roman
2024-06-26 14:25:06,508 - matplotlib.font_manager - WARNING - findfont: Generic family 'sans-serif' not found because none of the following families were found: Times New Roman
2024-06-26 14:25:06,508 - matplotlib.font_manager - WARNING - findfont: Generic family 'sans-serif' not found because none of the following families were found: Times New Roman
2024-06-26 14:25:06,514 - matplotlib.font_manager - WARNING - findfont: Generic family 'sans-serif' not found because none of the following families were found: Times New Roman
2024-06-26 14:25:06,516 - matplotlib.font_manager - WARNING - findfont: Generic family 'sans-serif' not found because none of the following families were found: Times New Roman
2024-06-26 14:25:06,519 - matplotlib.font_manager - WARNING - findfont: Generic family 'sans-serif' not found because none of the following families were found: Times New Roman
2024-06-26 14:25:06,520 - matplotlib.font_manager - WARNING - findfont: Generic family 'sans-serif' not found because none of the following families were found: Times New Roman
2024-06-26 14:25:06,520 - matplotlib.font_manager - WARNING - findfont: Generic family 'sans-serif' not found because none of the following families were found: Times New Roman
2024-06-26 14:25:06,521 - matplotlib.font_manager - WARNING - findfont: Generic family 'sans-serif' not found because none of the following families were found: Times New Roman
2024-06-26 14:25:06,521 - matplotlib.font_manager - WARNING - findfont: Generic family 'sans-serif' not found because none of the following families were found: Times New Roman
2024-06-26 14:25:06,521 - matplotlib.font_manager - WARNING - findfont: Generic family 'sans-serif' not found because none of the following families were found: Times New Roman
2024-06-26 14:25:06,522 - matplotlib.font_manager - WARNING - findfont: Generic family 'sans-serif' not found because none of the following families were found: Times New Roman
2024-06-26 14:25:06,522 - matplotlib.font_manager - WARNING - findfont: Generic family 'sans-serif' not found because none of the following families were found: Times New Roman
2024-06-26 14:25:06,522 - matplotlib.font_manager - WARNING - findfont: Generic family 'sans-serif' not found because none of the following families were found: Times New Roman
2024-06-26 14:25:06,523 - matplotlib.font_manager - WARNING - findfont: Generic family 'sans-serif' not found because none of the following families were found: Times New Roman
2024-06-26 14:25:06,523 - matplotlib.font_manager - WARNING - findfont: Generic family 'sans-serif' not found because none of the following families were found: Times New Roman
2024-06-26 14:25:06,523 - matplotlib.font_manager - WARNING - findfont: Generic family 'sans-serif' not found because none of the following families were found: Times New Roman
2024-06-26 14:25:06,524 - matplotlib.font_manager - WARNING - findfont: Generic family 'sans-serif' not found because none of the following families were found: Times New Roman
2024-06-26 14:25:06,524 - matplotlib.font_manager - WARNING - findfont: Generic family 'sans-serif' not found because none of the following families were found: Times New Roman
2024-06-26 14:25:06,525 - matplotlib.font_manager - WARNING - findfont: Generic family 'sans-serif' not found because none of the following families were found: Times New Roman
2024-06-26 14:25:06,525 - matplotlib.font_manager - WARNING - findfont: Generic family 'sans-serif' not found because none of the following families were found: Times New Roman
2024-06-26 14:25:06,525 - matplotlib.font_manager - WARNING - findfont: Generic family 'sans-serif' not found because none of the following families were found: Times New Roman
2024-06-26 14:25:06,526 - matplotlib.font_manager - WARNING - findfont: Generic family 'sans-serif' not found because none of the following families were found: Times New Roman
2024-06-26 14:25:06,526 - matplotlib.font_manager - WARNING - findfont: Generic family 'sans-serif' not found because none of the following families were found: Times New Roman
2024-06-26 14:25:06,526 - matplotlib.font_manager - WARNING - findfont: Generic family 'sans-serif' not found because none of the following families were found: Times New Roman
2024-06-26 14:25:06,527 - matplotlib.font_manager - WARNING - findfont: Generic family 'sans-serif' not found because none of the following families were found: Times New Roman
2024-06-26 14:25:06,528 - matplotlib.font_manager - WARNING - findfont: Generic family 'sans-serif' not found because none of the following families were found: Times New Roman
2024-06-26 14:25:06,528 - matplotlib.font_manager - WARNING - findfont: Generic family 'sans-serif' not found because none of the following families were found: Times New Roman
2024-06-26 14:25:06,530 - matplotlib.font_manager - WARNING - findfont: Generic family 'sans-serif' not found because none of the following families were found: Times New Roman
2024-06-26 14:25:06,531 - matplotlib.font_manager - WARNING - findfont: Generic family 'sans-serif' not found because none of the following families were found: Times New Roman
2024-06-26 14:25:06,532 - matplotlib.font_manager - WARNING - findfont: Generic family 'sans-serif' not found because none of the following families were found: Times New Roman
2024-06-26 14:25:06,533 - matplotlib.font_manager - WARNING - findfont: Generic family 'sans-serif' not found because none of the following families were found: Times New Roman
2024-06-26 14:25:06,534 - matplotlib.font_manager - WARNING - findfont: Generic family 'sans-serif' not found because none of the following families were found: Times New Roman
2024-06-26 14:25:06,534 - matplotlib.font_manager - WARNING - findfont: Generic family 'sans-serif' not found because none of the following families were found: Times New Roman
2024-06-26 14:25:06,535 - matplotlib.font_manager - WARNING - findfont: Generic family 'sans-serif' not found because none of the following families were found: Times New Roman
2024-06-26 14:25:06,536 - matplotlib.font_manager - WARNING - findfont: Generic family 'sans-serif' not found because none of the following families were found: Times New Roman
2024-06-26 14:25:06,537 - matplotlib.font_manager - WARNING - findfont: Generic family 'sans-serif' not found because none of the following families were found: Times New Roman
2024-06-26 14:25:06,538 - matplotlib.font_manager - WARNING - findfont: Generic family 'sans-serif' not found because none of the following families were found: Times New Roman
2024-06-26 14:25:06,552 - root - INFO - remove_subway_list: ['轨道交通1号线', '轨道交通2号线', '轨道交通3号线']
2024-06-26 14:27:41,131 - root - INFO - count, count_true: 104352, 8080
2024-06-26 14:28:10,712 - root - INFO - count, count_true: 102335, 0
2024-06-26 14:28:52,407 - root - INFO - count, count_true: 104352, 20168
2024-06-26 14:29:22,245 - root - INFO - count, count_true: 102937, 5599
2024-06-26 14:29:58,400 - root - INFO - count, count_true: 104352, 9963
2024-06-26 14:30:00,024 - root - INFO - count, count_true: 103756, 5607
2024-06-26 14:30:11,429 - root - INFO - count, count_true: 104352, 20168
2024-06-26 14:30:29,718 - root - INFO - count, count_true: 101608, 0
2024-06-26 14:34:20,718 - root - INFO - count, count_true: 104352, 9963
2024-06-26 14:37:56,030 - root - INFO - count, count_true: 103756, 8067
2024-06-26 14:45:04,569 - root - INFO - count, count_true: 103756, 4456
2024-06-26 14:45:18,555 - root - INFO - count, count_true: 104352, 6917
2024-06-26 14:45:54,393 - root - INFO - count, count_true: 104352, 8425
2024-06-26 14:46:05,906 - root - INFO - count, count_true: 104352, 18122
2024-06-26 14:46:42,179 - root - INFO - count, count_true: 102937, 4457
2024-06-26 14:47:11,385 - root - INFO - count, count_true: 102335, 4119
2024-06-26 14:47:18,687 - root - INFO - count, count_true: 101608, 286
2024-06-26 14:47:47,451 - root - INFO - count, count_true: 104352, 18122
2024-06-26 14:51:21,585 - root - INFO - count, count_true: 103756, 6898
2024-06-26 14:51:55,063 - root - INFO - count, count_true: 104352, 8425
2024-06-26 14:59:13,289 - root - INFO - count, count_true: 102937, 11556
2024-06-26 14:59:19,992 - root - INFO - count, count_true: 104352, 12479
2024-06-26 14:59:31,371 - root - INFO - count, count_true: 104352, 14282
2024-06-26 14:59:31,703 - root - INFO - count, count_true: 102335, 4119
2024-06-26 14:59:48,085 - root - INFO - count, count_true: 103756, 11580
2024-06-26 14:59:59,397 - root - INFO - count, count_true: 101608, 286
2024-06-26 15:01:49,897 - root - INFO - count, count_true: 104352, 23658
2024-06-26 15:02:12,687 - root - INFO - count, count_true: 104352, 23658
2024-06-26 15:05:08,545 - root - INFO - count, count_true: 104352, 14282
2024-06-26 15:05:45,895 - root - INFO - count, count_true: 103756, 12448
2024-06-26 15:08:39,389 - root - INFO - line 轨道交通1号线
2024-06-26 15:08:39,406 - root - INFO - year2construction{2010: {}, 2011: {}, 2012: {}, 2013: {}, 2014: {}, 2015: {}, 2016: {6: 731292.3809, 12: 1166207.5671}, 2017: {}, 2018: {}, 2019: {}, 2020: {}, 2021: {}, 2022: {}, 2023: {}}
2024-06-26 15:08:39,407 - root - INFO - total_construction1897499.948
2024-06-26 15:08:39,411 - root - INFO - year2ope{2010: {}, 2011: {}, 2012: {}, 2013: {}, 2014: {}, 2015: {}, 2016: {6: 26    102.087473
Name: per_mileage_carbon (tCO2/km), dtype: float64, 12: 26    322.099674
Name: per_mileage_carbon (tCO2/km), dtype: float64}, 2017: {}, 2018: {}, 2019: {}, 2020: {}, 2021: {}, 2022: {}, 2023: {}}
2024-06-26 15:08:39,412 - root - INFO - carbon_save_list{2010: {}, 2011: {}, 2012: {}, 2013: {}, 2014: {}, 2015: {}, 2016: {'(7, 8, 9, 10, 11, 12)': 3.1933804320251404}, 2017: {'(1, 2, 3, 4, 5, 6, 7, 8, 9, 10, 11, 12)': 178.8038032090381}, 2018: {'(1, 2, 3, 4, 5, 6, 7, 8, 9, 10, 11, 12)': 216.94568235283967}, 2019: {'(1, 2, 3, 4, 5, 6)': 218.11062381061097, '(7, 8, 9, 10, 11, 12)': 219.856113704182}, 2020: {'(1, 2, 3, 4, 5, 6, 7, 8, 9, 10, 11)': 220.57800745636035, '(12,)': 222.39471161053973}, 2021: {'(1, 2, 3, 4, 5, 6, 7, 8, 9, 10, 11, 12)': 222.39471161053973}, 2022: {'(1, 2, 3, 4, 5, 6, 7, 8, 9, 10, 11, 12)': 218.8439397910958}, 2023: {'(1, 2, 3, 4, 5, 6, 7, 8, 9, 10, 11, 12)': 218.8439397910958}}
