2024-07-03 16:02:14,624 - root - INFO - City: Chongqing
2024-07-03 16:02:14,625 - root - INFO - Parking fee: 20
2024-07-03 16:03:00,380 - root - INFO - Year: 2019, Month: 6
2024-07-03 16:04:44,027 - root - INFO - count, count_true: 100781, 232
2024-07-03 16:04:44,028 - root - INFO - len args: 100784, missing rate: 2.97666296237498e-05
2024-07-03 16:04:44,908 - root - INFO - count, count_true: 100020, 234
2024-07-03 16:04:44,908 - root - INFO - len args: 100021, missing rate: 9.99790044090741e-06
2024-07-03 16:04:45,307 - root - INFO - count, count_true: 97792, 14106
2024-07-03 16:04:45,308 - root - INFO - len args: 97795, missing rate: 3.067641494963955e-05
2024-07-03 16:04:45,476 - root - INFO - count, count_true: 97990, 2862
2024-07-03 16:04:45,477 - root - INFO - len args: 97992, missing rate: 2.0409829373826436e-05
2024-07-03 16:04:47,120 - root - INFO - count, count_true: 96264, 20394
2024-07-03 16:04:47,120 - root - INFO - len args: 96266, missing rate: 2.0775767145201835e-05
2024-07-03 16:06:15,404 - root - INFO - count, count_true: 100020, 450
2024-07-03 16:06:15,404 - root - INFO - len args: 100021, missing rate: 9.99790044090741e-06
2024-07-03 16:06:17,223 - root - INFO - count, count_true: 94891, 27871
2024-07-03 16:06:17,223 - root - INFO - len args: 94895, missing rate: 4.215185204699932e-05
2024-07-03 16:06:17,588 - root - INFO - count, count_true: 97792, 14408
2024-07-03 16:06:17,588 - root - INFO - len args: 97795, missing rate: 3.067641494963955e-05
2024-07-03 16:06:18,426 - root - INFO - count, count_true: 97990, 3609
2024-07-03 16:06:18,426 - root - INFO - len args: 97992, missing rate: 2.0409829373826436e-05
2024-07-03 16:06:21,714 - root - INFO - count, count_true: 94739, 27644
2024-07-03 16:06:21,714 - root - INFO - len args: 94741, missing rate: 2.1110184608564403e-05
2024-07-03 16:07:48,434 - root - INFO - count, count_true: 100020, 610
2024-07-03 16:07:48,434 - root - INFO - len args: 100021, missing rate: 9.99790044090741e-06
2024-07-03 16:07:49,642 - root - INFO - count, count_true: 94068, 28898
2024-07-03 16:07:49,642 - root - INFO - len args: 94070, missing rate: 2.1260763261401083e-05
2024-07-03 16:07:51,168 - root - INFO - count, count_true: 92062, 39649
2024-07-03 16:07:51,168 - root - INFO - len args: 92064, missing rate: 2.172401807438304e-05
2024-07-03 16:07:51,402 - root - INFO - count, count_true: 93078, 31564
2024-07-03 16:07:51,402 - root - INFO - len args: 93080, missing rate: 2.1486892995272882e-05
2024-07-03 16:07:59,216 - root - INFO - count, count_true: 91276, 41778
2024-07-03 16:07:59,216 - root - INFO - len args: 91278, missing rate: 2.191108481780933e-05
2024-07-03 16:09:18,210 - root - INFO - count, count_true: 100020, 952
2024-07-03 16:09:18,210 - root - INFO - len args: 100021, missing rate: 9.99790044090741e-06
2024-07-03 16:09:18,529 - root - INFO - count, count_true: 91276, 43957
2024-07-03 16:09:18,530 - root - INFO - len args: 91278, missing rate: 2.191108481780933e-05
2024-07-03 16:09:20,803 - root - INFO - count, count_true: 91276, 48485
2024-07-03 16:09:20,804 - root - INFO - len args: 91278, missing rate: 2.191108481780933e-05
2024-07-03 16:09:21,672 - root - INFO - count, count_true: 91276, 55461
2024-07-03 16:09:21,673 - root - INFO - len args: 91278, missing rate: 2.191108481780933e-05
2024-07-03 16:10:46,041 - root - INFO - count, count_true: 91276, 48485
2024-07-03 16:10:46,042 - root - INFO - len args: 91278, missing rate: 2.191108481780933e-05
2024-07-03 16:10:48,335 - root - INFO - count, count_true: 91276, 50834
2024-07-03 16:10:48,335 - root - INFO - len args: 91278, missing rate: 2.191108481780933e-05
2024-07-03 16:10:49,726 - root - INFO - count, count_true: 91276, 57402
2024-07-03 16:10:49,726 - root - INFO - len args: 91278, missing rate: 2.191108481780933e-05
2024-07-03 16:12:15,014 - root - INFO - count, count_true: 91276, 53902
2024-07-03 16:12:15,015 - root - INFO - len args: 91278, missing rate: 2.191108481780933e-05
2024-07-03 16:12:18,223 - root - INFO - count, count_true: 91276, 57586
2024-07-03 16:12:18,224 - root - INFO - len args: 91278, missing rate: 2.191108481780933e-05
2024-07-03 16:13:41,357 - root - INFO - count, count_true: 91276, 55461
2024-07-03 16:13:41,359 - root - INFO - len args: 91278, missing rate: 2.191108481780933e-05
2024-07-03 16:13:44,314 - root - INFO - count, count_true: 91276, 61562
2024-07-03 16:13:44,314 - root - INFO - len args: 91278, missing rate: 2.191108481780933e-05
2024-07-03 16:14:59,681 - root - INFO - Factual data collection finished, {2010: {'(1, 2, 3, 4, 5, 6, 7, 8, 9, 10, 11, 12)': {'traffic_num': [119966.79657145064, 1452088.8945516169, 7273886.271800575, 3559696.705044094], 'traffic_ratio': [0.009670344250894044, 0.11705071648596506, 0.5863371057696755, 0.28694183349346536], 'carbon': 15607636799.710068, 'subway_distribution': {'轨道交通2号线(较场口--鱼洞)': 29152.020505253873, '轨道交通2号线(鱼洞--较场口)': 90814.77606619685}, 'fuel_car_distance': 62449582715.715645, 'elec_car_distance': 103874195018.33559, 'subway_mileage': 633405928.5694145}}, 2011: {'(1, 2, 3, 4, 5, 6, 7)': {'traffic_num': [119344.349803296, 1438827.2709059834, 7205340.516709509, 3534124.2941827443], 'traffic_ratio': [0.00970465751423696, 0.1170003096862251, 0.5859126309990571, 0.28738240180048097], 'carbon': 15434230882.942198, 'subway_distribution': {'轨道交通2号线(较场口--鱼洞)': 29245.335599335507, '轨道交通2号线(鱼洞--较场口)': 90099.01420396063}, 'fuel_car_distance': 61823759050.34592, 'elec_car_distance': 102561108605.38144, 'subway_mileage': 629663571.30341}, '(8, 9)': {'traffic_num': [289921.674498188, 1403652.4903112743, 7133226.109089812, 3470836.157702272], 'traffic_ratio': [0.02357539809464272, 0.11414002179347839, 0.5800485441868635, 0.28223603592501534], 'carbon': 15329031838.201483, 'subway_distribution': {'轨道交通1号线(璧山--朝天门)': 166400.08814481896, '轨道交通2号线(较场口--鱼洞)': 58437.82840660233, '轨道交通2号线(鱼洞--较场口)': 118235.52503448473, '轨道交通1号线(朝天门--璧山)': 7983.499771707073}, 'fuel_car_distance': 61349012340.28847, 'elec_car_distance': 101986808710.55643, 'subway_mileage': 1959718694.0908759}, '(10,)': {'traffic_num': [473425.2007632197, 1355294.2142417037, 7047091.874711445, 3421825.1418851465], 'traffic_ratio': [0.03849725135365428, 0.11020769899807523, 0.5730444149903776, 0.27825063465789285], 'carbon': 15197633327.878653, 'subway_distribution': {'轨道交通1号线(璧山--朝天门)': 203077.90948177522, '轨道交通2号线(较场口--鱼洞)': 69140.80894932697, '轨道交通3号线(鱼洞--江北机场T2航站楼)': 113020.44253177919, '轨道交通2号线(鱼洞--较场口)': 157684.12001639977, '轨道交通3号线(江北机场T2航站楼--鱼洞)': 90594.68822594831, '轨道交通1号线(朝天门--璧山)': 16960.984658086247}, 'fuel_car_distance': 60750593474.799805, 'elec_car_distance': 101282195600.55826, 'subway_mileage': 3517757048.874685}, '(11, 12)': {'traffic_num': [484635.88009642187, 1353603.4582813615, 7038124.560564242, 3421272.5326594734], 'traffic_ratio': [0.03940886387330843, 0.11007021274453828, 0.5723152249385275, 0.27820569844362586], 'carbon': 15176375371.579529, 'subway_distribution': {'轨道交通1号线(璧山--朝天门)': 202149.32892123124, '轨道交通2号线(较场口--鱼洞)': 68634.4848407397, '轨道交通3号线(鱼洞--江北机场T2航站楼)': 124868.4634671226, '轨道交通2号线(鱼洞--较场口)': 157909.66549860657, '轨道交通3号线(江北机场T2航站楼--鱼洞)': 93253.53208377495, '轨道交通1号线(朝天门--璧山)': 17197.641197765457}, 'fuel_car_distance': 60669243037.71118, 'elec_car_distance': 101132048910.43645, 'subway_mileage': 3722527291.657462}}, 2012: {'(1, 2, 3, 4, 5, 6, 7, 8, 9)': {'traffic_num': [717568.5851448235, 1302434.6146338368, 6858527.884254574, 3341924.626080306], 'traffic_ratio': [0.058718643736908285, 0.10657823615824355, 0.5612333980784789, 0.27346972202636916], 'carbon': 14890797282.762379, 'subway_distribution': {'轨道交通1号线(璧山--朝天门)': 253824.6115789549, '轨道交通2号线(较场口--鱼洞)': 81537.45550845916, '轨道交通3号线(鱼洞--江北机场T2航站楼)': 174616.20585793076, '轨道交通3号线(江北机场T2航站楼--鱼洞)': 256695.07945725264, '轨道交通2号线(鱼洞--较场口)': 193799.6304015408, '轨道交通1号线(朝天门--璧山)': 22945.523221540574}, 'fuel_car_distance': 59404504430.30634, 'elec_car_distance': 99516845757.35999, 'subway_mileage': 5962718274.226077}, '(10, 11, 12)': {'traffic_num': [844188.3514757787, 1281508.246728339, 6799530.0088895, 3295229.1030199244], 'traffic_ratio': [0.06907994034765298, 0.10486583128547113, 0.5564056014099595, 0.2696486269569163], 'carbon': 14802542795.540445, 'subway_distribution': {'轨道交通1号线(璧山--朝天门)': 252861.08777616438, '轨道交通2号线(较场口--鱼洞)': 92792.01555173942, '轨道交通3号线(鱼洞--江北机场T2航站楼)': 192638.9204391175, '轨道交通3号线(江北机场T2航站楼--鱼洞)': 307937.67373388197, '轨道交通2号线(鱼洞--较场口)': 193232.1306830641, '轨道交通6号线(北碚--茶园)': 127739.74894391515, '轨道交通6号线(茶园--北碚)': 23549.573345530254, '轨道交通1号线(朝天门--璧山)': 25375.253126927862}, 'fuel_car_distance': 58989059762.324554, 'elec_car_distance': 99075183305.12378, 'subway_mileage': 6995319829.032321}}, 2013: {'(1, 2, 3, 4, 5)': {'traffic_num': [1197137.393795289, 1227861.326736234, 6476654.6199031025, 3217395.1123375213], 'traffic_ratio': [0.0987814677415084, 0.10131664474494029, 0.5344194014193921, 0.26548248609415903], 'carbon': 14097359563.710466, 'subway_distribution': {'轨道交通1号线(璧山--朝天门)': 447410.4375966145, '轨道交通2号线(较场口--鱼洞)': 120060.6033550845, '轨道交通3号线(鱼洞--江北机场T2航站楼)': 288308.86627971166, '轨道交通6号线(北碚--茶园)': 154580.99146838515, '轨道交通3号线(江北机场T2航站楼--鱼洞)': 408778.52854017296, '轨道交通2号线(鱼洞--较场口)': 197048.87225425037, '轨道交通1号线(朝天门--璧山)': 29821.304435591188, '轨道交通6号线(茶园--北碚)': 28383.609504614164}, 'fuel_car_distance': 56326049890.86398, 'elec_car_distance': 94011180055.35216, 'subway_mileage': 12943733468.702248}, '(6, 7, 8, 9, 10, 11, 12)': {'traffic_num': [1199363.8405698189, 1227632.2150682241, 6475013.833077489, 3217038.564056621], 'traffic_ratio': [0.0989651823939587, 0.10129773965772135, 0.5342840123389698, 0.2654530656093503], 'carbon': 14094339865.750454, 'subway_distribution': {'轨道交通1号线(璧山--朝天门)': 447254.63790374325, '轨道交通2号线(较场口--鱼洞)': 120072.73996016565, '轨道交通3号线(鱼洞--江北机场T2航站楼)': 288356.7006695684, '轨道交通6号线(北碚--茶园)': 155283.05593709485, '轨道交通3号线(江北机场T2航站楼--鱼洞)': 409017.2500529691, '轨道交通2号线(鱼洞--较场口)': 197122.16128575552, '轨道交通1号线(朝天门--璧山)': 29850.485312504894, '轨道交通6号线(茶园--北碚)': 29606.302813801976, '轨道交通6号线支线(国博线)(礼嘉--沙河坝)': 1887.9877524415224, '轨道交通6号线支线(国博线)(沙河坝--礼嘉)': 1028.6898849988522}, 'fuel_car_distance': 56313929948.88892, 'elec_car_distance': 93991170524.14241, 'subway_mileage': 12982901211.306307}}, 2014: {'(1, 2, 3, 4, 5, 6, 7, 8, 9, 10, 11, 12)': {'traffic_num': [1326468.6905554878, 1216618.2927448822, 6249264.400672523, 3186630.943795396], 'traffic_ratio': [0.11073300337714177, 0.10156274209743664, 0.5216857517342022, 0.26601850279121936], 'carbon': 13430674201.220127, 'subway_distribution': {'轨道交通1号线(璧山--朝天门)': 444014.42450368014, '轨道交通2号线(较场口--鱼洞)': 129209.71420004318, '轨道交通3号线(鱼洞--江北机场T2航站楼)': 300454.22878074, '轨道交通3号线(江北机场T2航站楼--鱼洞)': 448907.2689255643, '轨道交通6号线(茶园--北碚)': 37887.63208332332, '轨道交通2号线(鱼洞--较场口)': 197403.90991319687, '轨道交通6号线(北碚--茶园)': 279156.18114228174, '轨道交通1号线(朝天门--璧山)': 33100.20781655214, '轨道交通6号线支线(国博线)(礼嘉--沙河坝)': 2436.0917056901003, '轨道交通6号线支线(国博线)(沙河坝--礼嘉)': 1026.8279304876146}, 'fuel_car_distance': 54106682750.33324, 'elec_car_distance': 88526300730.31819, 'subway_mileage': 17153572448.798273}}, 2015: {'(1, 2, 3, 4, 5, 6, 7, 8, 9, 10, 11, 12)': {'traffic_num': [1545362.9303418363, 1174543.1982358408, 6051454.746586791, 3113985.5232120687], 'traffic_ratio': [0.13002254023937604, 0.09882279900535974, 0.5091525769424257, 0.2620020838128386], 'carbon': 13029144694.71847, 'subway_distribution': {'轨道交通1号线(璧山--朝天门)': 472536.60710653686, '轨道交通2号线(较场口--鱼洞)': 198579.20454530034, '轨道交通3号线(鱼洞--江北机场T2航站楼)': 350812.9985680121, '轨道交通3号线(江北机场T2航站楼--鱼洞)': 448576.9305037984, '轨道交通6号线(茶园--北碚)': 58046.0418342092, '轨道交通2号线(鱼洞--较场口)': 251026.42912376675, '轨道交通6号线(北碚--茶园)': 394078.36144360097, '轨道交通1号线(朝天门--璧山)': 56255.807041708125, '轨道交通6号线支线(国博线)(礼嘉--沙河坝)': 2425.989388904102, '轨道交通6号线支线(国博线)(沙河坝--礼嘉)': 1197.7059427405482}, 'fuel_car_distance': 52422894995.28484, 'elec_car_distance': 86034429939.17227, 'subway_mileage': 20468221812.596664}}, 2016: {'(1, 2, 3, 4, 5, 6, 7, 8, 9, 10, 11, 12)': {'traffic_num': [1537520.1792144468, 1170091.373022337, 5998774.21704596, 3085705.4046435915], 'traffic_ratio': [0.13038570992514714, 0.0992267915642938, 0.5087116550039859, 0.26167584350657325], 'carbon': 12946631765.363287, 'subway_distribution': {'轨道交通1号线(璧山--朝天门)': 470946.8070276902, '轨道交通2号线(较场口--鱼洞)': 196277.85876464253, '轨道交通3号线(鱼洞--江北机场T2航站楼)': 347592.9960651794, '轨道交通3号线(江北机场T2航站楼--鱼洞)': 447429.5223013048, '轨道交通6号线(茶园--北碚)': 57453.57283992732, '轨道交通2号线(鱼洞--较场口)': 248277.43131611985, '轨道交通6号线(北碚--茶园)': 393229.4490675782, '轨道交通1号线(朝天门--璧山)': 56550.426818310254, '轨道交通6号线支线(国博线)(礼嘉--沙河坝)': 2498.70102728257, '轨道交通6号线支线(国博线)(沙河坝--礼嘉)': 1222.5149632564658}, 'fuel_car_distance': 52087385064.19101, 'elec_car_distance': 85497803971.36716, 'subway_mileage': 20343590273.5251}}, 2017: {'(1, 2, 3, 4, 5, 6, 7, 8, 9, 10, 11, 12)': {'traffic_num': [1534398.2999631257, 1157448.790346536, 5933427.93243842, 3051758.4513901835], 'traffic_ratio': [0.1314030916637721, 0.09912181830342424, 0.5081280228903592, 0.2613470671424443], 'carbon': 12799706104.092932, 'subway_distribution': {'轨道交通1号线(璧山--朝天门)': 471163.5074277548, '轨道交通2号线(较场口--鱼洞)': 195169.2228052003, '轨道交通3号线(鱼洞--江北机场T2航站楼)': 350406.19555805327, '轨道交通3号线(江北机场T2航站楼--鱼洞)': 444674.67856492783, '轨道交通6号线(茶园--北碚)': 56895.47085171635, '轨道交通2号线(鱼洞--较场口)': 247861.46180531595, '轨道交通6号线(北碚--茶园)': 388102.29825532873, '轨道交通1号线(朝天门--璧山)': 56156.32479023987, '轨道交通6号线支线(国博线)(礼嘉--沙河坝)': 2467.099561530406, '轨道交通3号线北延伸段(空港线)(碧津--举人坝)': 7626.804802942182, '轨道交通6号线支线(国博线)(沙河坝--礼嘉)': 1208.8425811900745, '轨道交通3号线北延伸段(空港线)(举人坝--碧津)': 754.8086048356347}, 'fuel_car_distance': 51493734271.907936, 'elec_car_distance': 84533450891.05505, 'subway_mileage': 20300820902.40578}}, 2018: {'(1, 2, 3, 4, 5, 6, 7, 8, 9, 10, 11, 12)': {'traffic_num': [1591808.0128881463, 1141792.1624489096, 5823372.8290913785, 3004555.380788255], 'traffic_ratio': [0.13768145178136948, 0.09875789120657076, 0.5036853809516668, 0.2598752760603928], 'carbon': 12564669953.369085, 'subway_distribution': {'轨道交通1号线(璧山--朝天门)': 467714.48771238734, '轨道交通2号线(较场口--鱼洞)': 194976.59148436575, '轨道交通3号线(鱼洞--江北机场T2航站楼)': 358139.8549039397, '轨道交通6号线(茶园--北碚)': 59971.89075238155, '轨道交通3号线(江北机场T2航站楼--鱼洞)': 447807.92454021296, '轨道交通2号线(鱼洞--较场口)': 245642.83628675112, '轨道交通6号线(北碚--茶园)': 415598.8934677385, '轨道交通5号线(跳磴--悦港北路)': 17910.58504575677, '轨道交通1号线(朝天门--璧山)': 57658.97042237579, '轨道交通10号线(兰花路--王家庄)': 31423.348148142213, '轨道交通10号线(王家庄--兰花路)': 11692.181015471599, '轨道交通5号线(悦港北路--跳磴)': 15735.710238535461, '轨道交通6号线支线(国博线)(礼嘉--沙河坝)': 3282.6465156094705, '轨道交通3号线北延伸段(空港线)(碧津--举人坝)': 7834.542596782474, '轨道交通6号线支线(国博线)(沙河坝--礼嘉)': 1193.2474977909435, '轨道交通3号线北延伸段(空港线)(举人坝--碧津)': 876.9778937361486}, 'fuel_car_distance': 50552689925.446785, 'elec_car_distance': 82970637801.30673, 'subway_mileage': 21260711278.400238}}, 2019: {'(1, 2, 3, 4, 5, 6, 7, 8, 9, 10, 11, 12)': {'traffic_num': [1860929.7179383158, 1091456.7645871066, 5588337.22355853, 2896623.753211286], 'traffic_ratio': [0.16270640763177313, 0.09542918657245737, 0.48860430650087805, 0.25326009929489135], 'carbon': 12087770015.516695, 'subway_distribution': {'轨道交通1号线(璧山--朝天门)': 529082.6108345441, '轨道交通环线内环(重庆图书馆--重庆图书馆)': 241445.89597069658, '轨道交通6号线(茶园--北碚)': 83343.50267451645, '轨道交通环线外环(二郎--二郎)': 101071.69298109662, '轨道交通2号线(较场口--鱼洞)': 196191.1228151287, '轨道交通3号线(鱼洞--江北机场T2航站楼)': 379537.9865121952, '轨道交通6号线(北碚--茶园)': 495072.71728365833, '轨道交通5号线(跳磴--悦港北路)': 23736.842699220895, '轨道交通3号线(江北机场T2航站楼--鱼洞)': 475459.0053339417, '轨道交通2号线(鱼洞--较场口)': 244980.37921680615, '轨道交通1号线(朝天门--璧山)': 66014.59073614166, '轨道交通10号线(兰花路--王家庄)': 37525.17763336456, '轨道交通10号线(王家庄--兰花路)': 7818.391859015504, '轨道交通5号线(悦港北路--跳磴)': 17171.324141213026, '轨道交通4号线(民安大道--黄岭)': 8834.796595081956, '轨道交通6号线支线(国博线)(礼嘉--沙河坝)': 3405.8589495612573, '轨道交通3号线北延伸段(空港线)(碧津--举人坝)': 9003.53331867926, '轨道交通6号线支线(国博线)(沙河坝--礼嘉)': 1143.4668768483316, '轨道交通3号线北延伸段(空港线)(举人坝--碧津)': 897.7077670945806, '轨道交通4号线(黄岭--民安大道)': 267.08730070004566}, 'fuel_car_distance': 48588489521.44303, 'elec_car_distance': 79927676589.6508, 'subway_mileage': 25055852888.28364}}, 2020: {'(1, 2, 3, 4, 5, 6, 7, 8, 9, 10, 11, 12)': {'traffic_num': [1953193.7349837145, 1058546.9747486773, 5449074.653813919, 2846507.722736424], 'traffic_ratio': [0.17273705899084058, 0.09361605454016199, 0.4819066911092653, 0.251740195359732], 'carbon': 11825302839.174883, 'subway_distribution': {'轨道交通1号线(璧山--朝天门)': 524397.8469520168, '轨道交通环线内环(重庆图书馆--重庆图书馆)': 240742.81234552042, '轨道交通6号线(茶园--北碚)': 87483.60567296603, '轨道交通环线外环(二郎--二郎)': 223838.7884362254, '轨道交通2号线(较场口--鱼洞)': 200496.51085393567, '轨道交通3号线(鱼洞--江北机场T2航站楼)': 382682.9663778807, '轨道交通6号线(北碚--茶园)': 491233.7005919927, '轨道交通5号线(跳磴--悦港北路)': 23634.78226320088, '轨道交通3号线(江北机场T2航站楼--鱼洞)': 482959.5049222655, '轨道交通2号线(鱼洞--较场口)': 269055.36780390283, '轨道交通1号线(朝天门--璧山)': 65836.36137734237, '轨道交通10号线(王家庄--兰花路)': 7756.16094259239, '轨道交通5号线(悦港北路--跳磴)': 17104.630372895277, '轨道交通4号线(民安大道--黄岭)': 8724.998504846086, '轨道交通10号线(兰花路--王家庄)': 37134.11533108644, '轨道交通6号线支线(国博线)(礼嘉--沙河坝)': 3343.128189582618, '轨道交通3号线北延伸段(空港线)(碧津--举人坝)': 8913.888015675844, '轨道交通6号线支线(国博线)(沙河坝--礼嘉)': 1124.351048963162, '轨道交通3号线北延伸段(空港线)(举人坝--碧津)': 890.0621929008151, '轨道交通4号线(黄岭--民安大道)': 266.12358740933763}, 'fuel_car_distance': 47494405791.89569, 'elec_car_distance': 78283493159.48598, 'subway_mileage': 25964228788.25659}}, 2021: {'(1,)': {'traffic_num': [1962987.612333696, 1058126.57420157, 5440295.589950544, 2845913.3097969606], 'traffic_ratio': [0.17360321248050753, 0.09357887504649201, 0.48113028596046026, 0.2516876265125401], 'carbon': 11799175887.483696, 'subway_distribution': {'轨道交通1号线(璧山--朝天门)': 524998.0038120784, '轨道交通环线内环(重庆图书馆--重庆图书馆)': 241953.4762202173, '轨道交通6号线(茶园--北碚)': 90700.00410101133, '轨道交通环线外环(二郎--二郎)': 224014.7461354495, '轨道交通2号线(较场口--鱼洞)': 201072.075532407, '轨道交通3号线(鱼洞--江北机场T2航站楼)': 383506.4876754037, '轨道交通6号线(北碚--茶园)': 494531.3436952152, '轨道交通5号线(跳磴--悦港北路)': 23663.24852712439, '轨道交通3号线(江北机场T2航站楼--鱼洞)': 485663.5341081516, '轨道交通2号线(鱼洞--较场口)': 269702.49606232054, '轨道交通1号线(朝天门--璧山)': 66349.67057984135, '轨道交通10号线(王家庄--兰花路)': 9113.192987309401, '轨道交通6号线支线(国博线)(礼嘉--沙河坝)': 8566.600692045762, '轨道交通5号线(悦港北路--跳磴)': 17170.513026852273, '轨道交通4号线(民安大道--黄岭)': 8764.190827991397, '轨道交通10号线(兰花路--王家庄)': 37239.009748057186, '轨道交通3号线北延伸段(空港线)(碧津--举人坝)': 8976.022483897035, '轨道交通6号线支线(国博线)(沙河坝--礼嘉)': 8087.688410186536, '轨道交通3号线北延伸段(空港线)(举人坝--碧津)': 891.5747339656596, '轨道交通4号线(黄岭--民安大道)': 266.2538469132425}, 'fuel_car_distance': 47416750496.44819, 'elec_car_distance': 78046753835.87027, 'subway_mileage': 26304747042.906048}, '(2, 3, 4, 5, 6, 7, 8, 9, 10, 11, 12)': {'traffic_num': [2084380.698679473, 1040467.952721553, 5365691.239849316, 2816783.195032406], 'traffic_ratio': [0.18433900603831666, 0.09201717725601878, 0.4745324069105796, 0.24911140979508492], 'carbon': 11650341311.606457, 'subway_distribution': {'轨道交通1号线(璧山--朝天门)': 567001.7925651984, '轨道交通环线内环(重庆图书馆--重庆图书馆)': 282051.9022330714, '轨道交通6号线(茶园--北碚)': 93385.18409166895, '轨道交通环线外环(二郎--二郎)': 255829.44803367613, '轨道交通2号线(较场口--鱼洞)': 202102.46428558425, '轨道交通3号线(鱼洞--江北机场T2航站楼)': 391378.841719966, '轨道交通5号线(悦港北路--跳磴)': 32066.837200528673, '轨道交通6号线(北碚--茶园)': 503272.51384101325, '轨道交通5号线(跳磴--悦港北路)': 88211.4631403406, '轨道交通3号线(江北机场T2航站楼--鱼洞)': 492587.9076614368, '轨道交通2号线(鱼洞--较场口)': 267531.353447404, '轨道交通1号线(朝天门--璧山)': 71670.6735541978, '轨道交通10号线(王家庄--兰花路)': 9113.407517236767, '轨道交通6号线支线(国博线)(礼嘉--沙河坝)': 8698.875876352442, '轨道交通4号线(民安大道--黄岭)': 9025.924300617136, '轨道交通10号线(兰花路--王家庄)': 37811.8740393496, '轨道交通3号线北延伸段(空港线)(碧津--举人坝)': 9052.362696227994, '轨道交通6号线支线(国博线)(沙河坝--礼嘉)': 8087.646018946056, '轨道交通3号线北延伸段(空港线)(举人坝--碧津)': 892.4714498290734, '轨道交通4号线(黄岭--民安大道)': 266.331316271402}, 'fuel_car_distance': 46812759731.925385, 'elec_car_distance': 77076013493.64503, 'subway_mileage': 27959798657.736233}}, 2022: {'(1,)': {'traffic_num': [2084380.698679473, 1040467.952721553, 5365691.239849316, 2816783.195032406], 'traffic_ratio': [0.18433900603831666, 0.09201717725601878, 0.4745324069105796, 0.24911140979508492], 'carbon': 11650341311.606457, 'subway_distribution': {'轨道交通1号线(璧山--朝天门)': 567001.7925651984, '轨道交通环线内环(重庆图书馆--重庆图书馆)': 282051.9022330714, '轨道交通6号线(茶园--北碚)': 93385.18409166895, '轨道交通环线外环(二郎--二郎)': 255829.44803367613, '轨道交通2号线(较场口--鱼洞)': 202102.46428558425, '轨道交通3号线(鱼洞--江北机场T2航站楼)': 391378.841719966, '轨道交通5号线(悦港北路--跳磴)': 32066.837200528673, '轨道交通6号线(北碚--茶园)': 503272.51384101325, '轨道交通5号线(跳磴--悦港北路)': 88211.4631403406, '轨道交通3号线(江北机场T2航站楼--鱼洞)': 492587.9076614368, '轨道交通2号线(鱼洞--较场口)': 267531.353447404, '轨道交通1号线(朝天门--璧山)': 71670.6735541978, '轨道交通10号线(王家庄--兰花路)': 9113.407517236767, '轨道交通6号线支线(国博线)(礼嘉--沙河坝)': 8698.875876352442, '轨道交通4号线(民安大道--黄岭)': 9025.924300617136, '轨道交通10号线(兰花路--王家庄)': 37811.8740393496, '轨道交通3号线北延伸段(空港线)(碧津--举人坝)': 9052.362696227994, '轨道交通6号线支线(国博线)(沙河坝--礼嘉)': 8087.646018946056, '轨道交通3号线北延伸段(空港线)(举人坝--碧津)': 892.4714498290734, '轨道交通4号线(黄岭--民安大道)': 266.331316271402}, 'fuel_car_distance': 46812759731.925385, 'elec_car_distance': 77076013493.64503, 'subway_mileage': 27959798657.736233}, '(2, 3, 4, 5, 6)': {'traffic_num': [2271993.971130481, 1010560.5123508731, 5266309.334964885, 2758459.2678365232], 'traffic_ratio': [0.20093119775508156, 0.08937221521306071, 0.4657432439826183, 0.24395334304923938], 'carbon': 11475054065.215395, 'subway_distribution': {'轨道交通1号线(璧山--朝天门)': 584308.4351340068, '轨道交通环线内环(重庆图书馆--重庆图书馆)': 282603.4803820195, '轨道交通6号线(茶园--北碚)': 99727.84934913977, '轨道交通环线外环(二郎--二郎)': 260105.58138636846, '轨道交通2号线(较场口--鱼洞)': 199449.95491685873, '轨道交通3号线(鱼洞--江北机场T2航站楼)': 393476.8546064712, '轨道交通9号线(花石沟--新桥)': 43290.10971112376, '轨道交通5号线(悦港北路--跳磴)': 32001.385018668247, '轨道交通9号线(高滩岩--花石沟)': 212526.84447015834, '轨道交通6号线(北碚--茶园)': 532251.7564181458, '轨道交通5号线(跳磴--悦港北路)': 88076.72147705623, '轨道交通3号线(江北机场T2航站楼--鱼洞)': 522702.43418848695, '轨道交通2号线(鱼洞--较场口)': 266236.1040839194, '轨道交通1号线(朝天门--璧山)': 83960.93510528194, '轨道交通10号线(王家庄--兰花路)': 8637.665750879885, '轨道交通6号线支线(国博线)(礼嘉--沙河坝)': 8968.69658582376, '轨道交通4号线(民安大道--黄岭)': 14009.61641284189, '轨道交通10号线(兰花路--王家庄)': 44705.53422018421, '轨道交通3号线北延伸段(空港线)(碧津--举人坝)': 9122.616921303812, '轨道交通6号线支线(国博线)(沙河坝--礼嘉)': 8274.958822314793, '轨道交通3号线北延伸段(空港线)(举人坝--碧津)': 893.2026178069558, '轨道交通4号线(黄岭--民安大道)': 642.8161396672376}, 'fuel_car_distance': 46088685793.28792, 'elec_car_distance': 75962515072.50853, 'subway_mileage': 30397522864.45325}, '(7, 8)': {'traffic_num': [2280792.8180182264, 1009811.4633641681, 5260180.395712847, 2756538.4091874775], 'traffic_ratio': [0.20170935248017546, 0.08930597062263156, 0.4652012112481461, 0.24378346564904685], 'carbon': 11457713778.88076, 'subway_distribution': {'轨道交通1号线(璧山--朝天门)': 585135.357300284, '轨道交通环线内环(重庆图书馆--重庆图书馆)': 283739.5742543727, '轨道交通6号线(茶园--北碚)': 100312.90732820479, '轨道交通环线外环(二郎--二郎)': 260991.02815158482, '轨道交通2号线(较场口--鱼洞)': 199882.23713020922, '轨道交通3号线(鱼洞--江北机场T2航站楼)': 394291.4919049242, '轨道交通9号线(花石沟--新桥)': 43633.318075081996, '轨道交通5号线(悦港北路--跳磴)': 32116.57174579232, '轨道交通9号线(高滩岩--花石沟)': 214137.485714262, '轨道交通6号线(北碚--茶园)': 532964.8119036189, '轨道交通5号线(跳磴--悦港北路)': 88291.13592939508, '轨道交通3号线(江北机场T2航站楼--鱼洞)': 523275.9426593283, '轨道交通2号线(鱼洞--较场口)': 266688.3369498614, '轨道交通1号线(朝天门--璧山)': 84063.11614179128, '轨道交通10号线(王家庄--兰花路)': 8699.912294241623, '轨道交通6号线支线(国博线)(礼嘉--沙河坝)': 8992.334857716465, '轨道交通4号线(民安大道--黄岭)': 18706.193800130055, '轨道交通10号线(兰花路--王家庄)': 45246.55490614319, '轨道交通3号线北延伸段(空港线)(碧津--举人坝)': 9137.111613341865, '轨道交通6号线支线(国博线)(沙河坝--礼嘉)': 8281.532370161862, '轨道交通3号线北延伸段(空港线)(举人坝--碧津)': 903.3100475960174, '轨道交通4号线(黄岭--民安大道)': 1221.9850472607745}, 'fuel_car_distance': 46016730863.77098, 'elec_car_distance': 75853124300.58318, 'subway_mileage': 30581606653.663918}, '(9, 10, 11, 12)': {'traffic_num': [2283208.078657638, 1009369.1643248688, 5258200.100552789, 2756545.742747411], 'traffic_ratio': [0.20192295393305548, 0.08926685446437525, 0.46502607738622836, 0.24378411421634083], 'carbon': 11451582062.11704, 'subway_distribution': {'轨道交通1号线(璧山--朝天门)': 585623.4936320734, '轨道交通环线内环(重庆图书馆--重庆图书馆)': 283989.0903707949, '轨道交通6号线(茶园--北碚)': 100306.9045808577, '轨道交通环线外环(二郎--二郎)': 261108.840114356, '轨道交通2号线(较场口--鱼洞)': 199977.28966530322, '轨道交通3号线(鱼洞--江北机场T2航站楼)': 394401.55302153184, '轨道交通9号线(花石沟--新桥)': 43643.90995823705, '轨道交通5号线(悦港北路--跳磴)': 32092.872198928733, '轨道交通9号线(高滩岩--花石沟)': 214120.055689406, '轨道交通6号线(北碚--茶园)': 532952.1393105105, '轨道交通5号线(跳磴--悦港北路)': 90275.08915668742, '轨道交通3号线(江北机场T2航站楼--鱼洞)': 523364.8461324058, '轨道交通2号线(鱼洞--较场口)': 266619.4936513456, '轨道交通江跳线(圣泉寺--跳磴)': 3753.5751133969707, '轨道交通1号线(朝天门--璧山)': 84149.90698858647, '轨道交通江跳线(跳磴--圣泉寺)': 33.94870657184687, '轨道交通10号线(王家庄--兰花路)': 8699.635052558697, '轨道交通6号线支线(国博线)(礼嘉--沙河坝)': 8991.52391835457, '轨道交通4号线(民安大道--黄岭)': 18705.51299193237, '轨道交通10号线(兰花路--王家庄)': 45245.26252464094, '轨道交通3号线北延伸段(空港线)(碧津--举人坝)': 9136.67234936392, '轨道交通6号线支线(国博线)(沙河坝--礼嘉)': 8281.308921597734, '轨道交通3号线北延伸段(空港线)(举人坝--碧津)': 903.0614572900743, '轨道交通4号线(黄岭--民安大道)': 1221.7562440549907}, 'fuel_car_distance': 45996173436.30016, 'elec_car_distance': 75803017611.03232, 'subway_mileage': 30643716911.375416}}, 2023: {'(1,)': {'traffic_num': [2283208.078657638, 1009369.1643248688, 5258200.100552789, 2756545.742747411], 'traffic_ratio': [0.20192295393305548, 0.08926685446437525, 0.46502607738622836, 0.24378411421634083], 'carbon': 11451582062.11704, 'subway_distribution': {'轨道交通1号线(璧山--朝天门)': 585623.4936320734, '轨道交通环线内环(重庆图书馆--重庆图书馆)': 283989.0903707949, '轨道交通6号线(茶园--北碚)': 100306.9045808577, '轨道交通环线外环(二郎--二郎)': 261108.840114356, '轨道交通2号线(较场口--鱼洞)': 199977.28966530322, '轨道交通3号线(鱼洞--江北机场T2航站楼)': 394401.55302153184, '轨道交通9号线(花石沟--新桥)': 43643.90995823705, '轨道交通5号线(悦港北路--跳磴)': 32092.872198928733, '轨道交通9号线(高滩岩--花石沟)': 214120.055689406, '轨道交通6号线(北碚--茶园)': 532952.1393105105, '轨道交通5号线(跳磴--悦港北路)': 90275.08915668742, '轨道交通3号线(江北机场T2航站楼--鱼洞)': 523364.8461324058, '轨道交通2号线(鱼洞--较场口)': 266619.4936513456, '轨道交通江跳线(圣泉寺--跳磴)': 3753.5751133969707, '轨道交通1号线(朝天门--璧山)': 84149.90698858647, '轨道交通江跳线(跳磴--圣泉寺)': 33.94870657184687, '轨道交通10号线(王家庄--兰花路)': 8699.635052558697, '轨道交通6号线支线(国博线)(礼嘉--沙河坝)': 8991.52391835457, '轨道交通4号线(民安大道--黄岭)': 18705.51299193237, '轨道交通10号线(兰花路--王家庄)': 45245.26252464094, '轨道交通3号线北延伸段(空港线)(碧津--举人坝)': 9136.67234936392, '轨道交通6号线支线(国博线)(沙河坝--礼嘉)': 8281.308921597734, '轨道交通3号线北延伸段(空港线)(举人坝--碧津)': 903.0614572900743, '轨道交通4号线(黄岭--民安大道)': 1221.7562440549907}, 'fuel_car_distance': 45996173436.30016, 'elec_car_distance': 75803017611.03232, 'subway_mileage': 30643716911.375416}, '(2,)': {'traffic_num': [2367509.545999534, 996815.1842831988, 5198821.070468339, 2744177.2855316075], 'traffic_ratio': [0.20937842917672048, 0.08815660229010978, 0.45977469917483976, 0.2426902693583301], 'carbon': 11319057897.961647, 'subway_distribution': {'轨道交通1号线(璧山--朝天门)': 594409.0033027035, '轨道交通环线内环(重庆图书馆--重庆图书馆)': 288432.2766037462, '轨道交通6号线(茶园--北碚)': 103157.04783231897, '轨道交通环线外环(二郎--二郎)': 261375.61671617406, '轨道交通2号线(较场口--鱼洞)': 208501.53440735023, '轨道交通3号线(鱼洞--江北机场T2航站楼)': 389086.96146766015, '轨道交通9号线(花石沟--新桥)': 46174.3711356444, '轨道交通5号线(悦港北路--跳磴)': 33460.54203466464, '轨道交通9号线(高滩岩--花石沟)': 229398.45898233427, '轨道交通6号线(北碚--茶园)': 565593.106501234, '轨道交通5号线(跳磴--悦港北路)': 90648.92121862108, '轨道交通3号线(江北机场T2航站楼--鱼洞)': 494559.9062421174, '轨道交通10号线(王家庄--兰花路)': 89181.94600997717, '轨道交通江跳线(圣泉寺--跳磴)': 3757.2701029660752, '轨道交通2号线(鱼洞--较场口)': 297536.5478329858, '轨道交通1号线(朝天门--璧山)': 87719.92009434244, '轨道交通10号线(兰花路--王家庄)': 141245.2951594381, '轨道交通江跳线(跳磴--圣泉寺)': 33.994608168910574, '轨道交通6号线支线(国博线)(礼嘉--沙河坝)': 9815.389426426349, '轨道交通4号线(民安大道--黄岭)': 22490.777715790682, '轨道交通3号线北延伸段(空港线)(碧津--举人坝)': 9612.522674036525, '轨道交通6号线支线(国博线)(沙河坝--礼嘉)': 8917.8644788266, '轨道交通4号线(黄岭--民安大道)': 2843.858244283951, '轨道交通3号线北延伸段(空港线)(举人坝--碧津)': 905.4694095399067}, 'fuel_car_distance': 45516749787.00601, 'elec_car_distance': 74802172688.978, 'subway_mileage': 32323079145.819374}, '(3, 4, 5, 6, 7, 8, 9, 10, 11)': {'traffic_num': [2370521.8818908697, 996528.6740588807, 5196611.920933386, 2743660.609399512], 'traffic_ratio': [0.2096448349270785, 0.08813126382386723, 0.45957932582978883, 0.2426445754192655], 'carbon': 11314582670.14462, 'subway_distribution': {'轨道交通1号线(璧山--朝天门)': 594418.2529055785, '轨道交通环线内环(重庆图书馆--重庆图书馆)': 288352.8018205055, '轨道交通6号线(茶园--北碚)': 103077.47795227851, '轨道交通环线外环(二郎--二郎)': 261391.87196170303, '轨道交通2号线(较场口--鱼洞)': 208506.9693178553, '轨道交通3号线(鱼洞--江北机场T2航站楼)': 389260.38422265765, '轨道交通9号线(花石沟--新桥)': 46803.465010061576, '轨道交通5号线(悦港北路--跳磴)': 33686.64251466148, '轨道交通9号线(高滩岩--花石沟)': 229484.8873706814, '轨道交通6号线(北碚--茶园)': 565385.341527505, '轨道交通5号线(跳磴--悦港北路)': 94237.19279567653, '轨道交通3号线(江北机场T2航站楼--鱼洞)': 494707.58818382747, '轨道交通10号线(王家庄--兰花路)': 92292.20522391223, '轨道交通江跳线(圣泉寺--跳磴)': 3757.4842852496363, '轨道交通2号线(鱼洞--较场口)': 297541.62653882056, '轨道交通1号线(朝天门--璧山)': 87741.16518842713, '轨道交通10号线(兰花路--王家庄)': 140561.24126808866, '轨道交通江跳线(跳磴--圣泉寺)': 33.99659156609521, '轨道交通6号线支线(国博线)(礼嘉--沙河坝)': 9734.458572784932, '轨道交通4号线(民安大道--黄岭)': 22654.956596937533, '轨道交通3号线北延伸段(空港线)(碧津--举人坝)': 9689.192445228373, '轨道交通6号线支线(国博线)(沙河坝--礼嘉)': 8978.156854584005, '轨道交通4号线(黄岭--民安大道)': 2844.208174056828, '轨道交通3号线北延伸段(空港线)(举人坝--碧津)': 905.5727882035133}, 'fuel_car_distance': 45496357863.26473, 'elec_car_distance': 74778199714.63165, 'subway_mileage': 32376521859.093494}, '(12,)': {'traffic_num': [2537177.8755527465, 973738.1486219548, 5087829.953495571, 2708577.1086124037], 'traffic_ratio': [0.22438360133449173, 0.08611570936743038, 0.44995883770826384, 0.23954185158981411], 'carbon': 11096764699.413418, 'subway_distribution': {'轨道交通1号线(璧山--朝天门)': 612199.8116034586, '轨道交通环线内环(重庆图书馆--重庆图书馆)': 286783.3657306246, '轨道交通6号线(茶园--北碚)': 102411.20351769762, '轨道交通环线外环(二郎--二郎)': 258736.95692611, '轨道交通2号线(较场口--鱼洞)': 210619.9791444078, '轨道交通3号线(鱼洞--江北机场T2航站楼)': 388612.19656669325, '轨道交通9号线(花石沟--新桥)': 39173.185996465545, '轨道交通5号线(悦港北路--跳磴)': 115374.30182918854, '轨道交通9号线(高滩岩--花石沟)': 244334.30332472792, '轨道交通6号线(北碚--茶园)': 641795.6845154471, '轨道交通5号线(跳磴--悦港北路)': 236225.51241094834, '轨道交通3号线(江北机场T2航站楼--鱼洞)': 487444.73433941003, '轨道交通10号线(王家庄--兰花路)': 141595.0029672603, '轨道交通江跳线(圣泉寺--跳磴)': 5389.566244212936, '轨道交通2号线(鱼洞--较场口)': 295849.6261700369, '轨道交通1号线(朝天门--璧山)': 85167.86770149299, '轨道交通10号线(兰花路--王家庄)': 154292.22559492977, '轨道交通江跳线(跳磴--圣泉寺)': 37.764120569674766, '轨道交通6号线支线(国博线)(礼嘉--沙河坝)': 10482.970823917336, '轨道交通4号线(民安大道--黄岭)': 24098.15785034195, '轨道交通3号线北延伸段(空港线)(碧津--举人坝)': 10087.758113218917, '轨道交通6号线支线(国博线)(沙河坝--礼嘉)': 9160.54211113919, '轨道交通4号线(黄岭--民安大道)': 2828.291911571304, '轨道交通3号线北延伸段(空港线)(举人坝--碧津)': 906.9861233679757}, 'fuel_car_distance': 44678065573.90936, 'elec_car_distance': 73204059157.07222, 'subway_mileage': 35207704772.007095}}}
2024-07-03 16:14:59,738 - root - INFO - keyunliang_true_list: [167.21753424657535, 120.20328767123287]
2024-07-03 16:14:59,738 - root - INFO - keyunliang_list: [292.20036914995046, 233.7460688521978, 222.24867156090355, 222.14792801912915, 223.35360754985777]
2024-07-03 16:14:59,739 - root - INFO - licheng_true_list: [1531.6246575342466, 1214.1057534246575]
2024-07-03 16:14:59,739 - root - INFO - licheng_list: [2505.5852888283644, 2126.071127840024, 2030.0820902405783, 2034.3590273525103, 2046.8221812596664]
2024-07-03 16:14:59,739 - root - INFO - ratio: 0.5722700992234654
2024-07-03 16:15:00,066 - root - INFO - remove_subway_list: ['轨道交通环线', '轨道交通1号线', '轨道交通2号线', '轨道交通3号线', '轨道交通4号线', '轨道交通5号线', '轨道交通6号线', '轨道交通10号线']
2024-07-03 16:15:55,620 - root - INFO - count, count_true: 100781, 232
2024-07-03 16:15:56,778 - root - INFO - count, count_true: 96264, 20394
2024-07-03 16:15:57,060 - root - INFO - count, count_true: 97990, 2862
2024-07-03 16:15:57,124 - root - INFO - count, count_true: 100020, 234
2024-07-03 16:15:58,572 - root - INFO - count, count_true: 97792, 14106
2024-07-03 16:17:25,343 - root - INFO - count, count_true: 94891, 27871
2024-07-03 16:17:26,403 - root - INFO - count, count_true: 94739, 27644
2024-07-03 16:17:26,409 - root - INFO - count, count_true: 97990, 3609
2024-07-03 16:17:26,686 - root - INFO - count, count_true: 100020, 450
2024-07-03 16:17:28,520 - root - INFO - count, count_true: 97792, 14408
2024-07-03 16:19:00,588 - root - INFO - count, count_true: 94068, 28898
2024-07-03 16:19:00,975 - root - INFO - count, count_true: 100020, 610
2024-07-03 16:19:01,292 - root - INFO - count, count_true: 92062, 35879
2024-07-03 16:19:01,968 - root - INFO - count, count_true: 93078, 31564
2024-07-03 16:19:05,686 - root - INFO - count, count_true: 91276, 36460
2024-07-03 16:20:36,510 - root - INFO - count, count_true: 91276, 38491
2024-07-03 16:20:36,956 - root - INFO - count, count_true: 100020, 952
2024-07-03 16:20:37,289 - root - INFO - count, count_true: 91276, 48244
2024-07-03 16:20:37,849 - root - INFO - count, count_true: 91276, 41162
2024-07-03 16:22:11,803 - root - INFO - count, count_true: 91276, 41162
2024-07-03 16:22:12,326 - root - INFO - count, count_true: 91276, 50303
2024-07-03 16:22:13,885 - root - INFO - count, count_true: 91276, 43978
2024-07-03 16:23:46,558 - root - INFO - count, count_true: 91276, 50494
2024-07-03 16:23:48,475 - root - INFO - count, count_true: 91276, 46809
2024-07-03 16:25:25,479 - root - INFO - count, count_true: 91276, 55118
2024-07-03 16:25:29,039 - root - INFO - count, count_true: 91276, 48244
2024-07-03 16:27:54,754 - root - INFO - count, count_true: 100781, 232
2024-07-03 16:27:56,428 - root - INFO - count, count_true: 100020, 234
2024-07-03 16:27:56,557 - root - INFO - count, count_true: 97990, 2386
2024-07-03 16:27:57,566 - root - INFO - count, count_true: 97792, 8497
2024-07-03 16:27:57,996 - root - INFO - count, count_true: 96264, 14793
2024-07-03 16:29:26,298 - root - INFO - count, count_true: 94891, 21369
2024-07-03 16:29:26,487 - root - INFO - count, count_true: 97990, 3122
2024-07-03 16:29:26,500 - root - INFO - count, count_true: 100020, 276
2024-07-03 16:29:29,931 - root - INFO - count, count_true: 97792, 8796
2024-07-03 16:29:30,198 - root - INFO - count, count_true: 94739, 21165
2024-07-03 16:30:56,917 - root - INFO - count, count_true: 94068, 22360
2024-07-03 16:30:57,968 - root - INFO - count, count_true: 93078, 25051
2024-07-03 16:30:58,163 - root - INFO - count, count_true: 100020, 415
2024-07-03 16:31:02,180 - root - INFO - count, count_true: 92062, 31866
2024-07-03 16:31:02,647 - root - INFO - count, count_true: 91276, 33944
2024-07-03 16:32:28,499 - root - INFO - count, count_true: 91276, 36042
2024-07-03 16:32:28,963 - root - INFO - count, count_true: 91276, 39426
2024-07-03 16:32:30,473 - root - INFO - count, count_true: 100020, 740
2024-07-03 16:32:33,678 - root - INFO - count, count_true: 91276, 46152
2024-07-03 16:34:01,931 - root - INFO - count, count_true: 91276, 39426
2024-07-03 16:34:05,388 - root - INFO - count, count_true: 91276, 41722
2024-07-03 16:34:09,795 - root - INFO - count, count_true: 91276, 48298
2024-07-03 16:35:35,610 - root - INFO - count, count_true: 91276, 44727
2024-07-03 16:35:45,607 - root - INFO - count, count_true: 91276, 48484
2024-07-03 16:37:09,615 - root - INFO - count, count_true: 91276, 46152
2024-07-03 16:37:17,703 - root - INFO - count, count_true: 91276, 52879
2024-07-03 16:39:36,000 - root - INFO - count, count_true: 100781, 0
2024-07-03 16:39:37,326 - root - INFO - count, count_true: 100020, 0
2024-07-03 16:39:38,292 - root - INFO - count, count_true: 97792, 12730
2024-07-03 16:39:38,406 - root - INFO - count, count_true: 97990, 2130
2024-07-03 16:39:39,655 - root - INFO - count, count_true: 96264, 18702
2024-07-03 16:41:13,734 - root - INFO - count, count_true: 100020, 97
2024-07-03 16:41:14,235 - root - INFO - count, count_true: 94891, 22813
2024-07-03 16:41:15,121 - root - INFO - count, count_true: 97990, 2788
2024-07-03 16:41:16,745 - root - INFO - count, count_true: 97792, 13012
2024-07-03 16:41:17,354 - root - INFO - count, count_true: 94739, 22633
2024-07-03 16:42:53,414 - root - INFO - count, count_true: 94068, 23780
2024-07-03 16:42:53,557 - root - INFO - count, count_true: 100020, 187
2024-07-03 16:42:54,636 - root - INFO - count, count_true: 93078, 26479
2024-07-03 16:42:55,509 - root - INFO - count, count_true: 92062, 34531
2024-07-03 16:42:55,711 - root - INFO - count, count_true: 91276, 36655
2024-07-03 16:44:32,654 - root - INFO - count, count_true: 91276, 38730
2024-07-03 16:44:34,942 - root - INFO - count, count_true: 91276, 43329
2024-07-03 16:44:35,914 - root - INFO - count, count_true: 100020, 500
2024-07-03 16:44:37,092 - root - INFO - count, count_true: 91276, 50223
2024-07-03 16:46:09,600 - root - INFO - count, count_true: 91276, 43329
2024-07-03 16:46:13,348 - root - INFO - count, count_true: 91276, 45731
2024-07-03 16:46:18,049 - root - INFO - count, count_true: 91276, 51520
2024-07-03 16:47:44,684 - root - INFO - count, count_true: 91276, 48796
2024-07-03 16:47:56,398 - root - INFO - count, count_true: 91276, 51705
2024-07-03 16:49:22,101 - root - INFO - count, count_true: 91276, 50223
2024-07-03 16:49:39,838 - root - INFO - count, count_true: 91276, 56038
2024-07-03 16:51:57,512 - root - INFO - count, count_true: 97990, 789
2024-07-03 16:51:58,491 - root - INFO - count, count_true: 100020, 234
2024-07-03 16:51:58,698 - root - INFO - count, count_true: 100781, 232
2024-07-03 16:51:58,878 - root - INFO - count, count_true: 96264, 10529
2024-07-03 16:51:59,103 - root - INFO - count, count_true: 97792, 5887
2024-07-03 16:53:30,147 - root - INFO - count, count_true: 97990, 1131
2024-07-03 16:53:31,607 - root - INFO - count, count_true: 94891, 16404
2024-07-03 16:53:32,968 - root - INFO - count, count_true: 100020, 450
2024-07-03 16:53:34,101 - root - INFO - count, count_true: 97792, 6073
2024-07-03 16:53:38,228 - root - INFO - count, count_true: 94739, 16289
2024-07-03 16:55:02,203 - root - INFO - count, count_true: 94068, 16286
2024-07-03 16:55:02,662 - root - INFO - count, count_true: 93078, 18442
2024-07-03 16:55:04,157 - root - INFO - count, count_true: 100020, 490
2024-07-03 16:55:07,039 - root - INFO - count, count_true: 92062, 25336
2024-07-03 16:55:11,798 - root - INFO - count, count_true: 91276, 27326
2024-07-03 16:56:34,481 - root - INFO - count, count_true: 91276, 33462
2024-07-03 16:56:35,241 - root - INFO - count, count_true: 91276, 29339
2024-07-03 16:56:35,871 - root - INFO - count, count_true: 100020, 490
2024-07-03 16:56:38,528 - root - INFO - count, count_true: 91276, 40277
2024-07-03 16:58:11,056 - root - INFO - count, count_true: 91276, 35972
2024-07-03 16:58:12,153 - root - INFO - count, count_true: 91276, 33462
2024-07-03 16:58:14,357 - root - INFO - count, count_true: 91276, 43182
2024-07-03 16:59:49,227 - root - INFO - count, count_true: 91276, 38913
2024-07-03 16:59:56,984 - root - INFO - count, count_true: 91276, 43441
2024-07-03 17:01:28,273 - root - INFO - count, count_true: 91276, 40277
2024-07-03 17:01:31,980 - root - INFO - count, count_true: 91276, 47691
2024-07-03 17:03:43,839 - root - INFO - count, count_true: 100781, 232
2024-07-03 17:03:44,546 - root - INFO - count, count_true: 100020, 234
2024-07-03 17:03:45,463 - root - INFO - count, count_true: 97990, 2862
2024-07-03 17:03:45,734 - root - INFO - count, count_true: 97792, 14106
2024-07-03 17:03:48,091 - root - INFO - count, count_true: 96264, 20394
2024-07-03 17:05:20,625 - root - INFO - count, count_true: 94891, 27871
2024-07-03 17:05:21,074 - root - INFO - count, count_true: 100020, 450
2024-07-03 17:05:22,756 - root - INFO - count, count_true: 97792, 14408
2024-07-03 17:05:22,891 - root - INFO - count, count_true: 97990, 3609
2024-07-03 17:05:25,695 - root - INFO - count, count_true: 94739, 27644
2024-07-03 17:06:55,162 - root - INFO - count, count_true: 100020, 610
2024-07-03 17:06:55,800 - root - INFO - count, count_true: 93078, 31564
2024-07-03 17:06:56,661 - root - INFO - count, count_true: 94068, 28898
2024-07-03 17:06:58,657 - root - INFO - count, count_true: 92062, 39232
2024-07-03 17:07:01,170 - root - INFO - count, count_true: 91276, 41357
2024-07-03 17:08:27,327 - root - INFO - count, count_true: 91276, 43536
2024-07-03 17:08:29,528 - root - INFO - count, count_true: 100020, 952
2024-07-03 17:08:29,821 - root - INFO - count, count_true: 91276, 48036
2024-07-03 17:08:31,617 - root - INFO - count, count_true: 91276, 52320
2024-07-03 17:09:58,795 - root - INFO - count, count_true: 91276, 48036
2024-07-03 17:10:00,500 - root - INFO - count, count_true: 91276, 50391
2024-07-03 17:10:04,026 - root - INFO - count, count_true: 91276, 53978
2024-07-03 17:11:31,784 - root - INFO - count, count_true: 91276, 50761
2024-07-03 17:11:36,094 - root - INFO - count, count_true: 91276, 54165
2024-07-03 17:13:06,510 - root - INFO - count, count_true: 91276, 52320
2024-07-03 17:13:09,697 - root - INFO - count, count_true: 91276, 58139
2024-07-03 17:15:19,787 - root - INFO - count, count_true: 96264, 20394
2024-07-03 17:15:19,807 - root - INFO - count, count_true: 100781, 232
2024-07-03 17:15:21,863 - root - INFO - count, count_true: 100020, 234
2024-07-03 17:15:22,716 - root - INFO - count, count_true: 97792, 14106
2024-07-03 17:15:22,903 - root - INFO - count, count_true: 97990, 2862
2024-07-03 17:16:52,837 - root - INFO - count, count_true: 94891, 27871
2024-07-03 17:16:53,508 - root - INFO - count, count_true: 94739, 27644
2024-07-03 17:16:53,939 - root - INFO - count, count_true: 97792, 14408
2024-07-03 17:16:54,507 - root - INFO - count, count_true: 100020, 450
2024-07-03 17:16:55,926 - root - INFO - count, count_true: 97990, 3609
2024-07-03 17:18:25,020 - root - INFO - count, count_true: 93078, 31147
2024-07-03 17:18:25,291 - root - INFO - count, count_true: 94068, 28898
2024-07-03 17:18:28,069 - root - INFO - count, count_true: 92062, 39233
2024-07-03 17:18:28,493 - root - INFO - count, count_true: 100020, 610
2024-07-03 17:18:28,664 - root - INFO - count, count_true: 91276, 41364
2024-07-03 17:19:55,891 - root - INFO - count, count_true: 91276, 43538
2024-07-03 17:19:57,583 - root - INFO - count, count_true: 91276, 46473
2024-07-03 17:20:00,309 - root - INFO - count, count_true: 91276, 52749
2024-07-03 17:20:01,652 - root - INFO - count, count_true: 100020, 952
2024-07-03 17:21:30,030 - root - INFO - count, count_true: 91276, 46473
2024-07-03 17:21:30,238 - root - INFO - count, count_true: 91276, 48846
2024-07-03 17:21:33,018 - root - INFO - count, count_true: 91276, 54682
2024-07-03 17:23:05,348 - root - INFO - count, count_true: 91276, 51911
2024-07-03 17:23:07,761 - root - INFO - count, count_true: 91276, 54730
2024-07-03 17:24:38,372 - root - INFO - count, count_true: 91276, 52749
2024-07-03 17:24:42,917 - root - INFO - count, count_true: 91276, 56332
2024-07-03 17:26:58,670 - root - INFO - count, count_true: 100020, 234
2024-07-03 17:26:58,880 - root - INFO - count, count_true: 100781, 232
2024-07-03 17:27:00,140 - root - INFO - count, count_true: 96264, 13583
2024-07-03 17:27:00,446 - root - INFO - count, count_true: 97792, 13218
2024-07-03 17:27:01,138 - root - INFO - count, count_true: 97990, 2862
2024-07-03 17:28:30,419 - root - INFO - count, count_true: 94739, 17379
2024-07-03 17:28:30,502 - root - INFO - count, count_true: 100020, 450
2024-07-03 17:28:30,652 - root - INFO - count, count_true: 94891, 17529
2024-07-03 17:28:31,492 - root - INFO - count, count_true: 97792, 13335
2024-07-03 17:28:32,699 - root - INFO - count, count_true: 97990, 3130
2024-07-03 17:30:00,373 - root - INFO - count, count_true: 94068, 18584
2024-07-03 17:30:00,664 - root - INFO - count, count_true: 100020, 610
2024-07-03 17:30:01,408 - root - INFO - count, count_true: 93078, 20337
2024-07-03 17:30:02,816 - root - INFO - count, count_true: 92062, 26049
2024-07-03 17:30:04,153 - root - INFO - count, count_true: 91276, 28400
2024-07-03 17:31:30,187 - root - INFO - count, count_true: 91276, 28640
2024-07-03 17:31:31,074 - root - INFO - count, count_true: 91276, 32604
2024-07-03 17:31:31,127 - root - INFO - count, count_true: 100020, 952
2024-07-03 17:31:32,658 - root - INFO - count, count_true: 91276, 39023
2024-07-03 17:33:00,807 - root - INFO - count, count_true: 91276, 32604
2024-07-03 17:33:01,689 - root - INFO - count, count_true: 91276, 34737
2024-07-03 17:33:03,355 - root - INFO - count, count_true: 91276, 40718
2024-07-03 17:34:31,987 - root - INFO - count, count_true: 91276, 37464
2024-07-03 17:34:33,489 - root - INFO - count, count_true: 91276, 40962
2024-07-03 17:36:07,363 - root - INFO - count, count_true: 91276, 39023
2024-07-03 17:36:08,632 - root - INFO - count, count_true: 91276, 44174
2024-07-03 17:38:21,760 - root - INFO - count, count_true: 100781, 232
2024-07-03 17:38:21,928 - root - INFO - count, count_true: 100020, 234
2024-07-03 17:38:22,075 - root - INFO - count, count_true: 97990, 2862
2024-07-03 17:38:23,917 - root - INFO - count, count_true: 96264, 20394
2024-07-03 17:38:24,821 - root - INFO - count, count_true: 97792, 14106
2024-07-03 17:40:00,595 - root - INFO - count, count_true: 100020, 450
2024-07-03 17:40:00,773 - root - INFO - count, count_true: 94891, 27871
2024-07-03 17:40:01,007 - root - INFO - count, count_true: 97990, 3609
2024-07-03 17:40:06,502 - root - INFO - count, count_true: 94739, 27644
2024-07-03 17:40:08,275 - root - INFO - count, count_true: 97792, 14408
2024-07-03 17:41:38,137 - root - INFO - count, count_true: 94068, 28898
2024-07-03 17:41:38,552 - root - INFO - count, count_true: 100020, 610
2024-07-03 17:41:38,649 - root - INFO - count, count_true: 93078, 30540
2024-07-03 17:41:45,579 - root - INFO - count, count_true: 92062, 38294
2024-07-03 17:41:51,509 - root - INFO - count, count_true: 91276, 40437
2024-07-03 17:43:21,668 - root - INFO - count, count_true: 91276, 46824
2024-07-03 17:43:21,712 - root - INFO - count, count_true: 91276, 42339
2024-07-03 17:43:23,036 - root - INFO - count, count_true: 100020, 952
2024-07-03 17:43:25,583 - root - INFO - count, count_true: 91276, 54020
2024-07-03 17:44:54,290 - root - INFO - count, count_true: 91276, 46824
2024-07-03 17:44:55,253 - root - INFO - count, count_true: 91276, 49540
2024-07-03 17:45:02,927 - root - INFO - count, count_true: 91276, 54768
2024-07-03 17:46:29,490 - root - INFO - count, count_true: 91276, 52461
2024-07-03 17:46:35,206 - root - INFO - count, count_true: 91276, 54918
2024-07-03 17:48:03,694 - root - INFO - count, count_true: 91276, 54020
2024-07-03 17:48:07,649 - root - INFO - count, count_true: 91276, 58648
2024-07-03 17:50:15,257 - root - INFO - count, count_true: 96197, 2742
2024-07-03 17:50:15,619 - root - INFO - count, count_true: 97781, 2756
2024-07-03 17:50:17,708 - root - INFO - count, count_true: 99974, 2824
2024-07-03 17:50:18,062 - root - INFO - count, count_true: 97979, 2743
2024-07-03 17:50:18,062 - root - INFO - count, count_true: 100658, 2850
2024-07-03 17:51:02,905 - root - INFO - count, count_true: 94871, 2719
2024-07-03 17:51:03,113 - root - INFO - count, count_true: 94714, 2697
2024-07-03 17:51:04,764 - root - INFO - count, count_true: 94043, 2680
2024-07-03 17:51:05,535 - root - INFO - count, count_true: 92040, 2649
2024-07-03 17:51:05,596 - root - INFO - count, count_true: 93090, 2670
2024-07-03 17:51:50,240 - root - INFO - count, count_true: 91270, 2635
2024-07-03 17:51:51,722 - root - INFO - count, count_true: 91270, 2635
2024-07-03 17:51:51,868 - root - INFO - count, count_true: 91270, 2635
2024-07-03 17:51:52,698 - root - INFO - count, count_true: 91270, 2635
