2024-07-04 08:46:10,212 - root - INFO - City: Nanjing
2024-07-04 08:46:10,212 - root - INFO - Parking fee: 20
2024-07-04 08:47:15,039 - root - INFO - Year: 2019, Month: 6
2024-07-04 08:49:19,166 - root - INFO - count, count_true: 123554, 6587
2024-07-04 08:49:19,166 - root - INFO - len args: 130711, missing rate: 0.05475438180413278
2024-07-04 08:49:19,857 - root - INFO - count, count_true: 128732, 14618
2024-07-04 08:49:19,858 - root - INFO - len args: 135777, missing rate: 0.051886549268285495
2024-07-04 08:49:20,488 - root - INFO - count, count_true: 137614, 28222
2024-07-04 08:49:20,489 - root - INFO - len args: 144912, missing rate: 0.05036159876338744
2024-07-04 08:49:20,490 - root - INFO - count, count_true: 126005, 14376
2024-07-04 08:49:20,492 - root - INFO - len args: 133017, missing rate: 0.052715066495260005
2024-07-04 08:49:20,883 - root - INFO - count, count_true: 131897, 14812
2024-07-04 08:49:20,884 - root - INFO - len args: 139031, missing rate: 0.05131229725744618
2024-07-04 08:49:21,025 - root - INFO - count, count_true: 135281, 15215
2024-07-04 08:49:21,026 - root - INFO - len args: 142478, missing rate: 0.05051306166566066
2024-07-04 08:49:22,482 - root - INFO - count, count_true: 140665, 48269
2024-07-04 08:49:22,483 - root - INFO - len args: 147934, missing rate: 0.04913677721145916
2024-07-04 08:49:23,809 - root - INFO - count, count_true: 143379, 49128
2024-07-04 08:49:23,810 - root - INFO - len args: 150694, missing rate: 0.04854207864944855
2024-07-04 08:51:04,117 - root - INFO - count, count_true: 123554, 14259
2024-07-04 08:51:04,118 - root - INFO - len args: 130711, missing rate: 0.05475438180413278
2024-07-04 08:51:09,484 - root - INFO - count, count_true: 137614, 47400
2024-07-04 08:51:09,485 - root - INFO - len args: 144912, missing rate: 0.05036159876338744
2024-07-04 08:51:09,790 - root - INFO - count, count_true: 146219, 73542
2024-07-04 08:51:09,791 - root - INFO - len args: 153571, missing rate: 0.04787362197289853
2024-07-04 08:51:10,034 - root - INFO - count, count_true: 135281, 23107
2024-07-04 08:51:10,035 - root - INFO - len args: 142478, missing rate: 0.05051306166566066
2024-07-04 08:51:12,108 - root - INFO - count, count_true: 148705, 80801
2024-07-04 08:51:12,109 - root - INFO - len args: 156111, missing rate: 0.047440603160571644
2024-07-04 08:51:13,909 - root - INFO - count, count_true: 151282, 82318
2024-07-04 08:51:13,909 - root - INFO - len args: 158813, missing rate: 0.04742055121432125
2024-07-04 08:51:19,586 - root - INFO - count, count_true: 151282, 82318
2024-07-04 08:51:19,587 - root - INFO - len args: 158813, missing rate: 0.04742055121432125
2024-07-04 08:51:22,681 - root - INFO - count, count_true: 143379, 55113
2024-07-04 08:51:22,681 - root - INFO - len args: 150694, missing rate: 0.04854207864944855
2024-07-04 08:53:06,104 - root - INFO - count, count_true: 151282, 86528
2024-07-04 08:53:06,104 - root - INFO - len args: 158813, missing rate: 0.04742055121432125
2024-07-04 08:53:06,554 - root - INFO - count, count_true: 135281, 27847
2024-07-04 08:53:06,555 - root - INFO - len args: 142478, missing rate: 0.05051306166566066
2024-07-04 08:53:12,488 - root - INFO - count, count_true: 151282, 94366
2024-07-04 08:53:12,488 - root - INFO - len args: 158813, missing rate: 0.04742055121432125
2024-07-04 08:53:15,096 - root - INFO - count, count_true: 146219, 79309
2024-07-04 08:53:15,097 - root - INFO - len args: 153571, missing rate: 0.04787362197289853
2024-07-04 08:55:33,876 - root - INFO - count, count_true: 151282, 88863
2024-07-04 08:55:33,877 - root - INFO - len args: 158813, missing rate: 0.04742055121432125
2024-07-04 08:55:43,061 - root - INFO - count, count_true: 151282, 94366
2024-07-04 08:55:43,061 - root - INFO - len args: 158813, missing rate: 0.04742055121432125
2024-07-04 08:57:37,767 - root - INFO - Factual data collection finished, {2010: {'(1, 2, 3, 4, 5)': {'traffic_num': [319901.4390715867, 1543298.329175749, 6465448.784636092, 4185497.113915257], 'traffic_ratio': [0.025563186460288545, 0.12332430597082454, 0.5166512326758025, 0.3344612748930845], 'carbon': 16790759460.247967, 'subway_distribution': {'地铁1号线(中国药科大学--八卦洲大桥南)': 106812.65959016276, '地铁1号线(八卦洲大桥南--中国药科大学)': 213088.77948142466}, 'fuel_car_distance': 69196222000.61244, 'elec_car_distance': 107042593034.3043, 'subway_mileage': 2504262978.189255}, '(6, 7, 8, 9, 10, 11, 12)': {'traffic_num': [810878.5100498776, 1457925.071115472, 6238297.421279389, 4007044.6643538917], 'traffic_ratio': [0.06479695311532334, 0.11650216562393895, 0.49849966488965053, 0.3202012163710872], 'carbon': 16350410829.394293, 'subway_distribution': {'地铁2号线(鱼嘴--经天路)': 486455.6338604856, '地铁1号线(中国药科大学--八卦洲大桥南)': 167572.87632325132, '地铁1号线(八卦洲大桥南--中国药科大学)': 306383.2640318549, '地铁2号线(经天路--鱼嘴)': 30185.27747975306}, 'fuel_car_distance': 67247820140.971954, 'elec_car_distance': 104547887409.12285, 'subway_mileage': 6997192064.69732}}, 2011: {'(1, 2, 3, 4, 5, 6, 7, 8, 9, 10, 11, 12)': {'traffic_num': [834738.6479746557, 1499449.9376880496, 6454109.251114106, 4111004.94848739], 'traffic_ratio': [0.06471191985106649, 0.11624271192401026, 0.5003455891032419, 0.31869977912168135], 'carbon': 16997128645.141691, 'subway_distribution': {'地铁2号线(鱼嘴--经天路)': 502422.4989460522, '地铁1号线(中国药科大学--八卦洲大桥南)': 172103.3717942627, '地铁1号线(八卦洲大桥南--中国药科大学)': 312840.7628431736, '地铁2号线(经天路--鱼嘴)': 31555.99143108881}, 'fuel_car_distance': 69803822419.08662, 'elec_car_distance': 108926032627.27563, 'subway_mileage': 7199934051.390952}}, 2012: {'(1, 2, 3, 4, 5, 6, 7, 8, 9, 10, 11, 12)': {'traffic_num': [856187.0111280215, 1550457.117087299, 6707889.945992378, 4215589.816969566], 'traffic_ratio': [0.06422948639619931, 0.11631228109691401, 0.5032128733951297, 0.31624535911175705], 'carbon': 17806255820.11377, 'subway_distribution': {'地铁2号线(鱼嘴--经天路)': 516152.119078902, '地铁1号线(中国药科大学--八卦洲大桥南)': 175535.52508096132, '地铁1号线(八卦洲大桥南--中国药科大学)': 321150.63625819073, '地铁2号线(经天路--鱼嘴)': 32217.86707810465}, 'fuel_car_distance': 73003270106.36751, 'elec_car_distance': 114400008053.008, 'subway_mileage': 7381929026.333129}}, 2013: {'(1, 2, 3, 4, 5, 6, 7, 8, 9, 10, 11, 12)': {'traffic_num': [872717.879701495, 1583311.272941731, 6911459.107826328, 4329949.081175751], 'traffic_ratio': [0.06371395305077308, 0.11559178797101526, 0.5045804507397104, 0.3161138082385013], 'carbon': 18362091047.709633, 'subway_distribution': {'地铁2号线(鱼嘴--经天路)': 525782.444230913, '地铁1号线(中国药科大学--八卦洲大桥南)': 179678.9958507856, '地铁1号线(八卦洲大桥南--中国药科大学)': 327334.3116209094, '地铁2号线(经天路--鱼嘴)': 32483.24322398584}, 'fuel_car_distance': 75230588995.18442, 'elec_car_distance': 118091567280.81578, 'subway_mileage': 7508967766.516045}}, 2014: {'(1, 2, 3, 4, 5, 6, 7)': {'traffic_num': [900173.4652375577, 1625299.7815822947, 7100543.51559234, 4447287.734575004], 'traffic_ratio': [0.0639631911204839, 0.1154881415328033, 0.5045398909056803, 0.3160087764410325], 'carbon': 18880983681.931362, 'subway_distribution': {'地铁2号线(鱼嘴--经天路)': 543988.7261875056, '地铁1号线(中国药科大学--八卦洲大桥南)': 184548.54477901218, '地铁1号线(八卦洲大桥南--中国药科大学)': 335929.85557641956, '地铁2号线(经天路--鱼嘴)': 34155.17430460464}, 'fuel_car_distance': 77379947671.4581, 'elec_car_distance': 121373939868.93556, 'subway_mileage': 7772622068.474599}, '(8,)': {'traffic_num': [1007478.1276429913, 1610550.3616321064, 7030697.970720033, 4424578.036992104], 'traffic_ratio': [0.07158788668707258, 0.11444009912362, 0.4995769097602586, 0.3143951044290488], 'carbon': 18725410079.285027, 'subway_distribution': {'地铁10号线(雨山路--安德门)': 87081.26221532951, '地铁2号线(鱼嘴--经天路)': 578426.3263801141, '地铁1号线(中国药科大学--八卦洲大桥南)': 211871.4726790159, '地铁2号线(经天路--鱼嘴)': 40661.42926326311, '地铁1号线(八卦洲大桥南--中国药科大学)': 357163.8382055675, '地铁10号线(安德门--雨山路)': 6490.69168230174, '地铁S1号线(机场线)(空港新城江宁--南京南站)': 5455.204644488254, '地铁S1号线(机场线)(南京南站--空港新城江宁)': 22118.52972734082}, 'fuel_car_distance': 76713479147.6639, 'elec_car_distance': 120441379119.80914, 'subway_mileage': 9647575772.491205}, '(9, 10, 11, 12)': {'traffic_num': [1036434.2890667829, 1606275.949100258, 7011964.740214661, 4418629.518605496], 'traffic_ratio': [0.07364541066305089, 0.1141363742569578, 0.4982457916487046, 0.31397242343128673], 'carbon': 18685491919.490463, 'subway_distribution': {'地铁10号线(雨山路--安德门)': 86715.89837317404, '地铁2号线(鱼嘴--经天路)': 576196.0245188676, '地铁1号线(中国药科大学--八卦洲大桥南)': 210927.52747515723, '地铁2号线(经天路--鱼嘴)': 40294.81490107048, '地铁1号线(八卦洲大桥南--中国药科大学)': 355027.41276928416, '地铁10号线(安德门--雨山路)': 6468.600538426165, '地铁S8号线(宁天线)(长江大桥北--金牛湖)': 30022.357304419722, '地铁S1号线(机场线)(空港新城江宁--南京南站)': 5419.065769169487, '地铁S1号线(机场线)(南京南站--空港新城江宁)': 21990.74188271235, '地铁S8号线(宁天线)(金牛湖--长江大桥北)': 4148.439105979784}, 'fuel_car_distance': 76503296485.26117, 'elec_car_distance': 120293688249.93562, 'subway_mileage': 9964029387.63663}}, 2015: {'(1, 2, 3, 4)': {'traffic_num': [1063546.4210976993, 1654253.1560999847, 7308372.4939375585, 4525828.323712596], 'traffic_ratio': [0.07308592579988178, 0.1136787459602926, 0.5022245942575085, 0.3110107339823172], 'carbon': 19596624864.76289, 'subway_distribution': {'地铁10号线(雨山路--安德门)': 88859.78718025392, '地铁2号线(鱼嘴--经天路)': 590432.4709677652, '地铁1号线(中国药科大学--八卦洲大桥南)': 216018.3239119114, '地铁1号线(八卦洲大桥南--中国药科大学)': 364641.98620733956, '地铁2号线(经天路--鱼嘴)': 41201.23250225508, '地铁10号线(安德门--雨山路)': 6776.479952734671, '地铁S8号线(宁天线)(长江大桥北--金牛湖)': 31668.322201187737, '地铁S1号线(机场线)(空港新城江宁--南京南站)': 5697.027057463183, '地铁S1号线(机场线)(南京南站--空港新城江宁)': 22637.409587649574, '地铁S8号线(宁天线)(金牛湖--长江大桥北)': 4353.328371350849}, 'fuel_car_distance': 80178402744.68053, 'elec_car_distance': 126288706792.63055, 'subway_mileage': 10239876301.105389}, '(5, 6, 7, 8, 9, 10, 11, 12)': {'traffic_num': [1594534.779646781, 1591580.0246691848, 6948430.197144234, 4417455.393387704], 'traffic_ratio': [0.10957495439673859, 0.10937190636915317, 0.477489692730101, 0.3035634465040073], 'carbon': 18708442208.989983, 'subway_distribution': {'地铁10号线(雨山路--安德门)': 94896.98972468509, '地铁2号线(鱼嘴--经天路)': 699105.7040625686, '地铁3号线(林场--秣周东路)': 476330.4242560686, '地铁1号线(中国药科大学--八卦洲大桥南)': 203726.97831349008, '地铁1号线(八卦洲大桥南--中国药科大学)': 378427.6119721976, '地铁2号线(经天路--鱼嘴)': 71188.37425882909, '地铁10号线(安德门--雨山路)': 7709.680248368961, '地铁3号线(秣周东路--林场)': 168142.82073789937, '地铁S8号线(宁天线)(长江大桥北--金牛湖)': 59395.89939296292, '地铁S1号线(机场线)(空港新城江宁--南京南站)': 9549.191163081254, '地铁S1号线(机场线)(南京南站--空港新城江宁)': 28377.74499652472, '地铁S8号线(宁天线)(金牛湖--长江大桥北)': 48450.55709652703}, 'fuel_car_distance': 76369686915.38943, 'elec_car_distance': 120973504331.58485, 'subway_mileage': 18688227115.02651}}, 2016: {'(1, 2, 3, 4, 5, 6, 7, 8, 9, 10, 11, 12)': {'traffic_num': [1643680.761225373, 1637611.860238469, 7160527.289364211, 4529118.586308919], 'traffic_ratio': [0.10979143101414175, 0.10938605222055012, 0.47829515101765885, 0.3025273657476492], 'carbon': 19350814948.05888, 'subway_distribution': {'地铁10号线(雨山路--安德门)': 99170.28650171372, '地铁2号线(鱼嘴--经天路)': 719528.0590741019, '地铁3号线(林场--秣周东路)': 490246.95252812246, '地铁1号线(中国药科大学--八卦洲大桥南)': 210155.2251937027, '地铁1号线(八卦洲大桥南--中国药科大学)': 389403.6326970548, '地铁2号线(经天路--鱼嘴)': 73357.5297041991, '地铁10号线(安德门--雨山路)': 7954.973370492196, '地铁3号线(秣周东路--林场)': 173590.89333788643, '地铁S8号线(宁天线)(长江大桥北--金牛湖)': 62611.59164085126, '地铁S1号线(机场线)(空港新城江宁--南京南站)': 10017.265330580485, '地铁S1号线(机场线)(南京南站--空港新城江宁)': 29423.474269386643, '地铁S8号线(宁天线)(金牛湖--长江大桥北)': 50431.95168142661}, 'fuel_car_distance': 78943727964.374, 'elec_car_distance': 125239909645.60829, 'subway_mileage': 19322020658.605946}}, 2017: {'(1,)': {'traffic_num': [1690376.0785671105, 1680818.9872326835, 7384963.017494926, 4642429.613796285], 'traffic_ratio': [0.1097747476469186, 0.10915410038221961, 0.47958703504283334, 0.30148411692802846], 'carbon': 20022801610.255943, 'subway_distribution': {'地铁10号线(雨山路--安德门)': 102111.23197222405, '地铁2号线(鱼嘴--经天路)': 739874.9029899471, '地铁3号线(林场--秣周东路)': 504709.86460834503, '地铁1号线(中国药科大学--八卦洲大桥南)': 215168.44289518264, '地铁2号线(经天路--鱼嘴)': 75772.92187810244, '地铁1号线(八卦洲大桥南--中国药科大学)': 399524.2238774495, '地铁10号线(安德门--雨山路)': 8080.059366097341, '地铁3号线(秣周东路--林场)': 178962.21310808483, '地铁S8号线(宁天线)(长江大桥北--金牛湖)': 64962.08461508438, '地铁S1号线(机场线)(空港新城江宁--南京南站)': 10427.636929972787, '地铁S1号线(机场线)(南京南站--空港新城江宁)': 30539.797556307552, '地铁S8号线(宁天线)(金牛湖--长江大桥北)': 52158.05603779151}, 'fuel_car_distance': 81659501213.06174, 'elec_car_distance': 129649069958.31161, 'subway_mileage': 19919805349.70386}, '(2, 3, 4, 5, 6, 7, 8, 9, 10, 11, 12)': {'traffic_num': [1911186.9087753096, 1635577.7209070001, 7276986.969540342, 4574836.09786839], 'traffic_ratio': [0.1241144283080164, 0.1062160863762836, 0.472574960294251, 0.2970945250214489], 'carbon': 19813502208.05065, 'subway_distribution': {'地铁10号线(雨山路--安德门)': 104186.20165903836, '地铁2号线(鱼嘴--经天路)': 771969.6412101985, '地铁3号线(林场--秣周东路)': 531567.7911239396, '地铁4号线(龙江--仙林湖)': 229267.77008620283, '地铁1号线(中国药科大学--八卦洲大桥南)': 261839.49035035472, '地铁2号线(经天路--鱼嘴)': 88831.1688504064, '地铁1号线(八卦洲大桥南--中国药科大学)': 429429.63361186796, '地铁10号线(安德门--雨山路)': 7883.094677201955, '地铁3号线(秣周东路--林场)': 196443.25502479426, '地铁S8号线(宁天线)(长江大桥北--金牛湖)': 66201.76601484932, '地铁4号线(仙林湖--龙江)': 25068.468928419177, '地铁S1号线(机场线)(空港新城江宁--南京南站)': 10777.84395014205, '地铁S1号线(机场线)(南京南站--空港新城江宁)': 30956.98318956497, '地铁S8号线(宁天线)(金牛湖--长江大桥北)': 53776.35919920059}, 'fuel_car_distance': 80722604495.93552, 'elec_car_distance': 128488609337.88672, 'subway_mileage': 22305019435.364403}}, 2018: {'(1, 2, 3, 4, 5)': {'traffic_num': [2046556.5900202359, 1669236.52952895, 7428062.817854193, 4671710.633323905], 'traffic_ratio': [0.12940140847107978, 0.10554389702475196, 0.46966782913756916, 0.295386865366599], 'carbon': 20196118433.04131, 'subway_distribution': {'地铁S3号线(宁和线)(高家冲--南京南站)': 93435.31729176844, '地铁2号线(鱼嘴--经天路)': 791197.8622172889, '地铁1号线(中国药科大学--八卦洲大桥南)': 268854.84930558124, '地铁10号线(雨山路--安德门)': 103814.68265501605, '地铁3号线(林场--秣周东路)': 553720.3223534137, '地铁4号线(龙江--仙林湖)': 235045.31446606087, '地铁3号线(秣周东路--林场)': 223083.13808200049, '地铁2号线(经天路--鱼嘴)': 100288.28706695177, '地铁1号线(八卦洲大桥南--中国药科大学)': 444634.36593620776, '地铁S1号线(机场线)(南京南站--空港新城江宁)': 57859.154380770466, '地铁10号线(安德门--雨山路)': 8171.985407347947, '地铁S3号线(宁和线)(南京南站--高家冲)': 9361.223814361174, '地铁S9号线(宁高线)(翔宇路南--高淳)': 22403.71529253229, '地铁S8号线(宁天线)(长江大桥北--金牛湖)': 68181.21023376574, '地铁4号线(仙林湖--龙江)': 25602.83942409212, '地铁S1号线(机场线)(空港新城江宁--南京南站)': 12201.833011092967, '地铁S8号线(宁天线)(金牛湖--长江大桥北)': 55253.45461459974, '地铁S9号线(宁高线)(高淳--翔宇路南)': 2477.1434201017246}, 'fuel_car_distance': 82408031155.45891, 'elec_car_distance': 130673843621.69772, 'subway_mileage': 25646082028.52687}, '(6, 7, 8, 9, 10, 11, 12)': {'traffic_num': [2061063.879870963, 1668349.1724188223, 7415940.405825769, 4670213.112611731], 'traffic_ratio': [0.13031868764573662, 0.10548779045998494, 0.46890134303198366, 0.2952921788622947], 'carbon': 20148211523.866226, 'subway_distribution': {'地铁S3号线(宁和线)(高家冲--南京南站)': 94077.1727474214, '地铁2号线(鱼嘴--经天路)': 791470.4091621012, '地铁1号线(中国药科大学--八卦洲大桥南)': 268983.5354158041, '地铁10号线(雨山路--安德门)': 103881.97016539684, '地铁3号线(林场--秣周东路)': 556308.691416955, '地铁4号线(龙江--仙林湖)': 235075.4240838114, '地铁3号线(秣周东路--林场)': 223078.74841266856, '地铁2号线(经天路--鱼嘴)': 101198.98342721722, '地铁1号线(八卦洲大桥南--中国药科大学)': 447109.09069823107, '地铁S1号线(机场线)(南京南站--空港新城江宁)': 68697.28634620208, '地铁10号线(安德门--雨山路)': 8170.664992856171, '地铁S3号线(宁和线)(南京南站--高家冲)': 9359.297072177116, '地铁S9号线(宁高线)(翔宇路南--高淳)': 22359.92348182671, '地铁S8号线(宁天线)(长江大桥北--金牛湖)': 68143.33871929806, '地铁S7号线(宁溧线)(空港新城江宁--无想山)': 15402.169731889004, '地铁4号线(仙林湖--龙江)': 25679.186904750575, '地铁S1号线(机场线)(空港新城江宁--南京南站)': 12184.173257572962, '地铁S8号线(宁天线)(金牛湖--长江大桥北)': 55255.651450250116, '地铁S9号线(宁高线)(高淳--翔宇路南)': 2952.5905366489396, '地铁S7号线(宁溧线)(无想山--空港新城江宁)': 1175.467968309238}, 'fuel_car_distance': 82221464173.04884, 'elec_car_distance': 130343038274.84698, 'subway_mileage': 26343967189.695534}}, 2019: {'(1, 2, 3, 4, 5, 6, 7, 8, 9, 10, 11, 12)': {'traffic_num': [2111990.099115371, 1706676.940022038, 7640655.655989516, 4778623.215608166], 'traffic_ratio': [0.1300651024905256, 0.10510423851663003, 0.47054323853475777, 0.29428742045808665], 'carbon': 20815204679.07006, 'subway_distribution': {'地铁S3号线(宁和线)(高家冲--南京南站)': 95677.05239551682, '地铁2号线(鱼嘴--经天路)': 809904.5602528917, '地铁1号线(中国药科大学--八卦洲大桥南)': 275879.21723762143, '地铁10号线(雨山路--安德门)': 106015.15122669573, '地铁3号线(林场--秣周东路)': 570439.8475883518, '地铁4号线(龙江--仙林湖)': 242336.22598248863, '地铁3号线(秣周东路--林场)': 228352.9440872013, '地铁2号线(经天路--鱼嘴)': 103704.22499188561, '地铁1号线(八卦洲大桥南--中国药科大学)': 458899.64334072784, '地铁S1号线(机场线)(南京南站--空港新城江宁)': 71057.63656726533, '地铁10号线(安德门--雨山路)': 8424.460771027305, '地铁S3号线(宁和线)(南京南站--高家冲)': 9524.074345186486, '地铁S9号线(宁高线)(翔宇路南--高淳)': 23123.230475519013, '地铁S8号线(宁天线)(长江大桥北--金牛湖)': 69404.91808376301, '地铁S7号线(宁溧线)(空港新城江宁--无想山)': 16023.056199517448, '地铁4号线(仙林湖--龙江)': 26597.20052949659, '地铁S1号线(机场线)(空港新城江宁--南京南站)': 12714.8852570518, '地铁S8号线(宁天线)(金牛湖--长江大桥北)': 56421.30788143895, '地铁S9号线(宁高线)(高淳--翔宇路南)': 3105.559054827513, '地铁S7号线(宁溧线)(无想山--空港新城江宁)': 1261.0711082144003}, 'fuel_car_distance': 84910838312.09622, 'elec_car_distance': 134733972632.81546, 'subway_mileage': 27029057980.367348}}, 2020: {'(1, 2, 3, 4, 5, 6, 7, 8, 9, 10, 11, 12)': {'traffic_num': [2164346.73853369, 1747752.1287742262, 7852921.094321304, 4889000.600168735], 'traffic_ratio': [0.12995941313405157, 0.10494475627004632, 0.4715330490425136, 0.2935627815533886], 'carbon': 21438354720.029167, 'subway_distribution': {'地铁S3号线(宁和线)(高家冲--南京南站)': 98327.18718606445, '地铁2号线(鱼嘴--经天路)': 829454.4353382989, '地铁1号线(中国药科大学--八卦洲大桥南)': 282442.3324884138, '地铁10号线(雨山路--安德门)': 108779.22949484487, '地铁3号线(林场--秣周东路)': 584679.6388207152, '地铁4号线(龙江--仙林湖)': 247919.24275800143, '地铁3号线(秣周东路--林场)': 233998.5943554282, '地铁2号线(经天路--鱼嘴)': 106392.4258076034, '地铁1号线(八卦洲大桥南--中国药科大学)': 470229.17954697204, '地铁S1号线(机场线)(南京南站--空港新城江宁)': 73333.62308031025, '地铁10号线(安德门--雨山路)': 8632.15054541244, '地铁S3号线(宁和线)(南京南站--高家冲)': 9755.923519725171, '地铁S9号线(宁高线)(翔宇路南--高淳)': 23857.515556748418, '地铁S8号线(宁天线)(长江大桥北--金牛湖)': 71691.97158206247, '地铁S7号线(宁溧线)(空港新城江宁--无想山)': 16516.322307232123, '地铁4号线(仙林湖--龙江)': 27147.553385412484, '地铁S1号线(机场线)(空港新城江宁--南京南站)': 13173.067944892498, '地铁S8号线(宁天线)(金牛湖--长江大桥北)': 58005.062168043514, '地铁S9号线(宁高线)(高淳--翔宇路南)': 3208.0368103554606, '地铁S7号线(宁溧线)(无想山--空港新城江宁)': 1292.1179821945195}, 'fuel_car_distance': 87414163591.29373, 'elec_car_distance': 138857952305.44727, 'subway_mileage': 27745638398.944435}}, 2021: {'(1, 2, 3, 4, 5, 6, 7, 8, 9, 10, 11, 12)': {'traffic_num': [2164346.73853369, 1747752.1287742262, 7852921.094321304, 4889000.600168735], 'traffic_ratio': [0.12995941313405157, 0.10494475627004632, 0.4715330490425136, 0.2935627815533886], 'carbon': 21438354720.029167, 'subway_distribution': {'地铁S3号线(宁和线)(高家冲--南京南站)': 98327.18718606445, '地铁2号线(鱼嘴--经天路)': 829454.4353382989, '地铁1号线(中国药科大学--八卦洲大桥南)': 282442.3324884138, '地铁10号线(雨山路--安德门)': 108779.22949484487, '地铁3号线(林场--秣周东路)': 584679.6388207152, '地铁4号线(龙江--仙林湖)': 247919.24275800143, '地铁3号线(秣周东路--林场)': 233998.5943554282, '地铁2号线(经天路--鱼嘴)': 106392.4258076034, '地铁1号线(八卦洲大桥南--中国药科大学)': 470229.17954697204, '地铁S1号线(机场线)(南京南站--空港新城江宁)': 73333.62308031025, '地铁10号线(安德门--雨山路)': 8632.15054541244, '地铁S3号线(宁和线)(南京南站--高家冲)': 9755.923519725171, '地铁S9号线(宁高线)(翔宇路南--高淳)': 23857.515556748418, '地铁S8号线(宁天线)(长江大桥北--金牛湖)': 71691.97158206247, '地铁S7号线(宁溧线)(空港新城江宁--无想山)': 16516.322307232123, '地铁4号线(仙林湖--龙江)': 27147.553385412484, '地铁S1号线(机场线)(空港新城江宁--南京南站)': 13173.067944892498, '地铁S8号线(宁天线)(金牛湖--长江大桥北)': 58005.062168043514, '地铁S9号线(宁高线)(高淳--翔宇路南)': 3208.0368103554606, '地铁S7号线(宁溧线)(无想山--空港新城江宁)': 1292.1179821945195}, 'fuel_car_distance': 87414163591.29373, 'elec_car_distance': 138857952305.44727, 'subway_mileage': 27745638398.944435}}, 2022: {'(1, 2, 3, 4, 5, 6, 7, 8, 9)': {'traffic_num': [2217948.436988699, 1743179.7759344785, 7811680.449117283, 4881211.899757489], 'traffic_ratio': [0.13317795716407183, 0.1046702067807635, 0.46905673138390447, 0.2930951046712601], 'carbon': 21337737017.655468, 'subway_distribution': {'地铁S3号线(宁和线)(高家冲--南京南站)': 95182.32769530911, '地铁2号线(鱼嘴--经天路)': 875306.9455056014, '地铁1号线(中国药科大学--八卦洲大桥南)': 286062.52965082176, '地铁10号线(雨山路--安德门)': 110304.86329717793, '地铁3号线(林场--秣周东路)': 586230.8164453463, '地铁4号线(龙江--仙林湖)': 249665.87200342215, '地铁3号线(秣周东路--林场)': 236391.90600674387, '地铁2号线(经天路--鱼嘴)': 112684.98068108811, '地铁1号线(八卦洲大桥南--中国药科大学)': 474080.1714679645, '地铁S1号线(机场线)(南京南站--空港新城江宁)': 73441.98060207692, '地铁10号线(安德门--雨山路)': 9036.426712035365, '地铁S3号线(宁和线)(南京南站--高家冲)': 9677.903508159377, '地铁S9号线(宁高线)(翔宇路南--高淳)': 23874.433371787265, '地铁S8号线(宁天线)(长江大桥北--金牛湖)': 71826.60128996852, '地铁S7号线(宁溧线)(空港新城江宁--无想山)': 16525.690719224127, '地铁4号线(仙林湖--龙江)': 27348.723138573405, '地铁S1号线(机场线)(空港新城江宁--南京南站)': 13188.457517029325, '地铁S8号线(宁天线)(金牛湖--长江大桥北)': 58035.05828676738, '地铁S6号线(宁句线)(马群--句容)': 45149.25710034637, '地铁S9号线(宁高线)(高淳--翔宇路南)': 3209.161858056834, '地铁S6号线(宁句线)(句容--马群)': 1071.392340353319, '地铁S7号线(宁溧线)(无想山--空港新城江宁)': 1294.651718858047}, 'fuel_car_distance': 86950487550.22157, 'elec_car_distance': 138331117318.9977, 'subway_mileage': 28882122199.291664}, '(10, 11, 12)': {'traffic_num': [2230049.3323339494, 1741001.3993041522, 7802626.310861573, 4880343.519298293], 'traffic_ratio': [0.1339045622082019, 0.10453940493491223, 0.4685130705770668, 0.2930429622798191], 'carbon': 21312197856.34489, 'subway_distribution': {'地铁S3号线(宁和线)(高家冲--南京南站)': 95173.54589550915, '地铁2号线(鱼嘴--经天路)': 874836.4441098246, '地铁1号线(中国药科大学--八卦洲大桥南)': 285452.65358910995, '地铁10号线(雨山路--安德门)': 110295.817958098, '地铁3号线(林场--秣周东路)': 587246.4920979071, '地铁4号线(龙江--仙林湖)': 248657.41672159094, '地铁3号线(秣周东路--林场)': 232526.58601039115, '地铁2号线(经天路--鱼嘴)': 112591.18109247058, '地铁1号线(八卦洲大桥南--中国药科大学)': 473785.88119952485, '地铁S1号线(机场线)(南京南站--空港新城江宁)': 73447.47285368573, '地铁10号线(安德门--雨山路)': 9006.403068681171, '地铁S3号线(宁和线)(南京南站--高家冲)': 9706.464820847359, '地铁S9号线(宁高线)(翔宇路南--高淳)': 23876.31593628618, '地铁S8号线(宁天线)(长江大桥北--金牛湖)': 84539.83610027192, '地铁S8号线(宁天线)(金牛湖--长江大桥北)': 63096.20113667713, '地铁S7号线(宁溧线)(空港新城江宁--无想山)': 16523.792955177323, '地铁4号线(仙林湖--龙江)': 27019.854130997534, '地铁S1号线(机场线)(空港新城江宁--南京南站)': 13185.36135880423, '地铁S6号线(宁句线)(马群--句容)': 45144.029413713724, '地铁S9号线(宁高线)(高淳--翔宇路南)': 3208.735403440017, '地铁S6号线(宁句线)(句容--马群)': 1070.9375318545383, '地铁S7号线(宁溧线)(无想山--空港新城江宁)': 1293.9530830058688}, 'fuel_car_distance': 86837769998.25256, 'elec_car_distance': 138185763904.90582, 'subway_mileage': 29094738530.342472}}, 2023: {'(1, 2, 3, 4, 5, 6)': {'traffic_num': [2415524.254175636, 1712072.898026878, 7689195.361437991, 4837228.0481574545], 'traffic_ratio': [0.14504150785765918, 0.10280237685992406, 0.4617020456355117, 0.2904540696469051], 'carbon': 21065629820.541603, 'subway_distribution': {'地铁S3号线(宁和线)(高家冲--南京南站)': 95966.22024400369, '地铁2号线(鱼嘴--经天路)': 905788.5685598684, '地铁1号线(中国药科大学--八卦洲大桥南)': 386560.640838057, '地铁10号线(雨山路--安德门)': 112187.43022630608, '地铁3号线(林场--秣周东路)': 613261.5363518737, '地铁4号线(龙江--仙林湖)': 254482.60438816014, '地铁3号线(秣周东路--林场)': 241995.14357045607, '地铁2号线(经天路--鱼嘴)': 119051.53169904962, '地铁1号线(八卦洲大桥南--中国药科大学)': 509066.24324559007, '地铁7号线(仙新路--幕府西路)': 21685.720795589365, '地铁S1号线(机场线)(南京南站--空港新城江宁)': 74009.23755157828, '地铁10号线(安德门--雨山路)': 8907.46855893555, '地铁S3号线(宁和线)(南京南站--高家冲)': 9754.08494717707, '地铁S9号线(宁高线)(翔宇路南--高淳)': 24084.87694532237, '地铁S8号线(宁天线)(长江大桥北--金牛湖)': 84467.69571007273, '地铁S8号线(宁天线)(金牛湖--长江大桥北)': 65611.82483632637, '地铁7号线(幕府西路--仙新路)': 111964.30923806418, '地铁S7号线(宁溧线)(空港新城江宁--无想山)': 16658.77498469094, '地铁4号线(仙林湖--龙江)': 28686.578775392954, '地铁S1号线(机场线)(空港新城江宁--南京南站)': 13568.50886507911, '地铁S6号线(宁句线)(马群--句容)': 45608.02368501858, '地铁S9号线(宁高线)(高淳--翔宇路南)': 3216.1410880852495, '地铁S6号线(宁句线)(句容--马群)': 1073.6446140192709, '地铁S7号线(宁溧线)(无想山--空港新城江宁)': 1295.9635455209257}, 'fuel_car_distance': 85709068969.51103, 'elec_car_distance': 136877063322.64787, 'subway_mileage': 31554796154.056583}, '(7, 8, 9, 10, 11, 12)': {'traffic_num': [2415524.254175636, 1712072.898026878, 7689195.361437991, 4837228.0481574545], 'traffic_ratio': [0.14504150785765918, 0.10280237685992406, 0.4617020456355117, 0.2904540696469051], 'carbon': 21065629820.541603, 'subway_distribution': {'地铁S3号线(宁和线)(高家冲--南京南站)': 95966.22024400369, '地铁2号线(鱼嘴--经天路)': 905788.5685598684, '地铁1号线(中国药科大学--八卦洲大桥南)': 386560.640838057, '地铁10号线(雨山路--安德门)': 112187.43022630608, '地铁3号线(林场--秣周东路)': 613261.5363518737, '地铁4号线(龙江--仙林湖)': 254482.60438816014, '地铁3号线(秣周东路--林场)': 241995.14357045607, '地铁2号线(经天路--鱼嘴)': 119051.53169904962, '地铁1号线(八卦洲大桥南--中国药科大学)': 509066.24324559007, '地铁7号线(仙新路--幕府西路)': 21685.720795589365, '地铁S1号线(机场线)(南京南站--空港新城江宁)': 74009.23755157828, '地铁10号线(安德门--雨山路)': 8907.46855893555, '地铁S3号线(宁和线)(南京南站--高家冲)': 9754.08494717707, '地铁S9号线(宁高线)(翔宇路南--高淳)': 24084.87694532237, '地铁S8号线(宁天线)(长江大桥北--金牛湖)': 84467.69571007273, '地铁S8号线(宁天线)(金牛湖--长江大桥北)': 65611.82483632637, '地铁7号线(幕府西路--仙新路)': 111964.30923806418, '地铁S7号线(宁溧线)(空港新城江宁--无想山)': 16658.77498469094, '地铁4号线(仙林湖--龙江)': 28686.578775392954, '地铁S1号线(机场线)(空港新城江宁--南京南站)': 13568.50886507911, '地铁S6号线(宁句线)(马群--句容)': 45608.02368501858, '地铁S9号线(宁高线)(高淳--翔宇路南)': 3216.1410880852495, '地铁S6号线(宁句线)(句容--马群)': 1073.6446140192709, '地铁S7号线(宁溧线)(无想山--空港新城江宁)': 1295.9635455209257}, 'fuel_car_distance': 85709068969.51103, 'elec_car_distance': 136877063322.64787, 'subway_mileage': 31554796154.056583}}}
2024-07-04 08:57:37,795 - root - INFO - keyunliang_true_list: [285.38547945205477, 277.4441095890411]
2024-07-04 08:57:37,795 - root - INFO - keyunliang_list: [318.8866267376689, 309.59899939003736, 277.27071318727155, 231.58918353295186, 195.4296773462106]
2024-07-04 08:57:37,795 - root - INFO - licheng_true_list: [2068.3301369863016, 2061.5849315068494]
2024-07-04 08:57:37,795 - root - INFO - licheng_list: [2702.9057980367347, 2605.3181705875254, 2210.6251594892688, 1932.2020658605945, 1587.2110177052803]
2024-07-04 08:57:37,795 - root - INFO - ratio: 0.8949433921756345
2024-07-04 08:57:38,127 - root - INFO - remove_subway_list: ['地铁1号线', '地铁2号线', '地铁3号线', '地铁4号线', '地铁10号线', '地铁S1号线', '地铁S3号线', '地铁S7号线', '地铁S8号线', '地铁S9号线']
2024-07-04 08:58:41,374 - root - INFO - count, count_true: 123554, 0
2024-07-04 08:58:42,858 - root - INFO - count, count_true: 126005, 5621
2024-07-04 08:58:43,529 - root - INFO - count, count_true: 128732, 5777
2024-07-04 08:58:44,632 - root - INFO - count, count_true: 135281, 6019
2024-07-04 08:58:44,854 - root - INFO - count, count_true: 131897, 5854
2024-07-04 08:58:46,527 - root - INFO - count, count_true: 137614, 16206
2024-07-04 08:58:47,444 - root - INFO - count, count_true: 143379, 37779
2024-07-04 08:58:48,505 - root - INFO - count, count_true: 140665, 37075
2024-07-04 09:00:37,412 - root - INFO - count, count_true: 123554, 5597
2024-07-04 09:00:43,220 - root - INFO - count, count_true: 135281, 11183
2024-07-04 09:00:44,862 - root - INFO - count, count_true: 146219, 60089
2024-07-04 09:00:46,792 - root - INFO - count, count_true: 137614, 36401
2024-07-04 09:00:48,957 - root - INFO - count, count_true: 148705, 66686
2024-07-04 09:00:50,236 - root - INFO - count, count_true: 151282, 67958
2024-07-04 09:00:52,961 - root - INFO - count, count_true: 143379, 43179
2024-07-04 09:00:57,365 - root - INFO - count, count_true: 151282, 67958
2024-07-04 09:02:44,838 - root - INFO - count, count_true: 135281, 15887
2024-07-04 09:02:51,075 - root - INFO - count, count_true: 151282, 72089
2024-07-04 09:02:55,308 - root - INFO - count, count_true: 151282, 77706
2024-07-04 09:02:58,297 - root - INFO - count, count_true: 146219, 65346
2024-07-04 09:05:18,995 - root - INFO - count, count_true: 151282, 74547
2024-07-04 09:05:23,588 - root - INFO - count, count_true: 151282, 77706
2024-07-04 09:08:20,340 - root - INFO - count, count_true: 126005, 7585
2024-07-04 09:08:21,036 - root - INFO - count, count_true: 128732, 7674
2024-07-04 09:08:21,036 - root - INFO - count, count_true: 123554, 6587
2024-07-04 09:08:22,340 - root - INFO - count, count_true: 131897, 7759
2024-07-04 09:08:23,749 - root - INFO - count, count_true: 135281, 7958
2024-07-04 09:08:24,000 - root - INFO - count, count_true: 137614, 19127
2024-07-04 09:08:25,928 - root - INFO - count, count_true: 140665, 37283
2024-07-04 09:08:27,818 - root - INFO - count, count_true: 143379, 37971
2024-07-04 09:10:17,100 - root - INFO - count, count_true: 123554, 7504
2024-07-04 09:10:20,846 - root - INFO - count, count_true: 135281, 14067
2024-07-04 09:10:23,197 - root - INFO - count, count_true: 146219, 60229
2024-07-04 09:10:25,569 - root - INFO - count, count_true: 137614, 36601
2024-07-04 09:10:25,866 - root - INFO - count, count_true: 151282, 68654
2024-07-04 09:10:28,511 - root - INFO - count, count_true: 148705, 67304
2024-07-04 09:10:34,664 - root - INFO - count, count_true: 143379, 42375
2024-07-04 09:10:40,359 - root - INFO - count, count_true: 151282, 68654
2024-07-04 09:12:28,048 - root - INFO - count, count_true: 135281, 18749
2024-07-04 09:12:28,881 - root - INFO - count, count_true: 151282, 70379
2024-07-04 09:12:33,862 - root - INFO - count, count_true: 146219, 65986
2024-07-04 09:12:36,067 - root - INFO - count, count_true: 151282, 78280
2024-07-04 09:14:59,293 - root - INFO - count, count_true: 151282, 72977
2024-07-04 09:15:05,196 - root - INFO - count, count_true: 151282, 78280
2024-07-04 09:18:00,002 - root - INFO - count, count_true: 123554, 6587
2024-07-04 09:18:01,626 - root - INFO - count, count_true: 126005, 14376
2024-07-04 09:18:03,305 - root - INFO - count, count_true: 128732, 14618
2024-07-04 09:18:03,721 - root - INFO - count, count_true: 135281, 15215
2024-07-04 09:18:04,348 - root - INFO - count, count_true: 131897, 14812
2024-07-04 09:18:06,185 - root - INFO - count, count_true: 137614, 28222
2024-07-04 09:18:06,256 - root - INFO - count, count_true: 140665, 32635
2024-07-04 09:18:07,629 - root - INFO - count, count_true: 143379, 33247
2024-07-04 09:19:55,605 - root - INFO - count, count_true: 123554, 14259
2024-07-04 09:20:00,518 - root - INFO - count, count_true: 135281, 23107
2024-07-04 09:20:04,207 - root - INFO - count, count_true: 146219, 53891
2024-07-04 09:20:06,745 - root - INFO - count, count_true: 148705, 59859
2024-07-04 09:20:08,233 - root - INFO - count, count_true: 137614, 31928
2024-07-04 09:20:08,299 - root - INFO - count, count_true: 151282, 61031
2024-07-04 09:20:11,465 - root - INFO - count, count_true: 151282, 61031
2024-07-04 09:20:18,232 - root - INFO - count, count_true: 143379, 37941
2024-07-04 09:22:04,926 - root - INFO - count, count_true: 135281, 27847
2024-07-04 09:22:11,842 - root - INFO - count, count_true: 151282, 65153
2024-07-04 09:22:16,726 - root - INFO - count, count_true: 151282, 73544
2024-07-04 09:22:17,134 - root - INFO - count, count_true: 146219, 58758
2024-07-04 09:24:38,830 - root - INFO - count, count_true: 151282, 68150
2024-07-04 09:24:42,357 - root - INFO - count, count_true: 151282, 73544
2024-07-04 09:27:40,601 - root - INFO - count, count_true: 123554, 6587
2024-07-04 09:27:44,076 - root - INFO - count, count_true: 126005, 14376
2024-07-04 09:27:44,760 - root - INFO - count, count_true: 131897, 14812
2024-07-04 09:27:44,761 - root - INFO - count, count_true: 128732, 14618
2024-07-04 09:27:45,652 - root - INFO - count, count_true: 135281, 15215
2024-07-04 09:27:47,491 - root - INFO - count, count_true: 137614, 28222
2024-07-04 09:27:48,201 - root - INFO - count, count_true: 143379, 49128
2024-07-04 09:27:48,352 - root - INFO - count, count_true: 140665, 48269
2024-07-04 09:29:39,348 - root - INFO - count, count_true: 123554, 14259
2024-07-04 09:29:47,656 - root - INFO - count, count_true: 146219, 70367
2024-07-04 09:29:50,325 - root - INFO - count, count_true: 135281, 23107
2024-07-04 09:29:50,643 - root - INFO - count, count_true: 148705, 77575
2024-07-04 09:29:51,088 - root - INFO - count, count_true: 151282, 79045
2024-07-04 09:29:54,944 - root - INFO - count, count_true: 137614, 47400
2024-07-04 09:29:58,177 - root - INFO - count, count_true: 143379, 52066
2024-07-04 09:29:59,020 - root - INFO - count, count_true: 151282, 79045
2024-07-04 09:31:49,299 - root - INFO - count, count_true: 151282, 83239
2024-07-04 09:31:52,324 - root - INFO - count, count_true: 135281, 27847
2024-07-04 09:31:59,507 - root - INFO - count, count_true: 146219, 76134
2024-07-04 09:32:00,120 - root - INFO - count, count_true: 151282, 91283
2024-07-04 09:34:19,814 - root - INFO - count, count_true: 151282, 85684
2024-07-04 09:34:26,336 - root - INFO - count, count_true: 151282, 91283
2024-07-04 09:37:20,445 - root - INFO - count, count_true: 123554, 6587
2024-07-04 09:37:21,567 - root - INFO - count, count_true: 126005, 14376
2024-07-04 09:37:22,011 - root - INFO - count, count_true: 128732, 14618
2024-07-04 09:37:22,069 - root - INFO - count, count_true: 135281, 15215
2024-07-04 09:37:22,084 - root - INFO - count, count_true: 131897, 14812
2024-07-04 09:37:24,875 - root - INFO - count, count_true: 137614, 25149
2024-07-04 09:37:26,276 - root - INFO - count, count_true: 140665, 44937
2024-07-04 09:37:26,921 - root - INFO - count, count_true: 143379, 45733
2024-07-04 09:39:15,795 - root - INFO - count, count_true: 123554, 14259
2024-07-04 09:39:23,632 - root - INFO - count, count_true: 146219, 69980
2024-07-04 09:39:25,487 - root - INFO - count, count_true: 148705, 77186
2024-07-04 09:39:25,980 - root - INFO - count, count_true: 137614, 44174
2024-07-04 09:39:26,051 - root - INFO - count, count_true: 135281, 20110
2024-07-04 09:39:28,308 - root - INFO - count, count_true: 151282, 78626
2024-07-04 09:39:32,570 - root - INFO - count, count_true: 151282, 78626
2024-07-04 09:39:34,093 - root - INFO - count, count_true: 143379, 51650
2024-07-04 09:41:27,281 - root - INFO - count, count_true: 135281, 24844
2024-07-04 09:41:27,505 - root - INFO - count, count_true: 151282, 82827
2024-07-04 09:41:31,563 - root - INFO - count, count_true: 146219, 75727
2024-07-04 09:41:33,648 - root - INFO - count, count_true: 151282, 90609
2024-07-04 09:43:55,199 - root - INFO - count, count_true: 151282, 85182
2024-07-04 09:44:00,276 - root - INFO - count, count_true: 151282, 90609
2024-07-04 09:46:54,520 - root - INFO - count, count_true: 123554, 6587
2024-07-04 09:46:55,035 - root - INFO - count, count_true: 126005, 14376
2024-07-04 09:46:56,069 - root - INFO - count, count_true: 128732, 14618
2024-07-04 09:46:56,258 - root - INFO - count, count_true: 131897, 14812
2024-07-04 09:46:57,756 - root - INFO - count, count_true: 137614, 25468
2024-07-04 09:46:58,208 - root - INFO - count, count_true: 135281, 15215
2024-07-04 09:46:58,985 - root - INFO - count, count_true: 140665, 44989
2024-07-04 09:47:00,477 - root - INFO - count, count_true: 143379, 45776
2024-07-04 09:48:50,554 - root - INFO - count, count_true: 123554, 14259
2024-07-04 09:48:59,548 - root - INFO - count, count_true: 146219, 61675
2024-07-04 09:49:00,062 - root - INFO - count, count_true: 135281, 20438
2024-07-04 09:49:00,299 - root - INFO - count, count_true: 148705, 64166
2024-07-04 09:49:01,981 - root - INFO - count, count_true: 137614, 44188
2024-07-04 09:49:02,938 - root - INFO - count, count_true: 151282, 65250
2024-07-04 09:49:06,377 - root - INFO - count, count_true: 143379, 51687
2024-07-04 09:49:08,339 - root - INFO - count, count_true: 151282, 65250
2024-07-04 09:50:59,525 - root - INFO - count, count_true: 151282, 69393
2024-07-04 09:51:00,216 - root - INFO - count, count_true: 135281, 25178
2024-07-04 09:51:06,707 - root - INFO - count, count_true: 146219, 63105
2024-07-04 09:51:09,437 - root - INFO - count, count_true: 151282, 77020
2024-07-04 09:53:25,451 - root - INFO - count, count_true: 151282, 71726
2024-07-04 09:53:33,912 - root - INFO - count, count_true: 151282, 77020
2024-07-04 09:56:30,720 - root - INFO - count, count_true: 123554, 6587
2024-07-04 09:56:31,652 - root - INFO - count, count_true: 128732, 14618
2024-07-04 09:56:33,241 - root - INFO - count, count_true: 131897, 14812
2024-07-04 09:56:33,635 - root - INFO - count, count_true: 137614, 28222
2024-07-04 09:56:33,636 - root - INFO - count, count_true: 126005, 14376
2024-07-04 09:56:34,147 - root - INFO - count, count_true: 135281, 15215
2024-07-04 09:56:35,670 - root - INFO - count, count_true: 140665, 48269
2024-07-04 09:56:35,822 - root - INFO - count, count_true: 143379, 49128
2024-07-04 09:58:26,787 - root - INFO - count, count_true: 123554, 14259
2024-07-04 09:58:32,586 - root - INFO - count, count_true: 135281, 23107
2024-07-04 09:58:34,890 - root - INFO - count, count_true: 146219, 68243
2024-07-04 09:58:35,383 - root - INFO - count, count_true: 137614, 47400
2024-07-04 09:58:37,395 - root - INFO - count, count_true: 148705, 75284
2024-07-04 09:58:40,699 - root - INFO - count, count_true: 151282, 76670
2024-07-04 09:58:42,179 - root - INFO - count, count_true: 143379, 55113
2024-07-04 09:58:43,926 - root - INFO - count, count_true: 151282, 76670
2024-07-04 10:00:36,225 - root - INFO - count, count_true: 135281, 27847
2024-07-04 10:00:37,760 - root - INFO - count, count_true: 151282, 81053
2024-07-04 10:00:43,430 - root - INFO - count, count_true: 146219, 73888
2024-07-04 10:00:44,732 - root - INFO - count, count_true: 151282, 88896
2024-07-04 10:02:56,841 - root - INFO - count, count_true: 151282, 83391
2024-07-04 10:03:04,361 - root - INFO - count, count_true: 151282, 88896
2024-07-04 10:06:03,727 - root - INFO - count, count_true: 128732, 14618
2024-07-04 10:06:03,903 - root - INFO - count, count_true: 123554, 6587
2024-07-04 10:06:04,212 - root - INFO - count, count_true: 126005, 14376
2024-07-04 10:06:05,702 - root - INFO - count, count_true: 135281, 15215
2024-07-04 10:06:06,357 - root - INFO - count, count_true: 131897, 14812
2024-07-04 10:06:07,300 - root - INFO - count, count_true: 137614, 28222
2024-07-04 10:06:08,975 - root - INFO - count, count_true: 140665, 48269
2024-07-04 10:06:09,591 - root - INFO - count, count_true: 143379, 49128
2024-07-04 10:08:02,030 - root - INFO - count, count_true: 123554, 14259
2024-07-04 10:08:07,349 - root - INFO - count, count_true: 135281, 23107
2024-07-04 10:08:09,961 - root - INFO - count, count_true: 146219, 73542
2024-07-04 10:08:10,510 - root - INFO - count, count_true: 148705, 75890
2024-07-04 10:08:13,079 - root - INFO - count, count_true: 151282, 77285
2024-07-04 10:08:13,413 - root - INFO - count, count_true: 137614, 47400
2024-07-04 10:08:19,754 - root - INFO - count, count_true: 143379, 55113
2024-07-04 10:08:22,008 - root - INFO - count, count_true: 151282, 77285
2024-07-04 10:10:09,332 - root - INFO - count, count_true: 135281, 27847
2024-07-04 10:10:13,225 - root - INFO - count, count_true: 151282, 81488
2024-07-04 10:10:19,339 - root - INFO - count, count_true: 146219, 74554
2024-07-04 10:10:20,652 - root - INFO - count, count_true: 151282, 89294
2024-07-04 10:12:38,506 - root - INFO - count, count_true: 151282, 83823
2024-07-04 10:12:44,948 - root - INFO - count, count_true: 151282, 89294
2024-07-04 10:15:37,991 - root - INFO - count, count_true: 123554, 6587
2024-07-04 10:15:39,972 - root - INFO - count, count_true: 126005, 14376
2024-07-04 10:15:40,970 - root - INFO - count, count_true: 128732, 14618
2024-07-04 10:15:40,970 - root - INFO - count, count_true: 131897, 14812
2024-07-04 10:15:41,219 - root - INFO - count, count_true: 135281, 15215
2024-07-04 10:15:43,275 - root - INFO - count, count_true: 140665, 37804
2024-07-04 10:15:43,276 - root - INFO - count, count_true: 137614, 23398
2024-07-04 10:15:44,216 - root - INFO - count, count_true: 143379, 38377
2024-07-04 10:17:35,709 - root - INFO - count, count_true: 123554, 14259
2024-07-04 10:17:40,047 - root - INFO - count, count_true: 135281, 23107
2024-07-04 10:17:44,359 - root - INFO - count, count_true: 146219, 61883
2024-07-04 10:17:46,043 - root - INFO - count, count_true: 148705, 68815
2024-07-04 10:17:48,371 - root - INFO - count, count_true: 137614, 37220
2024-07-04 10:17:49,392 - root - INFO - count, count_true: 151282, 70071
2024-07-04 10:17:52,093 - root - INFO - count, count_true: 151282, 70071
2024-07-04 10:17:52,501 - root - INFO - count, count_true: 143379, 43859
2024-07-04 10:19:46,199 - root - INFO - count, count_true: 135281, 23221
2024-07-04 10:19:48,340 - root - INFO - count, count_true: 151282, 74293
2024-07-04 10:19:51,279 - root - INFO - count, count_true: 146219, 67617
2024-07-04 10:19:54,308 - root - INFO - count, count_true: 151282, 80086
2024-07-04 10:22:10,953 - root - INFO - count, count_true: 151282, 74497
2024-07-04 10:22:16,228 - root - INFO - count, count_true: 151282, 80086
2024-07-04 10:25:10,774 - root - INFO - count, count_true: 126005, 14376
2024-07-04 10:25:11,045 - root - INFO - count, count_true: 128732, 14618
2024-07-04 10:25:11,415 - root - INFO - count, count_true: 123554, 6587
2024-07-04 10:25:13,045 - root - INFO - count, count_true: 131897, 14812
2024-07-04 10:25:13,567 - root - INFO - count, count_true: 135281, 15215
2024-07-04 10:25:15,432 - root - INFO - count, count_true: 137614, 28222
2024-07-04 10:25:16,354 - root - INFO - count, count_true: 140665, 48269
2024-07-04 10:25:17,090 - root - INFO - count, count_true: 143379, 49128
2024-07-04 10:27:06,474 - root - INFO - count, count_true: 123554, 14259
2024-07-04 10:27:13,825 - root - INFO - count, count_true: 146219, 62805
2024-07-04 10:27:14,147 - root - INFO - count, count_true: 135281, 23107
2024-07-04 10:27:14,826 - root - INFO - count, count_true: 148705, 69572
2024-07-04 10:27:18,214 - root - INFO - count, count_true: 137614, 47400
2024-07-04 10:27:18,413 - root - INFO - count, count_true: 151282, 70758
2024-07-04 10:27:26,277 - root - INFO - count, count_true: 143379, 55113
2024-07-04 10:27:28,259 - root - INFO - count, count_true: 151282, 70758
2024-07-04 10:29:16,631 - root - INFO - count, count_true: 135281, 27847
2024-07-04 10:29:18,100 - root - INFO - count, count_true: 151282, 74957
2024-07-04 10:29:22,967 - root - INFO - count, count_true: 146219, 68387
2024-07-04 10:29:26,458 - root - INFO - count, count_true: 151282, 82694
2024-07-04 10:31:45,392 - root - INFO - count, count_true: 151282, 77292
2024-07-04 10:31:51,321 - root - INFO - count, count_true: 151282, 82694
2024-07-04 10:34:30,959 - root - INFO - count, count_true: 123554, 11687
2024-07-04 10:34:31,213 - root - INFO - count, count_true: 126005, 11765
2024-07-04 10:34:31,246 - root - INFO - count, count_true: 131897, 12088
2024-07-04 10:34:31,477 - root - INFO - count, count_true: 128732, 11914
2024-07-04 10:34:31,743 - root - INFO - count, count_true: 135281, 12342
2024-07-04 10:34:31,768 - root - INFO - count, count_true: 137614, 12417
2024-07-04 10:34:32,234 - root - INFO - count, count_true: 140665, 12599
2024-07-04 10:34:32,482 - root - INFO - count, count_true: 143379, 12772
2024-07-04 10:35:26,099 - root - INFO - count, count_true: 146219, 12978
2024-07-04 10:35:26,683 - root - INFO - count, count_true: 148705, 13107
2024-07-04 10:35:26,945 - root - INFO - count, count_true: 151282, 13299
2024-07-04 10:35:26,979 - root - INFO - count, count_true: 151282, 13299
2024-07-04 10:35:27,510 - root - INFO - count, count_true: 151282, 13299
2024-07-04 10:35:27,583 - root - INFO - count, count_true: 151282, 13299
