2024-07-03 17:53:01,785 - root - INFO - City: Fuzhou
2024-07-03 17:53:01,786 - root - INFO - Parking fee: 20
2024-07-03 17:53:54,216 - root - INFO - Year: 2019, Month: 6
2024-07-03 17:55:44,610 - root - INFO - count, count_true: 116721, 1660
2024-07-03 17:55:44,610 - root - INFO - len args: 117812, missing rate: 0.009260516755508777
2024-07-03 17:55:44,854 - root - INFO - count, count_true: 116609, 1666
2024-07-03 17:55:44,855 - root - INFO - len args: 117707, missing rate: 0.009328247258022037
2024-07-03 17:55:45,724 - root - INFO - count, count_true: 118192, 11716
2024-07-03 17:55:45,725 - root - INFO - len args: 119261, missing rate: 0.008963533762084839
2024-07-03 17:55:46,101 - root - INFO - count, count_true: 117805, 6418
2024-07-03 17:55:46,101 - root - INFO - len args: 118883, missing rate: 0.00906773886930848
2024-07-03 17:55:46,165 - root - INFO - count, count_true: 117745, 6445
2024-07-03 17:55:46,165 - root - INFO - len args: 118843, missing rate: 0.00923908013092904
2024-07-03 17:55:46,293 - root - INFO - count, count_true: 118192, 22906
2024-07-03 17:55:46,293 - root - INFO - len args: 119261, missing rate: 0.008963533762084839
2024-07-03 17:55:46,369 - root - INFO - count, count_true: 118192, 10960
2024-07-03 17:55:46,369 - root - INFO - len args: 119261, missing rate: 0.008963533762084839
2024-07-03 17:55:46,733 - root - INFO - count, count_true: 118192, 11716
2024-07-03 17:55:46,734 - root - INFO - len args: 119261, missing rate: 0.008963533762084839
2024-07-03 17:57:25,506 - root - INFO - count, count_true: 116721, 6395
2024-07-03 17:57:25,506 - root - INFO - len args: 117812, missing rate: 0.009260516755508777
2024-07-03 17:57:26,716 - root - INFO - count, count_true: 117805, 10938
2024-07-03 17:57:26,716 - root - INFO - len args: 118883, missing rate: 0.00906773886930848
2024-07-03 17:57:27,556 - root - INFO - count, count_true: 118192, 14830
2024-07-03 17:57:27,557 - root - INFO - len args: 119261, missing rate: 0.008963533762084839
2024-07-03 17:57:27,678 - root - INFO - count, count_true: 118192, 39710
2024-07-03 17:57:27,678 - root - INFO - len args: 119261, missing rate: 0.008963533762084839
2024-07-03 17:59:15,265 - root - INFO - count, count_true: 118192, 22906
2024-07-03 17:59:15,266 - root - INFO - len args: 119261, missing rate: 0.008963533762084839
2024-07-03 18:00:48,885 - root - INFO - Factual data collection finished, {2010: {}, 2011: {}, 2012: {}, 2013: {}, 2014: {}, 2015: {}, 2016: {'(6, 7, 8, 9, 10, 11, 12)': {'traffic_num': [20543.746662344915, 1423208.3322562994, 6629132.947564626, 2882975.875969203], 'traffic_ratio': [0.0018751375948690798, 0.1299038336583585, 0.6050764067368446, 0.2631446220099279], 'carbon': 23917628465.544376, 'subway_distribution': {'地铁1号线(象峰--三江口)': 18352.37588046872, '地铁1号线(三江口--象峰)': 2191.370781876182}, 'fuel_car_distance': 94161108512.59836, 'elec_car_distance': 162777228720.04852, 'subway_mileage': 88223688.95431685}}, 2017: {'(1,)': {'traffic_num': [20610.425139745486, 1436552.2276318946, 6697535.141248304, 2903407.3345344397], 'traffic_ratio': [0.0018638297339500756, 0.12990943845545566, 0.6056675229062383, 0.26255920890435586], 'carbon': 24191989014.677185, 'subway_distribution': {'地铁1号线(象峰--三江口)': 18403.31227143592, '地铁1号线(三江口--象峰)': 2207.1128683095603}, 'fuel_car_distance': 95248092544.19453, 'elec_car_distance': 164628426052.87744, 'subway_mileage': 88669234.16421206}, '(2, 3, 4, 5, 6, 7, 8, 9, 10, 11, 12)': {'traffic_num': [185161.77299287764, 1398079.3439477233, 6628877.973211506, 2845986.038402296], 'traffic_ratio': [0.016744439561779, 0.12643028147178506, 0.599458758634363, 0.25736652033207286], 'carbon': 24038347666.01969, 'subway_distribution': {'地铁1号线(象峰--三江口)': 147029.6645878587, '地铁1号线(三江口--象峰)': 38132.10840501835}, 'fuel_car_distance': 94534542099.24045, 'elec_car_distance': 163836878182.0149, 'subway_mileage': 1229660299.0402632}}, 2018: {'(1, 2, 3, 4, 5, 6, 7, 8, 9, 10, 11, 12)': {'traffic_num': [186316.28594766377, 1408199.9599427134, 6697109.1936861975, 2870069.491688276], 'traffic_ratio': [0.01669247252276857, 0.1261636309372895, 0.6000082635234034, 0.25713563301653847], 'carbon': 24301668946.60953, 'subway_distribution': {'地铁1号线(象峰--三江口)': 147858.13884334773, '地铁1号线(三江口--象峰)': 38458.14710431646}, 'fuel_car_distance': 95535036275.3863, 'elec_car_distance': 165713547624.61157, 'subway_mileage': 1237660985.961926}}, 2019: {'(1, 2, 3, 4)': {'traffic_num': [187391.089325193, 1419839.8923227082, 6752378.562321512, 2888463.7002732153], 'traffic_ratio': [0.016659839001413854, 0.12622960941772485, 0.6003142418882935, 0.2567963096925677], 'carbon': 24527744256.34716, 'subway_distribution': {'地铁1号线(象峰--三江口)': 148666.80899921336, '地铁1号线(三江口--象峰)': 38724.280325979526}, 'fuel_car_distance': 96447381315.8458, 'elec_car_distance': 167199994928.6124, 'subway_mileage': 1244998342.0885327}, '(5, 6, 7, 8, 9, 10, 11, 12)': {'traffic_num': [437483.572246457, 1362429.7336630763, 6641137.263341452, 2807022.6749916384], 'traffic_ratio': [0.03889408992516873, 0.12112561005596599, 0.5904244326236716, 0.2495558673951937], 'carbon': 24277537991.923134, 'subway_distribution': {'地铁2号线(苏洋--洋里)': 249536.00126709224, '地铁2号线(洋里--苏洋)': 8342.997914053949, '地铁1号线(象峰--三江口)': 182691.01596300935, '地铁1号线(三江口--象峰)': 73126.6428011812}, 'fuel_car_distance': 95285579282.1998, 'elec_car_distance': 165910435602.26663, 'subway_mileage': 3434513182.001864}}, 2020: {'(1, 2, 3, 4, 5, 6, 7, 8, 9, 10, 11, 12)': {'traffic_num': [441383.8839232487, 1371154.1340517495, 6682324.884155646, 2823104.740760227], 'traffic_ratio': [0.03899851085017848, 0.12114844089636616, 0.5904173872022861, 0.24943566105116913], 'carbon': 24430403797.138844, 'subway_distribution': {'地铁2号线(苏洋--洋里)': 251877.11522409684, '地铁2号线(洋里--苏洋)': 8405.342489346609, '地铁1号线(象峰--三江口)': 184208.3262378368, '地铁1号线(三江口--象峰)': 73773.11200925961}, 'fuel_car_distance': 95898007568.35847, 'elec_car_distance': 166925989730.8384, 'subway_mileage': 3464607281.6267734}}, 2021: {'(1, 2, 3, 4, 5, 6, 7, 8, 9, 10, 11, 12)': {'traffic_num': [454254.5015823562, 1369108.400548145, 6673717.744261694, 2820886.996498668], 'traffic_ratio': [0.040135695375281125, 0.12096768993752344, 0.5896569026201136, 0.24923971206708187], 'carbon': 24412500272.709076, 'subway_distribution': {'地铁2号线(苏洋--洋里)': 252095.17373977898, '地铁2号线(洋里--苏洋)': 8408.55543025402, '地铁1号线(象峰--三江口)': 195472.14504660957, '地铁1号线(三江口--象峰)': 75363.60437267431}, 'fuel_car_distance': 95810903785.42802, 'elec_car_distance': 166842999327.75952, 'subway_mileage': 3605690276.318832}}, 2022: {'(1, 2, 3, 4)': {'traffic_num': [454254.5015823562, 1369108.400548145, 6673717.744261694, 2820886.996498668], 'traffic_ratio': [0.040135695375281125, 0.12096768993752344, 0.5896569026201136, 0.24923971206708187], 'carbon': 24412500272.709076, 'subway_distribution': {'地铁2号线(苏洋--洋里)': 252095.17373977898, '地铁2号线(洋里--苏洋)': 8408.55543025402, '地铁1号线(象峰--三江口)': 195472.14504660957, '地铁1号线(三江口--象峰)': 75363.60437267431}, 'fuel_car_distance': 95810903785.42802, 'elec_car_distance': 166842999327.75952, 'subway_mileage': 3605690276.318832}, '(5, 6, 7, 8)': {'traffic_num': [532125.2462043145, 1352906.7552292866, 6638635.952107466, 2794299.6893498064], 'traffic_ratio': [0.04701597168273909, 0.11953619217837971, 0.5865572478710324, 0.24689058826784888], 'carbon': 24347467687.263317, 'subway_distribution': {'地铁5号线(福州火车南站--荆溪厚屿)': 21012.57956980114, '地铁2号线(苏洋--洋里)': 299284.18753106723, '地铁2号线(洋里--苏洋)': 12574.806454628344, '地铁1号线(三江口--象峰)': 81069.27515574332, '地铁5号线(荆溪厚屿--福州火车南站)': 57615.79025195004, '地铁1号线(象峰--三江口)': 199487.51877570318}, 'fuel_car_distance': 95489112403.24495, 'elec_car_distance': 166554162690.65707, 'subway_mileage': 4334387855.067196}, '(9, 10, 11, 12)': {'traffic_num': [613573.0973730212, 1342878.5389749466, 6572495.514278024, 2789020.4922648706], 'traffic_ratio': [0.05421230354536522, 0.1186501482727287, 0.5807134038244398, 0.2464241443574663], 'carbon': 24153165643.31093, 'subway_distribution': {'地铁5号线(福州火车南站--荆溪厚屿)': 21091.781176100056, '地铁2号线(苏洋--洋里)': 303518.7717701663, '地铁2号线(洋里--苏洋)': 12655.657178270107, '地铁1号线(三江口--象峰)': 82062.87961333427, '地铁5号线(荆溪厚屿--福州火车南站)': 57722.66419805, '地铁6号线(潘墩--万寿)': 82399.52228793391, '地铁1号线(象峰--三江口)': 246613.0391688659, '地铁6号线(万寿--潘墩)': 899.7086306856901}, 'fuel_car_distance': 94627339730.431, 'elec_car_distance': 165458172810.3236, 'subway_mileage': 6042900157.294707}}, 2023: {'(1, 2, 3, 4, 5, 6, 7, 8)': {'traffic_num': [613573.0973730212, 1342878.5389749466, 6572495.514278024, 2789020.4922648706], 'traffic_ratio': [0.05421230354536522, 0.1186501482727287, 0.5807134038244398, 0.2464241443574663], 'carbon': 24153165643.31093, 'subway_distribution': {'地铁5号线(福州火车南站--荆溪厚屿)': 21091.781176100056, '地铁2号线(苏洋--洋里)': 303518.7717701663, '地铁2号线(洋里--苏洋)': 12655.657178270107, '地铁1号线(三江口--象峰)': 82062.87961333427, '地铁5号线(荆溪厚屿--福州火车南站)': 57722.66419805, '地铁6号线(潘墩--万寿)': 82399.52228793391, '地铁1号线(象峰--三江口)': 246613.0391688659, '地铁6号线(万寿--潘墩)': 899.7086306856901}, 'fuel_car_distance': 94627339730.431, 'elec_car_distance': 165458172810.3236, 'subway_mileage': 6042900157.294707}, '(9, 10, 11, 12)': {'traffic_num': [925565.1456995399, 1281297.1122523271, 6424064.894946487, 2687040.4899925482], 'traffic_ratio': [0.08177838768437465, 0.1132091160427678, 0.5675988037465015, 0.23741369252635616], 'carbon': 23781566949.736763, 'subway_distribution': {'地铁5号线(福州火车南站--荆溪厚屿)': 21681.845789170122, '地铁2号线(苏洋--洋里)': 335551.1021862444, '地铁2号线(洋里--苏洋)': 22065.315146608682, '地铁1号线(三江口--象峰)': 115548.19590466363, '地铁5号线(荆溪厚屿--福州火车南站)': 76729.20808204125, '地铁4号线(帝封江--半洲)': 58794.30483187931, '地铁4号线(半洲--帝封江)': 288742.37607384106, '地铁6号线(万寿--潘墩)': 2980.7760066348824, '地铁6号线(潘墩--万寿)': 134021.70333245097, '地铁1号线(象峰--三江口)': 298324.6909854189}, 'fuel_car_distance': 92912552203.49583, 'elec_car_distance': 163517976508.57794, 'subway_mileage': 9536187638.238106}}}
2024-07-03 18:00:49,018 - root - INFO - jinzhanliang_true_list: [25.812054794520545, 16.678356164383562, 13.50931506849315, 0.5153424657534247, 0.0]
2024-07-03 18:00:49,018 - root - INFO - jinzhanliang_list: [35.41194112727023, 18.631628594766376, 17.14491606717833, 1.1983852219701199, 0.0]
2024-07-03 18:00:49,018 - root - INFO - keyunliang_true_list: [29.40794520547945, 16.678356164383562, 13.50931506849315, 0.5153424657534247, 0.0]
2024-07-03 18:00:49,018 - root - INFO - keyunliang_list: [40.49281350719554, 18.63162859476642, 17.144916067178272, 1.1983852219701194, 0.0]
2024-07-03 18:00:49,019 - root - INFO - licheng_true_list: [206.40246575342465, 117.61178082191782, 93.71698630136986, 2.473150684931507, 0.0]
2024-07-03 18:00:49,019 - root - INFO - licheng_list: [270.46749020307533, 123.76609859619259, 113.45777103005923, 5.146381855668483, 0.0]
2024-07-03 18:00:49,019 - root - INFO - ratio: 0.7289082149366574
2024-07-03 18:00:49,079 - matplotlib.font_manager - WARNING - findfont: Generic family 'sans-serif' not found because none of the following families were found: Times New Roman
2024-07-03 18:00:49,084 - matplotlib.font_manager - WARNING - findfont: Generic family 'sans-serif' not found because none of the following families were found: Times New Roman
2024-07-03 18:00:49,085 - matplotlib.font_manager - WARNING - findfont: Generic family 'sans-serif' not found because none of the following families were found: Times New Roman
2024-07-03 18:00:49,085 - matplotlib.font_manager - WARNING - findfont: Generic family 'sans-serif' not found because none of the following families were found: Times New Roman
2024-07-03 18:00:49,085 - matplotlib.font_manager - WARNING - findfont: Generic family 'sans-serif' not found because none of the following families were found: Times New Roman
2024-07-03 18:00:49,086 - matplotlib.font_manager - WARNING - findfont: Generic family 'sans-serif' not found because none of the following families were found: Times New Roman
2024-07-03 18:00:49,091 - matplotlib.font_manager - WARNING - findfont: Generic family 'sans-serif' not found because none of the following families were found: Times New Roman
2024-07-03 18:00:49,091 - matplotlib.font_manager - WARNING - findfont: Generic family 'sans-serif' not found because none of the following families were found: Times New Roman
2024-07-03 18:00:49,092 - matplotlib.font_manager - WARNING - findfont: Generic family 'sans-serif' not found because none of the following families were found: Times New Roman
2024-07-03 18:00:49,092 - matplotlib.font_manager - WARNING - findfont: Generic family 'sans-serif' not found because none of the following families were found: Times New Roman
2024-07-03 18:00:49,092 - matplotlib.font_manager - WARNING - findfont: Generic family 'sans-serif' not found because none of the following families were found: Times New Roman
2024-07-03 18:00:49,093 - matplotlib.font_manager - WARNING - findfont: Generic family 'sans-serif' not found because none of the following families were found: Times New Roman
2024-07-03 18:00:49,098 - matplotlib.font_manager - WARNING - findfont: Generic family 'sans-serif' not found because none of the following families were found: Times New Roman
2024-07-03 18:00:49,099 - matplotlib.font_manager - WARNING - findfont: Generic family 'sans-serif' not found because none of the following families were found: Times New Roman
2024-07-03 18:00:49,103 - matplotlib.font_manager - WARNING - findfont: Generic family 'sans-serif' not found because none of the following families were found: Times New Roman
2024-07-03 18:00:49,103 - matplotlib.font_manager - WARNING - findfont: Generic family 'sans-serif' not found because none of the following families were found: Times New Roman
2024-07-03 18:00:49,104 - matplotlib.font_manager - WARNING - findfont: Generic family 'sans-serif' not found because none of the following families were found: Times New Roman
2024-07-03 18:00:49,104 - matplotlib.font_manager - WARNING - findfont: Generic family 'sans-serif' not found because none of the following families were found: Times New Roman
2024-07-03 18:00:49,105 - matplotlib.font_manager - WARNING - findfont: Generic family 'sans-serif' not found because none of the following families were found: Times New Roman
2024-07-03 18:00:49,106 - matplotlib.font_manager - WARNING - findfont: Generic family 'sans-serif' not found because none of the following families were found: Times New Roman
2024-07-03 18:00:49,106 - matplotlib.font_manager - WARNING - findfont: Generic family 'sans-serif' not found because none of the following families were found: Times New Roman
2024-07-03 18:00:49,107 - matplotlib.font_manager - WARNING - findfont: Generic family 'sans-serif' not found because none of the following families were found: Times New Roman
2024-07-03 18:00:49,107 - matplotlib.font_manager - WARNING - findfont: Generic family 'sans-serif' not found because none of the following families were found: Times New Roman
2024-07-03 18:00:49,109 - matplotlib.font_manager - WARNING - findfont: Generic family 'sans-serif' not found because none of the following families were found: Times New Roman
2024-07-03 18:00:49,109 - matplotlib.font_manager - WARNING - findfont: Generic family 'sans-serif' not found because none of the following families were found: Times New Roman
2024-07-03 18:00:49,111 - matplotlib.font_manager - WARNING - findfont: Generic family 'sans-serif' not found because none of the following families were found: Times New Roman
2024-07-03 18:00:49,111 - matplotlib.font_manager - WARNING - findfont: Generic family 'sans-serif' not found because none of the following families were found: Times New Roman
2024-07-03 18:00:49,112 - matplotlib.font_manager - WARNING - findfont: Generic family 'sans-serif' not found because none of the following families were found: Times New Roman
2024-07-03 18:00:49,112 - matplotlib.font_manager - WARNING - findfont: Generic family 'sans-serif' not found because none of the following families were found: Times New Roman
2024-07-03 18:00:49,112 - matplotlib.font_manager - WARNING - findfont: Generic family 'sans-serif' not found because none of the following families were found: Times New Roman
2024-07-03 18:00:49,113 - matplotlib.font_manager - WARNING - findfont: Generic family 'sans-serif' not found because none of the following families were found: Times New Roman
2024-07-03 18:00:49,128 - matplotlib.font_manager - WARNING - findfont: Generic family 'sans-serif' not found because none of the following families were found: Times New Roman
2024-07-03 18:00:49,128 - matplotlib.font_manager - WARNING - findfont: Generic family 'sans-serif' not found because none of the following families were found: Times New Roman
2024-07-03 18:00:49,135 - matplotlib.font_manager - WARNING - findfont: Generic family 'sans-serif' not found because none of the following families were found: Times New Roman
2024-07-03 18:00:49,135 - matplotlib.font_manager - WARNING - findfont: Generic family 'sans-serif' not found because none of the following families were found: Times New Roman
2024-07-03 18:00:49,150 - matplotlib.font_manager - WARNING - findfont: Generic family 'sans-serif' not found because none of the following families were found: Times New Roman
2024-07-03 18:00:49,150 - matplotlib.font_manager - WARNING - findfont: Generic family 'sans-serif' not found because none of the following families were found: Times New Roman
2024-07-03 18:00:49,159 - matplotlib.font_manager - WARNING - findfont: Generic family 'sans-serif' not found because none of the following families were found: Times New Roman
2024-07-03 18:00:49,159 - matplotlib.font_manager - WARNING - findfont: Generic family 'sans-serif' not found because none of the following families were found: Times New Roman
2024-07-03 18:00:49,160 - matplotlib.font_manager - WARNING - findfont: Generic family 'sans-serif' not found because none of the following families were found: Times New Roman
2024-07-03 18:00:49,160 - matplotlib.font_manager - WARNING - findfont: Generic family 'sans-serif' not found because none of the following families were found: Times New Roman
2024-07-03 18:00:49,160 - matplotlib.font_manager - WARNING - findfont: Generic family 'sans-serif' not found because none of the following families were found: Times New Roman
2024-07-03 18:00:49,160 - matplotlib.font_manager - WARNING - findfont: Generic family 'sans-serif' not found because none of the following families were found: Times New Roman
2024-07-03 18:00:49,161 - matplotlib.font_manager - WARNING - findfont: Generic family 'sans-serif' not found because none of the following families were found: Times New Roman
2024-07-03 18:00:49,162 - matplotlib.font_manager - WARNING - findfont: Generic family 'sans-serif' not found because none of the following families were found: Times New Roman
2024-07-03 18:00:49,162 - matplotlib.font_manager - WARNING - findfont: Generic family 'sans-serif' not found because none of the following families were found: Times New Roman
2024-07-03 18:00:49,163 - matplotlib.font_manager - WARNING - findfont: Generic family 'sans-serif' not found because none of the following families were found: Times New Roman
2024-07-03 18:00:49,163 - matplotlib.font_manager - WARNING - findfont: Generic family 'sans-serif' not found because none of the following families were found: Times New Roman
2024-07-03 18:00:49,165 - matplotlib.font_manager - WARNING - findfont: Generic family 'sans-serif' not found because none of the following families were found: Times New Roman
2024-07-03 18:00:49,166 - matplotlib.font_manager - WARNING - findfont: Generic family 'sans-serif' not found because none of the following families were found: Times New Roman
2024-07-03 18:00:49,166 - matplotlib.font_manager - WARNING - findfont: Generic family 'sans-serif' not found because none of the following families were found: Times New Roman
2024-07-03 18:00:49,166 - matplotlib.font_manager - WARNING - findfont: Generic family 'sans-serif' not found because none of the following families were found: Times New Roman
2024-07-03 18:00:49,166 - matplotlib.font_manager - WARNING - findfont: Generic family 'sans-serif' not found because none of the following families were found: Times New Roman
2024-07-03 18:00:49,166 - matplotlib.font_manager - WARNING - findfont: Generic family 'sans-serif' not found because none of the following families were found: Times New Roman
2024-07-03 18:00:49,167 - matplotlib.font_manager - WARNING - findfont: Generic family 'sans-serif' not found because none of the following families were found: Times New Roman
2024-07-03 18:00:49,167 - matplotlib.font_manager - WARNING - findfont: Generic family 'sans-serif' not found because none of the following families were found: Times New Roman
2024-07-03 18:00:49,168 - matplotlib.font_manager - WARNING - findfont: Generic family 'sans-serif' not found because none of the following families were found: Times New Roman
2024-07-03 18:00:49,168 - matplotlib.font_manager - WARNING - findfont: Generic family 'sans-serif' not found because none of the following families were found: Times New Roman
2024-07-03 18:00:49,169 - matplotlib.font_manager - WARNING - findfont: Generic family 'sans-serif' not found because none of the following families were found: Times New Roman
2024-07-03 18:00:49,169 - matplotlib.font_manager - WARNING - findfont: Generic family 'sans-serif' not found because none of the following families were found: Times New Roman
2024-07-03 18:00:49,172 - matplotlib.font_manager - WARNING - findfont: Generic family 'sans-serif' not found because none of the following families were found: Times New Roman
2024-07-03 18:00:49,172 - matplotlib.font_manager - WARNING - findfont: Generic family 'sans-serif' not found because none of the following families were found: Times New Roman
2024-07-03 18:00:49,174 - matplotlib.font_manager - WARNING - findfont: Generic family 'sans-serif' not found because none of the following families were found: Times New Roman
2024-07-03 18:00:49,174 - matplotlib.font_manager - WARNING - findfont: Generic family 'sans-serif' not found because none of the following families were found: Times New Roman
2024-07-03 18:00:49,174 - matplotlib.font_manager - WARNING - findfont: Generic family 'sans-serif' not found because none of the following families were found: Times New Roman
2024-07-03 18:00:49,174 - matplotlib.font_manager - WARNING - findfont: Generic family 'sans-serif' not found because none of the following families were found: Times New Roman
2024-07-03 18:00:49,175 - matplotlib.font_manager - WARNING - findfont: Generic family 'sans-serif' not found because none of the following families were found: Times New Roman
2024-07-03 18:00:49,175 - matplotlib.font_manager - WARNING - findfont: Generic family 'sans-serif' not found because none of the following families were found: Times New Roman
2024-07-03 18:00:49,175 - matplotlib.font_manager - WARNING - findfont: Generic family 'sans-serif' not found because none of the following families were found: Times New Roman
2024-07-03 18:00:49,175 - matplotlib.font_manager - WARNING - findfont: Generic family 'sans-serif' not found because none of the following families were found: Times New Roman
2024-07-03 18:00:49,175 - matplotlib.font_manager - WARNING - findfont: Generic family 'sans-serif' not found because none of the following families were found: Times New Roman
2024-07-03 18:00:49,176 - matplotlib.font_manager - WARNING - findfont: Generic family 'sans-serif' not found because none of the following families were found: Times New Roman
2024-07-03 18:00:49,176 - matplotlib.font_manager - WARNING - findfont: Generic family 'sans-serif' not found because none of the following families were found: Times New Roman
2024-07-03 18:00:49,176 - matplotlib.font_manager - WARNING - findfont: Generic family 'sans-serif' not found because none of the following families were found: Times New Roman
2024-07-03 18:00:49,176 - matplotlib.font_manager - WARNING - findfont: Generic family 'sans-serif' not found because none of the following families were found: Times New Roman
2024-07-03 18:00:49,177 - matplotlib.font_manager - WARNING - findfont: Generic family 'sans-serif' not found because none of the following families were found: Times New Roman
2024-07-03 18:00:49,177 - matplotlib.font_manager - WARNING - findfont: Generic family 'sans-serif' not found because none of the following families were found: Times New Roman
2024-07-03 18:00:49,177 - matplotlib.font_manager - WARNING - findfont: Generic family 'sans-serif' not found because none of the following families were found: Times New Roman
2024-07-03 18:00:49,177 - matplotlib.font_manager - WARNING - findfont: Generic family 'sans-serif' not found because none of the following families were found: Times New Roman
2024-07-03 18:00:49,178 - matplotlib.font_manager - WARNING - findfont: Generic family 'sans-serif' not found because none of the following families were found: Times New Roman
2024-07-03 18:00:49,178 - matplotlib.font_manager - WARNING - findfont: Generic family 'sans-serif' not found because none of the following families were found: Times New Roman
2024-07-03 18:00:49,178 - matplotlib.font_manager - WARNING - findfont: Generic family 'sans-serif' not found because none of the following families were found: Times New Roman
2024-07-03 18:00:49,179 - matplotlib.font_manager - WARNING - findfont: Generic family 'sans-serif' not found because none of the following families were found: Times New Roman
2024-07-03 18:00:49,180 - matplotlib.font_manager - WARNING - findfont: Generic family 'sans-serif' not found because none of the following families were found: Times New Roman
2024-07-03 18:00:49,181 - matplotlib.font_manager - WARNING - findfont: Generic family 'sans-serif' not found because none of the following families were found: Times New Roman
2024-07-03 18:00:49,181 - matplotlib.font_manager - WARNING - findfont: Generic family 'sans-serif' not found because none of the following families were found: Times New Roman
2024-07-03 18:00:49,181 - matplotlib.font_manager - WARNING - findfont: Generic family 'sans-serif' not found because none of the following families were found: Times New Roman
2024-07-03 18:00:49,181 - matplotlib.font_manager - WARNING - findfont: Generic family 'sans-serif' not found because none of the following families were found: Times New Roman
2024-07-03 18:00:49,182 - matplotlib.font_manager - WARNING - findfont: Generic family 'sans-serif' not found because none of the following families were found: Times New Roman
2024-07-03 18:00:49,182 - matplotlib.font_manager - WARNING - findfont: Generic family 'sans-serif' not found because none of the following families were found: Times New Roman
2024-07-03 18:00:49,183 - matplotlib.font_manager - WARNING - findfont: Generic family 'sans-serif' not found because none of the following families were found: Times New Roman
2024-07-03 18:00:49,183 - matplotlib.font_manager - WARNING - findfont: Generic family 'sans-serif' not found because none of the following families were found: Times New Roman
2024-07-03 18:00:49,220 - matplotlib.font_manager - WARNING - findfont: Generic family 'sans-serif' not found because none of the following families were found: Times New Roman
2024-07-03 18:00:49,220 - matplotlib.font_manager - WARNING - findfont: Generic family 'sans-serif' not found because none of the following families were found: Times New Roman
2024-07-03 18:00:49,220 - matplotlib.font_manager - WARNING - findfont: Generic family 'sans-serif' not found because none of the following families were found: Times New Roman
2024-07-03 18:00:49,221 - matplotlib.font_manager - WARNING - findfont: Generic family 'sans-serif' not found because none of the following families were found: Times New Roman
2024-07-03 18:00:49,221 - matplotlib.font_manager - WARNING - findfont: Generic family 'sans-serif' not found because none of the following families were found: Times New Roman
2024-07-03 18:00:49,221 - matplotlib.font_manager - WARNING - findfont: Generic family 'sans-serif' not found because none of the following families were found: Times New Roman
2024-07-03 18:00:49,222 - matplotlib.font_manager - WARNING - findfont: Generic family 'sans-serif' not found because none of the following families were found: Times New Roman
2024-07-03 18:00:49,222 - matplotlib.font_manager - WARNING - findfont: Generic family 'sans-serif' not found because none of the following families were found: Times New Roman
2024-07-03 18:00:49,223 - matplotlib.font_manager - WARNING - findfont: Generic family 'sans-serif' not found because none of the following families were found: Times New Roman
2024-07-03 18:00:49,223 - matplotlib.font_manager - WARNING - findfont: Generic family 'sans-serif' not found because none of the following families were found: Times New Roman
2024-07-03 18:00:49,224 - matplotlib.font_manager - WARNING - findfont: Generic family 'sans-serif' not found because none of the following families were found: Times New Roman
2024-07-03 18:00:49,226 - matplotlib.font_manager - WARNING - findfont: Generic family 'sans-serif' not found because none of the following families were found: Times New Roman
2024-07-03 18:00:49,226 - matplotlib.font_manager - WARNING - findfont: Generic family 'sans-serif' not found because none of the following families were found: Times New Roman
2024-07-03 18:00:49,226 - matplotlib.font_manager - WARNING - findfont: Generic family 'sans-serif' not found because none of the following families were found: Times New Roman
2024-07-03 18:00:49,227 - matplotlib.font_manager - WARNING - findfont: Generic family 'sans-serif' not found because none of the following families were found: Times New Roman
2024-07-03 18:00:49,227 - matplotlib.font_manager - WARNING - findfont: Generic family 'sans-serif' not found because none of the following families were found: Times New Roman
2024-07-03 18:00:49,227 - matplotlib.font_manager - WARNING - findfont: Generic family 'sans-serif' not found because none of the following families were found: Times New Roman
2024-07-03 18:00:49,228 - matplotlib.font_manager - WARNING - findfont: Generic family 'sans-serif' not found because none of the following families were found: Times New Roman
2024-07-03 18:00:49,228 - matplotlib.font_manager - WARNING - findfont: Generic family 'sans-serif' not found because none of the following families were found: Times New Roman
2024-07-03 18:00:49,228 - matplotlib.font_manager - WARNING - findfont: Generic family 'sans-serif' not found because none of the following families were found: Times New Roman
2024-07-03 18:00:49,229 - matplotlib.font_manager - WARNING - findfont: Generic family 'sans-serif' not found because none of the following families were found: Times New Roman
2024-07-03 18:00:49,229 - matplotlib.font_manager - WARNING - findfont: Generic family 'sans-serif' not found because none of the following families were found: Times New Roman
2024-07-03 18:00:49,230 - matplotlib.font_manager - WARNING - findfont: Generic family 'sans-serif' not found because none of the following families were found: Times New Roman
2024-07-03 18:00:49,232 - matplotlib.font_manager - WARNING - findfont: Generic family 'sans-serif' not found because none of the following families were found: Times New Roman
2024-07-03 18:00:49,233 - matplotlib.font_manager - WARNING - findfont: Generic family 'sans-serif' not found because none of the following families were found: Times New Roman
2024-07-03 18:00:49,234 - matplotlib.font_manager - WARNING - findfont: Generic family 'sans-serif' not found because none of the following families were found: Times New Roman
2024-07-03 18:00:49,234 - matplotlib.font_manager - WARNING - findfont: Generic family 'sans-serif' not found because none of the following families were found: Times New Roman
2024-07-03 18:00:49,235 - matplotlib.font_manager - WARNING - findfont: Generic family 'sans-serif' not found because none of the following families were found: Times New Roman
2024-07-03 18:00:49,235 - matplotlib.font_manager - WARNING - findfont: Generic family 'sans-serif' not found because none of the following families were found: Times New Roman
2024-07-03 18:00:49,235 - matplotlib.font_manager - WARNING - findfont: Generic family 'sans-serif' not found because none of the following families were found: Times New Roman
2024-07-03 18:00:49,235 - matplotlib.font_manager - WARNING - findfont: Generic family 'sans-serif' not found because none of the following families were found: Times New Roman
2024-07-03 18:00:49,236 - matplotlib.font_manager - WARNING - findfont: Generic family 'sans-serif' not found because none of the following families were found: Times New Roman
2024-07-03 18:00:49,236 - matplotlib.font_manager - WARNING - findfont: Generic family 'sans-serif' not found because none of the following families were found: Times New Roman
2024-07-03 18:00:49,236 - matplotlib.font_manager - WARNING - findfont: Generic family 'sans-serif' not found because none of the following families were found: Times New Roman
2024-07-03 18:00:49,236 - matplotlib.font_manager - WARNING - findfont: Generic family 'sans-serif' not found because none of the following families were found: Times New Roman
2024-07-03 18:00:49,237 - matplotlib.font_manager - WARNING - findfont: Generic family 'sans-serif' not found because none of the following families were found: Times New Roman
2024-07-03 18:00:49,237 - matplotlib.font_manager - WARNING - findfont: Generic family 'sans-serif' not found because none of the following families were found: Times New Roman
2024-07-03 18:00:49,237 - matplotlib.font_manager - WARNING - findfont: Generic family 'sans-serif' not found because none of the following families were found: Times New Roman
2024-07-03 18:00:49,237 - matplotlib.font_manager - WARNING - findfont: Generic family 'sans-serif' not found because none of the following families were found: Times New Roman
2024-07-03 18:00:49,238 - matplotlib.font_manager - WARNING - findfont: Generic family 'sans-serif' not found because none of the following families were found: Times New Roman
2024-07-03 18:00:49,238 - matplotlib.font_manager - WARNING - findfont: Generic family 'sans-serif' not found because none of the following families were found: Times New Roman
2024-07-03 18:00:49,238 - matplotlib.font_manager - WARNING - findfont: Generic family 'sans-serif' not found because none of the following families were found: Times New Roman
2024-07-03 18:00:49,238 - matplotlib.font_manager - WARNING - findfont: Generic family 'sans-serif' not found because none of the following families were found: Times New Roman
2024-07-03 18:00:49,238 - matplotlib.font_manager - WARNING - findfont: Generic family 'sans-serif' not found because none of the following families were found: Times New Roman
2024-07-03 18:00:49,239 - matplotlib.font_manager - WARNING - findfont: Generic family 'sans-serif' not found because none of the following families were found: Times New Roman
2024-07-03 18:00:49,240 - matplotlib.font_manager - WARNING - findfont: Generic family 'sans-serif' not found because none of the following families were found: Times New Roman
2024-07-03 18:00:49,240 - matplotlib.font_manager - WARNING - findfont: Generic family 'sans-serif' not found because none of the following families were found: Times New Roman
2024-07-03 18:00:49,241 - matplotlib.font_manager - WARNING - findfont: Generic family 'sans-serif' not found because none of the following families were found: Times New Roman
2024-07-03 18:00:49,241 - matplotlib.font_manager - WARNING - findfont: Generic family 'sans-serif' not found because none of the following families were found: Times New Roman
2024-07-03 18:00:49,242 - matplotlib.font_manager - WARNING - findfont: Generic family 'sans-serif' not found because none of the following families were found: Times New Roman
2024-07-03 18:00:49,242 - matplotlib.font_manager - WARNING - findfont: Generic family 'sans-serif' not found because none of the following families were found: Times New Roman
2024-07-03 18:00:49,242 - matplotlib.font_manager - WARNING - findfont: Generic family 'sans-serif' not found because none of the following families were found: Times New Roman
2024-07-03 18:00:49,243 - matplotlib.font_manager - WARNING - findfont: Generic family 'sans-serif' not found because none of the following families were found: Times New Roman
2024-07-03 18:00:49,243 - matplotlib.font_manager - WARNING - findfont: Generic family 'sans-serif' not found because none of the following families were found: Times New Roman
2024-07-03 18:00:49,244 - matplotlib.font_manager - WARNING - findfont: Generic family 'sans-serif' not found because none of the following families were found: Times New Roman
2024-07-03 18:00:49,274 - matplotlib.font_manager - WARNING - findfont: Generic family 'sans-serif' not found because none of the following families were found: Times New Roman
2024-07-03 18:00:49,274 - matplotlib.font_manager - WARNING - findfont: Generic family 'sans-serif' not found because none of the following families were found: Times New Roman
2024-07-03 18:00:49,274 - matplotlib.font_manager - WARNING - findfont: Generic family 'sans-serif' not found because none of the following families were found: Times New Roman
2024-07-03 18:00:49,275 - matplotlib.font_manager - WARNING - findfont: Generic family 'sans-serif' not found because none of the following families were found: Times New Roman
2024-07-03 18:00:49,275 - matplotlib.font_manager - WARNING - findfont: Generic family 'sans-serif' not found because none of the following families were found: Times New Roman
2024-07-03 18:00:49,275 - matplotlib.font_manager - WARNING - findfont: Generic family 'sans-serif' not found because none of the following families were found: Times New Roman
2024-07-03 18:00:49,279 - matplotlib.font_manager - WARNING - findfont: Generic family 'sans-serif' not found because none of the following families were found: Times New Roman
2024-07-03 18:00:49,279 - matplotlib.font_manager - WARNING - findfont: Generic family 'sans-serif' not found because none of the following families were found: Times New Roman
2024-07-03 18:00:49,279 - matplotlib.font_manager - WARNING - findfont: Generic family 'sans-serif' not found because none of the following families were found: Times New Roman
2024-07-03 18:00:49,280 - matplotlib.font_manager - WARNING - findfont: Generic family 'sans-serif' not found because none of the following families were found: Times New Roman
2024-07-03 18:00:49,280 - matplotlib.font_manager - WARNING - findfont: Generic family 'sans-serif' not found because none of the following families were found: Times New Roman
2024-07-03 18:00:49,280 - matplotlib.font_manager - WARNING - findfont: Generic family 'sans-serif' not found because none of the following families were found: Times New Roman
2024-07-03 18:00:49,280 - matplotlib.font_manager - WARNING - findfont: Generic family 'sans-serif' not found because none of the following families were found: Times New Roman
2024-07-03 18:00:49,284 - matplotlib.font_manager - WARNING - findfont: Generic family 'sans-serif' not found because none of the following families were found: Times New Roman
2024-07-03 18:00:49,287 - matplotlib.font_manager - WARNING - findfont: Generic family 'sans-serif' not found because none of the following families were found: Times New Roman
2024-07-03 18:00:49,287 - matplotlib.font_manager - WARNING - findfont: Generic family 'sans-serif' not found because none of the following families were found: Times New Roman
2024-07-03 18:00:49,287 - matplotlib.font_manager - WARNING - findfont: Generic family 'sans-serif' not found because none of the following families were found: Times New Roman
2024-07-03 18:00:49,288 - matplotlib.font_manager - WARNING - findfont: Generic family 'sans-serif' not found because none of the following families were found: Times New Roman
2024-07-03 18:00:49,288 - matplotlib.font_manager - WARNING - findfont: Generic family 'sans-serif' not found because none of the following families were found: Times New Roman
2024-07-03 18:00:49,288 - matplotlib.font_manager - WARNING - findfont: Generic family 'sans-serif' not found because none of the following families were found: Times New Roman
2024-07-03 18:00:49,289 - matplotlib.font_manager - WARNING - findfont: Generic family 'sans-serif' not found because none of the following families were found: Times New Roman
2024-07-03 18:00:49,289 - matplotlib.font_manager - WARNING - findfont: Generic family 'sans-serif' not found because none of the following families were found: Times New Roman
2024-07-03 18:00:49,290 - matplotlib.font_manager - WARNING - findfont: Generic family 'sans-serif' not found because none of the following families were found: Times New Roman
2024-07-03 18:00:49,290 - matplotlib.font_manager - WARNING - findfont: Generic family 'sans-serif' not found because none of the following families were found: Times New Roman
2024-07-03 18:00:49,291 - matplotlib.font_manager - WARNING - findfont: Generic family 'sans-serif' not found because none of the following families were found: Times New Roman
2024-07-03 18:00:49,291 - matplotlib.font_manager - WARNING - findfont: Generic family 'sans-serif' not found because none of the following families were found: Times New Roman
2024-07-03 18:00:49,292 - matplotlib.font_manager - WARNING - findfont: Generic family 'sans-serif' not found because none of the following families were found: Times New Roman
2024-07-03 18:00:49,292 - matplotlib.font_manager - WARNING - findfont: Generic family 'sans-serif' not found because none of the following families were found: Times New Roman
2024-07-03 18:00:49,293 - matplotlib.font_manager - WARNING - findfont: Generic family 'sans-serif' not found because none of the following families were found: Times New Roman
2024-07-03 18:00:49,293 - matplotlib.font_manager - WARNING - findfont: Generic family 'sans-serif' not found because none of the following families were found: Times New Roman
2024-07-03 18:00:49,293 - matplotlib.font_manager - WARNING - findfont: Generic family 'sans-serif' not found because none of the following families were found: Times New Roman
2024-07-03 18:00:49,294 - matplotlib.font_manager - WARNING - findfont: Generic family 'sans-serif' not found because none of the following families were found: Times New Roman
2024-07-03 18:00:49,304 - matplotlib.font_manager - WARNING - findfont: Generic family 'sans-serif' not found because none of the following families were found: Times New Roman
2024-07-03 18:00:49,304 - matplotlib.font_manager - WARNING - findfont: Generic family 'sans-serif' not found because none of the following families were found: Times New Roman
2024-07-03 18:00:49,309 - matplotlib.font_manager - WARNING - findfont: Generic family 'sans-serif' not found because none of the following families were found: Times New Roman
2024-07-03 18:00:49,309 - matplotlib.font_manager - WARNING - findfont: Generic family 'sans-serif' not found because none of the following families were found: Times New Roman
2024-07-03 18:00:49,319 - matplotlib.font_manager - WARNING - findfont: Generic family 'sans-serif' not found because none of the following families were found: Times New Roman
2024-07-03 18:00:49,320 - matplotlib.font_manager - WARNING - findfont: Generic family 'sans-serif' not found because none of the following families were found: Times New Roman
2024-07-03 18:00:49,328 - matplotlib.font_manager - WARNING - findfont: Generic family 'sans-serif' not found because none of the following families were found: Times New Roman
2024-07-03 18:00:49,328 - matplotlib.font_manager - WARNING - findfont: Generic family 'sans-serif' not found because none of the following families were found: Times New Roman
2024-07-03 18:00:49,329 - matplotlib.font_manager - WARNING - findfont: Generic family 'sans-serif' not found because none of the following families were found: Times New Roman
2024-07-03 18:00:49,329 - matplotlib.font_manager - WARNING - findfont: Generic family 'sans-serif' not found because none of the following families were found: Times New Roman
2024-07-03 18:00:49,329 - matplotlib.font_manager - WARNING - findfont: Generic family 'sans-serif' not found because none of the following families were found: Times New Roman
2024-07-03 18:00:49,329 - matplotlib.font_manager - WARNING - findfont: Generic family 'sans-serif' not found because none of the following families were found: Times New Roman
2024-07-03 18:00:49,330 - matplotlib.font_manager - WARNING - findfont: Generic family 'sans-serif' not found because none of the following families were found: Times New Roman
2024-07-03 18:00:49,330 - matplotlib.font_manager - WARNING - findfont: Generic family 'sans-serif' not found because none of the following families were found: Times New Roman
2024-07-03 18:00:49,331 - matplotlib.font_manager - WARNING - findfont: Generic family 'sans-serif' not found because none of the following families were found: Times New Roman
2024-07-03 18:00:49,331 - matplotlib.font_manager - WARNING - findfont: Generic family 'sans-serif' not found because none of the following families were found: Times New Roman
2024-07-03 18:00:49,332 - matplotlib.font_manager - WARNING - findfont: Generic family 'sans-serif' not found because none of the following families were found: Times New Roman
2024-07-03 18:00:49,334 - matplotlib.font_manager - WARNING - findfont: Generic family 'sans-serif' not found because none of the following families were found: Times New Roman
2024-07-03 18:00:49,335 - matplotlib.font_manager - WARNING - findfont: Generic family 'sans-serif' not found because none of the following families were found: Times New Roman
2024-07-03 18:00:49,335 - matplotlib.font_manager - WARNING - findfont: Generic family 'sans-serif' not found because none of the following families were found: Times New Roman
2024-07-03 18:00:49,335 - matplotlib.font_manager - WARNING - findfont: Generic family 'sans-serif' not found because none of the following families were found: Times New Roman
2024-07-03 18:00:49,335 - matplotlib.font_manager - WARNING - findfont: Generic family 'sans-serif' not found because none of the following families were found: Times New Roman
2024-07-03 18:00:49,335 - matplotlib.font_manager - WARNING - findfont: Generic family 'sans-serif' not found because none of the following families were found: Times New Roman
2024-07-03 18:00:49,335 - matplotlib.font_manager - WARNING - findfont: Generic family 'sans-serif' not found because none of the following families were found: Times New Roman
2024-07-03 18:00:49,336 - matplotlib.font_manager - WARNING - findfont: Generic family 'sans-serif' not found because none of the following families were found: Times New Roman
2024-07-03 18:00:49,336 - matplotlib.font_manager - WARNING - findfont: Generic family 'sans-serif' not found because none of the following families were found: Times New Roman
2024-07-03 18:00:49,337 - matplotlib.font_manager - WARNING - findfont: Generic family 'sans-serif' not found because none of the following families were found: Times New Roman
2024-07-03 18:00:49,337 - matplotlib.font_manager - WARNING - findfont: Generic family 'sans-serif' not found because none of the following families were found: Times New Roman
2024-07-03 18:00:49,338 - matplotlib.font_manager - WARNING - findfont: Generic family 'sans-serif' not found because none of the following families were found: Times New Roman
2024-07-03 18:00:49,338 - matplotlib.font_manager - WARNING - findfont: Generic family 'sans-serif' not found because none of the following families were found: Times New Roman
2024-07-03 18:00:49,339 - matplotlib.font_manager - WARNING - findfont: Generic family 'sans-serif' not found because none of the following families were found: Times New Roman
2024-07-03 18:00:49,341 - matplotlib.font_manager - WARNING - findfont: Generic family 'sans-serif' not found because none of the following families were found: Times New Roman
2024-07-03 18:00:49,342 - matplotlib.font_manager - WARNING - findfont: Generic family 'sans-serif' not found because none of the following families were found: Times New Roman
2024-07-03 18:00:49,343 - matplotlib.font_manager - WARNING - findfont: Generic family 'sans-serif' not found because none of the following families were found: Times New Roman
2024-07-03 18:00:49,343 - matplotlib.font_manager - WARNING - findfont: Generic family 'sans-serif' not found because none of the following families were found: Times New Roman
2024-07-03 18:00:49,344 - matplotlib.font_manager - WARNING - findfont: Generic family 'sans-serif' not found because none of the following families were found: Times New Roman
2024-07-03 18:00:49,344 - matplotlib.font_manager - WARNING - findfont: Generic family 'sans-serif' not found because none of the following families were found: Times New Roman
2024-07-03 18:00:49,344 - matplotlib.font_manager - WARNING - findfont: Generic family 'sans-serif' not found because none of the following families were found: Times New Roman
2024-07-03 18:00:49,344 - matplotlib.font_manager - WARNING - findfont: Generic family 'sans-serif' not found because none of the following families were found: Times New Roman
2024-07-03 18:00:49,344 - matplotlib.font_manager - WARNING - findfont: Generic family 'sans-serif' not found because none of the following families were found: Times New Roman
2024-07-03 18:00:49,345 - matplotlib.font_manager - WARNING - findfont: Generic family 'sans-serif' not found because none of the following families were found: Times New Roman
2024-07-03 18:00:49,345 - matplotlib.font_manager - WARNING - findfont: Generic family 'sans-serif' not found because none of the following families were found: Times New Roman
2024-07-03 18:00:49,345 - matplotlib.font_manager - WARNING - findfont: Generic family 'sans-serif' not found because none of the following families were found: Times New Roman
2024-07-03 18:00:49,345 - matplotlib.font_manager - WARNING - findfont: Generic family 'sans-serif' not found because none of the following families were found: Times New Roman
2024-07-03 18:00:49,346 - matplotlib.font_manager - WARNING - findfont: Generic family 'sans-serif' not found because none of the following families were found: Times New Roman
2024-07-03 18:00:49,346 - matplotlib.font_manager - WARNING - findfont: Generic family 'sans-serif' not found because none of the following families were found: Times New Roman
2024-07-03 18:00:49,346 - matplotlib.font_manager - WARNING - findfont: Generic family 'sans-serif' not found because none of the following families were found: Times New Roman
2024-07-03 18:00:49,346 - matplotlib.font_manager - WARNING - findfont: Generic family 'sans-serif' not found because none of the following families were found: Times New Roman
2024-07-03 18:00:49,347 - matplotlib.font_manager - WARNING - findfont: Generic family 'sans-serif' not found because none of the following families were found: Times New Roman
2024-07-03 18:00:49,347 - matplotlib.font_manager - WARNING - findfont: Generic family 'sans-serif' not found because none of the following families were found: Times New Roman
2024-07-03 18:00:49,347 - matplotlib.font_manager - WARNING - findfont: Generic family 'sans-serif' not found because none of the following families were found: Times New Roman
2024-07-03 18:00:49,347 - matplotlib.font_manager - WARNING - findfont: Generic family 'sans-serif' not found because none of the following families were found: Times New Roman
2024-07-03 18:00:49,347 - matplotlib.font_manager - WARNING - findfont: Generic family 'sans-serif' not found because none of the following families were found: Times New Roman
2024-07-03 18:00:49,348 - matplotlib.font_manager - WARNING - findfont: Generic family 'sans-serif' not found because none of the following families were found: Times New Roman
2024-07-03 18:00:49,349 - matplotlib.font_manager - WARNING - findfont: Generic family 'sans-serif' not found because none of the following families were found: Times New Roman
2024-07-03 18:00:49,350 - matplotlib.font_manager - WARNING - findfont: Generic family 'sans-serif' not found because none of the following families were found: Times New Roman
2024-07-03 18:00:49,350 - matplotlib.font_manager - WARNING - findfont: Generic family 'sans-serif' not found because none of the following families were found: Times New Roman
2024-07-03 18:00:49,350 - matplotlib.font_manager - WARNING - findfont: Generic family 'sans-serif' not found because none of the following families were found: Times New Roman
2024-07-03 18:00:49,351 - matplotlib.font_manager - WARNING - findfont: Generic family 'sans-serif' not found because none of the following families were found: Times New Roman
2024-07-03 18:00:49,351 - matplotlib.font_manager - WARNING - findfont: Generic family 'sans-serif' not found because none of the following families were found: Times New Roman
2024-07-03 18:00:49,351 - matplotlib.font_manager - WARNING - findfont: Generic family 'sans-serif' not found because none of the following families were found: Times New Roman
2024-07-03 18:00:49,352 - matplotlib.font_manager - WARNING - findfont: Generic family 'sans-serif' not found because none of the following families were found: Times New Roman
2024-07-03 18:00:49,352 - matplotlib.font_manager - WARNING - findfont: Generic family 'sans-serif' not found because none of the following families were found: Times New Roman
2024-07-03 18:00:49,385 - matplotlib.font_manager - WARNING - findfont: Generic family 'sans-serif' not found because none of the following families were found: Times New Roman
2024-07-03 18:00:49,386 - matplotlib.font_manager - WARNING - findfont: Generic family 'sans-serif' not found because none of the following families were found: Times New Roman
2024-07-03 18:00:49,386 - matplotlib.font_manager - WARNING - findfont: Generic family 'sans-serif' not found because none of the following families were found: Times New Roman
2024-07-03 18:00:49,386 - matplotlib.font_manager - WARNING - findfont: Generic family 'sans-serif' not found because none of the following families were found: Times New Roman
2024-07-03 18:00:49,386 - matplotlib.font_manager - WARNING - findfont: Generic family 'sans-serif' not found because none of the following families were found: Times New Roman
2024-07-03 18:00:49,387 - matplotlib.font_manager - WARNING - findfont: Generic family 'sans-serif' not found because none of the following families were found: Times New Roman
2024-07-03 18:00:49,387 - matplotlib.font_manager - WARNING - findfont: Generic family 'sans-serif' not found because none of the following families were found: Times New Roman
2024-07-03 18:00:49,388 - matplotlib.font_manager - WARNING - findfont: Generic family 'sans-serif' not found because none of the following families were found: Times New Roman
2024-07-03 18:00:49,388 - matplotlib.font_manager - WARNING - findfont: Generic family 'sans-serif' not found because none of the following families were found: Times New Roman
2024-07-03 18:00:49,389 - matplotlib.font_manager - WARNING - findfont: Generic family 'sans-serif' not found because none of the following families were found: Times New Roman
2024-07-03 18:00:49,389 - matplotlib.font_manager - WARNING - findfont: Generic family 'sans-serif' not found because none of the following families were found: Times New Roman
2024-07-03 18:00:49,391 - matplotlib.font_manager - WARNING - findfont: Generic family 'sans-serif' not found because none of the following families were found: Times New Roman
2024-07-03 18:00:49,392 - matplotlib.font_manager - WARNING - findfont: Generic family 'sans-serif' not found because none of the following families were found: Times New Roman
2024-07-03 18:00:49,392 - matplotlib.font_manager - WARNING - findfont: Generic family 'sans-serif' not found because none of the following families were found: Times New Roman
2024-07-03 18:00:49,392 - matplotlib.font_manager - WARNING - findfont: Generic family 'sans-serif' not found because none of the following families were found: Times New Roman
2024-07-03 18:00:49,392 - matplotlib.font_manager - WARNING - findfont: Generic family 'sans-serif' not found because none of the following families were found: Times New Roman
2024-07-03 18:00:49,393 - matplotlib.font_manager - WARNING - findfont: Generic family 'sans-serif' not found because none of the following families were found: Times New Roman
2024-07-03 18:00:49,393 - matplotlib.font_manager - WARNING - findfont: Generic family 'sans-serif' not found because none of the following families were found: Times New Roman
2024-07-03 18:00:49,394 - matplotlib.font_manager - WARNING - findfont: Generic family 'sans-serif' not found because none of the following families were found: Times New Roman
2024-07-03 18:00:49,394 - matplotlib.font_manager - WARNING - findfont: Generic family 'sans-serif' not found because none of the following families were found: Times New Roman
2024-07-03 18:00:49,395 - matplotlib.font_manager - WARNING - findfont: Generic family 'sans-serif' not found because none of the following families were found: Times New Roman
2024-07-03 18:00:49,395 - matplotlib.font_manager - WARNING - findfont: Generic family 'sans-serif' not found because none of the following families were found: Times New Roman
2024-07-03 18:00:49,396 - matplotlib.font_manager - WARNING - findfont: Generic family 'sans-serif' not found because none of the following families were found: Times New Roman
2024-07-03 18:00:49,396 - matplotlib.font_manager - WARNING - findfont: Generic family 'sans-serif' not found because none of the following families were found: Times New Roman
2024-07-03 18:00:49,396 - matplotlib.font_manager - WARNING - findfont: Generic family 'sans-serif' not found because none of the following families were found: Times New Roman
2024-07-03 18:00:49,399 - matplotlib.font_manager - WARNING - findfont: Generic family 'sans-serif' not found because none of the following families were found: Times New Roman
2024-07-03 18:00:49,400 - matplotlib.font_manager - WARNING - findfont: Generic family 'sans-serif' not found because none of the following families were found: Times New Roman
2024-07-03 18:00:49,401 - matplotlib.font_manager - WARNING - findfont: Generic family 'sans-serif' not found because none of the following families were found: Times New Roman
2024-07-03 18:00:49,401 - matplotlib.font_manager - WARNING - findfont: Generic family 'sans-serif' not found because none of the following families were found: Times New Roman
2024-07-03 18:00:49,401 - matplotlib.font_manager - WARNING - findfont: Generic family 'sans-serif' not found because none of the following families were found: Times New Roman
2024-07-03 18:00:49,402 - matplotlib.font_manager - WARNING - findfont: Generic family 'sans-serif' not found because none of the following families were found: Times New Roman
2024-07-03 18:00:49,402 - matplotlib.font_manager - WARNING - findfont: Generic family 'sans-serif' not found because none of the following families were found: Times New Roman
2024-07-03 18:00:49,402 - matplotlib.font_manager - WARNING - findfont: Generic family 'sans-serif' not found because none of the following families were found: Times New Roman
2024-07-03 18:00:49,402 - matplotlib.font_manager - WARNING - findfont: Generic family 'sans-serif' not found because none of the following families were found: Times New Roman
2024-07-03 18:00:49,402 - matplotlib.font_manager - WARNING - findfont: Generic family 'sans-serif' not found because none of the following families were found: Times New Roman
2024-07-03 18:00:49,403 - matplotlib.font_manager - WARNING - findfont: Generic family 'sans-serif' not found because none of the following families were found: Times New Roman
2024-07-03 18:00:49,403 - matplotlib.font_manager - WARNING - findfont: Generic family 'sans-serif' not found because none of the following families were found: Times New Roman
2024-07-03 18:00:49,403 - matplotlib.font_manager - WARNING - findfont: Generic family 'sans-serif' not found because none of the following families were found: Times New Roman
2024-07-03 18:00:49,403 - matplotlib.font_manager - WARNING - findfont: Generic family 'sans-serif' not found because none of the following families were found: Times New Roman
2024-07-03 18:00:49,404 - matplotlib.font_manager - WARNING - findfont: Generic family 'sans-serif' not found because none of the following families were found: Times New Roman
2024-07-03 18:00:49,404 - matplotlib.font_manager - WARNING - findfont: Generic family 'sans-serif' not found because none of the following families were found: Times New Roman
2024-07-03 18:00:49,404 - matplotlib.font_manager - WARNING - findfont: Generic family 'sans-serif' not found because none of the following families were found: Times New Roman
2024-07-03 18:00:49,404 - matplotlib.font_manager - WARNING - findfont: Generic family 'sans-serif' not found because none of the following families were found: Times New Roman
2024-07-03 18:00:49,405 - matplotlib.font_manager - WARNING - findfont: Generic family 'sans-serif' not found because none of the following families were found: Times New Roman
2024-07-03 18:00:49,405 - matplotlib.font_manager - WARNING - findfont: Generic family 'sans-serif' not found because none of the following families were found: Times New Roman
2024-07-03 18:00:49,405 - matplotlib.font_manager - WARNING - findfont: Generic family 'sans-serif' not found because none of the following families were found: Times New Roman
2024-07-03 18:00:49,405 - matplotlib.font_manager - WARNING - findfont: Generic family 'sans-serif' not found because none of the following families were found: Times New Roman
2024-07-03 18:00:49,406 - matplotlib.font_manager - WARNING - findfont: Generic family 'sans-serif' not found because none of the following families were found: Times New Roman
2024-07-03 18:00:49,407 - matplotlib.font_manager - WARNING - findfont: Generic family 'sans-serif' not found because none of the following families were found: Times New Roman
2024-07-03 18:00:49,408 - matplotlib.font_manager - WARNING - findfont: Generic family 'sans-serif' not found because none of the following families were found: Times New Roman
2024-07-03 18:00:49,408 - matplotlib.font_manager - WARNING - findfont: Generic family 'sans-serif' not found because none of the following families were found: Times New Roman
2024-07-03 18:00:49,408 - matplotlib.font_manager - WARNING - findfont: Generic family 'sans-serif' not found because none of the following families were found: Times New Roman
2024-07-03 18:00:49,408 - matplotlib.font_manager - WARNING - findfont: Generic family 'sans-serif' not found because none of the following families were found: Times New Roman
2024-07-03 18:00:49,409 - matplotlib.font_manager - WARNING - findfont: Generic family 'sans-serif' not found because none of the following families were found: Times New Roman
2024-07-03 18:00:49,409 - matplotlib.font_manager - WARNING - findfont: Generic family 'sans-serif' not found because none of the following families were found: Times New Roman
2024-07-03 18:00:49,410 - matplotlib.font_manager - WARNING - findfont: Generic family 'sans-serif' not found because none of the following families were found: Times New Roman
2024-07-03 18:00:49,410 - matplotlib.font_manager - WARNING - findfont: Generic family 'sans-serif' not found because none of the following families were found: Times New Roman
2024-07-03 18:00:49,443 - matplotlib.font_manager - WARNING - findfont: Generic family 'sans-serif' not found because none of the following families were found: Times New Roman
2024-07-03 18:00:49,443 - matplotlib.font_manager - WARNING - findfont: Generic family 'sans-serif' not found because none of the following families were found: Times New Roman
2024-07-03 18:00:49,444 - matplotlib.font_manager - WARNING - findfont: Generic family 'sans-serif' not found because none of the following families were found: Times New Roman
2024-07-03 18:00:49,444 - matplotlib.font_manager - WARNING - findfont: Generic family 'sans-serif' not found because none of the following families were found: Times New Roman
2024-07-03 18:00:49,444 - matplotlib.font_manager - WARNING - findfont: Generic family 'sans-serif' not found because none of the following families were found: Times New Roman
2024-07-03 18:00:49,444 - matplotlib.font_manager - WARNING - findfont: Generic family 'sans-serif' not found because none of the following families were found: Times New Roman
2024-07-03 18:00:49,448 - matplotlib.font_manager - WARNING - findfont: Generic family 'sans-serif' not found because none of the following families were found: Times New Roman
2024-07-03 18:00:49,448 - matplotlib.font_manager - WARNING - findfont: Generic family 'sans-serif' not found because none of the following families were found: Times New Roman
2024-07-03 18:00:49,448 - matplotlib.font_manager - WARNING - findfont: Generic family 'sans-serif' not found because none of the following families were found: Times New Roman
2024-07-03 18:00:49,449 - matplotlib.font_manager - WARNING - findfont: Generic family 'sans-serif' not found because none of the following families were found: Times New Roman
2024-07-03 18:00:49,449 - matplotlib.font_manager - WARNING - findfont: Generic family 'sans-serif' not found because none of the following families were found: Times New Roman
2024-07-03 18:00:49,449 - matplotlib.font_manager - WARNING - findfont: Generic family 'sans-serif' not found because none of the following families were found: Times New Roman
2024-07-03 18:00:49,449 - matplotlib.font_manager - WARNING - findfont: Generic family 'sans-serif' not found because none of the following families were found: Times New Roman
2024-07-03 18:00:49,449 - matplotlib.font_manager - WARNING - findfont: Generic family 'sans-serif' not found because none of the following families were found: Times New Roman
2024-07-03 18:00:49,450 - matplotlib.font_manager - WARNING - findfont: Generic family 'sans-serif' not found because none of the following families were found: Times New Roman
2024-07-03 18:00:49,455 - matplotlib.font_manager - WARNING - findfont: Generic family 'sans-serif' not found because none of the following families were found: Times New Roman
2024-07-03 18:00:49,455 - matplotlib.font_manager - WARNING - findfont: Generic family 'sans-serif' not found because none of the following families were found: Times New Roman
2024-07-03 18:00:49,456 - matplotlib.font_manager - WARNING - findfont: Generic family 'sans-serif' not found because none of the following families were found: Times New Roman
2024-07-03 18:00:49,456 - matplotlib.font_manager - WARNING - findfont: Generic family 'sans-serif' not found because none of the following families were found: Times New Roman
2024-07-03 18:00:49,456 - matplotlib.font_manager - WARNING - findfont: Generic family 'sans-serif' not found because none of the following families were found: Times New Roman
2024-07-03 18:00:49,456 - matplotlib.font_manager - WARNING - findfont: Generic family 'sans-serif' not found because none of the following families were found: Times New Roman
2024-07-03 18:00:49,457 - matplotlib.font_manager - WARNING - findfont: Generic family 'sans-serif' not found because none of the following families were found: Times New Roman
2024-07-03 18:00:49,457 - matplotlib.font_manager - WARNING - findfont: Generic family 'sans-serif' not found because none of the following families were found: Times New Roman
2024-07-03 18:00:49,457 - matplotlib.font_manager - WARNING - findfont: Generic family 'sans-serif' not found because none of the following families were found: Times New Roman
2024-07-03 18:00:49,457 - matplotlib.font_manager - WARNING - findfont: Generic family 'sans-serif' not found because none of the following families were found: Times New Roman
2024-07-03 18:00:49,458 - matplotlib.font_manager - WARNING - findfont: Generic family 'sans-serif' not found because none of the following families were found: Times New Roman
2024-07-03 18:00:49,458 - matplotlib.font_manager - WARNING - findfont: Generic family 'sans-serif' not found because none of the following families were found: Times New Roman
2024-07-03 18:00:49,458 - matplotlib.font_manager - WARNING - findfont: Generic family 'sans-serif' not found because none of the following families were found: Times New Roman
2024-07-03 18:00:49,459 - matplotlib.font_manager - WARNING - findfont: Generic family 'sans-serif' not found because none of the following families were found: Times New Roman
2024-07-03 18:00:49,459 - matplotlib.font_manager - WARNING - findfont: Generic family 'sans-serif' not found because none of the following families were found: Times New Roman
2024-07-03 18:00:49,460 - matplotlib.font_manager - WARNING - findfont: Generic family 'sans-serif' not found because none of the following families were found: Times New Roman
2024-07-03 18:00:49,460 - matplotlib.font_manager - WARNING - findfont: Generic family 'sans-serif' not found because none of the following families were found: Times New Roman
2024-07-03 18:00:49,461 - matplotlib.font_manager - WARNING - findfont: Generic family 'sans-serif' not found because none of the following families were found: Times New Roman
2024-07-03 18:00:49,461 - matplotlib.font_manager - WARNING - findfont: Generic family 'sans-serif' not found because none of the following families were found: Times New Roman
2024-07-03 18:00:49,461 - matplotlib.font_manager - WARNING - findfont: Generic family 'sans-serif' not found because none of the following families were found: Times New Roman
2024-07-03 18:00:49,462 - matplotlib.font_manager - WARNING - findfont: Generic family 'sans-serif' not found because none of the following families were found: Times New Roman
2024-07-03 18:00:49,462 - matplotlib.font_manager - WARNING - findfont: Generic family 'sans-serif' not found because none of the following families were found: Times New Roman
2024-07-03 18:00:49,462 - matplotlib.font_manager - WARNING - findfont: Generic family 'sans-serif' not found because none of the following families were found: Times New Roman
2024-07-03 18:00:49,473 - matplotlib.font_manager - WARNING - findfont: Generic family 'sans-serif' not found because none of the following families were found: Times New Roman
2024-07-03 18:00:49,473 - matplotlib.font_manager - WARNING - findfont: Generic family 'sans-serif' not found because none of the following families were found: Times New Roman
2024-07-03 18:00:49,478 - matplotlib.font_manager - WARNING - findfont: Generic family 'sans-serif' not found because none of the following families were found: Times New Roman
2024-07-03 18:00:49,478 - matplotlib.font_manager - WARNING - findfont: Generic family 'sans-serif' not found because none of the following families were found: Times New Roman
2024-07-03 18:00:49,488 - matplotlib.font_manager - WARNING - findfont: Generic family 'sans-serif' not found because none of the following families were found: Times New Roman
2024-07-03 18:00:49,489 - matplotlib.font_manager - WARNING - findfont: Generic family 'sans-serif' not found because none of the following families were found: Times New Roman
2024-07-03 18:00:49,497 - matplotlib.font_manager - WARNING - findfont: Generic family 'sans-serif' not found because none of the following families were found: Times New Roman
2024-07-03 18:00:49,497 - matplotlib.font_manager - WARNING - findfont: Generic family 'sans-serif' not found because none of the following families were found: Times New Roman
2024-07-03 18:00:49,498 - matplotlib.font_manager - WARNING - findfont: Generic family 'sans-serif' not found because none of the following families were found: Times New Roman
2024-07-03 18:00:49,498 - matplotlib.font_manager - WARNING - findfont: Generic family 'sans-serif' not found because none of the following families were found: Times New Roman
2024-07-03 18:00:49,498 - matplotlib.font_manager - WARNING - findfont: Generic family 'sans-serif' not found because none of the following families were found: Times New Roman
2024-07-03 18:00:49,498 - matplotlib.font_manager - WARNING - findfont: Generic family 'sans-serif' not found because none of the following families were found: Times New Roman
2024-07-03 18:00:49,499 - matplotlib.font_manager - WARNING - findfont: Generic family 'sans-serif' not found because none of the following families were found: Times New Roman
2024-07-03 18:00:49,500 - matplotlib.font_manager - WARNING - findfont: Generic family 'sans-serif' not found because none of the following families were found: Times New Roman
2024-07-03 18:00:49,500 - matplotlib.font_manager - WARNING - findfont: Generic family 'sans-serif' not found because none of the following families were found: Times New Roman
2024-07-03 18:00:49,501 - matplotlib.font_manager - WARNING - findfont: Generic family 'sans-serif' not found because none of the following families were found: Times New Roman
2024-07-03 18:00:49,501 - matplotlib.font_manager - WARNING - findfont: Generic family 'sans-serif' not found because none of the following families were found: Times New Roman
2024-07-03 18:00:49,503 - matplotlib.font_manager - WARNING - findfont: Generic family 'sans-serif' not found because none of the following families were found: Times New Roman
2024-07-03 18:00:49,504 - matplotlib.font_manager - WARNING - findfont: Generic family 'sans-serif' not found because none of the following families were found: Times New Roman
2024-07-03 18:00:49,504 - matplotlib.font_manager - WARNING - findfont: Generic family 'sans-serif' not found because none of the following families were found: Times New Roman
2024-07-03 18:00:49,504 - matplotlib.font_manager - WARNING - findfont: Generic family 'sans-serif' not found because none of the following families were found: Times New Roman
2024-07-03 18:00:49,504 - matplotlib.font_manager - WARNING - findfont: Generic family 'sans-serif' not found because none of the following families were found: Times New Roman
2024-07-03 18:00:49,504 - matplotlib.font_manager - WARNING - findfont: Generic family 'sans-serif' not found because none of the following families were found: Times New Roman
2024-07-03 18:00:49,505 - matplotlib.font_manager - WARNING - findfont: Generic family 'sans-serif' not found because none of the following families were found: Times New Roman
2024-07-03 18:00:49,505 - matplotlib.font_manager - WARNING - findfont: Generic family 'sans-serif' not found because none of the following families were found: Times New Roman
2024-07-03 18:00:49,505 - matplotlib.font_manager - WARNING - findfont: Generic family 'sans-serif' not found because none of the following families were found: Times New Roman
2024-07-03 18:00:49,506 - matplotlib.font_manager - WARNING - findfont: Generic family 'sans-serif' not found because none of the following families were found: Times New Roman
2024-07-03 18:00:49,506 - matplotlib.font_manager - WARNING - findfont: Generic family 'sans-serif' not found because none of the following families were found: Times New Roman
2024-07-03 18:00:49,506 - matplotlib.font_manager - WARNING - findfont: Generic family 'sans-serif' not found because none of the following families were found: Times New Roman
2024-07-03 18:00:49,507 - matplotlib.font_manager - WARNING - findfont: Generic family 'sans-serif' not found because none of the following families were found: Times New Roman
2024-07-03 18:00:49,507 - matplotlib.font_manager - WARNING - findfont: Generic family 'sans-serif' not found because none of the following families were found: Times New Roman
2024-07-03 18:00:49,508 - matplotlib.font_manager - WARNING - findfont: Generic family 'sans-serif' not found because none of the following families were found: Times New Roman
2024-07-03 18:00:49,508 - matplotlib.font_manager - WARNING - findfont: Generic family 'sans-serif' not found because none of the following families were found: Times New Roman
2024-07-03 18:00:49,509 - matplotlib.font_manager - WARNING - findfont: Generic family 'sans-serif' not found because none of the following families were found: Times New Roman
2024-07-03 18:00:49,509 - matplotlib.font_manager - WARNING - findfont: Generic family 'sans-serif' not found because none of the following families were found: Times New Roman
2024-07-03 18:00:49,512 - matplotlib.font_manager - WARNING - findfont: Generic family 'sans-serif' not found because none of the following families were found: Times New Roman
2024-07-03 18:00:49,512 - matplotlib.font_manager - WARNING - findfont: Generic family 'sans-serif' not found because none of the following families were found: Times New Roman
2024-07-03 18:00:49,514 - matplotlib.font_manager - WARNING - findfont: Generic family 'sans-serif' not found because none of the following families were found: Times New Roman
2024-07-03 18:00:49,514 - matplotlib.font_manager - WARNING - findfont: Generic family 'sans-serif' not found because none of the following families were found: Times New Roman
2024-07-03 18:00:49,514 - matplotlib.font_manager - WARNING - findfont: Generic family 'sans-serif' not found because none of the following families were found: Times New Roman
2024-07-03 18:00:49,515 - matplotlib.font_manager - WARNING - findfont: Generic family 'sans-serif' not found because none of the following families were found: Times New Roman
2024-07-03 18:00:49,515 - matplotlib.font_manager - WARNING - findfont: Generic family 'sans-serif' not found because none of the following families were found: Times New Roman
2024-07-03 18:00:49,515 - matplotlib.font_manager - WARNING - findfont: Generic family 'sans-serif' not found because none of the following families were found: Times New Roman
2024-07-03 18:00:49,515 - matplotlib.font_manager - WARNING - findfont: Generic family 'sans-serif' not found because none of the following families were found: Times New Roman
2024-07-03 18:00:49,515 - matplotlib.font_manager - WARNING - findfont: Generic family 'sans-serif' not found because none of the following families were found: Times New Roman
2024-07-03 18:00:49,516 - matplotlib.font_manager - WARNING - findfont: Generic family 'sans-serif' not found because none of the following families were found: Times New Roman
2024-07-03 18:00:49,516 - matplotlib.font_manager - WARNING - findfont: Generic family 'sans-serif' not found because none of the following families were found: Times New Roman
2024-07-03 18:00:49,516 - matplotlib.font_manager - WARNING - findfont: Generic family 'sans-serif' not found because none of the following families were found: Times New Roman
2024-07-03 18:00:49,516 - matplotlib.font_manager - WARNING - findfont: Generic family 'sans-serif' not found because none of the following families were found: Times New Roman
2024-07-03 18:00:49,516 - matplotlib.font_manager - WARNING - findfont: Generic family 'sans-serif' not found because none of the following families were found: Times New Roman
2024-07-03 18:00:49,517 - matplotlib.font_manager - WARNING - findfont: Generic family 'sans-serif' not found because none of the following families were found: Times New Roman
2024-07-03 18:00:49,517 - matplotlib.font_manager - WARNING - findfont: Generic family 'sans-serif' not found because none of the following families were found: Times New Roman
2024-07-03 18:00:49,517 - matplotlib.font_manager - WARNING - findfont: Generic family 'sans-serif' not found because none of the following families were found: Times New Roman
2024-07-03 18:00:49,517 - matplotlib.font_manager - WARNING - findfont: Generic family 'sans-serif' not found because none of the following families were found: Times New Roman
2024-07-03 18:00:49,517 - matplotlib.font_manager - WARNING - findfont: Generic family 'sans-serif' not found because none of the following families were found: Times New Roman
2024-07-03 18:00:49,518 - matplotlib.font_manager - WARNING - findfont: Generic family 'sans-serif' not found because none of the following families were found: Times New Roman
2024-07-03 18:00:49,518 - matplotlib.font_manager - WARNING - findfont: Generic family 'sans-serif' not found because none of the following families were found: Times New Roman
2024-07-03 18:00:49,518 - matplotlib.font_manager - WARNING - findfont: Generic family 'sans-serif' not found because none of the following families were found: Times New Roman
2024-07-03 18:00:49,518 - matplotlib.font_manager - WARNING - findfont: Generic family 'sans-serif' not found because none of the following families were found: Times New Roman
2024-07-03 18:00:49,519 - matplotlib.font_manager - WARNING - findfont: Generic family 'sans-serif' not found because none of the following families were found: Times New Roman
2024-07-03 18:00:49,519 - matplotlib.font_manager - WARNING - findfont: Generic family 'sans-serif' not found because none of the following families were found: Times New Roman
2024-07-03 18:00:49,520 - matplotlib.font_manager - WARNING - findfont: Generic family 'sans-serif' not found because none of the following families were found: Times New Roman
2024-07-03 18:00:49,520 - matplotlib.font_manager - WARNING - findfont: Generic family 'sans-serif' not found because none of the following families were found: Times New Roman
2024-07-03 18:00:49,521 - matplotlib.font_manager - WARNING - findfont: Generic family 'sans-serif' not found because none of the following families were found: Times New Roman
2024-07-03 18:00:49,521 - matplotlib.font_manager - WARNING - findfont: Generic family 'sans-serif' not found because none of the following families were found: Times New Roman
2024-07-03 18:00:49,522 - matplotlib.font_manager - WARNING - findfont: Generic family 'sans-serif' not found because none of the following families were found: Times New Roman
2024-07-03 18:00:49,522 - matplotlib.font_manager - WARNING - findfont: Generic family 'sans-serif' not found because none of the following families were found: Times New Roman
2024-07-03 18:00:49,522 - matplotlib.font_manager - WARNING - findfont: Generic family 'sans-serif' not found because none of the following families were found: Times New Roman
2024-07-03 18:00:49,523 - matplotlib.font_manager - WARNING - findfont: Generic family 'sans-serif' not found because none of the following families were found: Times New Roman
2024-07-03 18:00:49,523 - matplotlib.font_manager - WARNING - findfont: Generic family 'sans-serif' not found because none of the following families were found: Times New Roman
2024-07-03 18:00:49,524 - matplotlib.font_manager - WARNING - findfont: Generic family 'sans-serif' not found because none of the following families were found: Times New Roman
2024-07-03 18:00:49,559 - matplotlib.font_manager - WARNING - findfont: Generic family 'sans-serif' not found because none of the following families were found: Times New Roman
2024-07-03 18:00:49,559 - matplotlib.font_manager - WARNING - findfont: Generic family 'sans-serif' not found because none of the following families were found: Times New Roman
2024-07-03 18:00:49,560 - matplotlib.font_manager - WARNING - findfont: Generic family 'sans-serif' not found because none of the following families were found: Times New Roman
2024-07-03 18:00:49,560 - matplotlib.font_manager - WARNING - findfont: Generic family 'sans-serif' not found because none of the following families were found: Times New Roman
2024-07-03 18:00:49,560 - matplotlib.font_manager - WARNING - findfont: Generic family 'sans-serif' not found because none of the following families were found: Times New Roman
2024-07-03 18:00:49,560 - matplotlib.font_manager - WARNING - findfont: Generic family 'sans-serif' not found because none of the following families were found: Times New Roman
2024-07-03 18:00:49,561 - matplotlib.font_manager - WARNING - findfont: Generic family 'sans-serif' not found because none of the following families were found: Times New Roman
2024-07-03 18:00:49,561 - matplotlib.font_manager - WARNING - findfont: Generic family 'sans-serif' not found because none of the following families were found: Times New Roman
2024-07-03 18:00:49,562 - matplotlib.font_manager - WARNING - findfont: Generic family 'sans-serif' not found because none of the following families were found: Times New Roman
2024-07-03 18:00:49,562 - matplotlib.font_manager - WARNING - findfont: Generic family 'sans-serif' not found because none of the following families were found: Times New Roman
2024-07-03 18:00:49,563 - matplotlib.font_manager - WARNING - findfont: Generic family 'sans-serif' not found because none of the following families were found: Times New Roman
2024-07-03 18:00:49,565 - matplotlib.font_manager - WARNING - findfont: Generic family 'sans-serif' not found because none of the following families were found: Times New Roman
2024-07-03 18:00:49,565 - matplotlib.font_manager - WARNING - findfont: Generic family 'sans-serif' not found because none of the following families were found: Times New Roman
2024-07-03 18:00:49,566 - matplotlib.font_manager - WARNING - findfont: Generic family 'sans-serif' not found because none of the following families were found: Times New Roman
2024-07-03 18:00:49,566 - matplotlib.font_manager - WARNING - findfont: Generic family 'sans-serif' not found because none of the following families were found: Times New Roman
2024-07-03 18:00:49,566 - matplotlib.font_manager - WARNING - findfont: Generic family 'sans-serif' not found because none of the following families were found: Times New Roman
2024-07-03 18:00:49,566 - matplotlib.font_manager - WARNING - findfont: Generic family 'sans-serif' not found because none of the following families were found: Times New Roman
2024-07-03 18:00:49,566 - matplotlib.font_manager - WARNING - findfont: Generic family 'sans-serif' not found because none of the following families were found: Times New Roman
2024-07-03 18:00:49,567 - matplotlib.font_manager - WARNING - findfont: Generic family 'sans-serif' not found because none of the following families were found: Times New Roman
2024-07-03 18:00:49,567 - matplotlib.font_manager - WARNING - findfont: Generic family 'sans-serif' not found because none of the following families were found: Times New Roman
2024-07-03 18:00:49,567 - matplotlib.font_manager - WARNING - findfont: Generic family 'sans-serif' not found because none of the following families were found: Times New Roman
2024-07-03 18:00:49,568 - matplotlib.font_manager - WARNING - findfont: Generic family 'sans-serif' not found because none of the following families were found: Times New Roman
2024-07-03 18:00:49,568 - matplotlib.font_manager - WARNING - findfont: Generic family 'sans-serif' not found because none of the following families were found: Times New Roman
2024-07-03 18:00:49,569 - matplotlib.font_manager - WARNING - findfont: Generic family 'sans-serif' not found because none of the following families were found: Times New Roman
2024-07-03 18:00:49,569 - matplotlib.font_manager - WARNING - findfont: Generic family 'sans-serif' not found because none of the following families were found: Times New Roman
2024-07-03 18:00:49,570 - matplotlib.font_manager - WARNING - findfont: Generic family 'sans-serif' not found because none of the following families were found: Times New Roman
2024-07-03 18:00:49,570 - matplotlib.font_manager - WARNING - findfont: Generic family 'sans-serif' not found because none of the following families were found: Times New Roman
2024-07-03 18:00:49,571 - matplotlib.font_manager - WARNING - findfont: Generic family 'sans-serif' not found because none of the following families were found: Times New Roman
2024-07-03 18:00:49,571 - matplotlib.font_manager - WARNING - findfont: Generic family 'sans-serif' not found because none of the following families were found: Times New Roman
2024-07-03 18:00:49,574 - matplotlib.font_manager - WARNING - findfont: Generic family 'sans-serif' not found because none of the following families were found: Times New Roman
2024-07-03 18:00:49,574 - matplotlib.font_manager - WARNING - findfont: Generic family 'sans-serif' not found because none of the following families were found: Times New Roman
2024-07-03 18:00:49,576 - matplotlib.font_manager - WARNING - findfont: Generic family 'sans-serif' not found because none of the following families were found: Times New Roman
2024-07-03 18:00:49,576 - matplotlib.font_manager - WARNING - findfont: Generic family 'sans-serif' not found because none of the following families were found: Times New Roman
2024-07-03 18:00:49,576 - matplotlib.font_manager - WARNING - findfont: Generic family 'sans-serif' not found because none of the following families were found: Times New Roman
2024-07-03 18:00:49,577 - matplotlib.font_manager - WARNING - findfont: Generic family 'sans-serif' not found because none of the following families were found: Times New Roman
2024-07-03 18:00:49,577 - matplotlib.font_manager - WARNING - findfont: Generic family 'sans-serif' not found because none of the following families were found: Times New Roman
2024-07-03 18:00:49,577 - matplotlib.font_manager - WARNING - findfont: Generic family 'sans-serif' not found because none of the following families were found: Times New Roman
2024-07-03 18:00:49,577 - matplotlib.font_manager - WARNING - findfont: Generic family 'sans-serif' not found because none of the following families were found: Times New Roman
2024-07-03 18:00:49,577 - matplotlib.font_manager - WARNING - findfont: Generic family 'sans-serif' not found because none of the following families were found: Times New Roman
2024-07-03 18:00:49,578 - matplotlib.font_manager - WARNING - findfont: Generic family 'sans-serif' not found because none of the following families were found: Times New Roman
2024-07-03 18:00:49,578 - matplotlib.font_manager - WARNING - findfont: Generic family 'sans-serif' not found because none of the following families were found: Times New Roman
2024-07-03 18:00:49,578 - matplotlib.font_manager - WARNING - findfont: Generic family 'sans-serif' not found because none of the following families were found: Times New Roman
2024-07-03 18:00:49,578 - matplotlib.font_manager - WARNING - findfont: Generic family 'sans-serif' not found because none of the following families were found: Times New Roman
2024-07-03 18:00:49,578 - matplotlib.font_manager - WARNING - findfont: Generic family 'sans-serif' not found because none of the following families were found: Times New Roman
2024-07-03 18:00:49,579 - matplotlib.font_manager - WARNING - findfont: Generic family 'sans-serif' not found because none of the following families were found: Times New Roman
2024-07-03 18:00:49,579 - matplotlib.font_manager - WARNING - findfont: Generic family 'sans-serif' not found because none of the following families were found: Times New Roman
2024-07-03 18:00:49,579 - matplotlib.font_manager - WARNING - findfont: Generic family 'sans-serif' not found because none of the following families were found: Times New Roman
2024-07-03 18:00:49,579 - matplotlib.font_manager - WARNING - findfont: Generic family 'sans-serif' not found because none of the following families were found: Times New Roman
2024-07-03 18:00:49,579 - matplotlib.font_manager - WARNING - findfont: Generic family 'sans-serif' not found because none of the following families were found: Times New Roman
2024-07-03 18:00:49,580 - matplotlib.font_manager - WARNING - findfont: Generic family 'sans-serif' not found because none of the following families were found: Times New Roman
2024-07-03 18:00:49,580 - matplotlib.font_manager - WARNING - findfont: Generic family 'sans-serif' not found because none of the following families were found: Times New Roman
2024-07-03 18:00:49,580 - matplotlib.font_manager - WARNING - findfont: Generic family 'sans-serif' not found because none of the following families were found: Times New Roman
2024-07-03 18:00:49,580 - matplotlib.font_manager - WARNING - findfont: Generic family 'sans-serif' not found because none of the following families were found: Times New Roman
2024-07-03 18:00:49,580 - matplotlib.font_manager - WARNING - findfont: Generic family 'sans-serif' not found because none of the following families were found: Times New Roman
2024-07-03 18:00:49,581 - matplotlib.font_manager - WARNING - findfont: Generic family 'sans-serif' not found because none of the following families were found: Times New Roman
2024-07-03 18:00:49,582 - matplotlib.font_manager - WARNING - findfont: Generic family 'sans-serif' not found because none of the following families were found: Times New Roman
2024-07-03 18:00:49,582 - matplotlib.font_manager - WARNING - findfont: Generic family 'sans-serif' not found because none of the following families were found: Times New Roman
2024-07-03 18:00:49,583 - matplotlib.font_manager - WARNING - findfont: Generic family 'sans-serif' not found because none of the following families were found: Times New Roman
2024-07-03 18:00:49,583 - matplotlib.font_manager - WARNING - findfont: Generic family 'sans-serif' not found because none of the following families were found: Times New Roman
2024-07-03 18:00:49,584 - matplotlib.font_manager - WARNING - findfont: Generic family 'sans-serif' not found because none of the following families were found: Times New Roman
2024-07-03 18:00:49,584 - matplotlib.font_manager - WARNING - findfont: Generic family 'sans-serif' not found because none of the following families were found: Times New Roman
2024-07-03 18:00:49,584 - matplotlib.font_manager - WARNING - findfont: Generic family 'sans-serif' not found because none of the following families were found: Times New Roman
2024-07-03 18:00:49,585 - matplotlib.font_manager - WARNING - findfont: Generic family 'sans-serif' not found because none of the following families were found: Times New Roman
2024-07-03 18:00:49,585 - matplotlib.font_manager - WARNING - findfont: Generic family 'sans-serif' not found because none of the following families were found: Times New Roman
2024-07-03 18:00:49,586 - matplotlib.font_manager - WARNING - findfont: Generic family 'sans-serif' not found because none of the following families were found: Times New Roman
2024-07-03 18:00:49,591 - root - INFO - remove_subway_list: ['地铁1号线', '地铁2号线']
2024-07-03 18:01:54,676 - root - INFO - count, count_true: 116609, 0
2024-07-03 18:01:56,932 - root - INFO - count, count_true: 118192, 3323
2024-07-03 18:01:57,375 - root - INFO - count, count_true: 116721, 0
2024-07-03 18:01:58,214 - root - INFO - count, count_true: 118192, 9494
2024-07-03 18:01:58,724 - root - INFO - count, count_true: 117745, 0
2024-07-03 18:01:58,893 - root - INFO - count, count_true: 118192, 3230
2024-07-03 18:01:59,179 - root - INFO - count, count_true: 118192, 3323
2024-07-03 18:01:59,511 - root - INFO - count, count_true: 117805, 0
2024-07-03 18:03:45,943 - root - INFO - count, count_true: 116721, 0
2024-07-03 18:03:48,606 - root - INFO - count, count_true: 118192, 23594
2024-07-03 18:03:48,875 - root - INFO - count, count_true: 117805, 3223
2024-07-03 18:03:49,145 - root - INFO - count, count_true: 118192, 6095
2024-07-03 18:05:39,700 - root - INFO - count, count_true: 118192, 9494
2024-07-03 18:08:09,502 - root - INFO - count, count_true: 116721, 1660
2024-07-03 18:08:09,523 - root - INFO - count, count_true: 116609, 1666
2024-07-03 18:08:09,581 - root - INFO - count, count_true: 117805, 6418
2024-07-03 18:08:09,956 - root - INFO - count, count_true: 118192, 6945
2024-07-03 18:08:10,450 - root - INFO - count, count_true: 117745, 6445
2024-07-03 18:08:10,616 - root - INFO - count, count_true: 118192, 17164
2024-07-03 18:08:11,044 - root - INFO - count, count_true: 118192, 7587
2024-07-03 18:08:11,068 - root - INFO - count, count_true: 118192, 7587
2024-07-03 18:09:56,175 - root - INFO - count, count_true: 117805, 6932
2024-07-03 18:09:56,497 - root - INFO - count, count_true: 116721, 6395
2024-07-03 18:09:57,663 - root - INFO - count, count_true: 118192, 9357
2024-07-03 18:09:59,516 - root - INFO - count, count_true: 118192, 32871
2024-07-03 18:11:53,387 - root - INFO - count, count_true: 118192, 17164
2024-07-03 18:14:04,079 - root - INFO - count, count_true: 112519, 0
2024-07-03 18:14:04,356 - root - INFO - count, count_true: 114830, 0
2024-07-03 18:14:05,002 - root - INFO - count, count_true: 113222, 0
2024-07-03 18:14:05,033 - root - INFO - count, count_true: 115530, 0
2024-07-03 18:14:05,034 - root - INFO - count, count_true: 115867, 0
2024-07-03 18:14:05,049 - root - INFO - count, count_true: 116721, 0
2024-07-03 18:14:05,090 - root - INFO - count, count_true: 116609, 0
2024-07-03 18:14:05,103 - root - INFO - count, count_true: 115484, 0
2024-07-03 18:14:57,407 - root - INFO - count, count_true: 117745, 0
2024-07-03 18:14:59,357 - root - INFO - count, count_true: 118192, 0
2024-07-03 18:14:59,392 - root - INFO - count, count_true: 117805, 0
2024-07-03 18:14:59,517 - root - INFO - count, count_true: 118192, 0
2024-07-03 18:14:59,518 - root - INFO - count, count_true: 118192, 0
2024-07-03 18:14:59,879 - root - INFO - count, count_true: 118192, 0
2024-07-03 18:15:42,720 - root - INFO - city counterfactual started!
2024-07-03 18:15:42,720 - root - INFO - year2construction{2010: {}, 2011: {}, 2012: {}, 2013: {}, 2014: {}, 2015: {}, 2016: {5: 660396.34965}, 2017: {1: 905457.8842500001}, 2018: {}, 2019: {4: 1688570.0102}, 2020: {12: 306245.2706}}
2024-07-03 18:15:42,722 - root - INFO - year2ope{2010: {}, 2011: {}, 2012: {}, 2013: {}, 2014: {}, 2015: {}, 2016: {5: 24    64.529914
Name: per_mileage_carbon (tCO2/km), dtype: float64}, 2017: {1: 24    165.989641
Name: per_mileage_carbon (tCO2/km), dtype: float64}, 2018: {}, 2019: {4: 24    369.478741
Name: per_mileage_carbon (tCO2/km), dtype: float64}, 2020: {12: 24    406.130677
Name: per_mileage_carbon (tCO2/km), dtype: float64}}
2024-07-03 18:15:42,722 - root - INFO - carbon_save_list{2010: {}, 2011: {}, 2012: {}, 2013: {}, 2014: {}, 2015: {}, 2016: {'(6, 7, 8, 9, 10, 11, 12)': 15.328995684390039}, 2017: {'(1,)': 15.426666685597406, '(2, 3, 4, 5, 6, 7, 8, 9, 10, 11, 12)': 127.41710787601946}, 2018: {'(1, 2, 3, 4, 5, 6, 7, 8, 9, 10, 11, 12)': 128.26887806569377}, 2019: {'(1, 2, 3, 4)': 129.3029787352287, '(5, 6, 7, 8, 9, 10, 11, 12)': 311.68038030250676}, 2020: {'(1, 2, 3, 4, 5, 6, 7, 8, 9, 10, 11, 12)': 314.30187151650784}}
