2024-07-03 17:57:35,789 - root - INFO - City: Guiyang
2024-07-03 17:57:35,789 - root - INFO - Parking fee: 20
2024-07-03 17:57:54,579 - root - INFO - Year: 2019, Month: 6
2024-07-03 17:58:53,854 - root - INFO - count, count_true: 66618, 279
2024-07-03 17:58:53,855 - root - INFO - len args: 67278, missing rate: 0.00981004191563364
2024-07-03 17:58:54,145 - root - INFO - count, count_true: 67988, 1031
2024-07-03 17:58:54,146 - root - INFO - len args: 68610, missing rate: 0.009065733858038187
2024-07-03 17:58:54,693 - root - INFO - count, count_true: 67233, 1025
2024-07-03 17:58:54,694 - root - INFO - len args: 67864, missing rate: 0.009298007780266414
2024-07-03 17:58:54,735 - root - INFO - count, count_true: 67988, 13423
2024-07-03 17:58:54,736 - root - INFO - len args: 68610, missing rate: 0.009065733858038187
2024-07-03 17:58:54,736 - root - INFO - count, count_true: 67988, 1031
2024-07-03 17:58:54,736 - root - INFO - len args: 68610, missing rate: 0.009065733858038187
2024-07-03 17:58:54,894 - root - INFO - count, count_true: 67988, 13423
2024-07-03 17:58:54,894 - root - INFO - len args: 68610, missing rate: 0.009065733858038187
2024-07-03 18:00:17,440 - root - INFO - count, count_true: 67988, 13423
2024-07-03 18:00:17,441 - root - INFO - len args: 68610, missing rate: 0.009065733858038187
2024-07-03 18:01:33,426 - root - INFO - Factual data collection finished, {2010: {}, 2011: {}, 2012: {}, 2013: {}, 2014: {}, 2015: {}, 2016: {}, 2017: {}, 2018: {'(1, 2, 3, 4, 5, 6, 7, 8, 9, 10, 11, 12)': {'traffic_num': [6101.176638798017, 861743.2765908508, 3763200.0247428794, 2143879.6649746653], 'traffic_ratio': [0.0009005527604540697, 0.1271960037350292, 0.5554600974625572, 0.3164433460419596], 'carbon': 9732377364.64494, 'subway_distribution': {'轨道交通1号线(小孟工业园--窦官)': 60.50507839022649, '轨道交通1号线(窦官--小孟工业园)': 6040.671560407792}, 'fuel_car_distance': 39683676419.11127, 'elec_car_distance': 63036836319.39201, 'subway_mileage': 27931724.97890643}}, 2019: {'(1, 2, 3, 4, 5, 6, 7, 8, 9, 10, 11, 12)': {'traffic_num': [217384.67214525174, 831282.6287480266, 3736056.7393598096, 2090666.6100373864], 'traffic_ratio': [0.03161779209390343, 0.12090696675001386, 0.543395558069412, 0.3040796830866707], 'carbon': 9787375182.77088, 'subway_distribution': {'轨道交通1号线(窦官--小孟工业园)': 151832.61307564718, '轨道交通1号线(小孟工业园--窦官)': 65552.05906960467}, 'fuel_car_distance': 39661412999.80468, 'elec_car_distance': 63969412176.9663, 'subway_mileage': 1229741104.215483}}, 2020: {'(1, 2, 3, 4, 5, 6, 7, 8, 9, 10, 11, 12)': {'traffic_num': [219719.4399172917, 839459.3003803899, 3783012.472325868, 2114076.9510565023], 'traffic_ratio': [0.03158582083774272, 0.12067667327193629, 0.543827866222534, 0.3039096396677869], 'carbon': 9916869579.078363, 'subway_distribution': {'轨道交通1号线(窦官--小孟工业园)': 153525.32634963584, '轨道交通1号线(小孟工业园--窦官)': 66194.11356765579}, 'fuel_car_distance': 40167009974.77447, 'elec_car_distance': 64860556979.418495, 'subway_mileage': 1242560199.3276088}}, 2021: {'(1, 2, 3, 4)': {'traffic_num': [219719.4399172917, 839459.3003803899, 3783012.472325868, 2114076.9510565023], 'traffic_ratio': [0.03158582083774272, 0.12067667327193629, 0.543827866222534, 0.3039096396677869], 'carbon': 9916869579.078363, 'subway_distribution': {'轨道交通1号线(窦官--小孟工业园)': 153525.32634963584, '轨道交通1号线(小孟工业园--窦官)': 66194.11356765579}, 'fuel_car_distance': 40167009974.77447, 'elec_car_distance': 64860556979.418495, 'subway_mileage': 1242560199.3276088}, '(5, 6, 7, 8, 9, 10, 11, 12)': {'traffic_num': [556052.172511026, 781726.3412765431, 3606925.751193966, 2011563.8986985157], 'traffic_ratio': [0.07993541356186873, 0.11237725787485874, 0.518514477349563, 0.28917285121370956], 'carbon': 9594456404.627384, 'subway_distribution': {'轨道交通2号线(中兴路--白云北路)': 25522.64935476342, '轨道交通2号线(白云北路--中兴路)': 349395.9838398744, '轨道交通1号线(窦官--小孟工业园)': 211138.5562404292, '轨道交通1号线(小孟工业园--窦官)': 101758.68371295696}, 'fuel_car_distance': 38624567128.34723, 'elec_car_distance': 63304888414.41697, 'subway_mileage': 4340959599.374194}}, 2022: {'(1, 2, 3, 4, 5, 6, 7, 8, 9, 10, 11, 12)': {'traffic_num': [556052.172511026, 781726.3412765431, 3606925.751193966, 2011563.8986985157], 'traffic_ratio': [0.07993541356186873, 0.11237725787485874, 0.518514477349563, 0.28917285121370956], 'carbon': 9594456404.627384, 'subway_distribution': {'轨道交通2号线(中兴路--白云北路)': 25522.64935476342, '轨道交通2号线(白云北路--中兴路)': 349395.9838398744, '轨道交通1号线(窦官--小孟工业园)': 211138.5562404292, '轨道交通1号线(小孟工业园--窦官)': 101758.68371295696}, 'fuel_car_distance': 38624567128.34723, 'elec_car_distance': 63304888414.41697, 'subway_mileage': 4340959599.374194}}, 2023: {'(1, 2, 3, 4, 5, 6, 7, 8, 9, 10, 11, 12)': {'traffic_num': [556052.172511026, 781726.3412765431, 3606925.751193966, 2011563.8986985157], 'traffic_ratio': [0.07993541356186873, 0.11237725787485874, 0.518514477349563, 0.28917285121370956], 'carbon': 9594456404.627384, 'subway_distribution': {'轨道交通2号线(中兴路--白云北路)': 25522.64935476342, '轨道交通2号线(白云北路--中兴路)': 349395.9838398744, '轨道交通1号线(窦官--小孟工业园)': 211138.5562404292, '轨道交通1号线(小孟工业园--窦官)': 101758.68371295696}, 'fuel_car_distance': 38624567128.34723, 'elec_car_distance': 63304888414.41697, 'subway_mileage': 4340959599.374194}}}
2024-07-03 18:01:33,533 - root - INFO - jinzhanliang_true_list: [13.872602739726027, 2.0386301369863014, 0.014246575342465755, 0.0, 0.0]
2024-07-03 18:01:33,533 - root - INFO - jinzhanliang_list: [21.738467214525173, 0.6101176638798017, 0.0, 0.0, 0.0]
2024-07-03 18:01:33,533 - root - INFO - keyunliang_true_list: [13.872602739726027, 2.0386301369863014, 0.014246575342465755, 0.0, 0.0]
2024-07-03 18:01:33,533 - root - INFO - keyunliang_list: [21.738467214525187, 0.6101176638798018, 0.0, 0.0, 0.0]
2024-07-03 18:01:33,533 - root - INFO - licheng_true_list: [143.43150684931507, 16.173698630136986, 0.0663013698630137, 0.0, 0.0]
2024-07-03 18:01:33,533 - root - INFO - licheng_list: [122.97411042154829, 2.793172497890643, 0.0, 0.0, 0.0]
2024-07-03 18:01:33,533 - root - INFO - ratio: 0.6381591950722567
2024-07-03 18:01:33,586 - matplotlib.font_manager - WARNING - findfont: Generic family 'sans-serif' not found because none of the following families were found: Times New Roman
2024-07-03 18:01:33,591 - matplotlib.font_manager - WARNING - findfont: Generic family 'sans-serif' not found because none of the following families were found: Times New Roman
2024-07-03 18:01:33,591 - matplotlib.font_manager - WARNING - findfont: Generic family 'sans-serif' not found because none of the following families were found: Times New Roman
2024-07-03 18:01:33,592 - matplotlib.font_manager - WARNING - findfont: Generic family 'sans-serif' not found because none of the following families were found: Times New Roman
2024-07-03 18:01:33,592 - matplotlib.font_manager - WARNING - findfont: Generic family 'sans-serif' not found because none of the following families were found: Times New Roman
2024-07-03 18:01:33,592 - matplotlib.font_manager - WARNING - findfont: Generic family 'sans-serif' not found because none of the following families were found: Times New Roman
2024-07-03 18:01:33,598 - matplotlib.font_manager - WARNING - findfont: Generic family 'sans-serif' not found because none of the following families were found: Times New Roman
2024-07-03 18:01:33,598 - matplotlib.font_manager - WARNING - findfont: Generic family 'sans-serif' not found because none of the following families were found: Times New Roman
2024-07-03 18:01:33,599 - matplotlib.font_manager - WARNING - findfont: Generic family 'sans-serif' not found because none of the following families were found: Times New Roman
2024-07-03 18:01:33,599 - matplotlib.font_manager - WARNING - findfont: Generic family 'sans-serif' not found because none of the following families were found: Times New Roman
2024-07-03 18:01:33,599 - matplotlib.font_manager - WARNING - findfont: Generic family 'sans-serif' not found because none of the following families were found: Times New Roman
2024-07-03 18:01:33,600 - matplotlib.font_manager - WARNING - findfont: Generic family 'sans-serif' not found because none of the following families were found: Times New Roman
2024-07-03 18:01:33,600 - matplotlib.font_manager - WARNING - findfont: Generic family 'sans-serif' not found because none of the following families were found: Times New Roman
2024-07-03 18:01:33,600 - matplotlib.font_manager - WARNING - findfont: Generic family 'sans-serif' not found because none of the following families were found: Times New Roman
2024-07-03 18:01:33,607 - matplotlib.font_manager - WARNING - findfont: Generic family 'sans-serif' not found because none of the following families were found: Times New Roman
2024-07-03 18:01:33,608 - matplotlib.font_manager - WARNING - findfont: Generic family 'sans-serif' not found because none of the following families were found: Times New Roman
2024-07-03 18:01:33,612 - matplotlib.font_manager - WARNING - findfont: Generic family 'sans-serif' not found because none of the following families were found: Times New Roman
2024-07-03 18:01:33,612 - matplotlib.font_manager - WARNING - findfont: Generic family 'sans-serif' not found because none of the following families were found: Times New Roman
2024-07-03 18:01:33,613 - matplotlib.font_manager - WARNING - findfont: Generic family 'sans-serif' not found because none of the following families were found: Times New Roman
2024-07-03 18:01:33,614 - matplotlib.font_manager - WARNING - findfont: Generic family 'sans-serif' not found because none of the following families were found: Times New Roman
2024-07-03 18:01:33,615 - matplotlib.font_manager - WARNING - findfont: Generic family 'sans-serif' not found because none of the following families were found: Times New Roman
2024-07-03 18:01:33,615 - matplotlib.font_manager - WARNING - findfont: Generic family 'sans-serif' not found because none of the following families were found: Times New Roman
2024-07-03 18:01:33,615 - matplotlib.font_manager - WARNING - findfont: Generic family 'sans-serif' not found because none of the following families were found: Times New Roman
2024-07-03 18:01:33,617 - matplotlib.font_manager - WARNING - findfont: Generic family 'sans-serif' not found because none of the following families were found: Times New Roman
2024-07-03 18:01:33,617 - matplotlib.font_manager - WARNING - findfont: Generic family 'sans-serif' not found because none of the following families were found: Times New Roman
2024-07-03 18:01:33,619 - matplotlib.font_manager - WARNING - findfont: Generic family 'sans-serif' not found because none of the following families were found: Times New Roman
2024-07-03 18:01:33,619 - matplotlib.font_manager - WARNING - findfont: Generic family 'sans-serif' not found because none of the following families were found: Times New Roman
2024-07-03 18:01:33,620 - matplotlib.font_manager - WARNING - findfont: Generic family 'sans-serif' not found because none of the following families were found: Times New Roman
2024-07-03 18:01:33,620 - matplotlib.font_manager - WARNING - findfont: Generic family 'sans-serif' not found because none of the following families were found: Times New Roman
2024-07-03 18:01:33,620 - matplotlib.font_manager - WARNING - findfont: Generic family 'sans-serif' not found because none of the following families were found: Times New Roman
2024-07-03 18:01:33,621 - matplotlib.font_manager - WARNING - findfont: Generic family 'sans-serif' not found because none of the following families were found: Times New Roman
2024-07-03 18:01:33,637 - matplotlib.font_manager - WARNING - findfont: Generic family 'sans-serif' not found because none of the following families were found: Times New Roman
2024-07-03 18:01:33,637 - matplotlib.font_manager - WARNING - findfont: Generic family 'sans-serif' not found because none of the following families were found: Times New Roman
2024-07-03 18:01:33,644 - matplotlib.font_manager - WARNING - findfont: Generic family 'sans-serif' not found because none of the following families were found: Times New Roman
2024-07-03 18:01:33,645 - matplotlib.font_manager - WARNING - findfont: Generic family 'sans-serif' not found because none of the following families were found: Times New Roman
2024-07-03 18:01:33,659 - matplotlib.font_manager - WARNING - findfont: Generic family 'sans-serif' not found because none of the following families were found: Times New Roman
2024-07-03 18:01:33,659 - matplotlib.font_manager - WARNING - findfont: Generic family 'sans-serif' not found because none of the following families were found: Times New Roman
2024-07-03 18:01:33,666 - matplotlib.font_manager - WARNING - findfont: Generic family 'sans-serif' not found because none of the following families were found: Times New Roman
2024-07-03 18:01:33,666 - matplotlib.font_manager - WARNING - findfont: Generic family 'sans-serif' not found because none of the following families were found: Times New Roman
2024-07-03 18:01:33,666 - matplotlib.font_manager - WARNING - findfont: Generic family 'sans-serif' not found because none of the following families were found: Times New Roman
2024-07-03 18:01:33,666 - matplotlib.font_manager - WARNING - findfont: Generic family 'sans-serif' not found because none of the following families were found: Times New Roman
2024-07-03 18:01:33,667 - matplotlib.font_manager - WARNING - findfont: Generic family 'sans-serif' not found because none of the following families were found: Times New Roman
2024-07-03 18:01:33,667 - matplotlib.font_manager - WARNING - findfont: Generic family 'sans-serif' not found because none of the following families were found: Times New Roman
2024-07-03 18:01:33,667 - matplotlib.font_manager - WARNING - findfont: Generic family 'sans-serif' not found because none of the following families were found: Times New Roman
2024-07-03 18:01:33,668 - matplotlib.font_manager - WARNING - findfont: Generic family 'sans-serif' not found because none of the following families were found: Times New Roman
2024-07-03 18:01:33,668 - matplotlib.font_manager - WARNING - findfont: Generic family 'sans-serif' not found because none of the following families were found: Times New Roman
2024-07-03 18:01:33,669 - matplotlib.font_manager - WARNING - findfont: Generic family 'sans-serif' not found because none of the following families were found: Times New Roman
2024-07-03 18:01:33,669 - matplotlib.font_manager - WARNING - findfont: Generic family 'sans-serif' not found because none of the following families were found: Times New Roman
2024-07-03 18:01:33,671 - matplotlib.font_manager - WARNING - findfont: Generic family 'sans-serif' not found because none of the following families were found: Times New Roman
2024-07-03 18:01:33,672 - matplotlib.font_manager - WARNING - findfont: Generic family 'sans-serif' not found because none of the following families were found: Times New Roman
2024-07-03 18:01:33,672 - matplotlib.font_manager - WARNING - findfont: Generic family 'sans-serif' not found because none of the following families were found: Times New Roman
2024-07-03 18:01:33,672 - matplotlib.font_manager - WARNING - findfont: Generic family 'sans-serif' not found because none of the following families were found: Times New Roman
2024-07-03 18:01:33,672 - matplotlib.font_manager - WARNING - findfont: Generic family 'sans-serif' not found because none of the following families were found: Times New Roman
2024-07-03 18:01:33,672 - matplotlib.font_manager - WARNING - findfont: Generic family 'sans-serif' not found because none of the following families were found: Times New Roman
2024-07-03 18:01:33,673 - matplotlib.font_manager - WARNING - findfont: Generic family 'sans-serif' not found because none of the following families were found: Times New Roman
2024-07-03 18:01:33,673 - matplotlib.font_manager - WARNING - findfont: Generic family 'sans-serif' not found because none of the following families were found: Times New Roman
2024-07-03 18:01:33,673 - matplotlib.font_manager - WARNING - findfont: Generic family 'sans-serif' not found because none of the following families were found: Times New Roman
2024-07-03 18:01:33,674 - matplotlib.font_manager - WARNING - findfont: Generic family 'sans-serif' not found because none of the following families were found: Times New Roman
2024-07-03 18:01:33,674 - matplotlib.font_manager - WARNING - findfont: Generic family 'sans-serif' not found because none of the following families were found: Times New Roman
2024-07-03 18:01:33,674 - matplotlib.font_manager - WARNING - findfont: Generic family 'sans-serif' not found because none of the following families were found: Times New Roman
2024-07-03 18:01:33,675 - matplotlib.font_manager - WARNING - findfont: Generic family 'sans-serif' not found because none of the following families were found: Times New Roman
2024-07-03 18:01:33,675 - matplotlib.font_manager - WARNING - findfont: Generic family 'sans-serif' not found because none of the following families were found: Times New Roman
2024-07-03 18:01:33,676 - matplotlib.font_manager - WARNING - findfont: Generic family 'sans-serif' not found because none of the following families were found: Times New Roman
2024-07-03 18:01:33,676 - matplotlib.font_manager - WARNING - findfont: Generic family 'sans-serif' not found because none of the following families were found: Times New Roman
2024-07-03 18:01:33,679 - matplotlib.font_manager - WARNING - findfont: Generic family 'sans-serif' not found because none of the following families were found: Times New Roman
2024-07-03 18:01:33,679 - matplotlib.font_manager - WARNING - findfont: Generic family 'sans-serif' not found because none of the following families were found: Times New Roman
2024-07-03 18:01:33,681 - matplotlib.font_manager - WARNING - findfont: Generic family 'sans-serif' not found because none of the following families were found: Times New Roman
2024-07-03 18:01:33,681 - matplotlib.font_manager - WARNING - findfont: Generic family 'sans-serif' not found because none of the following families were found: Times New Roman
2024-07-03 18:01:33,681 - matplotlib.font_manager - WARNING - findfont: Generic family 'sans-serif' not found because none of the following families were found: Times New Roman
2024-07-03 18:01:33,681 - matplotlib.font_manager - WARNING - findfont: Generic family 'sans-serif' not found because none of the following families were found: Times New Roman
2024-07-03 18:01:33,681 - matplotlib.font_manager - WARNING - findfont: Generic family 'sans-serif' not found because none of the following families were found: Times New Roman
2024-07-03 18:01:33,682 - matplotlib.font_manager - WARNING - findfont: Generic family 'sans-serif' not found because none of the following families were found: Times New Roman
2024-07-03 18:01:33,682 - matplotlib.font_manager - WARNING - findfont: Generic family 'sans-serif' not found because none of the following families were found: Times New Roman
2024-07-03 18:01:33,682 - matplotlib.font_manager - WARNING - findfont: Generic family 'sans-serif' not found because none of the following families were found: Times New Roman
2024-07-03 18:01:33,682 - matplotlib.font_manager - WARNING - findfont: Generic family 'sans-serif' not found because none of the following families were found: Times New Roman
2024-07-03 18:01:33,683 - matplotlib.font_manager - WARNING - findfont: Generic family 'sans-serif' not found because none of the following families were found: Times New Roman
2024-07-03 18:01:33,683 - matplotlib.font_manager - WARNING - findfont: Generic family 'sans-serif' not found because none of the following families were found: Times New Roman
2024-07-03 18:01:33,683 - matplotlib.font_manager - WARNING - findfont: Generic family 'sans-serif' not found because none of the following families were found: Times New Roman
2024-07-03 18:01:33,683 - matplotlib.font_manager - WARNING - findfont: Generic family 'sans-serif' not found because none of the following families were found: Times New Roman
2024-07-03 18:01:33,684 - matplotlib.font_manager - WARNING - findfont: Generic family 'sans-serif' not found because none of the following families were found: Times New Roman
2024-07-03 18:01:33,684 - matplotlib.font_manager - WARNING - findfont: Generic family 'sans-serif' not found because none of the following families were found: Times New Roman
2024-07-03 18:01:33,684 - matplotlib.font_manager - WARNING - findfont: Generic family 'sans-serif' not found because none of the following families were found: Times New Roman
2024-07-03 18:01:33,684 - matplotlib.font_manager - WARNING - findfont: Generic family 'sans-serif' not found because none of the following families were found: Times New Roman
2024-07-03 18:01:33,684 - matplotlib.font_manager - WARNING - findfont: Generic family 'sans-serif' not found because none of the following families were found: Times New Roman
2024-07-03 18:01:33,686 - matplotlib.font_manager - WARNING - findfont: Generic family 'sans-serif' not found because none of the following families were found: Times New Roman
2024-07-03 18:01:33,686 - matplotlib.font_manager - WARNING - findfont: Generic family 'sans-serif' not found because none of the following families were found: Times New Roman
2024-07-03 18:01:33,687 - matplotlib.font_manager - WARNING - findfont: Generic family 'sans-serif' not found because none of the following families were found: Times New Roman
2024-07-03 18:01:33,687 - matplotlib.font_manager - WARNING - findfont: Generic family 'sans-serif' not found because none of the following families were found: Times New Roman
2024-07-03 18:01:33,687 - matplotlib.font_manager - WARNING - findfont: Generic family 'sans-serif' not found because none of the following families were found: Times New Roman
2024-07-03 18:01:33,688 - matplotlib.font_manager - WARNING - findfont: Generic family 'sans-serif' not found because none of the following families were found: Times New Roman
2024-07-03 18:01:33,688 - matplotlib.font_manager - WARNING - findfont: Generic family 'sans-serif' not found because none of the following families were found: Times New Roman
2024-07-03 18:01:33,689 - matplotlib.font_manager - WARNING - findfont: Generic family 'sans-serif' not found because none of the following families were found: Times New Roman
2024-07-03 18:01:33,689 - matplotlib.font_manager - WARNING - findfont: Generic family 'sans-serif' not found because none of the following families were found: Times New Roman
2024-07-03 18:01:33,690 - matplotlib.font_manager - WARNING - findfont: Generic family 'sans-serif' not found because none of the following families were found: Times New Roman
2024-07-03 18:01:33,723 - matplotlib.font_manager - WARNING - findfont: Generic family 'sans-serif' not found because none of the following families were found: Times New Roman
2024-07-03 18:01:33,723 - matplotlib.font_manager - WARNING - findfont: Generic family 'sans-serif' not found because none of the following families were found: Times New Roman
2024-07-03 18:01:33,723 - matplotlib.font_manager - WARNING - findfont: Generic family 'sans-serif' not found because none of the following families were found: Times New Roman
2024-07-03 18:01:33,723 - matplotlib.font_manager - WARNING - findfont: Generic family 'sans-serif' not found because none of the following families were found: Times New Roman
2024-07-03 18:01:33,724 - matplotlib.font_manager - WARNING - findfont: Generic family 'sans-serif' not found because none of the following families were found: Times New Roman
2024-07-03 18:01:33,724 - matplotlib.font_manager - WARNING - findfont: Generic family 'sans-serif' not found because none of the following families were found: Times New Roman
2024-07-03 18:01:33,724 - matplotlib.font_manager - WARNING - findfont: Generic family 'sans-serif' not found because none of the following families were found: Times New Roman
2024-07-03 18:01:33,725 - matplotlib.font_manager - WARNING - findfont: Generic family 'sans-serif' not found because none of the following families were found: Times New Roman
2024-07-03 18:01:33,726 - matplotlib.font_manager - WARNING - findfont: Generic family 'sans-serif' not found because none of the following families were found: Times New Roman
2024-07-03 18:01:33,726 - matplotlib.font_manager - WARNING - findfont: Generic family 'sans-serif' not found because none of the following families were found: Times New Roman
2024-07-03 18:01:33,727 - matplotlib.font_manager - WARNING - findfont: Generic family 'sans-serif' not found because none of the following families were found: Times New Roman
2024-07-03 18:01:33,729 - matplotlib.font_manager - WARNING - findfont: Generic family 'sans-serif' not found because none of the following families were found: Times New Roman
2024-07-03 18:01:33,729 - matplotlib.font_manager - WARNING - findfont: Generic family 'sans-serif' not found because none of the following families were found: Times New Roman
2024-07-03 18:01:33,729 - matplotlib.font_manager - WARNING - findfont: Generic family 'sans-serif' not found because none of the following families were found: Times New Roman
2024-07-03 18:01:33,729 - matplotlib.font_manager - WARNING - findfont: Generic family 'sans-serif' not found because none of the following families were found: Times New Roman
2024-07-03 18:01:33,730 - matplotlib.font_manager - WARNING - findfont: Generic family 'sans-serif' not found because none of the following families were found: Times New Roman
2024-07-03 18:01:33,730 - matplotlib.font_manager - WARNING - findfont: Generic family 'sans-serif' not found because none of the following families were found: Times New Roman
2024-07-03 18:01:33,730 - matplotlib.font_manager - WARNING - findfont: Generic family 'sans-serif' not found because none of the following families were found: Times New Roman
2024-07-03 18:01:33,730 - matplotlib.font_manager - WARNING - findfont: Generic family 'sans-serif' not found because none of the following families were found: Times New Roman
2024-07-03 18:01:33,731 - matplotlib.font_manager - WARNING - findfont: Generic family 'sans-serif' not found because none of the following families were found: Times New Roman
2024-07-03 18:01:33,731 - matplotlib.font_manager - WARNING - findfont: Generic family 'sans-serif' not found because none of the following families were found: Times New Roman
2024-07-03 18:01:33,731 - matplotlib.font_manager - WARNING - findfont: Generic family 'sans-serif' not found because none of the following families were found: Times New Roman
2024-07-03 18:01:33,732 - matplotlib.font_manager - WARNING - findfont: Generic family 'sans-serif' not found because none of the following families were found: Times New Roman
2024-07-03 18:01:33,732 - matplotlib.font_manager - WARNING - findfont: Generic family 'sans-serif' not found because none of the following families were found: Times New Roman
2024-07-03 18:01:33,733 - matplotlib.font_manager - WARNING - findfont: Generic family 'sans-serif' not found because none of the following families were found: Times New Roman
2024-07-03 18:01:33,733 - matplotlib.font_manager - WARNING - findfont: Generic family 'sans-serif' not found because none of the following families were found: Times New Roman
2024-07-03 18:01:33,734 - matplotlib.font_manager - WARNING - findfont: Generic family 'sans-serif' not found because none of the following families were found: Times New Roman
2024-07-03 18:01:33,736 - matplotlib.font_manager - WARNING - findfont: Generic family 'sans-serif' not found because none of the following families were found: Times New Roman
2024-07-03 18:01:33,737 - matplotlib.font_manager - WARNING - findfont: Generic family 'sans-serif' not found because none of the following families were found: Times New Roman
2024-07-03 18:01:33,738 - matplotlib.font_manager - WARNING - findfont: Generic family 'sans-serif' not found because none of the following families were found: Times New Roman
2024-07-03 18:01:33,738 - matplotlib.font_manager - WARNING - findfont: Generic family 'sans-serif' not found because none of the following families were found: Times New Roman
2024-07-03 18:01:33,739 - matplotlib.font_manager - WARNING - findfont: Generic family 'sans-serif' not found because none of the following families were found: Times New Roman
2024-07-03 18:01:33,739 - matplotlib.font_manager - WARNING - findfont: Generic family 'sans-serif' not found because none of the following families were found: Times New Roman
2024-07-03 18:01:33,739 - matplotlib.font_manager - WARNING - findfont: Generic family 'sans-serif' not found because none of the following families were found: Times New Roman
2024-07-03 18:01:33,739 - matplotlib.font_manager - WARNING - findfont: Generic family 'sans-serif' not found because none of the following families were found: Times New Roman
2024-07-03 18:01:33,740 - matplotlib.font_manager - WARNING - findfont: Generic family 'sans-serif' not found because none of the following families were found: Times New Roman
2024-07-03 18:01:33,740 - matplotlib.font_manager - WARNING - findfont: Generic family 'sans-serif' not found because none of the following families were found: Times New Roman
2024-07-03 18:01:33,740 - matplotlib.font_manager - WARNING - findfont: Generic family 'sans-serif' not found because none of the following families were found: Times New Roman
2024-07-03 18:01:33,740 - matplotlib.font_manager - WARNING - findfont: Generic family 'sans-serif' not found because none of the following families were found: Times New Roman
2024-07-03 18:01:33,741 - matplotlib.font_manager - WARNING - findfont: Generic family 'sans-serif' not found because none of the following families were found: Times New Roman
2024-07-03 18:01:33,741 - matplotlib.font_manager - WARNING - findfont: Generic family 'sans-serif' not found because none of the following families were found: Times New Roman
2024-07-03 18:01:33,741 - matplotlib.font_manager - WARNING - findfont: Generic family 'sans-serif' not found because none of the following families were found: Times New Roman
2024-07-03 18:01:33,742 - matplotlib.font_manager - WARNING - findfont: Generic family 'sans-serif' not found because none of the following families were found: Times New Roman
2024-07-03 18:01:33,742 - matplotlib.font_manager - WARNING - findfont: Generic family 'sans-serif' not found because none of the following families were found: Times New Roman
2024-07-03 18:01:33,742 - matplotlib.font_manager - WARNING - findfont: Generic family 'sans-serif' not found because none of the following families were found: Times New Roman
2024-07-03 18:01:33,742 - matplotlib.font_manager - WARNING - findfont: Generic family 'sans-serif' not found because none of the following families were found: Times New Roman
2024-07-03 18:01:33,742 - matplotlib.font_manager - WARNING - findfont: Generic family 'sans-serif' not found because none of the following families were found: Times New Roman
2024-07-03 18:01:33,743 - matplotlib.font_manager - WARNING - findfont: Generic family 'sans-serif' not found because none of the following families were found: Times New Roman
2024-07-03 18:01:33,744 - matplotlib.font_manager - WARNING - findfont: Generic family 'sans-serif' not found because none of the following families were found: Times New Roman
2024-07-03 18:01:33,745 - matplotlib.font_manager - WARNING - findfont: Generic family 'sans-serif' not found because none of the following families were found: Times New Roman
2024-07-03 18:01:33,745 - matplotlib.font_manager - WARNING - findfont: Generic family 'sans-serif' not found because none of the following families were found: Times New Roman
2024-07-03 18:01:33,745 - matplotlib.font_manager - WARNING - findfont: Generic family 'sans-serif' not found because none of the following families were found: Times New Roman
2024-07-03 18:01:33,745 - matplotlib.font_manager - WARNING - findfont: Generic family 'sans-serif' not found because none of the following families were found: Times New Roman
2024-07-03 18:01:33,746 - matplotlib.font_manager - WARNING - findfont: Generic family 'sans-serif' not found because none of the following families were found: Times New Roman
2024-07-03 18:01:33,746 - matplotlib.font_manager - WARNING - findfont: Generic family 'sans-serif' not found because none of the following families were found: Times New Roman
2024-07-03 18:01:33,747 - matplotlib.font_manager - WARNING - findfont: Generic family 'sans-serif' not found because none of the following families were found: Times New Roman
2024-07-03 18:01:33,747 - matplotlib.font_manager - WARNING - findfont: Generic family 'sans-serif' not found because none of the following families were found: Times New Roman
2024-07-03 18:01:33,777 - matplotlib.font_manager - WARNING - findfont: Generic family 'sans-serif' not found because none of the following families were found: Times New Roman
2024-07-03 18:01:33,777 - matplotlib.font_manager - WARNING - findfont: Generic family 'sans-serif' not found because none of the following families were found: Times New Roman
2024-07-03 18:01:33,778 - matplotlib.font_manager - WARNING - findfont: Generic family 'sans-serif' not found because none of the following families were found: Times New Roman
2024-07-03 18:01:33,778 - matplotlib.font_manager - WARNING - findfont: Generic family 'sans-serif' not found because none of the following families were found: Times New Roman
2024-07-03 18:01:33,778 - matplotlib.font_manager - WARNING - findfont: Generic family 'sans-serif' not found because none of the following families were found: Times New Roman
2024-07-03 18:01:33,778 - matplotlib.font_manager - WARNING - findfont: Generic family 'sans-serif' not found because none of the following families were found: Times New Roman
2024-07-03 18:01:33,782 - matplotlib.font_manager - WARNING - findfont: Generic family 'sans-serif' not found because none of the following families were found: Times New Roman
2024-07-03 18:01:33,782 - matplotlib.font_manager - WARNING - findfont: Generic family 'sans-serif' not found because none of the following families were found: Times New Roman
2024-07-03 18:01:33,782 - matplotlib.font_manager - WARNING - findfont: Generic family 'sans-serif' not found because none of the following families were found: Times New Roman
2024-07-03 18:01:33,782 - matplotlib.font_manager - WARNING - findfont: Generic family 'sans-serif' not found because none of the following families were found: Times New Roman
2024-07-03 18:01:33,783 - matplotlib.font_manager - WARNING - findfont: Generic family 'sans-serif' not found because none of the following families were found: Times New Roman
2024-07-03 18:01:33,783 - matplotlib.font_manager - WARNING - findfont: Generic family 'sans-serif' not found because none of the following families were found: Times New Roman
2024-07-03 18:01:33,783 - matplotlib.font_manager - WARNING - findfont: Generic family 'sans-serif' not found because none of the following families were found: Times New Roman
2024-07-03 18:01:33,783 - matplotlib.font_manager - WARNING - findfont: Generic family 'sans-serif' not found because none of the following families were found: Times New Roman
2024-07-03 18:01:33,787 - matplotlib.font_manager - WARNING - findfont: Generic family 'sans-serif' not found because none of the following families were found: Times New Roman
2024-07-03 18:01:33,790 - matplotlib.font_manager - WARNING - findfont: Generic family 'sans-serif' not found because none of the following families were found: Times New Roman
2024-07-03 18:01:33,790 - matplotlib.font_manager - WARNING - findfont: Generic family 'sans-serif' not found because none of the following families were found: Times New Roman
2024-07-03 18:01:33,790 - matplotlib.font_manager - WARNING - findfont: Generic family 'sans-serif' not found because none of the following families were found: Times New Roman
2024-07-03 18:01:33,791 - matplotlib.font_manager - WARNING - findfont: Generic family 'sans-serif' not found because none of the following families were found: Times New Roman
2024-07-03 18:01:33,791 - matplotlib.font_manager - WARNING - findfont: Generic family 'sans-serif' not found because none of the following families were found: Times New Roman
2024-07-03 18:01:33,792 - matplotlib.font_manager - WARNING - findfont: Generic family 'sans-serif' not found because none of the following families were found: Times New Roman
2024-07-03 18:01:33,792 - matplotlib.font_manager - WARNING - findfont: Generic family 'sans-serif' not found because none of the following families were found: Times New Roman
2024-07-03 18:01:33,792 - matplotlib.font_manager - WARNING - findfont: Generic family 'sans-serif' not found because none of the following families were found: Times New Roman
2024-07-03 18:01:33,793 - matplotlib.font_manager - WARNING - findfont: Generic family 'sans-serif' not found because none of the following families were found: Times New Roman
2024-07-03 18:01:33,793 - matplotlib.font_manager - WARNING - findfont: Generic family 'sans-serif' not found because none of the following families were found: Times New Roman
2024-07-03 18:01:33,794 - matplotlib.font_manager - WARNING - findfont: Generic family 'sans-serif' not found because none of the following families were found: Times New Roman
2024-07-03 18:01:33,794 - matplotlib.font_manager - WARNING - findfont: Generic family 'sans-serif' not found because none of the following families were found: Times New Roman
2024-07-03 18:01:33,795 - matplotlib.font_manager - WARNING - findfont: Generic family 'sans-serif' not found because none of the following families were found: Times New Roman
2024-07-03 18:01:33,795 - matplotlib.font_manager - WARNING - findfont: Generic family 'sans-serif' not found because none of the following families were found: Times New Roman
2024-07-03 18:01:33,795 - matplotlib.font_manager - WARNING - findfont: Generic family 'sans-serif' not found because none of the following families were found: Times New Roman
2024-07-03 18:01:33,796 - matplotlib.font_manager - WARNING - findfont: Generic family 'sans-serif' not found because none of the following families were found: Times New Roman
2024-07-03 18:01:33,806 - matplotlib.font_manager - WARNING - findfont: Generic family 'sans-serif' not found because none of the following families were found: Times New Roman
2024-07-03 18:01:33,807 - matplotlib.font_manager - WARNING - findfont: Generic family 'sans-serif' not found because none of the following families were found: Times New Roman
2024-07-03 18:01:33,811 - matplotlib.font_manager - WARNING - findfont: Generic family 'sans-serif' not found because none of the following families were found: Times New Roman
2024-07-03 18:01:33,811 - matplotlib.font_manager - WARNING - findfont: Generic family 'sans-serif' not found because none of the following families were found: Times New Roman
2024-07-03 18:01:33,821 - matplotlib.font_manager - WARNING - findfont: Generic family 'sans-serif' not found because none of the following families were found: Times New Roman
2024-07-03 18:01:33,821 - matplotlib.font_manager - WARNING - findfont: Generic family 'sans-serif' not found because none of the following families were found: Times New Roman
2024-07-03 18:01:33,827 - matplotlib.font_manager - WARNING - findfont: Generic family 'sans-serif' not found because none of the following families were found: Times New Roman
2024-07-03 18:01:33,827 - matplotlib.font_manager - WARNING - findfont: Generic family 'sans-serif' not found because none of the following families were found: Times New Roman
2024-07-03 18:01:33,827 - matplotlib.font_manager - WARNING - findfont: Generic family 'sans-serif' not found because none of the following families were found: Times New Roman
2024-07-03 18:01:33,828 - matplotlib.font_manager - WARNING - findfont: Generic family 'sans-serif' not found because none of the following families were found: Times New Roman
2024-07-03 18:01:33,828 - matplotlib.font_manager - WARNING - findfont: Generic family 'sans-serif' not found because none of the following families were found: Times New Roman
2024-07-03 18:01:33,828 - matplotlib.font_manager - WARNING - findfont: Generic family 'sans-serif' not found because none of the following families were found: Times New Roman
2024-07-03 18:01:33,829 - matplotlib.font_manager - WARNING - findfont: Generic family 'sans-serif' not found because none of the following families were found: Times New Roman
2024-07-03 18:01:33,829 - matplotlib.font_manager - WARNING - findfont: Generic family 'sans-serif' not found because none of the following families were found: Times New Roman
2024-07-03 18:01:33,830 - matplotlib.font_manager - WARNING - findfont: Generic family 'sans-serif' not found because none of the following families were found: Times New Roman
2024-07-03 18:01:33,830 - matplotlib.font_manager - WARNING - findfont: Generic family 'sans-serif' not found because none of the following families were found: Times New Roman
2024-07-03 18:01:33,831 - matplotlib.font_manager - WARNING - findfont: Generic family 'sans-serif' not found because none of the following families were found: Times New Roman
2024-07-03 18:01:33,833 - matplotlib.font_manager - WARNING - findfont: Generic family 'sans-serif' not found because none of the following families were found: Times New Roman
2024-07-03 18:01:33,833 - matplotlib.font_manager - WARNING - findfont: Generic family 'sans-serif' not found because none of the following families were found: Times New Roman
2024-07-03 18:01:33,833 - matplotlib.font_manager - WARNING - findfont: Generic family 'sans-serif' not found because none of the following families were found: Times New Roman
2024-07-03 18:01:33,833 - matplotlib.font_manager - WARNING - findfont: Generic family 'sans-serif' not found because none of the following families were found: Times New Roman
2024-07-03 18:01:33,834 - matplotlib.font_manager - WARNING - findfont: Generic family 'sans-serif' not found because none of the following families were found: Times New Roman
2024-07-03 18:01:33,834 - matplotlib.font_manager - WARNING - findfont: Generic family 'sans-serif' not found because none of the following families were found: Times New Roman
2024-07-03 18:01:33,834 - matplotlib.font_manager - WARNING - findfont: Generic family 'sans-serif' not found because none of the following families were found: Times New Roman
2024-07-03 18:01:33,834 - matplotlib.font_manager - WARNING - findfont: Generic family 'sans-serif' not found because none of the following families were found: Times New Roman
2024-07-03 18:01:33,835 - matplotlib.font_manager - WARNING - findfont: Generic family 'sans-serif' not found because none of the following families were found: Times New Roman
2024-07-03 18:01:33,835 - matplotlib.font_manager - WARNING - findfont: Generic family 'sans-serif' not found because none of the following families were found: Times New Roman
2024-07-03 18:01:33,835 - matplotlib.font_manager - WARNING - findfont: Generic family 'sans-serif' not found because none of the following families were found: Times New Roman
2024-07-03 18:01:33,836 - matplotlib.font_manager - WARNING - findfont: Generic family 'sans-serif' not found because none of the following families were found: Times New Roman
2024-07-03 18:01:33,836 - matplotlib.font_manager - WARNING - findfont: Generic family 'sans-serif' not found because none of the following families were found: Times New Roman
2024-07-03 18:01:33,837 - matplotlib.font_manager - WARNING - findfont: Generic family 'sans-serif' not found because none of the following families were found: Times New Roman
2024-07-03 18:01:33,837 - matplotlib.font_manager - WARNING - findfont: Generic family 'sans-serif' not found because none of the following families were found: Times New Roman
2024-07-03 18:01:33,838 - matplotlib.font_manager - WARNING - findfont: Generic family 'sans-serif' not found because none of the following families were found: Times New Roman
2024-07-03 18:01:33,840 - matplotlib.font_manager - WARNING - findfont: Generic family 'sans-serif' not found because none of the following families were found: Times New Roman
2024-07-03 18:01:33,841 - matplotlib.font_manager - WARNING - findfont: Generic family 'sans-serif' not found because none of the following families were found: Times New Roman
2024-07-03 18:01:33,842 - matplotlib.font_manager - WARNING - findfont: Generic family 'sans-serif' not found because none of the following families were found: Times New Roman
2024-07-03 18:01:33,842 - matplotlib.font_manager - WARNING - findfont: Generic family 'sans-serif' not found because none of the following families were found: Times New Roman
2024-07-03 18:01:33,842 - matplotlib.font_manager - WARNING - findfont: Generic family 'sans-serif' not found because none of the following families were found: Times New Roman
2024-07-03 18:01:33,843 - matplotlib.font_manager - WARNING - findfont: Generic family 'sans-serif' not found because none of the following families were found: Times New Roman
2024-07-03 18:01:33,843 - matplotlib.font_manager - WARNING - findfont: Generic family 'sans-serif' not found because none of the following families were found: Times New Roman
2024-07-03 18:01:33,843 - matplotlib.font_manager - WARNING - findfont: Generic family 'sans-serif' not found because none of the following families were found: Times New Roman
2024-07-03 18:01:33,843 - matplotlib.font_manager - WARNING - findfont: Generic family 'sans-serif' not found because none of the following families were found: Times New Roman
2024-07-03 18:01:33,844 - matplotlib.font_manager - WARNING - findfont: Generic family 'sans-serif' not found because none of the following families were found: Times New Roman
2024-07-03 18:01:33,844 - matplotlib.font_manager - WARNING - findfont: Generic family 'sans-serif' not found because none of the following families were found: Times New Roman
2024-07-03 18:01:33,844 - matplotlib.font_manager - WARNING - findfont: Generic family 'sans-serif' not found because none of the following families were found: Times New Roman
2024-07-03 18:01:33,844 - matplotlib.font_manager - WARNING - findfont: Generic family 'sans-serif' not found because none of the following families were found: Times New Roman
2024-07-03 18:01:33,844 - matplotlib.font_manager - WARNING - findfont: Generic family 'sans-serif' not found because none of the following families were found: Times New Roman
2024-07-03 18:01:33,845 - matplotlib.font_manager - WARNING - findfont: Generic family 'sans-serif' not found because none of the following families were found: Times New Roman
2024-07-03 18:01:33,845 - matplotlib.font_manager - WARNING - findfont: Generic family 'sans-serif' not found because none of the following families were found: Times New Roman
2024-07-03 18:01:33,845 - matplotlib.font_manager - WARNING - findfont: Generic family 'sans-serif' not found because none of the following families were found: Times New Roman
2024-07-03 18:01:33,845 - matplotlib.font_manager - WARNING - findfont: Generic family 'sans-serif' not found because none of the following families were found: Times New Roman
2024-07-03 18:01:33,846 - matplotlib.font_manager - WARNING - findfont: Generic family 'sans-serif' not found because none of the following families were found: Times New Roman
2024-07-03 18:01:33,846 - matplotlib.font_manager - WARNING - findfont: Generic family 'sans-serif' not found because none of the following families were found: Times New Roman
2024-07-03 18:01:33,847 - matplotlib.font_manager - WARNING - findfont: Generic family 'sans-serif' not found because none of the following families were found: Times New Roman
2024-07-03 18:01:33,847 - matplotlib.font_manager - WARNING - findfont: Generic family 'sans-serif' not found because none of the following families were found: Times New Roman
2024-07-03 18:01:33,848 - matplotlib.font_manager - WARNING - findfont: Generic family 'sans-serif' not found because none of the following families were found: Times New Roman
2024-07-03 18:01:33,848 - matplotlib.font_manager - WARNING - findfont: Generic family 'sans-serif' not found because none of the following families were found: Times New Roman
2024-07-03 18:01:33,849 - matplotlib.font_manager - WARNING - findfont: Generic family 'sans-serif' not found because none of the following families were found: Times New Roman
2024-07-03 18:01:33,849 - matplotlib.font_manager - WARNING - findfont: Generic family 'sans-serif' not found because none of the following families were found: Times New Roman
2024-07-03 18:01:33,849 - matplotlib.font_manager - WARNING - findfont: Generic family 'sans-serif' not found because none of the following families were found: Times New Roman
2024-07-03 18:01:33,850 - matplotlib.font_manager - WARNING - findfont: Generic family 'sans-serif' not found because none of the following families were found: Times New Roman
2024-07-03 18:01:33,850 - matplotlib.font_manager - WARNING - findfont: Generic family 'sans-serif' not found because none of the following families were found: Times New Roman
2024-07-03 18:01:33,851 - matplotlib.font_manager - WARNING - findfont: Generic family 'sans-serif' not found because none of the following families were found: Times New Roman
2024-07-03 18:01:33,881 - matplotlib.font_manager - WARNING - findfont: Generic family 'sans-serif' not found because none of the following families were found: Times New Roman
2024-07-03 18:01:33,881 - matplotlib.font_manager - WARNING - findfont: Generic family 'sans-serif' not found because none of the following families were found: Times New Roman
2024-07-03 18:01:33,881 - matplotlib.font_manager - WARNING - findfont: Generic family 'sans-serif' not found because none of the following families were found: Times New Roman
2024-07-03 18:01:33,882 - matplotlib.font_manager - WARNING - findfont: Generic family 'sans-serif' not found because none of the following families were found: Times New Roman
2024-07-03 18:01:33,882 - matplotlib.font_manager - WARNING - findfont: Generic family 'sans-serif' not found because none of the following families were found: Times New Roman
2024-07-03 18:01:33,882 - matplotlib.font_manager - WARNING - findfont: Generic family 'sans-serif' not found because none of the following families were found: Times New Roman
2024-07-03 18:01:33,883 - matplotlib.font_manager - WARNING - findfont: Generic family 'sans-serif' not found because none of the following families were found: Times New Roman
2024-07-03 18:01:33,883 - matplotlib.font_manager - WARNING - findfont: Generic family 'sans-serif' not found because none of the following families were found: Times New Roman
2024-07-03 18:01:33,884 - matplotlib.font_manager - WARNING - findfont: Generic family 'sans-serif' not found because none of the following families were found: Times New Roman
2024-07-03 18:01:33,884 - matplotlib.font_manager - WARNING - findfont: Generic family 'sans-serif' not found because none of the following families were found: Times New Roman
2024-07-03 18:01:33,885 - matplotlib.font_manager - WARNING - findfont: Generic family 'sans-serif' not found because none of the following families were found: Times New Roman
2024-07-03 18:01:33,887 - matplotlib.font_manager - WARNING - findfont: Generic family 'sans-serif' not found because none of the following families were found: Times New Roman
2024-07-03 18:01:33,887 - matplotlib.font_manager - WARNING - findfont: Generic family 'sans-serif' not found because none of the following families were found: Times New Roman
2024-07-03 18:01:33,887 - matplotlib.font_manager - WARNING - findfont: Generic family 'sans-serif' not found because none of the following families were found: Times New Roman
2024-07-03 18:01:33,888 - matplotlib.font_manager - WARNING - findfont: Generic family 'sans-serif' not found because none of the following families were found: Times New Roman
2024-07-03 18:01:33,888 - matplotlib.font_manager - WARNING - findfont: Generic family 'sans-serif' not found because none of the following families were found: Times New Roman
2024-07-03 18:01:33,888 - matplotlib.font_manager - WARNING - findfont: Generic family 'sans-serif' not found because none of the following families were found: Times New Roman
2024-07-03 18:01:33,888 - matplotlib.font_manager - WARNING - findfont: Generic family 'sans-serif' not found because none of the following families were found: Times New Roman
2024-07-03 18:01:33,888 - matplotlib.font_manager - WARNING - findfont: Generic family 'sans-serif' not found because none of the following families were found: Times New Roman
2024-07-03 18:01:33,889 - matplotlib.font_manager - WARNING - findfont: Generic family 'sans-serif' not found because none of the following families were found: Times New Roman
2024-07-03 18:01:33,889 - matplotlib.font_manager - WARNING - findfont: Generic family 'sans-serif' not found because none of the following families were found: Times New Roman
2024-07-03 18:01:33,890 - matplotlib.font_manager - WARNING - findfont: Generic family 'sans-serif' not found because none of the following families were found: Times New Roman
2024-07-03 18:01:33,890 - matplotlib.font_manager - WARNING - findfont: Generic family 'sans-serif' not found because none of the following families were found: Times New Roman
2024-07-03 18:01:33,890 - matplotlib.font_manager - WARNING - findfont: Generic family 'sans-serif' not found because none of the following families were found: Times New Roman
2024-07-03 18:01:33,891 - matplotlib.font_manager - WARNING - findfont: Generic family 'sans-serif' not found because none of the following families were found: Times New Roman
2024-07-03 18:01:33,891 - matplotlib.font_manager - WARNING - findfont: Generic family 'sans-serif' not found because none of the following families were found: Times New Roman
2024-07-03 18:01:33,892 - matplotlib.font_manager - WARNING - findfont: Generic family 'sans-serif' not found because none of the following families were found: Times New Roman
2024-07-03 18:01:33,894 - matplotlib.font_manager - WARNING - findfont: Generic family 'sans-serif' not found because none of the following families were found: Times New Roman
2024-07-03 18:01:33,895 - matplotlib.font_manager - WARNING - findfont: Generic family 'sans-serif' not found because none of the following families were found: Times New Roman
2024-07-03 18:01:33,896 - matplotlib.font_manager - WARNING - findfont: Generic family 'sans-serif' not found because none of the following families were found: Times New Roman
2024-07-03 18:01:33,896 - matplotlib.font_manager - WARNING - findfont: Generic family 'sans-serif' not found because none of the following families were found: Times New Roman
2024-07-03 18:01:33,896 - matplotlib.font_manager - WARNING - findfont: Generic family 'sans-serif' not found because none of the following families were found: Times New Roman
2024-07-03 18:01:33,897 - matplotlib.font_manager - WARNING - findfont: Generic family 'sans-serif' not found because none of the following families were found: Times New Roman
2024-07-03 18:01:33,897 - matplotlib.font_manager - WARNING - findfont: Generic family 'sans-serif' not found because none of the following families were found: Times New Roman
2024-07-03 18:01:33,897 - matplotlib.font_manager - WARNING - findfont: Generic family 'sans-serif' not found because none of the following families were found: Times New Roman
2024-07-03 18:01:33,897 - matplotlib.font_manager - WARNING - findfont: Generic family 'sans-serif' not found because none of the following families were found: Times New Roman
2024-07-03 18:01:33,898 - matplotlib.font_manager - WARNING - findfont: Generic family 'sans-serif' not found because none of the following families were found: Times New Roman
2024-07-03 18:01:33,898 - matplotlib.font_manager - WARNING - findfont: Generic family 'sans-serif' not found because none of the following families were found: Times New Roman
2024-07-03 18:01:33,898 - matplotlib.font_manager - WARNING - findfont: Generic family 'sans-serif' not found because none of the following families were found: Times New Roman
2024-07-03 18:01:33,898 - matplotlib.font_manager - WARNING - findfont: Generic family 'sans-serif' not found because none of the following families were found: Times New Roman
2024-07-03 18:01:33,899 - matplotlib.font_manager - WARNING - findfont: Generic family 'sans-serif' not found because none of the following families were found: Times New Roman
2024-07-03 18:01:33,899 - matplotlib.font_manager - WARNING - findfont: Generic family 'sans-serif' not found because none of the following families were found: Times New Roman
2024-07-03 18:01:33,899 - matplotlib.font_manager - WARNING - findfont: Generic family 'sans-serif' not found because none of the following families were found: Times New Roman
2024-07-03 18:01:33,899 - matplotlib.font_manager - WARNING - findfont: Generic family 'sans-serif' not found because none of the following families were found: Times New Roman
2024-07-03 18:01:33,899 - matplotlib.font_manager - WARNING - findfont: Generic family 'sans-serif' not found because none of the following families were found: Times New Roman
2024-07-03 18:01:33,900 - matplotlib.font_manager - WARNING - findfont: Generic family 'sans-serif' not found because none of the following families were found: Times New Roman
2024-07-03 18:01:33,900 - matplotlib.font_manager - WARNING - findfont: Generic family 'sans-serif' not found because none of the following families were found: Times New Roman
2024-07-03 18:01:33,901 - matplotlib.font_manager - WARNING - findfont: Generic family 'sans-serif' not found because none of the following families were found: Times New Roman
2024-07-03 18:01:33,901 - matplotlib.font_manager - WARNING - findfont: Generic family 'sans-serif' not found because none of the following families were found: Times New Roman
2024-07-03 18:01:33,902 - matplotlib.font_manager - WARNING - findfont: Generic family 'sans-serif' not found because none of the following families were found: Times New Roman
2024-07-03 18:01:33,902 - matplotlib.font_manager - WARNING - findfont: Generic family 'sans-serif' not found because none of the following families were found: Times New Roman
2024-07-03 18:01:33,903 - matplotlib.font_manager - WARNING - findfont: Generic family 'sans-serif' not found because none of the following families were found: Times New Roman
2024-07-03 18:01:33,903 - matplotlib.font_manager - WARNING - findfont: Generic family 'sans-serif' not found because none of the following families were found: Times New Roman
2024-07-03 18:01:33,903 - matplotlib.font_manager - WARNING - findfont: Generic family 'sans-serif' not found because none of the following families were found: Times New Roman
2024-07-03 18:01:33,904 - matplotlib.font_manager - WARNING - findfont: Generic family 'sans-serif' not found because none of the following families were found: Times New Roman
2024-07-03 18:01:33,904 - matplotlib.font_manager - WARNING - findfont: Generic family 'sans-serif' not found because none of the following families were found: Times New Roman
2024-07-03 18:01:33,905 - matplotlib.font_manager - WARNING - findfont: Generic family 'sans-serif' not found because none of the following families were found: Times New Roman
2024-07-03 18:01:33,937 - matplotlib.font_manager - WARNING - findfont: Generic family 'sans-serif' not found because none of the following families were found: Times New Roman
2024-07-03 18:01:33,937 - matplotlib.font_manager - WARNING - findfont: Generic family 'sans-serif' not found because none of the following families were found: Times New Roman
2024-07-03 18:01:33,937 - matplotlib.font_manager - WARNING - findfont: Generic family 'sans-serif' not found because none of the following families were found: Times New Roman
2024-07-03 18:01:33,937 - matplotlib.font_manager - WARNING - findfont: Generic family 'sans-serif' not found because none of the following families were found: Times New Roman
2024-07-03 18:01:33,938 - matplotlib.font_manager - WARNING - findfont: Generic family 'sans-serif' not found because none of the following families were found: Times New Roman
2024-07-03 18:01:33,938 - matplotlib.font_manager - WARNING - findfont: Generic family 'sans-serif' not found because none of the following families were found: Times New Roman
2024-07-03 18:01:33,941 - matplotlib.font_manager - WARNING - findfont: Generic family 'sans-serif' not found because none of the following families were found: Times New Roman
2024-07-03 18:01:33,942 - matplotlib.font_manager - WARNING - findfont: Generic family 'sans-serif' not found because none of the following families were found: Times New Roman
2024-07-03 18:01:33,942 - matplotlib.font_manager - WARNING - findfont: Generic family 'sans-serif' not found because none of the following families were found: Times New Roman
2024-07-03 18:01:33,942 - matplotlib.font_manager - WARNING - findfont: Generic family 'sans-serif' not found because none of the following families were found: Times New Roman
2024-07-03 18:01:33,942 - matplotlib.font_manager - WARNING - findfont: Generic family 'sans-serif' not found because none of the following families were found: Times New Roman
2024-07-03 18:01:33,942 - matplotlib.font_manager - WARNING - findfont: Generic family 'sans-serif' not found because none of the following families were found: Times New Roman
2024-07-03 18:01:33,943 - matplotlib.font_manager - WARNING - findfont: Generic family 'sans-serif' not found because none of the following families were found: Times New Roman
2024-07-03 18:01:33,943 - matplotlib.font_manager - WARNING - findfont: Generic family 'sans-serif' not found because none of the following families were found: Times New Roman
2024-07-03 18:01:33,947 - matplotlib.font_manager - WARNING - findfont: Generic family 'sans-serif' not found because none of the following families were found: Times New Roman
2024-07-03 18:01:33,948 - matplotlib.font_manager - WARNING - findfont: Generic family 'sans-serif' not found because none of the following families were found: Times New Roman
2024-07-03 18:01:33,948 - matplotlib.font_manager - WARNING - findfont: Generic family 'sans-serif' not found because none of the following families were found: Times New Roman
2024-07-03 18:01:33,948 - matplotlib.font_manager - WARNING - findfont: Generic family 'sans-serif' not found because none of the following families were found: Times New Roman
2024-07-03 18:01:33,949 - matplotlib.font_manager - WARNING - findfont: Generic family 'sans-serif' not found because none of the following families were found: Times New Roman
2024-07-03 18:01:33,949 - matplotlib.font_manager - WARNING - findfont: Generic family 'sans-serif' not found because none of the following families were found: Times New Roman
2024-07-03 18:01:33,950 - matplotlib.font_manager - WARNING - findfont: Generic family 'sans-serif' not found because none of the following families were found: Times New Roman
2024-07-03 18:01:33,950 - matplotlib.font_manager - WARNING - findfont: Generic family 'sans-serif' not found because none of the following families were found: Times New Roman
2024-07-03 18:01:33,950 - matplotlib.font_manager - WARNING - findfont: Generic family 'sans-serif' not found because none of the following families were found: Times New Roman
2024-07-03 18:01:33,951 - matplotlib.font_manager - WARNING - findfont: Generic family 'sans-serif' not found because none of the following families were found: Times New Roman
2024-07-03 18:01:33,951 - matplotlib.font_manager - WARNING - findfont: Generic family 'sans-serif' not found because none of the following families were found: Times New Roman
2024-07-03 18:01:33,952 - matplotlib.font_manager - WARNING - findfont: Generic family 'sans-serif' not found because none of the following families were found: Times New Roman
2024-07-03 18:01:33,952 - matplotlib.font_manager - WARNING - findfont: Generic family 'sans-serif' not found because none of the following families were found: Times New Roman
2024-07-03 18:01:33,953 - matplotlib.font_manager - WARNING - findfont: Generic family 'sans-serif' not found because none of the following families were found: Times New Roman
2024-07-03 18:01:33,953 - matplotlib.font_manager - WARNING - findfont: Generic family 'sans-serif' not found because none of the following families were found: Times New Roman
2024-07-03 18:01:33,953 - matplotlib.font_manager - WARNING - findfont: Generic family 'sans-serif' not found because none of the following families were found: Times New Roman
2024-07-03 18:01:33,954 - matplotlib.font_manager - WARNING - findfont: Generic family 'sans-serif' not found because none of the following families were found: Times New Roman
2024-07-03 18:01:33,954 - matplotlib.font_manager - WARNING - findfont: Generic family 'sans-serif' not found because none of the following families were found: Times New Roman
2024-07-03 18:01:33,955 - matplotlib.font_manager - WARNING - findfont: Generic family 'sans-serif' not found because none of the following families were found: Times New Roman
2024-07-03 18:01:33,964 - matplotlib.font_manager - WARNING - findfont: Generic family 'sans-serif' not found because none of the following families were found: Times New Roman
2024-07-03 18:01:33,965 - matplotlib.font_manager - WARNING - findfont: Generic family 'sans-serif' not found because none of the following families were found: Times New Roman
2024-07-03 18:01:33,969 - matplotlib.font_manager - WARNING - findfont: Generic family 'sans-serif' not found because none of the following families were found: Times New Roman
2024-07-03 18:01:33,969 - matplotlib.font_manager - WARNING - findfont: Generic family 'sans-serif' not found because none of the following families were found: Times New Roman
2024-07-03 18:01:33,979 - matplotlib.font_manager - WARNING - findfont: Generic family 'sans-serif' not found because none of the following families were found: Times New Roman
2024-07-03 18:01:33,979 - matplotlib.font_manager - WARNING - findfont: Generic family 'sans-serif' not found because none of the following families were found: Times New Roman
2024-07-03 18:01:33,985 - matplotlib.font_manager - WARNING - findfont: Generic family 'sans-serif' not found because none of the following families were found: Times New Roman
2024-07-03 18:01:33,985 - matplotlib.font_manager - WARNING - findfont: Generic family 'sans-serif' not found because none of the following families were found: Times New Roman
2024-07-03 18:01:33,986 - matplotlib.font_manager - WARNING - findfont: Generic family 'sans-serif' not found because none of the following families were found: Times New Roman
2024-07-03 18:01:33,986 - matplotlib.font_manager - WARNING - findfont: Generic family 'sans-serif' not found because none of the following families were found: Times New Roman
2024-07-03 18:01:33,986 - matplotlib.font_manager - WARNING - findfont: Generic family 'sans-serif' not found because none of the following families were found: Times New Roman
2024-07-03 18:01:33,986 - matplotlib.font_manager - WARNING - findfont: Generic family 'sans-serif' not found because none of the following families were found: Times New Roman
2024-07-03 18:01:33,987 - matplotlib.font_manager - WARNING - findfont: Generic family 'sans-serif' not found because none of the following families were found: Times New Roman
2024-07-03 18:01:33,987 - matplotlib.font_manager - WARNING - findfont: Generic family 'sans-serif' not found because none of the following families were found: Times New Roman
2024-07-03 18:01:33,988 - matplotlib.font_manager - WARNING - findfont: Generic family 'sans-serif' not found because none of the following families were found: Times New Roman
2024-07-03 18:01:33,988 - matplotlib.font_manager - WARNING - findfont: Generic family 'sans-serif' not found because none of the following families were found: Times New Roman
2024-07-03 18:01:33,989 - matplotlib.font_manager - WARNING - findfont: Generic family 'sans-serif' not found because none of the following families were found: Times New Roman
2024-07-03 18:01:33,991 - matplotlib.font_manager - WARNING - findfont: Generic family 'sans-serif' not found because none of the following families were found: Times New Roman
2024-07-03 18:01:33,991 - matplotlib.font_manager - WARNING - findfont: Generic family 'sans-serif' not found because none of the following families were found: Times New Roman
2024-07-03 18:01:33,991 - matplotlib.font_manager - WARNING - findfont: Generic family 'sans-serif' not found because none of the following families were found: Times New Roman
2024-07-03 18:01:33,991 - matplotlib.font_manager - WARNING - findfont: Generic family 'sans-serif' not found because none of the following families were found: Times New Roman
2024-07-03 18:01:33,992 - matplotlib.font_manager - WARNING - findfont: Generic family 'sans-serif' not found because none of the following families were found: Times New Roman
2024-07-03 18:01:33,992 - matplotlib.font_manager - WARNING - findfont: Generic family 'sans-serif' not found because none of the following families were found: Times New Roman
2024-07-03 18:01:33,992 - matplotlib.font_manager - WARNING - findfont: Generic family 'sans-serif' not found because none of the following families were found: Times New Roman
2024-07-03 18:01:33,992 - matplotlib.font_manager - WARNING - findfont: Generic family 'sans-serif' not found because none of the following families were found: Times New Roman
2024-07-03 18:01:33,993 - matplotlib.font_manager - WARNING - findfont: Generic family 'sans-serif' not found because none of the following families were found: Times New Roman
2024-07-03 18:01:33,993 - matplotlib.font_manager - WARNING - findfont: Generic family 'sans-serif' not found because none of the following families were found: Times New Roman
2024-07-03 18:01:33,994 - matplotlib.font_manager - WARNING - findfont: Generic family 'sans-serif' not found because none of the following families were found: Times New Roman
2024-07-03 18:01:33,994 - matplotlib.font_manager - WARNING - findfont: Generic family 'sans-serif' not found because none of the following families were found: Times New Roman
2024-07-03 18:01:33,994 - matplotlib.font_manager - WARNING - findfont: Generic family 'sans-serif' not found because none of the following families were found: Times New Roman
2024-07-03 18:01:33,995 - matplotlib.font_manager - WARNING - findfont: Generic family 'sans-serif' not found because none of the following families were found: Times New Roman
2024-07-03 18:01:33,995 - matplotlib.font_manager - WARNING - findfont: Generic family 'sans-serif' not found because none of the following families were found: Times New Roman
2024-07-03 18:01:33,996 - matplotlib.font_manager - WARNING - findfont: Generic family 'sans-serif' not found because none of the following families were found: Times New Roman
2024-07-03 18:01:33,998 - matplotlib.font_manager - WARNING - findfont: Generic family 'sans-serif' not found because none of the following families were found: Times New Roman
2024-07-03 18:01:33,999 - matplotlib.font_manager - WARNING - findfont: Generic family 'sans-serif' not found because none of the following families were found: Times New Roman
2024-07-03 18:01:34,000 - matplotlib.font_manager - WARNING - findfont: Generic family 'sans-serif' not found because none of the following families were found: Times New Roman
2024-07-03 18:01:34,000 - matplotlib.font_manager - WARNING - findfont: Generic family 'sans-serif' not found because none of the following families were found: Times New Roman
2024-07-03 18:01:34,001 - matplotlib.font_manager - WARNING - findfont: Generic family 'sans-serif' not found because none of the following families were found: Times New Roman
2024-07-03 18:01:34,001 - matplotlib.font_manager - WARNING - findfont: Generic family 'sans-serif' not found because none of the following families were found: Times New Roman
2024-07-03 18:01:34,001 - matplotlib.font_manager - WARNING - findfont: Generic family 'sans-serif' not found because none of the following families were found: Times New Roman
2024-07-03 18:01:34,001 - matplotlib.font_manager - WARNING - findfont: Generic family 'sans-serif' not found because none of the following families were found: Times New Roman
2024-07-03 18:01:34,001 - matplotlib.font_manager - WARNING - findfont: Generic family 'sans-serif' not found because none of the following families were found: Times New Roman
2024-07-03 18:01:34,002 - matplotlib.font_manager - WARNING - findfont: Generic family 'sans-serif' not found because none of the following families were found: Times New Roman
2024-07-03 18:01:34,002 - matplotlib.font_manager - WARNING - findfont: Generic family 'sans-serif' not found because none of the following families were found: Times New Roman
2024-07-03 18:01:34,002 - matplotlib.font_manager - WARNING - findfont: Generic family 'sans-serif' not found because none of the following families were found: Times New Roman
2024-07-03 18:01:34,002 - matplotlib.font_manager - WARNING - findfont: Generic family 'sans-serif' not found because none of the following families were found: Times New Roman
2024-07-03 18:01:34,003 - matplotlib.font_manager - WARNING - findfont: Generic family 'sans-serif' not found because none of the following families were found: Times New Roman
2024-07-03 18:01:34,003 - matplotlib.font_manager - WARNING - findfont: Generic family 'sans-serif' not found because none of the following families were found: Times New Roman
2024-07-03 18:01:34,003 - matplotlib.font_manager - WARNING - findfont: Generic family 'sans-serif' not found because none of the following families were found: Times New Roman
2024-07-03 18:01:34,003 - matplotlib.font_manager - WARNING - findfont: Generic family 'sans-serif' not found because none of the following families were found: Times New Roman
2024-07-03 18:01:34,004 - matplotlib.font_manager - WARNING - findfont: Generic family 'sans-serif' not found because none of the following families were found: Times New Roman
2024-07-03 18:01:34,004 - matplotlib.font_manager - WARNING - findfont: Generic family 'sans-serif' not found because none of the following families were found: Times New Roman
2024-07-03 18:01:34,004 - matplotlib.font_manager - WARNING - findfont: Generic family 'sans-serif' not found because none of the following families were found: Times New Roman
2024-07-03 18:01:34,004 - matplotlib.font_manager - WARNING - findfont: Generic family 'sans-serif' not found because none of the following families were found: Times New Roman
2024-07-03 18:01:34,004 - matplotlib.font_manager - WARNING - findfont: Generic family 'sans-serif' not found because none of the following families were found: Times New Roman
2024-07-03 18:01:34,006 - matplotlib.font_manager - WARNING - findfont: Generic family 'sans-serif' not found because none of the following families were found: Times New Roman
2024-07-03 18:01:34,006 - matplotlib.font_manager - WARNING - findfont: Generic family 'sans-serif' not found because none of the following families were found: Times New Roman
2024-07-03 18:01:34,007 - matplotlib.font_manager - WARNING - findfont: Generic family 'sans-serif' not found because none of the following families were found: Times New Roman
2024-07-03 18:01:34,007 - matplotlib.font_manager - WARNING - findfont: Generic family 'sans-serif' not found because none of the following families were found: Times New Roman
2024-07-03 18:01:34,007 - matplotlib.font_manager - WARNING - findfont: Generic family 'sans-serif' not found because none of the following families were found: Times New Roman
2024-07-03 18:01:34,008 - matplotlib.font_manager - WARNING - findfont: Generic family 'sans-serif' not found because none of the following families were found: Times New Roman
2024-07-03 18:01:34,008 - matplotlib.font_manager - WARNING - findfont: Generic family 'sans-serif' not found because none of the following families were found: Times New Roman
2024-07-03 18:01:34,008 - matplotlib.font_manager - WARNING - findfont: Generic family 'sans-serif' not found because none of the following families were found: Times New Roman
2024-07-03 18:01:34,009 - matplotlib.font_manager - WARNING - findfont: Generic family 'sans-serif' not found because none of the following families were found: Times New Roman
2024-07-03 18:01:34,009 - matplotlib.font_manager - WARNING - findfont: Generic family 'sans-serif' not found because none of the following families were found: Times New Roman
2024-07-03 18:01:34,040 - matplotlib.font_manager - WARNING - findfont: Generic family 'sans-serif' not found because none of the following families were found: Times New Roman
2024-07-03 18:01:34,040 - matplotlib.font_manager - WARNING - findfont: Generic family 'sans-serif' not found because none of the following families were found: Times New Roman
2024-07-03 18:01:34,041 - matplotlib.font_manager - WARNING - findfont: Generic family 'sans-serif' not found because none of the following families were found: Times New Roman
2024-07-03 18:01:34,041 - matplotlib.font_manager - WARNING - findfont: Generic family 'sans-serif' not found because none of the following families were found: Times New Roman
2024-07-03 18:01:34,041 - matplotlib.font_manager - WARNING - findfont: Generic family 'sans-serif' not found because none of the following families were found: Times New Roman
2024-07-03 18:01:34,041 - matplotlib.font_manager - WARNING - findfont: Generic family 'sans-serif' not found because none of the following families were found: Times New Roman
2024-07-03 18:01:34,042 - matplotlib.font_manager - WARNING - findfont: Generic family 'sans-serif' not found because none of the following families were found: Times New Roman
2024-07-03 18:01:34,042 - matplotlib.font_manager - WARNING - findfont: Generic family 'sans-serif' not found because none of the following families were found: Times New Roman
2024-07-03 18:01:34,043 - matplotlib.font_manager - WARNING - findfont: Generic family 'sans-serif' not found because none of the following families were found: Times New Roman
2024-07-03 18:01:34,043 - matplotlib.font_manager - WARNING - findfont: Generic family 'sans-serif' not found because none of the following families were found: Times New Roman
2024-07-03 18:01:34,044 - matplotlib.font_manager - WARNING - findfont: Generic family 'sans-serif' not found because none of the following families were found: Times New Roman
2024-07-03 18:01:34,046 - matplotlib.font_manager - WARNING - findfont: Generic family 'sans-serif' not found because none of the following families were found: Times New Roman
2024-07-03 18:01:34,046 - matplotlib.font_manager - WARNING - findfont: Generic family 'sans-serif' not found because none of the following families were found: Times New Roman
2024-07-03 18:01:34,047 - matplotlib.font_manager - WARNING - findfont: Generic family 'sans-serif' not found because none of the following families were found: Times New Roman
2024-07-03 18:01:34,047 - matplotlib.font_manager - WARNING - findfont: Generic family 'sans-serif' not found because none of the following families were found: Times New Roman
2024-07-03 18:01:34,047 - matplotlib.font_manager - WARNING - findfont: Generic family 'sans-serif' not found because none of the following families were found: Times New Roman
2024-07-03 18:01:34,047 - matplotlib.font_manager - WARNING - findfont: Generic family 'sans-serif' not found because none of the following families were found: Times New Roman
2024-07-03 18:01:34,047 - matplotlib.font_manager - WARNING - findfont: Generic family 'sans-serif' not found because none of the following families were found: Times New Roman
2024-07-03 18:01:34,048 - matplotlib.font_manager - WARNING - findfont: Generic family 'sans-serif' not found because none of the following families were found: Times New Roman
2024-07-03 18:01:34,048 - matplotlib.font_manager - WARNING - findfont: Generic family 'sans-serif' not found because none of the following families were found: Times New Roman
2024-07-03 18:01:34,049 - matplotlib.font_manager - WARNING - findfont: Generic family 'sans-serif' not found because none of the following families were found: Times New Roman
2024-07-03 18:01:34,049 - matplotlib.font_manager - WARNING - findfont: Generic family 'sans-serif' not found because none of the following families were found: Times New Roman
2024-07-03 18:01:34,049 - matplotlib.font_manager - WARNING - findfont: Generic family 'sans-serif' not found because none of the following families were found: Times New Roman
2024-07-03 18:01:34,050 - matplotlib.font_manager - WARNING - findfont: Generic family 'sans-serif' not found because none of the following families were found: Times New Roman
2024-07-03 18:01:34,050 - matplotlib.font_manager - WARNING - findfont: Generic family 'sans-serif' not found because none of the following families were found: Times New Roman
2024-07-03 18:01:34,051 - matplotlib.font_manager - WARNING - findfont: Generic family 'sans-serif' not found because none of the following families were found: Times New Roman
2024-07-03 18:01:34,051 - matplotlib.font_manager - WARNING - findfont: Generic family 'sans-serif' not found because none of the following families were found: Times New Roman
2024-07-03 18:01:34,054 - matplotlib.font_manager - WARNING - findfont: Generic family 'sans-serif' not found because none of the following families were found: Times New Roman
2024-07-03 18:01:34,054 - matplotlib.font_manager - WARNING - findfont: Generic family 'sans-serif' not found because none of the following families were found: Times New Roman
2024-07-03 18:01:34,056 - matplotlib.font_manager - WARNING - findfont: Generic family 'sans-serif' not found because none of the following families were found: Times New Roman
2024-07-03 18:01:34,056 - matplotlib.font_manager - WARNING - findfont: Generic family 'sans-serif' not found because none of the following families were found: Times New Roman
2024-07-03 18:01:34,056 - matplotlib.font_manager - WARNING - findfont: Generic family 'sans-serif' not found because none of the following families were found: Times New Roman
2024-07-03 18:01:34,056 - matplotlib.font_manager - WARNING - findfont: Generic family 'sans-serif' not found because none of the following families were found: Times New Roman
2024-07-03 18:01:34,056 - matplotlib.font_manager - WARNING - findfont: Generic family 'sans-serif' not found because none of the following families were found: Times New Roman
2024-07-03 18:01:34,057 - matplotlib.font_manager - WARNING - findfont: Generic family 'sans-serif' not found because none of the following families were found: Times New Roman
2024-07-03 18:01:34,057 - matplotlib.font_manager - WARNING - findfont: Generic family 'sans-serif' not found because none of the following families were found: Times New Roman
2024-07-03 18:01:34,057 - matplotlib.font_manager - WARNING - findfont: Generic family 'sans-serif' not found because none of the following families were found: Times New Roman
2024-07-03 18:01:34,057 - matplotlib.font_manager - WARNING - findfont: Generic family 'sans-serif' not found because none of the following families were found: Times New Roman
2024-07-03 18:01:34,057 - matplotlib.font_manager - WARNING - findfont: Generic family 'sans-serif' not found because none of the following families were found: Times New Roman
2024-07-03 18:01:34,058 - matplotlib.font_manager - WARNING - findfont: Generic family 'sans-serif' not found because none of the following families were found: Times New Roman
2024-07-03 18:01:34,058 - matplotlib.font_manager - WARNING - findfont: Generic family 'sans-serif' not found because none of the following families were found: Times New Roman
2024-07-03 18:01:34,058 - matplotlib.font_manager - WARNING - findfont: Generic family 'sans-serif' not found because none of the following families were found: Times New Roman
2024-07-03 18:01:34,058 - matplotlib.font_manager - WARNING - findfont: Generic family 'sans-serif' not found because none of the following families were found: Times New Roman
2024-07-03 18:01:34,059 - matplotlib.font_manager - WARNING - findfont: Generic family 'sans-serif' not found because none of the following families were found: Times New Roman
2024-07-03 18:01:34,059 - matplotlib.font_manager - WARNING - findfont: Generic family 'sans-serif' not found because none of the following families were found: Times New Roman
2024-07-03 18:01:34,059 - matplotlib.font_manager - WARNING - findfont: Generic family 'sans-serif' not found because none of the following families were found: Times New Roman
2024-07-03 18:01:34,059 - matplotlib.font_manager - WARNING - findfont: Generic family 'sans-serif' not found because none of the following families were found: Times New Roman
2024-07-03 18:01:34,059 - matplotlib.font_manager - WARNING - findfont: Generic family 'sans-serif' not found because none of the following families were found: Times New Roman
2024-07-03 18:01:34,060 - matplotlib.font_manager - WARNING - findfont: Generic family 'sans-serif' not found because none of the following families were found: Times New Roman
2024-07-03 18:01:34,061 - matplotlib.font_manager - WARNING - findfont: Generic family 'sans-serif' not found because none of the following families were found: Times New Roman
2024-07-03 18:01:34,061 - matplotlib.font_manager - WARNING - findfont: Generic family 'sans-serif' not found because none of the following families were found: Times New Roman
2024-07-03 18:01:34,062 - matplotlib.font_manager - WARNING - findfont: Generic family 'sans-serif' not found because none of the following families were found: Times New Roman
2024-07-03 18:01:34,062 - matplotlib.font_manager - WARNING - findfont: Generic family 'sans-serif' not found because none of the following families were found: Times New Roman
2024-07-03 18:01:34,062 - matplotlib.font_manager - WARNING - findfont: Generic family 'sans-serif' not found because none of the following families were found: Times New Roman
2024-07-03 18:01:34,063 - matplotlib.font_manager - WARNING - findfont: Generic family 'sans-serif' not found because none of the following families were found: Times New Roman
2024-07-03 18:01:34,063 - matplotlib.font_manager - WARNING - findfont: Generic family 'sans-serif' not found because none of the following families were found: Times New Roman
2024-07-03 18:01:34,064 - matplotlib.font_manager - WARNING - findfont: Generic family 'sans-serif' not found because none of the following families were found: Times New Roman
2024-07-03 18:01:34,064 - matplotlib.font_manager - WARNING - findfont: Generic family 'sans-serif' not found because none of the following families were found: Times New Roman
2024-07-03 18:01:34,064 - matplotlib.font_manager - WARNING - findfont: Generic family 'sans-serif' not found because none of the following families were found: Times New Roman
2024-07-03 18:01:34,069 - root - INFO - remove_subway_list: ['轨道交通1号线']
2024-07-03 18:02:16,922 - root - INFO - count, count_true: 67988, 0
2024-07-03 18:02:16,974 - root - INFO - count, count_true: 67233, 0
2024-07-03 18:02:17,045 - root - INFO - count, count_true: 67988, 0
2024-07-03 18:02:17,049 - root - INFO - count, count_true: 67988, 8962
2024-07-03 18:02:17,247 - root - INFO - count, count_true: 66618, 0
2024-07-03 18:02:17,920 - root - INFO - count, count_true: 67988, 8962
2024-07-03 18:03:38,261 - root - INFO - count, count_true: 67988, 8962
2024-07-03 18:05:33,369 - root - INFO - count, count_true: 61580, 0
2024-07-03 18:05:33,695 - root - INFO - count, count_true: 62398, 0
2024-07-03 18:05:33,796 - root - INFO - count, count_true: 65211, 0
2024-07-03 18:05:33,991 - root - INFO - count, count_true: 65852, 0
2024-07-03 18:05:34,059 - root - INFO - count, count_true: 63572, 0
2024-07-03 18:05:34,087 - root - INFO - count, count_true: 60898, 0
2024-07-03 18:05:34,157 - root - INFO - count, count_true: 64293, 0
2024-07-03 18:05:34,165 - root - INFO - count, count_true: 64544, 0
2024-07-03 18:06:19,250 - root - INFO - count, count_true: 66618, 0
2024-07-03 18:06:19,328 - root - INFO - count, count_true: 67233, 0
2024-07-03 18:06:19,823 - root - INFO - count, count_true: 67988, 0
2024-07-03 18:06:19,993 - root - INFO - count, count_true: 67988, 0
2024-07-03 18:06:20,026 - root - INFO - count, count_true: 67988, 0
2024-07-03 18:06:20,028 - root - INFO - count, count_true: 67988, 0
2024-07-03 18:06:56,222 - root - INFO - city counterfactual started!
2024-07-03 18:06:56,222 - root - INFO - year2construction{2010: {}, 2011: {}, 2012: {}, 2013: {}, 2014: {}, 2015: {}, 2016: {}, 2017: {12: 829791.11035}, 2018: {12: 1085448.93055}, 2019: {}, 2020: {}}
2024-07-03 18:06:56,223 - root - INFO - year2ope{2010: {}, 2011: {}, 2012: {}, 2013: {}, 2014: {}, 2015: {}, 2016: {}, 2017: {12: 29    68.610715
Name: per_mileage_carbon (tCO2/km), dtype: float64}, 2018: {12: 29    169.653151
Name: per_mileage_carbon (tCO2/km), dtype: float64}, 2019: {}, 2020: {}}
2024-07-03 18:06:56,223 - root - INFO - carbon_save_list{2010: {}, 2011: {}, 2012: {}, 2013: {}, 2014: {}, 2015: {}, 2016: {}, 2017: {}, 2018: {'(1, 2, 3, 4, 5, 6, 7, 8, 9, 10, 11, 12)': 3.7425633769849904}, 2019: {'(1, 2, 3, 4, 5, 6, 7, 8, 9, 10, 11, 12)': 104.0308924191899}, 2020: {'(1, 2, 3, 4, 5, 6, 7, 8, 9, 10, 11, 12)': 105.12699816471374}}
