2024-07-02 19:42:53,165 - root - INFO - City: Hangzhou
2024-07-02 19:42:53,165 - root - INFO - Parking fee: 20
2024-07-02 19:43:58,025 - root - INFO - Year: 2019, Month: 6
2024-07-02 19:46:05,518 - root - INFO - remove_subway_list: ['地铁1号线', '地铁2号线', '地铁4号线', '地铁5号线', '地铁9号线']
2024-07-02 19:47:24,379 - root - INFO - count, count_true: 142022, 537
2024-07-02 19:47:25,573 - root - INFO - count, count_true: 150571, 1187
2024-07-02 19:47:25,956 - root - INFO - count, count_true: 144385, 540
2024-07-02 19:47:27,750 - root - INFO - count, count_true: 146621, 552
2024-07-02 19:47:28,763 - root - INFO - count, count_true: 155336, 1568
2024-07-02 19:47:29,014 - root - INFO - count, count_true: 152918, 1543
2024-07-02 19:47:31,067 - root - INFO - count, count_true: 158130, 6295
2024-07-02 19:47:31,409 - root - INFO - count, count_true: 160230, 7379
2024-07-02 19:49:34,564 - root - INFO - count, count_true: 150571, 1509
2024-07-02 19:49:39,516 - root - INFO - count, count_true: 162628, 7996
2024-07-02 19:49:42,360 - root - INFO - count, count_true: 146621, 1163
2024-07-02 19:49:46,312 - root - INFO - count, count_true: 155336, 3630
2024-07-02 19:49:47,450 - root - INFO - count, count_true: 162628, 47207
2024-07-02 19:50:01,038 - root - INFO - count, count_true: 160230, 7902
2024-07-02 19:50:06,108 - root - INFO - count, count_true: 162628, 50474
2024-07-02 19:50:14,969 - root - INFO - count, count_true: 158130, 7305
2024-07-02 19:52:02,059 - root - INFO - count, count_true: 150571, 1517
2024-07-02 19:52:03,869 - root - INFO - count, count_true: 162628, 25175
2024-07-02 19:52:11,123 - root - INFO - count, count_true: 162628, 47683
2024-07-02 19:52:11,513 - root - INFO - count, count_true: 162628, 78383
2024-07-02 19:52:37,886 - root - INFO - count, count_true: 162628, 59869
2024-07-02 19:54:40,892 - root - INFO - count, count_true: 162628, 49135
2024-07-02 19:55:14,619 - root - INFO - count, count_true: 162628, 65379
2024-07-02 19:57:18,615 - root - INFO - count, count_true: 162628, 50474
2024-07-02 19:57:46,228 - root - INFO - count, count_true: 162628, 73444
2024-07-02 20:00:06,589 - root - INFO - count, count_true: 162628, 78383
2024-07-02 20:02:54,931 - root - INFO - count, count_true: 142022, 3323
2024-07-02 20:02:56,821 - root - INFO - count, count_true: 146621, 3410
2024-07-02 20:02:57,234 - root - INFO - count, count_true: 144385, 3318
2024-07-02 20:02:59,553 - root - INFO - count, count_true: 155336, 3754
2024-07-02 20:02:59,838 - root - INFO - count, count_true: 150571, 3459
2024-07-02 20:03:00,706 - root - INFO - count, count_true: 152918, 3714
2024-07-02 20:03:02,331 - root - INFO - count, count_true: 158130, 4091
2024-07-02 20:03:03,232 - root - INFO - count, count_true: 160230, 5172
2024-07-02 20:05:08,004 - root - INFO - count, count_true: 146621, 3437
2024-07-02 20:05:13,205 - root - INFO - count, count_true: 155336, 3928
2024-07-02 20:05:13,231 - root - INFO - count, count_true: 150571, 3632
2024-07-02 20:05:15,254 - root - INFO - count, count_true: 162628, 5565
2024-07-02 20:05:18,958 - root - INFO - count, count_true: 162628, 41720
2024-07-02 20:05:18,986 - root - INFO - count, count_true: 158130, 5112
2024-07-02 20:05:22,737 - root - INFO - count, count_true: 162628, 46318
2024-07-02 20:05:33,297 - root - INFO - count, count_true: 160230, 5504
2024-07-02 20:07:26,871 - root - INFO - count, count_true: 150571, 3661
2024-07-02 20:07:29,965 - root - INFO - count, count_true: 162628, 74753
2024-07-02 20:07:32,747 - root - INFO - count, count_true: 162628, 19960
2024-07-02 20:07:37,916 - root - INFO - count, count_true: 162628, 42651
2024-07-02 20:07:50,160 - root - INFO - count, count_true: 162628, 55180
2024-07-02 20:09:59,266 - root - INFO - count, count_true: 162628, 44919
2024-07-02 20:10:17,230 - root - INFO - count, count_true: 162628, 59380
2024-07-02 20:12:31,171 - root - INFO - count, count_true: 162628, 46318
2024-07-02 20:12:43,252 - root - INFO - count, count_true: 162628, 69570
2024-07-02 20:15:11,636 - root - INFO - count, count_true: 162628, 74753
2024-07-02 20:18:08,915 - root - INFO - count, count_true: 144385, 3318
2024-07-02 20:18:08,916 - root - INFO - count, count_true: 142022, 3323
2024-07-02 20:18:10,656 - root - INFO - count, count_true: 146621, 3410
2024-07-02 20:18:12,185 - root - INFO - count, count_true: 155336, 4356
2024-07-02 20:18:12,440 - root - INFO - count, count_true: 152918, 4300
2024-07-02 20:18:12,616 - root - INFO - count, count_true: 150571, 4081
2024-07-02 20:18:16,914 - root - INFO - count, count_true: 160230, 9720
2024-07-02 20:18:17,860 - root - INFO - count, count_true: 158130, 9417
2024-07-02 20:20:18,212 - root - INFO - count, count_true: 146621, 4036
2024-07-02 20:20:20,294 - root - INFO - count, count_true: 150571, 4194
2024-07-02 20:20:21,145 - root - INFO - count, count_true: 155336, 6501
2024-07-02 20:20:25,539 - root - INFO - count, count_true: 162628, 10349
2024-07-02 20:20:27,002 - root - INFO - count, count_true: 162628, 52066
2024-07-02 20:20:28,292 - root - INFO - count, count_true: 158130, 9617
2024-07-02 20:20:30,438 - root - INFO - count, count_true: 160230, 10250
2024-07-02 20:20:34,270 - root - INFO - count, count_true: 162628, 56764
2024-07-02 20:22:39,799 - root - INFO - count, count_true: 150571, 4223
2024-07-02 20:22:44,777 - root - INFO - count, count_true: 162628, 83281
2024-07-02 20:22:51,338 - root - INFO - count, count_true: 162628, 28209
2024-07-02 20:22:54,314 - root - INFO - count, count_true: 162628, 53030
2024-07-02 20:23:06,651 - root - INFO - count, count_true: 162628, 63592
2024-07-02 20:25:13,132 - root - INFO - count, count_true: 162628, 55313
2024-07-02 20:25:28,945 - root - INFO - count, count_true: 162628, 68634
2024-07-02 20:27:42,601 - root - INFO - count, count_true: 162628, 56764
2024-07-02 20:28:01,296 - root - INFO - count, count_true: 162628, 78506
2024-07-02 20:30:45,630 - root - INFO - count, count_true: 162628, 83281
2024-07-02 20:33:36,879 - root - INFO - count, count_true: 142022, 3323
2024-07-02 20:33:37,646 - root - INFO - count, count_true: 146621, 3410
2024-07-02 20:33:37,940 - root - INFO - count, count_true: 150571, 4081
2024-07-02 20:33:38,275 - root - INFO - count, count_true: 144385, 3318
2024-07-02 20:33:39,299 - root - INFO - count, count_true: 155336, 4730
2024-07-02 20:33:40,785 - root - INFO - count, count_true: 152918, 4666
2024-07-02 20:33:43,672 - root - INFO - count, count_true: 158130, 9680
2024-07-02 20:33:44,343 - root - INFO - count, count_true: 160230, 10994
2024-07-02 20:35:49,694 - root - INFO - count, count_true: 146621, 4036
2024-07-02 20:35:51,610 - root - INFO - count, count_true: 150571, 4560
2024-07-02 20:35:56,110 - root - INFO - count, count_true: 162628, 11200
2024-07-02 20:35:59,140 - root - INFO - count, count_true: 155336, 6763
2024-07-02 20:36:00,318 - root - INFO - count, count_true: 162628, 38857
2024-07-02 20:36:03,085 - root - INFO - count, count_true: 158130, 10875
2024-07-02 20:36:05,711 - root - INFO - count, count_true: 160230, 11075
2024-07-02 20:36:11,447 - root - INFO - count, count_true: 162628, 43510
2024-07-02 20:38:00,440 - root - INFO - count, count_true: 150571, 4589
2024-07-02 20:38:10,018 - root - INFO - count, count_true: 162628, 17902
2024-07-02 20:38:11,404 - root - INFO - count, count_true: 162628, 75539
2024-07-02 20:38:14,326 - root - INFO - count, count_true: 162628, 39802
2024-07-02 20:38:35,660 - root - INFO - count, count_true: 162628, 52680
2024-07-02 20:40:45,509 - root - INFO - count, count_true: 162628, 41876
2024-07-02 20:41:14,100 - root - INFO - count, count_true: 162628, 57951
2024-07-02 20:43:21,996 - root - INFO - count, count_true: 162628, 43510
2024-07-02 20:43:34,675 - root - INFO - count, count_true: 162628, 70638
2024-07-02 20:45:50,776 - root - INFO - count, count_true: 162628, 75539
2024-07-02 20:48:42,320 - root - INFO - count, count_true: 142022, 2467
2024-07-02 20:48:44,514 - root - INFO - count, count_true: 144385, 2461
2024-07-02 20:48:44,859 - root - INFO - count, count_true: 146621, 2533
2024-07-02 20:48:46,392 - root - INFO - count, count_true: 152918, 3762
2024-07-02 20:48:46,615 - root - INFO - count, count_true: 150571, 3196
2024-07-02 20:48:47,240 - root - INFO - count, count_true: 155336, 3821
2024-07-02 20:48:50,591 - root - INFO - count, count_true: 158130, 8766
2024-07-02 20:48:56,311 - root - INFO - count, count_true: 160230, 10077
2024-07-02 20:50:53,284 - root - INFO - count, count_true: 146621, 3159
2024-07-02 20:50:55,077 - root - INFO - count, count_true: 150571, 3665
2024-07-02 20:50:59,751 - root - INFO - count, count_true: 162628, 10728
2024-07-02 20:51:02,733 - root - INFO - count, count_true: 155336, 5854
2024-07-02 20:51:03,383 - root - INFO - count, count_true: 162628, 53459
2024-07-02 20:51:06,982 - root - INFO - count, count_true: 158130, 9961
2024-07-02 20:51:07,564 - root - INFO - count, count_true: 162628, 56134
2024-07-02 20:51:20,032 - root - INFO - count, count_true: 160230, 10607
2024-07-02 20:53:09,823 - root - INFO - count, count_true: 150571, 3687
2024-07-02 20:53:16,920 - root - INFO - count, count_true: 162628, 81259
2024-07-02 20:53:19,355 - root - INFO - count, count_true: 162628, 28794
2024-07-02 20:53:28,119 - root - INFO - count, count_true: 162628, 54316
2024-07-02 20:53:28,615 - root - INFO - count, count_true: 162628, 65953
2024-07-02 20:56:05,252 - root - INFO - count, count_true: 162628, 54627
2024-07-02 20:56:07,569 - root - INFO - count, count_true: 162628, 67464
2024-07-02 20:58:42,694 - root - INFO - count, count_true: 162628, 56134
2024-07-02 20:58:48,031 - root - INFO - count, count_true: 162628, 77166
2024-07-02 21:01:28,160 - root - INFO - count, count_true: 162628, 81259
2024-07-02 23:28:41,074 - root - INFO - City: Hangzhou
2024-07-02 23:28:41,074 - root - INFO - Parking fee: 20
2024-07-02 23:33:33,516 - root - INFO - count, count_true: 144385, 0
2024-07-02 23:33:35,695 - root - INFO - count, count_true: 134364, 0
2024-07-02 23:33:35,757 - root - INFO - count, count_true: 136779, 0
2024-07-02 23:33:36,188 - root - INFO - count, count_true: 142022, 0
2024-07-02 23:33:36,247 - root - INFO - count, count_true: 146621, 0
2024-07-02 23:33:36,306 - root - INFO - count, count_true: 152918, 0
2024-07-02 23:33:36,363 - root - INFO - count, count_true: 150571, 0
2024-07-02 23:33:36,569 - root - INFO - count, count_true: 155336, 0
2024-07-02 23:34:48,936 - root - INFO - count, count_true: 158130, 0
2024-07-02 23:34:49,724 - root - INFO - count, count_true: 160230, 0
2024-07-02 23:34:50,042 - root - INFO - count, count_true: 162628, 0
2024-07-02 23:34:51,758 - root - INFO - count, count_true: 162628, 0
2024-07-02 23:34:51,807 - root - INFO - count, count_true: 162628, 0
2024-07-02 23:34:52,320 - root - INFO - count, count_true: 162628, 0
