2024-06-28 15:25:55,937 - root - INFO - City: Hangzhou
2024-06-28 15:25:55,937 - root - INFO - Parking fee: 20
2024-06-28 15:33:38,742 - root - INFO - Year: 2019, Month: 6
2024-06-28 15:46:09,336 - root - INFO - remove_subway_list: ['地铁1号线', '地铁2号线', '地铁4号线', '地铁5号线']
2024-06-28 15:50:14,089 - root - INFO - count, count_true: 142022, 0
2024-06-28 15:50:15,310 - root - INFO - count, count_true: 160230, 6782
2024-06-28 15:50:35,279 - root - INFO - count, count_true: 146621, 0
2024-06-28 15:50:45,858 - root - INFO - count, count_true: 144385, 0
2024-06-28 15:50:58,798 - root - INFO - count, count_true: 155336, 987
2024-06-28 15:50:59,376 - root - INFO - count, count_true: 152918, 963
2024-06-28 15:51:00,227 - root - INFO - count, count_true: 150571, 627
2024-06-28 15:51:05,391 - root - INFO - count, count_true: 158130, 5707
2024-06-28 15:55:08,881 - root - INFO - count, count_true: 160230, 7305
2024-06-28 15:55:22,001 - root - INFO - count, count_true: 150571, 939
2024-06-28 15:55:22,953 - root - INFO - count, count_true: 162628, 7393
2024-06-28 15:55:45,722 - root - INFO - count, count_true: 155336, 3047
2024-06-28 15:55:48,786 - root - INFO - count, count_true: 146621, 605
2024-06-28 15:55:52,385 - root - INFO - count, count_true: 162628, 46409
2024-06-28 15:56:03,558 - root - INFO - count, count_true: 162628, 50474
2024-06-28 15:56:19,543 - root - INFO - count, count_true: 158130, 6708
2024-06-28 15:59:42,620 - root - INFO - count, count_true: 150571, 939
2024-06-28 15:59:59,152 - root - INFO - count, count_true: 162628, 24458
2024-06-28 16:00:12,885 - root - INFO - count, count_true: 162628, 78383
2024-06-28 16:00:28,406 - root - INFO - count, count_true: 162628, 46876
2024-06-28 16:00:30,901 - root - INFO - count, count_true: 162628, 59869
2024-06-28 16:05:09,121 - root - INFO - count, count_true: 162628, 47683
2024-06-28 16:05:13,798 - root - INFO - count, count_true: 162628, 65379
2024-06-28 16:09:11,569 - root - INFO - count, count_true: 162628, 49135
2024-06-28 16:09:19,569 - root - INFO - count, count_true: 162628, 73444
2024-06-28 16:13:10,154 - root - INFO - count, count_true: 162628, 50474
2024-06-28 16:13:50,371 - root - INFO - count, count_true: 162628, 78383
2024-06-28 16:19:22,859 - root - INFO - count, count_true: 142022, 2232
2024-06-28 16:19:32,826 - root - INFO - count, count_true: 144385, 2224
2024-06-28 16:19:39,268 - root - INFO - count, count_true: 150571, 2335
2024-06-28 16:19:42,980 - root - INFO - count, count_true: 158130, 2924
2024-06-28 16:20:03,314 - root - INFO - count, count_true: 152918, 2563
2024-06-28 16:20:07,303 - root - INFO - count, count_true: 160230, 3999
2024-06-28 16:20:07,495 - root - INFO - count, count_true: 155336, 2597
2024-06-28 16:20:08,056 - root - INFO - count, count_true: 146621, 2298
2024-06-28 16:24:25,389 - root - INFO - count, count_true: 150571, 2496
2024-06-28 16:24:41,032 - root - INFO - count, count_true: 162628, 4382
2024-06-28 16:24:50,024 - root - INFO - count, count_true: 162628, 39780
2024-06-28 16:25:01,059 - root - INFO - count, count_true: 158130, 3943
2024-06-28 16:25:15,885 - root - INFO - count, count_true: 146621, 2325
2024-06-28 16:25:35,292 - root - INFO - count, count_true: 160230, 4331
2024-06-28 16:25:46,034 - root - INFO - count, count_true: 162628, 46318
2024-06-28 16:25:52,499 - root - INFO - count, count_true: 155336, 2770
2024-06-28 16:28:56,084 - root - INFO - count, count_true: 150571, 2518
2024-06-28 16:29:26,994 - root - INFO - count, count_true: 162628, 18532
2024-06-28 16:29:49,969 - root - INFO - count, count_true: 162628, 40536
2024-06-28 16:29:50,105 - root - INFO - count, count_true: 162628, 74753
2024-06-28 16:31:33,166 - root - INFO - count, count_true: 162628, 55180
2024-06-28 16:37:27,352 - root - INFO - count, count_true: 162628, 42651
2024-06-28 16:38:38,721 - root - INFO - count, count_true: 162628, 59380
2024-06-28 16:41:31,707 - root - INFO - count, count_true: 162628, 44919
2024-06-28 16:43:03,944 - root - INFO - count, count_true: 162628, 69570
2024-06-28 16:45:34,726 - root - INFO - count, count_true: 162628, 46318
2024-06-28 16:47:19,655 - root - INFO - count, count_true: 162628, 74753
2024-06-28 16:53:11,820 - root - INFO - count, count_true: 150571, 2952
2024-06-28 16:53:20,625 - root - INFO - count, count_true: 155336, 3203
2024-06-28 16:53:21,694 - root - INFO - count, count_true: 158130, 8252
2024-06-28 16:53:23,037 - root - INFO - count, count_true: 144385, 2224
2024-06-28 16:53:27,967 - root - INFO - count, count_true: 146621, 2298
2024-06-28 16:53:31,522 - root - INFO - count, count_true: 152918, 3153
2024-06-28 16:53:33,262 - root - INFO - count, count_true: 142022, 2232
2024-06-28 16:53:47,580 - root - INFO - count, count_true: 160230, 8551
2024-06-28 16:58:40,023 - root - INFO - count, count_true: 150571, 3062
2024-06-28 16:58:42,282 - root - INFO - count, count_true: 146621, 2919
2024-06-28 16:58:47,554 - root - INFO - count, count_true: 155336, 5346
2024-06-28 16:59:06,612 - root - INFO - count, count_true: 162628, 9170
2024-06-28 16:59:06,917 - root - INFO - count, count_true: 158130, 8452
2024-06-28 16:59:23,858 - root - INFO - count, count_true: 160230, 9081
2024-06-28 17:00:02,900 - root - INFO - count, count_true: 162628, 56764
2024-06-28 17:00:11,737 - root - INFO - count, count_true: 162628, 50062
2024-06-28 17:03:27,923 - root - INFO - count, count_true: 150571, 3084
2024-06-28 17:04:09,576 - root - INFO - count, count_true: 162628, 26718
2024-06-28 17:04:32,754 - root - INFO - count, count_true: 162628, 83281
2024-06-28 17:05:18,648 - root - INFO - count, count_true: 162628, 50851
2024-06-28 17:05:30,885 - root - INFO - count, count_true: 162628, 63592
2024-06-28 17:10:25,327 - root - INFO - count, count_true: 162628, 68634
2024-06-28 17:10:49,047 - root - INFO - count, count_true: 162628, 53030
2024-06-28 17:15:53,620 - root - INFO - count, count_true: 162628, 78506
2024-06-28 17:16:13,366 - root - INFO - count, count_true: 162628, 55313
2024-06-28 17:21:07,957 - root - INFO - count, count_true: 162628, 56764
2024-06-28 17:21:08,569 - root - INFO - count, count_true: 162628, 83281
2024-06-28 17:30:38,349 - root - INFO - count, count_true: 155336, 3567
2024-06-28 17:30:50,307 - root - INFO - count, count_true: 158130, 8502
2024-06-28 17:30:57,348 - root - INFO - count, count_true: 160230, 9810
2024-06-28 17:31:02,890 - root - INFO - count, count_true: 144385, 2224
2024-06-28 17:31:05,854 - root - INFO - count, count_true: 146621, 2298
2024-06-28 17:31:17,763 - root - INFO - count, count_true: 142022, 2232
2024-06-28 17:31:40,491 - root - INFO - count, count_true: 150571, 2952
2024-06-28 17:31:52,218 - root - INFO - count, count_true: 152918, 3509
2024-06-28 17:38:29,948 - root - INFO - count, count_true: 160230, 9891
2024-06-28 17:38:50,620 - root - INFO - count, count_true: 162628, 10006
2024-06-28 17:39:07,869 - root - INFO - count, count_true: 158130, 9695
2024-06-28 17:39:15,967 - root - INFO - count, count_true: 146621, 2919
2024-06-28 17:39:16,933 - root - INFO - count, count_true: 155336, 5595
2024-06-28 17:39:18,230 - root - INFO - count, count_true: 162628, 37074
2024-06-28 17:39:48,418 - root - INFO - count, count_true: 150571, 3418
2024-06-28 17:41:06,266 - root - INFO - count, count_true: 162628, 43510
2024-06-28 17:47:08,054 - root - INFO - count, count_true: 162628, 16612
2024-06-28 17:47:20,338 - root - INFO - count, count_true: 150571, 3440
2024-06-28 17:47:22,216 - root - INFO - count, count_true: 162628, 75539
2024-06-28 17:47:30,879 - root - INFO - count, count_true: 162628, 37843
2024-06-28 17:49:05,694 - root - INFO - count, count_true: 162628, 52680
2024-06-28 17:54:22,586 - root - INFO - count, count_true: 162628, 39802
2024-06-28 17:57:37,956 - root - INFO - count, count_true: 162628, 57951
2024-06-28 18:03:47,363 - root - INFO - count, count_true: 162628, 41876
2024-06-28 18:07:00,271 - root - INFO - count, count_true: 162628, 70638
2024-06-28 18:11:51,163 - root - INFO - count, count_true: 162628, 43510
2024-06-28 18:16:41,460 - root - INFO - count, count_true: 162628, 75539
