2024-06-28 21:36:12,929 - root - INFO - City: Shanghai
2024-06-28 21:36:12,929 - root - INFO - Parking fee: 20
2024-06-28 21:39:28,199 - root - INFO - Year: 2019, Month: 6
2024-06-28 21:41:55,173 - root - INFO - remove_subway_list: ['地铁1号线', '地铁2号线', '地铁3号线', '地铁4号线', '地铁5号线', '地铁6号线', '地铁7号线', '地铁8号线', '地铁9号线', '地铁10号线', '地铁11号线', '地铁12号线', '地铁13号线', '地铁16号线', '地铁17号线', '轨道交通浦江线']
2024-06-28 21:44:22,575 - root - INFO - count, count_true: 329452, 37021
2024-06-28 21:44:24,334 - root - INFO - count, count_true: 335295, 53914
2024-06-28 21:44:29,540 - root - INFO - count, count_true: 342491, 59344
2024-06-28 21:44:31,438 - root - INFO - count, count_true: 350544, 62582
2024-06-28 21:44:34,906 - root - INFO - count, count_true: 358799, 100348
2024-06-28 21:48:15,449 - root - INFO - count, count_true: 329452, 37474
2024-06-28 21:48:17,123 - root - INFO - count, count_true: 335295, 58376
2024-06-28 21:48:39,738 - root - INFO - count, count_true: 350544, 70847
2024-06-28 21:48:40,062 - root - INFO - count, count_true: 366700, 113752
2024-06-28 21:48:42,012 - root - INFO - count, count_true: 371376, 119959
2024-06-28 21:51:58,301 - root - INFO - count, count_true: 329452, 42757
2024-06-28 21:52:23,779 - root - INFO - count, count_true: 379040, 122328
2024-06-28 21:52:41,583 - root - INFO - count, count_true: 350544, 72395
2024-06-28 21:53:04,478 - root - INFO - count, count_true: 386944, 153243
2024-06-28 21:53:08,589 - root - INFO - count, count_true: 394837, 170018
2024-06-28 21:55:59,826 - root - INFO - count, count_true: 329452, 53155
2024-06-28 21:57:01,746 - root - INFO - count, count_true: 401931, 173259
2024-06-28 21:57:06,415 - root - INFO - count, count_true: 401931, 195833
2024-06-28 21:57:37,705 - root - INFO - count, count_true: 386944, 153747
2024-06-28 21:57:55,406 - root - INFO - count, count_true: 401931, 229811
2024-06-28 22:00:43,326 - root - INFO - count, count_true: 401931, 229811
2024-06-28 22:02:03,096 - root - INFO - count, count_true: 401931, 215755
2024-06-28 22:07:34,005 - root - INFO - count, count_true: 329452, 50670
2024-06-28 22:07:35,597 - root - INFO - count, count_true: 335295, 59704
2024-06-28 22:07:36,462 - root - INFO - count, count_true: 350544, 69772
2024-06-28 22:07:37,639 - root - INFO - count, count_true: 342491, 65328
2024-06-28 22:07:38,708 - root - INFO - count, count_true: 358799, 106483
2024-06-28 22:11:48,774 - root - INFO - count, count_true: 335295, 63994
2024-06-28 22:11:52,011 - root - INFO - count, count_true: 329452, 51144
2024-06-28 22:11:58,818 - root - INFO - count, count_true: 350544, 78910
2024-06-28 22:12:09,892 - root - INFO - count, count_true: 371376, 125476
2024-06-28 22:12:09,974 - root - INFO - count, count_true: 366700, 119435
2024-06-28 22:15:47,581 - root - INFO - count, count_true: 329452, 54689
2024-06-28 22:16:03,238 - root - INFO - count, count_true: 379040, 128098
2024-06-28 22:16:06,056 - root - INFO - count, count_true: 350544, 80464
2024-06-28 22:16:37,440 - root - INFO - count, count_true: 394837, 180429
2024-06-28 22:16:40,518 - root - INFO - count, count_true: 386944, 157162
2024-06-28 22:20:05,985 - root - INFO - count, count_true: 329452, 58694
2024-06-28 22:20:54,861 - root - INFO - count, count_true: 401931, 183936
2024-06-28 22:20:56,395 - root - INFO - count, count_true: 401931, 206575
2024-06-28 22:21:34,081 - root - INFO - count, count_true: 386944, 157668
2024-06-28 22:21:40,779 - root - INFO - count, count_true: 401931, 241206
2024-06-28 22:25:16,486 - root - INFO - count, count_true: 401931, 241206
2024-06-28 22:26:22,173 - root - INFO - count, count_true: 401931, 225987
2024-06-28 22:32:01,685 - root - INFO - count, count_true: 329452, 45425
2024-06-28 22:32:04,797 - root - INFO - count, count_true: 335295, 64100
2024-06-28 22:32:08,566 - root - INFO - count, count_true: 350544, 73545
2024-06-28 22:32:09,086 - root - INFO - count, count_true: 342491, 69694
2024-06-28 22:32:19,000 - root - INFO - count, count_true: 358799, 114136
2024-06-28 22:36:25,278 - root - INFO - count, count_true: 329452, 45886
2024-06-28 22:36:32,729 - root - INFO - count, count_true: 335295, 68406
2024-06-28 22:36:39,698 - root - INFO - count, count_true: 350544, 82829
2024-06-28 22:36:53,972 - root - INFO - count, count_true: 366700, 129114
2024-06-28 22:37:01,884 - root - INFO - count, count_true: 371376, 135815
2024-06-28 22:40:52,656 - root - INFO - count, count_true: 329452, 50931
2024-06-28 22:41:08,628 - root - INFO - count, count_true: 379040, 138662
2024-06-28 22:41:17,201 - root - INFO - count, count_true: 350544, 84359
2024-06-28 22:41:38,919 - root - INFO - count, count_true: 394837, 193365
2024-06-28 22:41:39,246 - root - INFO - count, count_true: 386944, 170194
2024-06-28 22:45:22,659 - root - INFO - count, count_true: 329452, 62993
2024-06-28 22:46:12,361 - root - INFO - count, count_true: 401931, 197147
2024-06-28 22:46:13,268 - root - INFO - count, count_true: 401931, 218694
2024-06-28 22:46:33,615 - root - INFO - count, count_true: 386944, 170700
2024-06-28 22:46:47,940 - root - INFO - count, count_true: 401931, 253672
2024-06-28 22:51:01,184 - root - INFO - count, count_true: 401931, 253672
2024-06-28 22:52:10,321 - root - INFO - count, count_true: 401931, 238739
2024-06-28 22:57:52,679 - root - INFO - count, count_true: 350544, 75834
2024-06-28 22:57:54,280 - root - INFO - count, count_true: 342491, 71955
2024-06-28 22:57:54,943 - root - INFO - count, count_true: 329452, 48689
2024-06-28 22:57:56,338 - root - INFO - count, count_true: 335295, 66463
2024-06-28 22:57:59,768 - root - INFO - count, count_true: 358799, 117287
2024-06-28 23:02:17,318 - root - INFO - count, count_true: 329452, 49132
2024-06-28 23:02:23,240 - root - INFO - count, count_true: 350544, 85542
2024-06-28 23:02:23,531 - root - INFO - count, count_true: 335295, 70617
2024-06-28 23:02:41,854 - root - INFO - count, count_true: 366700, 132581
2024-06-28 23:02:43,652 - root - INFO - count, count_true: 371376, 139310
2024-06-28 23:06:43,759 - root - INFO - count, count_true: 329452, 54267
2024-06-28 23:06:58,113 - root - INFO - count, count_true: 350544, 87080
2024-06-28 23:07:08,814 - root - INFO - count, count_true: 379040, 142223
2024-06-28 23:07:38,272 - root - INFO - count, count_true: 386944, 174001
2024-06-28 23:07:46,082 - root - INFO - count, count_true: 394837, 197017
2024-06-28 23:11:08,327 - root - INFO - count, count_true: 329452, 65343
2024-06-28 23:11:53,559 - root - INFO - count, count_true: 401931, 200864
2024-06-28 23:12:09,464 - root - INFO - count, count_true: 401931, 222940
2024-06-28 23:12:25,182 - root - INFO - count, count_true: 386944, 174507
2024-06-28 23:12:41,738 - root - INFO - count, count_true: 401931, 258627
2024-06-28 23:16:52,577 - root - INFO - count, count_true: 401931, 258627
2024-06-28 23:17:58,150 - root - INFO - count, count_true: 401931, 243457
2024-06-28 23:23:33,973 - root - INFO - count, count_true: 329452, 47153
2024-06-28 23:23:40,088 - root - INFO - count, count_true: 350544, 75176
2024-06-28 23:23:41,240 - root - INFO - count, count_true: 358799, 115350
2024-06-28 23:23:41,811 - root - INFO - count, count_true: 335295, 65685
2024-06-28 23:23:44,705 - root - INFO - count, count_true: 342491, 71280
2024-06-28 23:27:53,194 - root - INFO - count, count_true: 329452, 47622
2024-06-28 23:28:07,797 - root - INFO - count, count_true: 335295, 69976
2024-06-28 23:28:14,728 - root - INFO - count, count_true: 350544, 83861
2024-06-28 23:28:19,069 - root - INFO - count, count_true: 366700, 130358
2024-06-28 23:28:26,592 - root - INFO - count, count_true: 371376, 137089
2024-06-28 23:32:10,989 - root - INFO - count, count_true: 329452, 53015
2024-06-28 23:32:42,390 - root - INFO - count, count_true: 350544, 85424
2024-06-28 23:32:42,558 - root - INFO - count, count_true: 379040, 139928
2024-06-28 23:33:02,425 - root - INFO - count, count_true: 386944, 171747
2024-06-28 23:33:16,908 - root - INFO - count, count_true: 394837, 181027
2024-06-28 23:36:30,070 - root - INFO - count, count_true: 329452, 64588
2024-06-28 23:37:34,843 - root - INFO - count, count_true: 401931, 184508
2024-06-28 23:37:44,652 - root - INFO - count, count_true: 401931, 206193
2024-06-28 23:37:53,336 - root - INFO - count, count_true: 386944, 172237
2024-06-28 23:38:21,704 - root - INFO - count, count_true: 401931, 240333
2024-06-28 23:41:50,645 - root - INFO - count, count_true: 401931, 240333
2024-06-28 23:43:23,709 - root - INFO - count, count_true: 401931, 225622
2024-06-28 23:49:05,795 - root - INFO - count, count_true: 342491, 70840
2024-06-28 23:49:07,680 - root - INFO - count, count_true: 350544, 74708
2024-06-28 23:49:08,315 - root - INFO - count, count_true: 329452, 47337
2024-06-28 23:49:14,687 - root - INFO - count, count_true: 358799, 113736
2024-06-28 23:49:15,504 - root - INFO - count, count_true: 335295, 65440
2024-06-28 23:53:28,005 - root - INFO - count, count_true: 329452, 47792
2024-06-28 23:53:35,702 - root - INFO - count, count_true: 366700, 128755
2024-06-28 23:53:36,330 - root - INFO - count, count_true: 335295, 69650
2024-06-28 23:53:40,406 - root - INFO - count, count_true: 350544, 83643
2024-06-28 23:53:58,316 - root - INFO - count, count_true: 371376, 135284
2024-06-28 23:57:50,345 - root - INFO - count, count_true: 329452, 53164
2024-06-28 23:58:15,328 - root - INFO - count, count_true: 350544, 85206
2024-06-28 23:58:21,602 - root - INFO - count, count_true: 386944, 169574
2024-06-28 23:58:22,870 - root - INFO - count, count_true: 379040, 138046
2024-06-28 23:59:02,152 - root - INFO - count, count_true: 394837, 192483
2024-06-29 00:02:15,591 - root - INFO - count, count_true: 329452, 64516
2024-06-29 00:03:00,511 - root - INFO - count, count_true: 401931, 196148
2024-06-29 00:03:12,473 - root - INFO - count, count_true: 386944, 170080
2024-06-29 00:03:14,585 - root - INFO - count, count_true: 401931, 216564
2024-06-29 00:04:09,727 - root - INFO - count, count_true: 401931, 251312
2024-06-29 00:07:44,295 - root - INFO - count, count_true: 401931, 251312
2024-06-29 00:08:45,674 - root - INFO - count, count_true: 401931, 236659
2024-06-29 00:14:17,359 - root - INFO - count, count_true: 329452, 48630
2024-06-29 00:14:25,699 - root - INFO - count, count_true: 335295, 66731
2024-06-29 00:14:33,924 - root - INFO - count, count_true: 342491, 68887
2024-06-29 00:14:34,901 - root - INFO - count, count_true: 350544, 72782
2024-06-29 00:14:37,791 - root - INFO - count, count_true: 358799, 112402
2024-06-29 00:18:28,770 - root - INFO - count, count_true: 329452, 49084
2024-06-29 00:18:45,637 - root - INFO - count, count_true: 335295, 67572
2024-06-29 00:19:05,992 - root - INFO - count, count_true: 350544, 81839
2024-06-29 00:19:08,433 - root - INFO - count, count_true: 366700, 127383
2024-06-29 00:19:28,466 - root - INFO - count, count_true: 371376, 134001
2024-06-29 00:22:38,805 - root - INFO - count, count_true: 329452, 54383
2024-06-29 00:23:16,148 - root - INFO - count, count_true: 379040, 136814
2024-06-29 00:23:38,266 - root - INFO - count, count_true: 350544, 83397
2024-06-29 00:23:58,199 - root - INFO - count, count_true: 386944, 168088
2024-06-29 00:24:35,115 - root - INFO - count, count_true: 394837, 191305
2024-06-29 00:26:44,184 - root - INFO - count, count_true: 329452, 65620
2024-06-29 00:28:05,630 - root - INFO - count, count_true: 401931, 195045
2024-06-29 00:28:20,417 - root - INFO - count, count_true: 401931, 216261
2024-06-29 00:28:54,055 - root - INFO - count, count_true: 386944, 168594
2024-06-29 00:29:50,503 - root - INFO - count, count_true: 401931, 251667
2024-06-29 00:32:11,699 - root - INFO - count, count_true: 401931, 251667
2024-06-29 00:34:08,100 - root - INFO - count, count_true: 401931, 236867
2024-06-29 00:39:44,236 - root - INFO - count, count_true: 329452, 45984
2024-06-29 00:39:47,431 - root - INFO - count, count_true: 335295, 64584
2024-06-29 00:39:58,014 - root - INFO - count, count_true: 350544, 74156
2024-06-29 00:39:59,073 - root - INFO - count, count_true: 358799, 114438
2024-06-29 00:40:00,253 - root - INFO - count, count_true: 342491, 70214
2024-06-29 00:43:58,183 - root - INFO - count, count_true: 329452, 46506
2024-06-29 00:44:03,891 - root - INFO - count, count_true: 335295, 68899
2024-06-29 00:44:31,085 - root - INFO - count, count_true: 350544, 82942
2024-06-29 00:44:34,706 - root - INFO - count, count_true: 366700, 129758
2024-06-29 00:44:40,556 - root - INFO - count, count_true: 371376, 136257
2024-06-29 00:48:13,824 - root - INFO - count, count_true: 329452, 51816
2024-06-29 00:48:30,599 - root - INFO - count, count_true: 379040, 139114
2024-06-29 00:48:53,691 - root - INFO - count, count_true: 350544, 84494
2024-06-29 00:49:13,800 - root - INFO - count, count_true: 386944, 170674
2024-06-29 00:49:32,429 - root - INFO - count, count_true: 394837, 193961
2024-06-29 00:52:39,713 - root - INFO - count, count_true: 329452, 63473
2024-06-29 00:53:29,922 - root - INFO - count, count_true: 401931, 197706
2024-06-29 00:53:33,297 - root - INFO - count, count_true: 401931, 219418
2024-06-29 00:54:03,014 - root - INFO - count, count_true: 386944, 171183
2024-06-29 00:54:51,779 - root - INFO - count, count_true: 401931, 254180
2024-06-29 00:58:16,171 - root - INFO - count, count_true: 401931, 254180
2024-06-29 00:59:14,556 - root - INFO - count, count_true: 401931, 239444
2024-06-29 01:04:40,026 - root - INFO - count, count_true: 329452, 39487
2024-06-29 01:04:49,397 - root - INFO - count, count_true: 342491, 62283
2024-06-29 01:04:49,398 - root - INFO - count, count_true: 335295, 57060
2024-06-29 01:04:52,923 - root - INFO - count, count_true: 358799, 100089
2024-06-29 01:04:55,635 - root - INFO - count, count_true: 350544, 63905
2024-06-29 01:08:45,844 - root - INFO - count, count_true: 329452, 39603
2024-06-29 01:09:08,256 - root - INFO - count, count_true: 335295, 61171
2024-06-29 01:09:20,082 - root - INFO - count, count_true: 366700, 114328
2024-06-29 01:09:21,482 - root - INFO - count, count_true: 350544, 70460
2024-06-29 01:09:23,726 - root - INFO - count, count_true: 371376, 120739
2024-06-29 01:13:04,777 - root - INFO - count, count_true: 329452, 44957
2024-06-29 01:13:36,752 - root - INFO - count, count_true: 379040, 123203
2024-06-29 01:13:41,498 - root - INFO - count, count_true: 350544, 72003
2024-06-29 01:13:55,290 - root - INFO - count, count_true: 386944, 147816
2024-06-29 01:14:03,508 - root - INFO - count, count_true: 394837, 170327
2024-06-29 01:17:25,904 - root - INFO - count, count_true: 329452, 56085
2024-06-29 01:18:24,009 - root - INFO - count, count_true: 401931, 173583
2024-06-29 01:18:29,638 - root - INFO - count, count_true: 401931, 193504
2024-06-29 01:18:49,261 - root - INFO - count, count_true: 386944, 148322
2024-06-29 01:18:50,651 - root - INFO - count, count_true: 401931, 226498
2024-06-29 01:22:42,969 - root - INFO - count, count_true: 401931, 226498
2024-06-29 01:24:14,507 - root - INFO - count, count_true: 401931, 212254
2024-06-29 01:29:45,776 - root - INFO - count, count_true: 335295, 68096
2024-06-29 01:29:48,742 - root - INFO - count, count_true: 329452, 52127
2024-06-29 01:29:55,937 - root - INFO - count, count_true: 342491, 73802
2024-06-29 01:29:57,693 - root - INFO - count, count_true: 358799, 116767
2024-06-29 01:29:57,821 - root - INFO - count, count_true: 350544, 77793
2024-06-29 01:33:52,936 - root - INFO - count, count_true: 329452, 52601
2024-06-29 01:33:54,927 - root - INFO - count, count_true: 335295, 72376
2024-06-29 01:34:16,864 - root - INFO - count, count_true: 350544, 85670
2024-06-29 01:34:21,116 - root - INFO - count, count_true: 366700, 131970
2024-06-29 01:34:27,631 - root - INFO - count, count_true: 371376, 138719
2024-06-29 01:38:06,297 - root - INFO - count, count_true: 329452, 58066
2024-06-29 01:38:24,682 - root - INFO - count, count_true: 379040, 141601
2024-06-29 01:38:38,532 - root - INFO - count, count_true: 350544, 87220
2024-06-29 01:38:59,896 - root - INFO - count, count_true: 386944, 171020
2024-06-29 01:39:09,276 - root - INFO - count, count_true: 394837, 193914
2024-06-29 01:42:19,319 - root - INFO - count, count_true: 329452, 66927
2024-06-29 01:43:11,522 - root - INFO - count, count_true: 401931, 197671
2024-06-29 01:43:19,274 - root - INFO - count, count_true: 401931, 217605
2024-06-29 01:43:41,933 - root - INFO - count, count_true: 386944, 171527
2024-06-29 01:44:11,175 - root - INFO - count, count_true: 401931, 252895
2024-06-29 01:47:37,270 - root - INFO - count, count_true: 401931, 252895
2024-06-29 01:48:56,996 - root - INFO - count, count_true: 401931, 237956
2024-06-29 01:54:15,615 - root - INFO - count, count_true: 335295, 62742
2024-06-29 01:54:19,431 - root - INFO - count, count_true: 329452, 47169
2024-06-29 01:54:22,528 - root - INFO - count, count_true: 342491, 68564
2024-06-29 01:54:31,631 - root - INFO - count, count_true: 350544, 72483
2024-06-29 01:54:32,245 - root - INFO - count, count_true: 358799, 98991
2024-06-29 01:58:27,527 - root - INFO - count, count_true: 335295, 67233
2024-06-29 01:58:28,270 - root - INFO - count, count_true: 329452, 47643
2024-06-29 01:58:53,097 - root - INFO - count, count_true: 366700, 110276
2024-06-29 01:58:55,076 - root - INFO - count, count_true: 350544, 74401
2024-06-29 01:59:09,235 - root - INFO - count, count_true: 371376, 113766
2024-06-29 02:02:43,096 - root - INFO - count, count_true: 329452, 50190
2024-06-29 02:03:07,775 - root - INFO - count, count_true: 379040, 116019
2024-06-29 02:03:24,055 - root - INFO - count, count_true: 350544, 74449
2024-06-29 02:03:39,625 - root - INFO - count, count_true: 386944, 146215
2024-06-29 02:03:49,001 - root - INFO - count, count_true: 394837, 169643
2024-06-29 02:07:11,552 - root - INFO - count, count_true: 329452, 61552
2024-06-29 02:07:51,089 - root - INFO - count, count_true: 401931, 172867
2024-06-29 02:08:08,578 - root - INFO - count, count_true: 401931, 192770
2024-06-29 02:08:27,062 - root - INFO - count, count_true: 386944, 146719
2024-06-29 02:08:50,829 - root - INFO - count, count_true: 401931, 225612
2024-06-29 02:12:28,079 - root - INFO - count, count_true: 401931, 225612
2024-06-29 02:13:39,974 - root - INFO - count, count_true: 401931, 210495
2024-06-29 02:19:08,030 - root - INFO - count, count_true: 329452, 52127
2024-06-29 02:19:08,576 - root - INFO - count, count_true: 335295, 71068
2024-06-29 02:19:09,299 - root - INFO - count, count_true: 350544, 80810
2024-06-29 02:19:13,617 - root - INFO - count, count_true: 358799, 114730
2024-06-29 02:19:14,877 - root - INFO - count, count_true: 342491, 76782
2024-06-29 02:23:26,512 - root - INFO - count, count_true: 329452, 52601
2024-06-29 02:23:32,269 - root - INFO - count, count_true: 335295, 75366
2024-06-29 02:23:36,890 - root - INFO - count, count_true: 350544, 89841
2024-06-29 02:23:53,364 - root - INFO - count, count_true: 366700, 129575
2024-06-29 02:23:55,003 - root - INFO - count, count_true: 371376, 136280
2024-06-29 02:27:50,289 - root - INFO - count, count_true: 329452, 58066
2024-06-29 02:28:11,065 - root - INFO - count, count_true: 379040, 139147
2024-06-29 02:28:12,849 - root - INFO - count, count_true: 350544, 91408
2024-06-29 02:28:46,242 - root - INFO - count, count_true: 386944, 170810
2024-06-29 02:28:50,981 - root - INFO - count, count_true: 394837, 193885
2024-06-29 02:32:10,457 - root - INFO - count, count_true: 329452, 69884
2024-06-29 02:33:05,939 - root - INFO - count, count_true: 401931, 219026
2024-06-29 02:33:06,523 - root - INFO - count, count_true: 401931, 197685
2024-06-29 02:33:41,736 - root - INFO - count, count_true: 386944, 171316
2024-06-29 02:34:01,400 - root - INFO - count, count_true: 401931, 254591
2024-06-29 02:37:34,567 - root - INFO - count, count_true: 401931, 254591
2024-06-29 02:38:53,156 - root - INFO - count, count_true: 401931, 239144
2024-06-29 02:44:27,238 - root - INFO - count, count_true: 329452, 52127
2024-06-29 02:44:33,816 - root - INFO - count, count_true: 335295, 70839
2024-06-29 02:44:34,149 - root - INFO - count, count_true: 342491, 76551
2024-06-29 02:44:41,957 - root - INFO - count, count_true: 350544, 80571
2024-06-29 02:44:46,951 - root - INFO - count, count_true: 358799, 121076
2024-06-29 02:48:33,801 - root - INFO - count, count_true: 329452, 52463
2024-06-29 02:48:51,253 - root - INFO - count, count_true: 335295, 75137
2024-06-29 02:49:00,433 - root - INFO - count, count_true: 350544, 89601
2024-06-29 02:49:02,773 - root - INFO - count, count_true: 366700, 131524
2024-06-29 02:49:20,281 - root - INFO - count, count_true: 371376, 138269
2024-06-29 02:52:57,279 - root - INFO - count, count_true: 329452, 57923
2024-06-29 02:53:19,114 - root - INFO - count, count_true: 379040, 141202
2024-06-29 02:53:28,501 - root - INFO - count, count_true: 350544, 91168
2024-06-29 02:53:45,418 - root - INFO - count, count_true: 386944, 173032
2024-06-29 02:54:16,334 - root - INFO - count, count_true: 394837, 194069
2024-06-29 02:57:09,706 - root - INFO - count, count_true: 329452, 69659
2024-06-29 02:58:06,539 - root - INFO - count, count_true: 401931, 197864
2024-06-29 02:58:10,829 - root - INFO - count, count_true: 401931, 219034
2024-06-29 02:58:27,096 - root - INFO - count, count_true: 386944, 173538
2024-06-29 02:59:16,384 - root - INFO - count, count_true: 401931, 255434
2024-06-29 03:02:51,692 - root - INFO - count, count_true: 401931, 255434
2024-06-29 03:03:40,872 - root - INFO - count, count_true: 401931, 239231
2024-06-29 03:09:18,955 - root - INFO - count, count_true: 342491, 76782
2024-06-29 03:09:19,330 - root - INFO - count, count_true: 329452, 52127
2024-06-29 03:09:19,492 - root - INFO - count, count_true: 335295, 71068
2024-06-29 03:09:23,249 - root - INFO - count, count_true: 350544, 80810
2024-06-29 03:09:24,705 - root - INFO - count, count_true: 358799, 105182
2024-06-29 03:13:17,574 - root - INFO - count, count_true: 329452, 52601
2024-06-29 03:13:43,773 - root - INFO - count, count_true: 335295, 75366
2024-06-29 03:13:51,337 - root - INFO - count, count_true: 350544, 89841
2024-06-29 03:13:55,892 - root - INFO - count, count_true: 366700, 119377
2024-06-29 03:14:13,712 - root - INFO - count, count_true: 371376, 125070
2024-06-29 03:17:31,561 - root - INFO - count, count_true: 329452, 58066
2024-06-29 03:18:13,995 - root - INFO - count, count_true: 350544, 91408
2024-06-29 03:18:23,575 - root - INFO - count, count_true: 379040, 127467
2024-06-29 03:18:44,356 - root - INFO - count, count_true: 386944, 158731
2024-06-29 03:19:13,539 - root - INFO - count, count_true: 394837, 180788
2024-06-29 03:21:47,763 - root - INFO - count, count_true: 329452, 69884
2024-06-29 03:22:50,625 - root - INFO - count, count_true: 401931, 184083
2024-06-29 03:23:13,482 - root - INFO - count, count_true: 401931, 204918
2024-06-29 03:23:38,729 - root - INFO - count, count_true: 386944, 159190
2024-06-29 03:24:25,138 - root - INFO - count, count_true: 401931, 239287
2024-06-29 03:26:46,601 - root - INFO - count, count_true: 401931, 239287
2024-06-29 03:28:31,927 - root - INFO - count, count_true: 401931, 224645
2024-06-29 03:34:03,061 - root - INFO - count, count_true: 329452, 52127
2024-06-29 03:34:08,673 - root - INFO - count, count_true: 335295, 71068
2024-06-29 03:34:14,150 - root - INFO - count, count_true: 342491, 76782
2024-06-29 03:34:14,152 - root - INFO - count, count_true: 350544, 80810
2024-06-29 03:34:16,642 - root - INFO - count, count_true: 358799, 121313
2024-06-29 03:38:09,374 - root - INFO - count, count_true: 329452, 52601
2024-06-29 03:38:31,372 - root - INFO - count, count_true: 350544, 89841
2024-06-29 03:38:31,938 - root - INFO - count, count_true: 335295, 75366
2024-06-29 03:38:46,759 - root - INFO - count, count_true: 366700, 136790
2024-06-29 03:38:56,722 - root - INFO - count, count_true: 371376, 143639
2024-06-29 03:42:20,030 - root - INFO - count, count_true: 329452, 58066
2024-06-29 03:42:53,992 - root - INFO - count, count_true: 350544, 91408
2024-06-29 03:43:00,400 - root - INFO - count, count_true: 379040, 146620
2024-06-29 03:43:39,381 - root - INFO - count, count_true: 386944, 162089
2024-06-29 03:43:52,051 - root - INFO - count, count_true: 394837, 184889
2024-06-29 03:46:29,529 - root - INFO - count, count_true: 329452, 69884
2024-06-29 03:47:38,667 - root - INFO - count, count_true: 401931, 188360
2024-06-29 03:48:04,238 - root - INFO - count, count_true: 401931, 209354
2024-06-29 03:48:27,268 - root - INFO - count, count_true: 386944, 162595
2024-06-29 03:48:46,063 - root - INFO - count, count_true: 401931, 243830
2024-06-29 03:51:59,427 - root - INFO - count, count_true: 401931, 243830
2024-06-29 03:53:29,623 - root - INFO - count, count_true: 401931, 229018
2024-06-29 03:58:55,631 - root - INFO - count, count_true: 329452, 52127
2024-06-29 03:59:01,083 - root - INFO - count, count_true: 335295, 71068
2024-06-29 03:59:03,757 - root - INFO - count, count_true: 350544, 80810
2024-06-29 03:59:07,830 - root - INFO - count, count_true: 358799, 121313
2024-06-29 03:59:08,488 - root - INFO - count, count_true: 342491, 76782
2024-06-29 04:03:03,688 - root - INFO - count, count_true: 329452, 52601
2024-06-29 04:03:18,753 - root - INFO - count, count_true: 335295, 75366
2024-06-29 04:03:22,517 - root - INFO - count, count_true: 350544, 89841
2024-06-29 04:03:34,937 - root - INFO - count, count_true: 366700, 136790
2024-06-29 04:03:41,787 - root - INFO - count, count_true: 371376, 143639
2024-06-29 04:07:07,163 - root - INFO - count, count_true: 329452, 58066
2024-06-29 04:07:42,717 - root - INFO - count, count_true: 379040, 146620
2024-06-29 04:07:44,125 - root - INFO - count, count_true: 350544, 91408
2024-06-29 04:08:18,113 - root - INFO - count, count_true: 386944, 178568
2024-06-29 04:08:36,558 - root - INFO - count, count_true: 394837, 201392
2024-06-29 04:11:31,593 - root - INFO - count, count_true: 329452, 69884
2024-06-29 04:12:21,358 - root - INFO - count, count_true: 401931, 205273
2024-06-29 04:12:30,469 - root - INFO - count, count_true: 401931, 226331
2024-06-29 04:13:20,996 - root - INFO - count, count_true: 386944, 178653
2024-06-29 04:13:37,009 - root - INFO - count, count_true: 401931, 261474
2024-06-29 04:16:58,091 - root - INFO - count, count_true: 401931, 261474
2024-06-29 04:18:09,253 - root - INFO - count, count_true: 401931, 246512
