2024-07-02 19:43:43,641 - root - INFO - City: Guangzhou
2024-07-02 19:43:43,641 - root - INFO - Parking fee: 20
2024-07-02 19:45:15,540 - root - INFO - Year: 2019, Month: 6
2024-07-02 19:46:32,147 - root - INFO - remove_subway_list: ['地铁1号线', '地铁2号线', '地铁3号线', '地铁4号线', '地铁5号线', '地铁6号线', '地铁7号线', '地铁8号线', '地铁9号线', '地铁13号线', '地铁14号线', '地铁21号线', '广佛线', 'APM线']
2024-07-02 19:47:49,803 - root - INFO - count, count_true: 167245, 9012
2024-07-02 19:47:55,223 - root - INFO - count, count_true: 177724, 32139
2024-07-02 19:47:58,254 - root - INFO - count, count_true: 180780, 32564
2024-07-02 19:47:58,567 - root - INFO - count, count_true: 169893, 29524
2024-07-02 19:47:58,625 - root - INFO - count, count_true: 175448, 29985
2024-07-02 19:48:01,156 - root - INFO - count, count_true: 182663, 33190
2024-07-02 19:48:01,617 - root - INFO - count, count_true: 172780, 29623
2024-07-02 19:48:02,433 - root - INFO - count, count_true: 185165, 41694
2024-07-02 19:50:28,438 - root - INFO - count, count_true: 167245, 18037
2024-07-02 19:50:37,253 - root - INFO - count, count_true: 187673, 65919
2024-07-02 19:50:42,305 - root - INFO - count, count_true: 192409, 114995
2024-07-02 19:50:43,792 - root - INFO - count, count_true: 190206, 98254
2024-07-02 19:50:44,886 - root - INFO - count, count_true: 192409, 129482
2024-07-02 19:50:45,662 - root - INFO - count, count_true: 192409, 120743
2024-07-02 19:50:46,979 - root - INFO - count, count_true: 192409, 128687
2024-07-02 19:52:45,647 - root - INFO - count, count_true: 167245, 28367
2024-07-02 19:53:07,537 - root - INFO - count, count_true: 190206, 99061
2024-07-02 19:53:08,728 - root - INFO - count, count_true: 192409, 120743
2024-07-02 19:53:13,047 - root - INFO - count, count_true: 192409, 128687
2024-07-02 19:53:16,645 - root - INFO - count, count_true: 192409, 129382
2024-07-02 19:55:12,154 - root - INFO - count, count_true: 167245, 29219
2024-07-02 19:56:00,943 - root - INFO - count, count_true: 192409, 129482
2024-07-02 19:58:57,407 - root - INFO - count, count_true: 172780, 27024
2024-07-02 19:58:57,531 - root - INFO - count, count_true: 167245, 9690
2024-07-02 19:58:58,887 - root - INFO - count, count_true: 177724, 29354
2024-07-02 19:58:58,887 - root - INFO - count, count_true: 169893, 26949
2024-07-02 19:59:00,303 - root - INFO - count, count_true: 175448, 27356
2024-07-02 19:59:02,465 - root - INFO - count, count_true: 182663, 30343
2024-07-02 19:59:02,487 - root - INFO - count, count_true: 180780, 29749
2024-07-02 19:59:03,256 - root - INFO - count, count_true: 185165, 38640
2024-07-02 20:01:14,876 - root - INFO - count, count_true: 167245, 16438
2024-07-02 20:01:21,354 - root - INFO - count, count_true: 190206, 90192
2024-07-02 20:01:22,656 - root - INFO - count, count_true: 192409, 107035
2024-07-02 20:01:22,887 - root - INFO - count, count_true: 187673, 62042
2024-07-02 20:01:24,930 - root - INFO - count, count_true: 192409, 112584
2024-07-02 20:01:27,052 - root - INFO - count, count_true: 192409, 120417
2024-07-02 20:01:27,657 - root - INFO - count, count_true: 192409, 121144
2024-07-02 20:03:29,366 - root - INFO - count, count_true: 167245, 25986
2024-07-02 20:03:50,026 - root - INFO - count, count_true: 190206, 90817
2024-07-02 20:03:51,211 - root - INFO - count, count_true: 192409, 112584
2024-07-02 20:03:55,003 - root - INFO - count, count_true: 192409, 120417
2024-07-02 20:03:59,061 - root - INFO - count, count_true: 192409, 121041
2024-07-02 20:05:55,822 - root - INFO - count, count_true: 167245, 26660
2024-07-02 20:06:29,539 - root - INFO - count, count_true: 192409, 121144
2024-07-02 20:09:23,097 - root - INFO - count, count_true: 169893, 15921
2024-07-02 20:09:24,728 - root - INFO - count, count_true: 167245, 4555
2024-07-02 20:09:25,018 - root - INFO - count, count_true: 175448, 16093
2024-07-02 20:09:26,370 - root - INFO - count, count_true: 172780, 15925
2024-07-02 20:09:28,592 - root - INFO - count, count_true: 182663, 17918
2024-07-02 20:09:28,892 - root - INFO - count, count_true: 180780, 17465
2024-07-02 20:09:29,046 - root - INFO - count, count_true: 185165, 23966
2024-07-02 20:09:29,137 - root - INFO - count, count_true: 177724, 17248
2024-07-02 20:11:40,411 - root - INFO - count, count_true: 167245, 13766
2024-07-02 20:11:50,510 - root - INFO - count, count_true: 190206, 65446
2024-07-02 20:11:51,284 - root - INFO - count, count_true: 187673, 39626
2024-07-02 20:11:53,763 - root - INFO - count, count_true: 192409, 81754
2024-07-02 20:11:54,526 - root - INFO - count, count_true: 192409, 87007
2024-07-02 20:11:55,973 - root - INFO - count, count_true: 192409, 94429
2024-07-02 20:11:56,326 - root - INFO - count, count_true: 192409, 96069
2024-07-02 20:13:58,717 - root - INFO - count, count_true: 167245, 15066
2024-07-02 20:14:16,319 - root - INFO - count, count_true: 190206, 66137
2024-07-02 20:14:18,284 - root - INFO - count, count_true: 192409, 94429
2024-07-02 20:14:18,725 - root - INFO - count, count_true: 192409, 87007
2024-07-02 20:14:20,873 - root - INFO - count, count_true: 192409, 95969
2024-07-02 20:16:05,528 - root - INFO - count, count_true: 167245, 15744
2024-07-02 20:16:51,629 - root - INFO - count, count_true: 192409, 96069
2024-07-02 20:19:42,781 - root - INFO - count, count_true: 167245, 7202
2024-07-02 20:19:43,144 - root - INFO - count, count_true: 169893, 22837
2024-07-02 20:19:43,779 - root - INFO - count, count_true: 172780, 22962
2024-07-02 20:19:45,831 - root - INFO - count, count_true: 175448, 23223
2024-07-02 20:19:46,449 - root - INFO - count, count_true: 177724, 25021
2024-07-02 20:19:46,623 - root - INFO - count, count_true: 182663, 25685
2024-07-02 20:19:46,930 - root - INFO - count, count_true: 180780, 25283
2024-07-02 20:19:49,070 - root - INFO - count, count_true: 185165, 33375
2024-07-02 20:21:59,728 - root - INFO - count, count_true: 167245, 11512
2024-07-02 20:22:11,860 - root - INFO - count, count_true: 187673, 54840
2024-07-02 20:22:14,532 - root - INFO - count, count_true: 192409, 102949
2024-07-02 20:22:16,881 - root - INFO - count, count_true: 190206, 87156
2024-07-02 20:22:21,960 - root - INFO - count, count_true: 192409, 108115
2024-07-02 20:22:22,570 - root - INFO - count, count_true: 192409, 116162
2024-07-02 20:22:23,361 - root - INFO - count, count_true: 192409, 117102
2024-07-02 20:24:15,865 - root - INFO - count, count_true: 167245, 22147
2024-07-02 20:24:41,302 - root - INFO - count, count_true: 192409, 108115
2024-07-02 20:24:41,377 - root - INFO - count, count_true: 190206, 87846
2024-07-02 20:24:46,345 - root - INFO - count, count_true: 192409, 116162
2024-07-02 20:24:48,404 - root - INFO - count, count_true: 192409, 117005
2024-07-02 20:26:39,412 - root - INFO - count, count_true: 167245, 22656
2024-07-02 20:27:22,560 - root - INFO - count, count_true: 192409, 117102
2024-07-02 20:30:44,469 - root - INFO - count, count_true: 167245, 7178
2024-07-02 20:30:45,528 - root - INFO - count, count_true: 169893, 25854
2024-07-02 20:30:47,262 - root - INFO - count, count_true: 172780, 25967
2024-07-02 20:30:48,182 - root - INFO - count, count_true: 175448, 26322
2024-07-02 20:30:48,556 - root - INFO - count, count_true: 185165, 37589
2024-07-02 20:30:49,731 - root - INFO - count, count_true: 177724, 28187
2024-07-02 20:30:49,843 - root - INFO - count, count_true: 182663, 29199
2024-07-02 20:30:50,466 - root - INFO - count, count_true: 180780, 28573
2024-07-02 20:32:57,307 - root - INFO - count, count_true: 167245, 14680
2024-07-02 20:33:10,616 - root - INFO - count, count_true: 190206, 86837
2024-07-02 20:33:11,312 - root - INFO - count, count_true: 187673, 55082
2024-07-02 20:33:13,045 - root - INFO - count, count_true: 192409, 108101
2024-07-02 20:33:16,512 - root - INFO - count, count_true: 192409, 116145
2024-07-02 20:33:16,952 - root - INFO - count, count_true: 192409, 102966
2024-07-02 20:33:17,477 - root - INFO - count, count_true: 192409, 116985
2024-07-02 20:35:21,370 - root - INFO - count, count_true: 167245, 24738
2024-07-02 20:35:40,154 - root - INFO - count, count_true: 192409, 116145
2024-07-02 20:35:46,704 - root - INFO - count, count_true: 192409, 116879
2024-07-02 20:35:47,077 - root - INFO - count, count_true: 192409, 108101
2024-07-02 20:35:48,160 - root - INFO - count, count_true: 190206, 87918
2024-07-02 20:37:36,722 - root - INFO - count, count_true: 167245, 25576
2024-07-02 20:38:11,169 - root - INFO - count, count_true: 192409, 116985
2024-07-02 20:41:10,578 - root - INFO - count, count_true: 167245, 9917
2024-07-02 20:41:14,397 - root - INFO - count, count_true: 172780, 31404
2024-07-02 20:41:15,614 - root - INFO - count, count_true: 180780, 32602
2024-07-02 20:41:16,428 - root - INFO - count, count_true: 175448, 31782
2024-07-02 20:41:16,895 - root - INFO - count, count_true: 169893, 31294
2024-07-02 20:41:18,311 - root - INFO - count, count_true: 177724, 32183
2024-07-02 20:41:21,118 - root - INFO - count, count_true: 182663, 33238
2024-07-02 20:41:24,058 - root - INFO - count, count_true: 185165, 37673
2024-07-02 20:43:27,863 - root - INFO - count, count_true: 167245, 19341
2024-07-02 20:43:38,962 - root - INFO - count, count_true: 187673, 61686
2024-07-02 20:43:39,699 - root - INFO - count, count_true: 192409, 109733
2024-07-02 20:43:39,791 - root - INFO - count, count_true: 190206, 93849
2024-07-02 20:43:41,084 - root - INFO - count, count_true: 192409, 115378
2024-07-02 20:43:42,394 - root - INFO - count, count_true: 192409, 123277
2024-07-02 20:43:48,492 - root - INFO - count, count_true: 192409, 124085
2024-07-02 20:45:42,204 - root - INFO - count, count_true: 167245, 30173
2024-07-02 20:45:59,315 - root - INFO - count, count_true: 190206, 94370
2024-07-02 20:46:02,720 - root - INFO - count, count_true: 192409, 115378
2024-07-02 20:46:05,210 - root - INFO - count, count_true: 192409, 123277
2024-07-02 20:46:06,652 - root - INFO - count, count_true: 192409, 123983
2024-07-02 20:48:05,454 - root - INFO - count, count_true: 167245, 30987
2024-07-02 20:48:41,505 - root - INFO - count, count_true: 192409, 124085
2024-07-02 20:51:32,977 - root - INFO - count, count_true: 167245, 9917
2024-07-02 20:51:35,275 - root - INFO - count, count_true: 169893, 31294
2024-07-02 20:51:35,874 - root - INFO - count, count_true: 172780, 31404
2024-07-02 20:51:36,823 - root - INFO - count, count_true: 175448, 31782
2024-07-02 20:51:39,188 - root - INFO - count, count_true: 177724, 33685
2024-07-02 20:51:40,130 - root - INFO - count, count_true: 182663, 34743
2024-07-02 20:51:40,365 - root - INFO - count, count_true: 185165, 41058
2024-07-02 20:51:40,833 - root - INFO - count, count_true: 180780, 34107
2024-07-02 20:53:45,744 - root - INFO - count, count_true: 167245, 19341
2024-07-02 20:53:54,515 - root - INFO - count, count_true: 187673, 65522
2024-07-02 20:53:57,159 - root - INFO - count, count_true: 190206, 97874
2024-07-02 20:53:57,804 - root - INFO - count, count_true: 192409, 114563
2024-07-02 20:54:04,147 - root - INFO - count, count_true: 192409, 128781
2024-07-02 20:54:04,159 - root - INFO - count, count_true: 192409, 120151
2024-07-02 20:54:04,272 - root - INFO - count, count_true: 192409, 127879
2024-07-02 20:56:07,912 - root - INFO - count, count_true: 167245, 30173
2024-07-02 20:56:25,885 - root - INFO - count, count_true: 190206, 98635
2024-07-02 20:56:31,099 - root - INFO - count, count_true: 192409, 120151
2024-07-02 20:56:35,099 - root - INFO - count, count_true: 192409, 128771
2024-07-02 20:56:36,990 - root - INFO - count, count_true: 192409, 127879
2024-07-02 20:58:42,425 - root - INFO - count, count_true: 167245, 30987
2024-07-02 20:59:21,100 - root - INFO - count, count_true: 192409, 128781
2024-07-02 21:02:39,439 - root - INFO - count, count_true: 167245, 9335
2024-07-02 21:02:40,374 - root - INFO - count, count_true: 169893, 29773
2024-07-02 21:02:41,336 - root - INFO - count, count_true: 175448, 30249
2024-07-02 21:02:42,492 - root - INFO - count, count_true: 172780, 29876
2024-07-02 21:02:43,159 - root - INFO - count, count_true: 177724, 32204
2024-07-02 21:02:43,420 - root - INFO - count, count_true: 180780, 32617
2024-07-02 21:02:45,403 - root - INFO - count, count_true: 182663, 33017
2024-07-02 21:02:46,319 - root - INFO - count, count_true: 185165, 41572
2024-07-02 21:04:49,744 - root - INFO - count, count_true: 167245, 18702
2024-07-02 21:04:55,333 - root - INFO - count, count_true: 187673, 65872
2024-07-02 21:05:03,681 - root - INFO - count, count_true: 190206, 98221
2024-07-02 21:05:04,297 - root - INFO - count, count_true: 192409, 114153
2024-07-02 21:05:07,904 - root - INFO - count, count_true: 192409, 116664
2024-07-02 21:05:08,944 - root - INFO - count, count_true: 192409, 124163
2024-07-02 21:05:09,298 - root - INFO - count, count_true: 192409, 125032
2024-07-02 21:07:13,996 - root - INFO - count, count_true: 167245, 29346
2024-07-02 21:07:34,519 - root - INFO - count, count_true: 190206, 98221
2024-07-02 21:07:36,087 - root - INFO - count, count_true: 192409, 116664
2024-07-02 21:07:41,224 - root - INFO - count, count_true: 192409, 124163
2024-07-02 21:07:41,880 - root - INFO - count, count_true: 192409, 124932
2024-07-02 21:09:35,340 - root - INFO - count, count_true: 167245, 29460
2024-07-02 21:10:21,976 - root - INFO - count, count_true: 192409, 125032
2024-07-02 21:13:30,155 - root - INFO - count, count_true: 169893, 31294
2024-07-02 21:13:31,184 - root - INFO - count, count_true: 167245, 9917
2024-07-02 21:13:32,390 - root - INFO - count, count_true: 175448, 31782
2024-07-02 21:13:33,595 - root - INFO - count, count_true: 172780, 31404
2024-07-02 21:13:36,374 - root - INFO - count, count_true: 182663, 34743
2024-07-02 21:13:36,762 - root - INFO - count, count_true: 180780, 34107
2024-07-02 21:13:37,315 - root - INFO - count, count_true: 177724, 33685
2024-07-02 21:13:38,201 - root - INFO - count, count_true: 185165, 43360
2024-07-02 21:15:43,749 - root - INFO - count, count_true: 167245, 19341
2024-07-02 21:15:51,628 - root - INFO - count, count_true: 187673, 59553
2024-07-02 21:15:56,828 - root - INFO - count, count_true: 192409, 107477
2024-07-02 21:15:57,689 - root - INFO - count, count_true: 190206, 90920
2024-07-02 21:16:01,886 - root - INFO - count, count_true: 192409, 122066
2024-07-02 21:16:03,108 - root - INFO - count, count_true: 192409, 113365
2024-07-02 21:16:04,056 - root - INFO - count, count_true: 192409, 121280
2024-07-02 21:18:04,998 - root - INFO - count, count_true: 167245, 30173
2024-07-02 21:18:31,680 - root - INFO - count, count_true: 192409, 113365
2024-07-02 21:18:32,179 - root - INFO - count, count_true: 192409, 121280
2024-07-02 21:18:34,634 - root - INFO - count, count_true: 190206, 91631
2024-07-02 21:18:42,652 - root - INFO - count, count_true: 192409, 121967
2024-07-02 21:20:37,200 - root - INFO - count, count_true: 167245, 30987
2024-07-02 21:21:29,664 - root - INFO - count, count_true: 192409, 122066
2024-07-02 21:24:42,286 - root - INFO - count, count_true: 167245, 9917
2024-07-02 21:24:42,384 - root - INFO - count, count_true: 169893, 31294
2024-07-02 21:24:44,213 - root - INFO - count, count_true: 172780, 31404
2024-07-02 21:24:45,467 - root - INFO - count, count_true: 180780, 34107
2024-07-02 21:24:46,311 - root - INFO - count, count_true: 175448, 31782
2024-07-02 21:24:48,012 - root - INFO - count, count_true: 182663, 34743
2024-07-02 21:24:49,584 - root - INFO - count, count_true: 185165, 43360
2024-07-02 21:24:49,600 - root - INFO - count, count_true: 177724, 33685
2024-07-02 21:26:57,895 - root - INFO - count, count_true: 167245, 19341
2024-07-02 21:27:08,150 - root - INFO - count, count_true: 192409, 107572
2024-07-02 21:27:08,353 - root - INFO - count, count_true: 187673, 58492
2024-07-02 21:27:10,082 - root - INFO - count, count_true: 190206, 90722
2024-07-02 21:27:10,983 - root - INFO - count, count_true: 192409, 112871
2024-07-02 21:27:11,270 - root - INFO - count, count_true: 192409, 120786
2024-07-02 21:27:13,036 - root - INFO - count, count_true: 192409, 121573
2024-07-02 21:29:17,012 - root - INFO - count, count_true: 167245, 30173
2024-07-02 21:29:36,100 - root - INFO - count, count_true: 190206, 91460
2024-07-02 21:29:36,851 - root - INFO - count, count_true: 192409, 112871
2024-07-02 21:29:37,590 - root - INFO - count, count_true: 192409, 121472
2024-07-02 21:29:38,864 - root - INFO - count, count_true: 192409, 120786
2024-07-02 21:31:38,537 - root - INFO - count, count_true: 167245, 30987
2024-07-02 21:32:16,075 - root - INFO - count, count_true: 192409, 121573
2024-07-02 21:35:32,251 - root - INFO - count, count_true: 167245, 9917
2024-07-02 21:35:33,771 - root - INFO - count, count_true: 175448, 31782
2024-07-02 21:35:34,072 - root - INFO - count, count_true: 172780, 31404
2024-07-02 21:35:34,717 - root - INFO - count, count_true: 169893, 31294
2024-07-02 21:35:36,778 - root - INFO - count, count_true: 177724, 33685
2024-07-02 21:35:37,022 - root - INFO - count, count_true: 182663, 34743
2024-07-02 21:35:39,179 - root - INFO - count, count_true: 180780, 34107
2024-07-02 21:35:40,711 - root - INFO - count, count_true: 185165, 43360
2024-07-02 21:37:44,864 - root - INFO - count, count_true: 167245, 19341
2024-07-02 21:37:55,687 - root - INFO - count, count_true: 187673, 67244
2024-07-02 21:37:55,687 - root - INFO - count, count_true: 190206, 73775
2024-07-02 21:37:57,276 - root - INFO - count, count_true: 192409, 95412
2024-07-02 21:37:57,989 - root - INFO - count, count_true: 192409, 89844
2024-07-02 21:38:02,753 - root - INFO - count, count_true: 192409, 104131
2024-07-02 21:38:03,546 - root - INFO - count, count_true: 192409, 103352
2024-07-02 21:40:05,637 - root - INFO - count, count_true: 167245, 30173
2024-07-02 21:40:21,798 - root - INFO - count, count_true: 190206, 74376
2024-07-02 21:40:23,697 - root - INFO - count, count_true: 192409, 103352
2024-07-02 21:40:27,380 - root - INFO - count, count_true: 192409, 95412
2024-07-02 21:40:38,371 - root - INFO - count, count_true: 192409, 104032
2024-07-02 21:42:38,015 - root - INFO - count, count_true: 167245, 30987
2024-07-02 21:43:20,136 - root - INFO - count, count_true: 192409, 104131
2024-07-02 21:46:48,540 - root - INFO - count, count_true: 167245, 9917
2024-07-02 21:46:50,856 - root - INFO - count, count_true: 169893, 31294
2024-07-02 21:46:51,510 - root - INFO - count, count_true: 172780, 31404
2024-07-02 21:46:53,527 - root - INFO - count, count_true: 177724, 33685
2024-07-02 21:46:54,266 - root - INFO - count, count_true: 182663, 34743
2024-07-02 21:46:54,592 - root - INFO - count, count_true: 180780, 34107
2024-07-02 21:46:55,461 - root - INFO - count, count_true: 185165, 43360
2024-07-02 21:46:56,457 - root - INFO - count, count_true: 175448, 31782
2024-07-02 21:49:07,223 - root - INFO - count, count_true: 167245, 19341
2024-07-02 21:49:14,840 - root - INFO - count, count_true: 187673, 67973
2024-07-02 21:49:15,015 - root - INFO - count, count_true: 190206, 95146
2024-07-02 21:49:16,458 - root - INFO - count, count_true: 192409, 99470
2024-07-02 21:49:18,550 - root - INFO - count, count_true: 192409, 104485
2024-07-02 21:49:18,691 - root - INFO - count, count_true: 192409, 113161
2024-07-02 21:49:20,325 - root - INFO - count, count_true: 192409, 112378
2024-07-02 21:51:23,938 - root - INFO - count, count_true: 167245, 30173
2024-07-02 21:51:38,784 - root - INFO - count, count_true: 190206, 95909
2024-07-02 21:51:39,993 - root - INFO - count, count_true: 192409, 104485
2024-07-02 21:51:42,456 - root - INFO - count, count_true: 192409, 112378
2024-07-02 21:51:45,727 - root - INFO - count, count_true: 192409, 113062
2024-07-02 21:54:03,983 - root - INFO - count, count_true: 167245, 30987
2024-07-02 21:54:27,489 - root - INFO - count, count_true: 192409, 113161
2024-07-02 21:57:30,189 - root - INFO - count, count_true: 167245, 9917
2024-07-02 21:57:32,355 - root - INFO - count, count_true: 172780, 31404
2024-07-02 21:57:33,738 - root - INFO - count, count_true: 169893, 31294
2024-07-02 21:57:34,993 - root - INFO - count, count_true: 175448, 31782
2024-07-02 21:57:35,662 - root - INFO - count, count_true: 177724, 33685
2024-07-02 21:57:37,312 - root - INFO - count, count_true: 180780, 34107
2024-07-02 21:57:37,313 - root - INFO - count, count_true: 182663, 34638
2024-07-02 21:57:39,015 - root - INFO - count, count_true: 185165, 43248
2024-07-02 21:59:43,639 - root - INFO - count, count_true: 167245, 19341
2024-07-02 21:59:52,692 - root - INFO - count, count_true: 187673, 67841
2024-07-02 21:59:55,918 - root - INFO - count, count_true: 190206, 99302
2024-07-02 21:59:57,841 - root - INFO - count, count_true: 192409, 116089
2024-07-02 22:00:02,046 - root - INFO - count, count_true: 192409, 129581
2024-07-02 22:00:02,311 - root - INFO - count, count_true: 192409, 130433
2024-07-02 22:00:02,917 - root - INFO - count, count_true: 192409, 121675
2024-07-02 22:02:03,198 - root - INFO - count, count_true: 167245, 30173
2024-07-02 22:02:21,313 - root - INFO - count, count_true: 190206, 100082
2024-07-02 22:02:25,776 - root - INFO - count, count_true: 192409, 121675
2024-07-02 22:02:33,612 - root - INFO - count, count_true: 192409, 130337
2024-07-02 22:02:33,719 - root - INFO - count, count_true: 192409, 129581
2024-07-02 22:04:33,523 - root - INFO - count, count_true: 167245, 30987
2024-07-02 22:05:16,666 - root - INFO - count, count_true: 192409, 130433
2024-07-02 22:08:41,583 - root - INFO - count, count_true: 167245, 9917
2024-07-02 22:08:42,011 - root - INFO - count, count_true: 172780, 31402
2024-07-02 22:08:44,184 - root - INFO - count, count_true: 169893, 31292
2024-07-02 22:08:44,858 - root - INFO - count, count_true: 175448, 31780
2024-07-02 22:08:46,150 - root - INFO - count, count_true: 180780, 34105
2024-07-02 22:08:46,684 - root - INFO - count, count_true: 177724, 33683
2024-07-02 22:08:49,014 - root - INFO - count, count_true: 182663, 34741
2024-07-02 22:08:49,974 - root - INFO - count, count_true: 185165, 43358
2024-07-02 22:10:58,424 - root - INFO - count, count_true: 167245, 19341
2024-07-02 22:11:05,726 - root - INFO - count, count_true: 190206, 100401
2024-07-02 22:11:06,352 - root - INFO - count, count_true: 187673, 67972
2024-07-02 22:11:09,119 - root - INFO - count, count_true: 192409, 117161
2024-07-02 22:11:11,723 - root - INFO - count, count_true: 192409, 130736
2024-07-02 22:11:12,128 - root - INFO - count, count_true: 192409, 122787
2024-07-02 22:11:15,390 - root - INFO - count, count_true: 192409, 131518
2024-07-02 22:13:28,197 - root - INFO - count, count_true: 167245, 30173
2024-07-02 22:13:42,284 - root - INFO - count, count_true: 190206, 101164
2024-07-02 22:13:43,999 - root - INFO - count, count_true: 192409, 131419
2024-07-02 22:13:45,578 - root - INFO - count, count_true: 192409, 122787
2024-07-02 22:13:47,256 - root - INFO - count, count_true: 192409, 130736
2024-07-02 22:15:46,561 - root - INFO - count, count_true: 167245, 30985
2024-07-02 22:16:09,756 - root - INFO - count, count_true: 192409, 131518
2024-07-02 23:36:22,159 - root - INFO - City: Guangzhou
2024-07-02 23:36:22,159 - root - INFO - Parking fee: 20
2024-07-02 23:40:41,901 - root - INFO - count, count_true: 182663, 44070
2024-07-02 23:40:41,919 - root - INFO - count, count_true: 169893, 41967
2024-07-02 23:40:42,015 - root - INFO - count, count_true: 167245, 41505
2024-07-02 23:40:42,110 - root - INFO - count, count_true: 180780, 43709
2024-07-02 23:40:42,180 - root - INFO - count, count_true: 177724, 43145
2024-07-02 23:40:42,203 - root - INFO - count, count_true: 172780, 42129
2024-07-02 23:40:42,227 - root - INFO - count, count_true: 175448, 42628
2024-07-02 23:40:42,237 - root - INFO - count, count_true: 185165, 44520
2024-07-02 23:41:46,849 - root - INFO - count, count_true: 187673, 44958
2024-07-02 23:41:47,139 - root - INFO - count, count_true: 190206, 45450
2024-07-02 23:41:47,383 - root - INFO - count, count_true: 192409, 45829
2024-07-02 23:41:47,383 - root - INFO - count, count_true: 192409, 45829
2024-07-02 23:41:47,945 - root - INFO - count, count_true: 192409, 45829
2024-07-02 23:41:47,980 - root - INFO - count, count_true: 192409, 45829
