2024-06-28 21:22:18,030 - root - INFO - City: Suzhou
2024-06-28 21:22:18,030 - root - INFO - Parking fee: 20
2024-06-28 21:23:54,685 - root - INFO - Year: 2019, Month: 6
2024-06-28 21:25:47,011 - root - INFO - remove_subway_list: ['轨道交通1号线', '轨道交通2号线', '轨道交通3号线', '轨道交通4号线']
2024-06-28 21:27:26,086 - root - INFO - count, count_true: 211008, 0
2024-06-28 21:27:26,087 - root - INFO - count, count_true: 218758, 332
2024-06-28 21:27:26,408 - root - INFO - count, count_true: 214889, 0
2024-06-28 21:27:26,504 - root - INFO - count, count_true: 220886, 332
2024-06-28 21:27:28,510 - root - INFO - count, count_true: 226236, 357
2024-06-28 21:27:28,621 - root - INFO - count, count_true: 223401, 340
2024-06-28 21:27:32,145 - root - INFO - count, count_true: 232182, 17201
2024-06-28 21:27:32,495 - root - INFO - count, count_true: 229608, 17039
2024-06-28 21:30:15,379 - root - INFO - count, count_true: 226236, 16769
2024-06-28 21:30:15,652 - root - INFO - count, count_true: 223401, 340
2024-06-28 21:30:18,663 - root - INFO - count, count_true: 234769, 23882
2024-06-28 21:30:20,480 - root - INFO - count, count_true: 234769, 23882
2024-06-28 21:30:21,049 - root - INFO - count, count_true: 234769, 35086
2024-06-28 21:30:23,256 - root - INFO - count, count_true: 234769, 35086
2024-06-28 21:33:27,622 - root - INFO - count, count_true: 234769, 35086
2024-06-28 21:33:30,601 - root - INFO - count, count_true: 234769, 69072
2024-06-28 21:37:21,532 - root - INFO - count, count_true: 211008, 913
2024-06-28 21:37:21,978 - root - INFO - count, count_true: 214889, 927
2024-06-28 21:37:22,225 - root - INFO - count, count_true: 218758, 944
2024-06-28 21:37:22,325 - root - INFO - count, count_true: 223401, 974
2024-06-28 21:37:22,590 - root - INFO - count, count_true: 220886, 955
2024-06-28 21:37:23,719 - root - INFO - count, count_true: 226236, 983
2024-06-28 21:37:26,864 - root - INFO - count, count_true: 229608, 17319
2024-06-28 21:37:27,949 - root - INFO - count, count_true: 232182, 17465
2024-06-28 21:40:05,321 - root - INFO - count, count_true: 226236, 17026
2024-06-28 21:40:05,474 - root - INFO - count, count_true: 223401, 974
2024-06-28 21:40:06,836 - root - INFO - count, count_true: 234769, 25314
2024-06-28 21:40:11,884 - root - INFO - count, count_true: 234769, 36621
2024-06-28 21:40:12,536 - root - INFO - count, count_true: 234769, 36621
2024-06-28 21:40:13,997 - root - INFO - count, count_true: 234769, 25314
2024-06-28 21:43:01,847 - root - INFO - count, count_true: 234769, 71181
2024-06-28 21:43:06,131 - root - INFO - count, count_true: 234769, 36621
2024-06-28 21:46:32,370 - root - INFO - count, count_true: 211008, 913
2024-06-28 21:46:36,707 - root - INFO - count, count_true: 214889, 927
2024-06-28 21:46:38,124 - root - INFO - count, count_true: 220886, 1287
2024-06-28 21:46:38,638 - root - INFO - count, count_true: 218758, 1276
2024-06-28 21:46:38,638 - root - INFO - count, count_true: 223401, 1314
2024-06-28 21:46:41,503 - root - INFO - count, count_true: 226236, 1340
2024-06-28 21:46:42,879 - root - INFO - count, count_true: 229608, 19220
2024-06-28 21:46:47,218 - root - INFO - count, count_true: 232182, 19405
2024-06-28 21:49:31,023 - root - INFO - count, count_true: 234769, 21311
2024-06-28 21:49:32,329 - root - INFO - count, count_true: 223401, 1314
2024-06-28 21:49:33,824 - root - INFO - count, count_true: 234769, 21311
2024-06-28 21:49:36,380 - root - INFO - count, count_true: 234769, 31163
2024-06-28 21:49:39,135 - root - INFO - count, count_true: 226236, 18907
2024-06-28 21:49:40,749 - root - INFO - count, count_true: 234769, 31163
2024-06-28 21:52:27,758 - root - INFO - count, count_true: 234769, 31163
2024-06-28 21:52:28,071 - root - INFO - count, count_true: 234769, 48561
2024-06-28 21:55:56,300 - root - INFO - count, count_true: 211008, 913
2024-06-28 21:55:56,379 - root - INFO - count, count_true: 214889, 927
2024-06-28 21:55:58,417 - root - INFO - count, count_true: 218758, 1276
2024-06-28 21:55:58,667 - root - INFO - count, count_true: 223401, 1314
2024-06-28 21:55:59,968 - root - INFO - count, count_true: 220886, 1287
2024-06-28 21:56:02,701 - root - INFO - count, count_true: 226236, 1340
2024-06-28 21:56:02,883 - root - INFO - count, count_true: 229608, 1531
2024-06-28 21:56:03,684 - root - INFO - count, count_true: 232182, 1543
2024-06-28 21:58:40,862 - root - INFO - count, count_true: 223401, 1314
2024-06-28 21:58:43,519 - root - INFO - count, count_true: 234769, 7524
2024-06-28 21:58:46,525 - root - INFO - count, count_true: 234769, 7524
2024-06-28 21:58:47,135 - root - INFO - count, count_true: 226236, 1509
2024-06-28 21:58:47,345 - root - INFO - count, count_true: 234769, 15693
2024-06-28 21:58:49,876 - root - INFO - count, count_true: 234769, 15693
2024-06-28 22:01:32,641 - root - INFO - count, count_true: 234769, 15693
2024-06-28 22:01:39,858 - root - INFO - count, count_true: 234769, 47495
