2024-07-03 16:48:44,966 - root - INFO - City: Suzhou
2024-07-03 16:48:44,967 - root - INFO - Parking fee: 20
2024-07-03 16:50:27,213 - root - INFO - Year: 2019, Month: 6
2024-07-03 16:53:59,509 - root - INFO - count, count_true: 218758, 1276
2024-07-03 16:53:59,510 - root - INFO - len args: 229225, missing rate: 0.045662558621441814
2024-07-03 16:54:00,487 - root - INFO - count, count_true: 220886, 1287
2024-07-03 16:54:00,487 - root - INFO - count, count_true: 211008, 913
2024-07-03 16:54:00,487 - root - INFO - len args: 231559, missing rate: 0.04609192473624433
2024-07-03 16:54:00,487 - root - INFO - len args: 220900, missing rate: 0.044780443639655956
2024-07-03 16:54:01,775 - root - INFO - count, count_true: 214889, 927
2024-07-03 16:54:01,775 - root - INFO - len args: 225074, missing rate: 0.04525178385775345
2024-07-03 16:54:01,792 - root - INFO - count, count_true: 229608, 19220
2024-07-03 16:54:01,792 - root - INFO - len args: 240816, missing rate: 0.04654175802272274
2024-07-03 16:54:02,352 - root - INFO - count, count_true: 232182, 19405
2024-07-03 16:54:02,352 - root - INFO - len args: 243466, missing rate: 0.046347333919315226
2024-07-03 16:54:02,810 - root - INFO - count, count_true: 226236, 1340
2024-07-03 16:54:02,811 - root - INFO - len args: 237144, missing rate: 0.04599736868737982
2024-07-03 16:54:04,299 - root - INFO - count, count_true: 223401, 1314
2024-07-03 16:54:04,300 - root - INFO - len args: 234068, missing rate: 0.04557222687424167
2024-07-03 16:56:26,707 - root - INFO - count, count_true: 223401, 1314
2024-07-03 16:56:26,707 - root - INFO - len args: 234068, missing rate: 0.04557222687424167
2024-07-03 16:56:27,738 - root - INFO - count, count_true: 234769, 27256
2024-07-03 16:56:27,738 - root - INFO - len args: 246242, missing rate: 0.046592376605128286
2024-07-03 16:56:31,914 - root - INFO - count, count_true: 234769, 38643
2024-07-03 16:56:31,915 - root - INFO - len args: 246242, missing rate: 0.046592376605128286
2024-07-03 16:56:33,139 - root - INFO - count, count_true: 234769, 27256
2024-07-03 16:56:33,139 - root - INFO - len args: 246242, missing rate: 0.046592376605128286
2024-07-03 16:56:33,382 - root - INFO - count, count_true: 226236, 18907
2024-07-03 16:56:33,382 - root - INFO - len args: 237144, missing rate: 0.04599736868737982
2024-07-03 16:56:33,540 - root - INFO - count, count_true: 234769, 38643
2024-07-03 16:56:33,541 - root - INFO - len args: 246242, missing rate: 0.046592376605128286
2024-07-03 16:58:58,530 - root - INFO - count, count_true: 234769, 73271
2024-07-03 16:58:58,530 - root - INFO - len args: 246242, missing rate: 0.046592376605128286
2024-07-03 16:59:00,411 - root - INFO - count, count_true: 234769, 38643
2024-07-03 16:59:00,411 - root - INFO - len args: 246242, missing rate: 0.046592376605128286
2024-07-03 17:00:47,963 - root - INFO - Factual data collection finished, {2010: {}, 2011: {}, 2012: {'(5, 6, 7, 8, 9, 10, 11, 12)': {'traffic_num': [79260.47501834118, 1604131.104936922, 9949409.88658368, 4177878.0249703317], 'traffic_ratio': [0.005013097322028823, 0.10145870743875239, 0.6292841425270026, 0.2642440527122161], 'carbon': 31502315492.384525, 'subway_distribution': {'轨道交通1号线(木渎--钟南街)': 75504.0031625279, '轨道交通1号线(钟南街--木渎)': 3756.4718558132627}, 'fuel_car_distance': 120910174194.12914, 'elec_car_distance': 221670209259.01825, 'subway_mileage': 545063579.7549112}}, 2013: {'(1, 2, 3, 4, 5, 6, 7, 8, 9, 10, 11, 12)': {'traffic_num': [79932.41648842399, 1629549.4644151947, 10159325.070777958, 4264622.560674309], 'traffic_ratio': [0.004954459089259804, 0.10100452995236965, 0.6297064776585398, 0.2643345332998307], 'carbon': 32136862269.752827, 'subway_distribution': {'轨道交通1号线(木渎--钟南街)': 76056.6070197824, '轨道交通1号线(钟南街--木渎)': 3875.809468641538}, 'fuel_car_distance': 123546448239.87086, 'elec_car_distance': 225665819361.52884, 'subway_mileage': 547844101.1094928}}, 2014: {'(1, 2, 3, 4, 5, 6, 7, 8, 9, 10, 11, 12)': {'traffic_num': [90004.49270481661, 1673251.298986613, 10319851.123087622, 4351474.914232804], 'traffic_ratio': [0.005476530747252253, 0.10181283079760714, 0.6279351206168239, 0.2647755178383167], 'carbon': 32628558812.73622, 'subway_distribution': {'轨道交通1号线(木渎--钟南街)': 85129.87372239932, '轨道交通1号线(钟南街--木渎)': 4324.281344589239, '轨道交通2号线(桑田岛--骑河)': 423.09682054386656, '轨道交通2号线(骑河--桑田岛)': 127.24081728424638}, 'fuel_car_distance': 125384581430.93665, 'elec_car_distance': 229240420848.2249, 'subway_mileage': 629012774.614176}}, 2015: {'(1, 2, 3, 4, 5, 6, 7, 8, 9, 10, 11, 12)': {'traffic_num': [92063.0073736183, 1689747.1177415657, 10627057.455265922, 4420697.490775367], 'traffic_ratio': [0.005470314115924567, 0.1004034929362231, 0.6314516988605497, 0.26267449408730276], 'carbon': 33696262937.295765, 'subway_distribution': {'轨道交通1号线(木渎--钟南街)': 87044.85294532702, '轨道交通1号线(钟南街--木渎)': 4477.532715858575, '轨道交通2号线(桑田岛--骑河)': 418.8530396135828, '轨道交通2号线(骑河--桑田岛)': 121.76867281926651}, 'fuel_car_distance': 129409626390.156, 'elec_car_distance': 236924015822.1596, 'subway_mileage': 640188755.9897578}}, 2016: {'(1, 2, 3, 4, 5, 6, 7, 8, 9)': {'traffic_num': [94987.97925626734, 1732681.6363153353, 10855870.291807804, 4495336.82411179], 'traffic_ratio': [0.005529347508626194, 0.10086117174000651, 0.6319313224890618, 0.26167815826230545], 'carbon': 34529694749.591644, 'subway_distribution': {'轨道交通1号线(木渎--钟南街)': 89812.47767377483, '轨道交通1号线(钟南街--木渎)': 4590.716031808308, '轨道交通2号线(桑田岛--骑河)': 444.985139751651, '轨道交通2号线(骑河--桑田岛)': 139.80041093262994}, 'fuel_car_distance': 132356356471.51161, 'elec_car_distance': 243377964342.15164, 'subway_mileage': 663225671.6438961}, '(10, 11, 12)': {'traffic_num': [94987.97925626734, 1732681.6363153353, 10855870.291807804, 4495336.82411179], 'traffic_ratio': [0.005529347508626194, 0.10086117174000651, 0.6319313224890618, 0.26167815826230545], 'carbon': 34529694749.591644, 'subway_distribution': {'轨道交通1号线(木渎--钟南街)': 89812.47767377483, '轨道交通1号线(钟南街--木渎)': 4590.716031808308, '轨道交通2号线(桑田岛--骑河)': 444.985139751651, '轨道交通2号线(骑河--桑田岛)': 139.80041093262994}, 'fuel_car_distance': 132356356471.51161, 'elec_car_distance': 243377964342.15164, 'subway_mileage': 663225671.6438961}}, 2017: {'(1, 2, 3, 4)': {'traffic_num': [96318.55063453608, 1762872.546772769, 11089470.766379932, 4571949.482026825], 'traffic_ratio': [0.00549744233996424, 0.10061706820486864, 0.6329385743168929, 0.26094691513827406], 'carbon': 35313692296.7319, 'subway_distribution': {'轨道交通1号线(木渎--钟南街)': 91029.74097857189, '轨道交通1号线(钟南街--木渎)': 4694.432292326492, '轨道交通2号线(桑田岛--骑河)': 454.0144565364345, '轨道交通2号线(骑河--桑田岛)': 140.36290710114505}, 'fuel_car_distance': 135285260793.48868, 'elec_car_distance': 249082138600.76602, 'subway_mileage': 672654767.5269195}, '(5, 6, 7, 8, 9, 10, 11, 12)': {'traffic_num': [421516.1890479416, 1715755.1061560442, 10897976.32048173, 4485363.730128278], 'traffic_ratio': [0.02405830371602015, 0.09792781041090616, 0.6220089074166618, 0.25600497845641196], 'carbon': 34885018804.18744, 'subway_distribution': {'轨道交通1号线(木渎--钟南街)': 149093.60868546262, '轨道交通4号线(龙道浜--同里)': 229632.7855817262, '轨道交通4号线(同里--龙道浜)': 91680.55459101661, '轨道交通4号线支线(红庄--木里)': 6492.325138687386, '轨道交通1号线(钟南街--木渎)': 15262.404477604685, '轨道交通2号线(桑田岛--骑河)': 3207.5070868339194, '轨道交通4号线支线(木里--红庄)': 32142.910092321603, '轨道交通2号线(骑河--桑田岛)': 803.502433399684}, 'fuel_car_distance': 133473441209.85408, 'elec_car_distance': 246455025548.45004, 'subway_mileage': 4331731396.725559}}, 2018: {'(1, 2, 3, 4, 5, 6, 7, 8, 9, 10, 11, 12)': {'traffic_num': [427717.12130151025, 1746446.8397425006, 11095302.617521072, 4566185.300082653], 'traffic_ratio': [0.02398101982544071, 0.0979188678734692, 0.622085623391428, 0.256014488909662], 'carbon': 35516166000.98685, 'subway_distribution': {'轨道交通1号线(木渎--钟南街)': 151094.51618076485, '轨道交通4号线(龙道浜--同里)': 232605.24920581086, '轨道交通4号线(同里--龙道浜)': 93474.7800460193, '轨道交通4号线支线(红庄--木里)': 6681.262622207296, '轨道交通1号线(钟南街--木渎)': 15418.877391389979, '轨道交通2号线(桑田岛--骑河)': 3249.8052799238685, '轨道交通4号线支线(木里--红庄)': 33004.733873088386, '轨道交通2号线(骑河--桑田岛)': 819.3819696870933}, 'fuel_car_distance': 135943558111.12498, 'elec_car_distance': 250784681941.5048, 'subway_mileage': 4398749511.239241}}, 2019: {'(1, 2, 3, 4, 5, 6, 7, 8, 9, 10, 11, 12)': {'traffic_num': [435537.0019522187, 1765670.9697559401, 11322772.475788346, 4637571.165488232], 'traffic_ratio': [0.02398126609627496, 0.09722027100886912, 0.6234474188699299, 0.25535104402492603], 'carbon': 36272987280.20485, 'subway_distribution': {'轨道交通1号线(木渎--钟南街)': 154325.20907753246, '轨道交通4号线(龙道浜--同里)': 236511.2680631516, '轨道交通4号线(同里--龙道浜)': 95365.017403538, '轨道交通4号线支线(红庄--木里)': 6873.55778540707, '轨道交通1号线(钟南街--木渎)': 15653.092120935526, '轨道交通2号线(桑田岛--骑河)': 3295.7634201512255, '轨道交通4号线支线(木里--红庄)': 33287.385642518915, '轨道交通2号线(骑河--桑田岛)': 825.1528647736943}, 'fuel_car_distance': 138846081543.42395, 'elec_car_distance': 256115437980.53506, 'subway_mileage': 4483447232.752086}}, 2020: {'(1, 2, 3, 4, 5, 6, 7, 8, 9, 10, 11, 12)': {'traffic_num': [657702.0560680145, 1766208.0916191807, 11415621.266117547, 4649864.391675345], 'traffic_ratio': [0.03557185226534432, 0.09552546282208384, 0.617414510794023, 0.25148817411854896], 'carbon': 36779601819.48634, 'subway_distribution': {'轨道交通1号线(木渎--钟南街)': 182505.96371400447, '轨道交通4号线(龙道浜--同里)': 270380.5109778455, '轨道交通3号线(苏州新区火车站--唯亭)': 236825.29114268292, '轨道交通4号线(同里--龙道浜)': 116523.22710370058, '轨道交通3号线(唯亭--苏州新区火车站)': 29246.365670276606, '轨道交通4号线支线(红庄--木里)': 8236.033571723761, '轨道交通1号线(钟南街--木渎)': 25114.39287211876, '轨道交通2号线(桑田岛--骑河)': 3279.7715610884225, '轨道交通4号线支线(木里--红庄)': 37188.78988131805, '轨道交通2号线(骑河--桑田岛)': 860.6828435570172}, 'fuel_car_distance': 140547489730.91214, 'elec_car_distance': 260248541068.1698, 'subway_mileage': 7137084619.019787}}, 2021: {'(1, 2, 3, 4, 5, 6)': {'traffic_num': [657702.0560680145, 1766208.0916191807, 11415621.266117547, 4649864.391675345], 'traffic_ratio': [0.03557185226534432, 0.09552546282208384, 0.617414510794023, 0.25148817411854896], 'carbon': 36779601819.48634, 'subway_distribution': {'轨道交通1号线(木渎--钟南街)': 182505.96371400447, '轨道交通4号线(龙道浜--同里)': 270380.5109778455, '轨道交通3号线(苏州新区火车站--唯亭)': 236825.29114268292, '轨道交通4号线(同里--龙道浜)': 116523.22710370058, '轨道交通3号线(唯亭--苏州新区火车站)': 29246.365670276606, '轨道交通4号线支线(红庄--木里)': 8236.033571723761, '轨道交通1号线(钟南街--木渎)': 25114.39287211876, '轨道交通2号线(桑田岛--骑河)': 3279.7715610884225, '轨道交通4号线支线(木里--红庄)': 37188.78988131805, '轨道交通2号线(骑河--桑田岛)': 860.6828435570172}, 'fuel_car_distance': 140547489730.91214, 'elec_car_distance': 260248541068.1698, 'subway_mileage': 7137084619.019787}, '(7, 8, 9, 10, 11, 12)': {'traffic_num': [874444.4373333333, 1730688.1722575226, 11286430.79774412, 4597832.398145098], 'traffic_ratio': [0.047294376005199514, 0.09360436600878887, 0.6104272371301032, 0.24867402085590845], 'carbon': 36515941685.22885, 'subway_distribution': {'轨道交通5号线(太湖香山--阳澄湖南)': 273610.2907502529, '轨道交通3号线(苏州新区火车站--唯亭)': 267049.5150926626, '轨道交通4号线(龙道浜--同里)': 304291.96801397164, '轨道交通4号线(同里--龙道浜)': 141218.16765599838, '轨道交通1号线(木渎--钟南街)': 163101.99873408378, '轨道交通3号线(唯亭--苏州新区火车站)': 38348.24571189248, '轨道交通4号线支线(红庄--木里)': 9628.630723147347, '轨道交通1号线(钟南街--木渎)': 24331.877263199014, '轨道交通5号线(阳澄湖南--太湖香山)': 23180.39458368022, '轨道交通2号线(桑田岛--骑河)': 3213.1006332039774, '轨道交通4号线支线(木里--红庄)': 38448.75326571574, '轨道交通2号线(骑河--桑田岛)': 1064.8069271838515}, 'fuel_car_distance': 139398007261.14993, 'elec_car_distance': 258714780016.98557, 'subway_mileage': 10157168509.193068}}, 2022: {'(1, 2, 3, 4, 5, 6, 7, 8, 9, 10, 11, 12)': {'traffic_num': [874444.4373333333, 1730688.1722575226, 11286430.79774412, 4597832.398145098], 'traffic_ratio': [0.047294376005199514, 0.09360436600878887, 0.6104272371301032, 0.24867402085590845], 'carbon': 36515941685.22885, 'subway_distribution': {'轨道交通5号线(太湖香山--阳澄湖南)': 273610.2907502529, '轨道交通3号线(苏州新区火车站--唯亭)': 267049.5150926626, '轨道交通4号线(龙道浜--同里)': 304291.96801397164, '轨道交通4号线(同里--龙道浜)': 141218.16765599838, '轨道交通1号线(木渎--钟南街)': 163101.99873408378, '轨道交通3号线(唯亭--苏州新区火车站)': 38348.24571189248, '轨道交通4号线支线(红庄--木里)': 9628.630723147347, '轨道交通1号线(钟南街--木渎)': 24331.877263199014, '轨道交通5号线(阳澄湖南--太湖香山)': 23180.39458368022, '轨道交通2号线(桑田岛--骑河)': 3213.1006332039774, '轨道交通4号线支线(木里--红庄)': 38448.75326571574, '轨道交通2号线(骑河--桑田岛)': 1064.8069271838515}, 'fuel_car_distance': 139398007261.14993, 'elec_car_distance': 258714780016.98557, 'subway_mileage': 10157168509.193068}}, 2023: {'(1, 2, 3, 4, 5, 6)': {'traffic_num': [874444.4373333333, 1730688.1722575226, 11286430.79774412, 4597832.398145098], 'traffic_ratio': [0.047294376005199514, 0.09360436600878887, 0.6104272371301032, 0.24867402085590845], 'carbon': 36515941685.22885, 'subway_distribution': {'轨道交通5号线(太湖香山--阳澄湖南)': 273610.2907502529, '轨道交通3号线(苏州新区火车站--唯亭)': 267049.5150926626, '轨道交通4号线(龙道浜--同里)': 304291.96801397164, '轨道交通4号线(同里--龙道浜)': 141218.16765599838, '轨道交通1号线(木渎--钟南街)': 163101.99873408378, '轨道交通3号线(唯亭--苏州新区火车站)': 38348.24571189248, '轨道交通4号线支线(红庄--木里)': 9628.630723147347, '轨道交通1号线(钟南街--木渎)': 24331.877263199014, '轨道交通5号线(阳澄湖南--太湖香山)': 23180.39458368022, '轨道交通2号线(桑田岛--骑河)': 3213.1006332039774, '轨道交通4号线支线(木里--红庄)': 38448.75326571574, '轨道交通2号线(骑河--桑田岛)': 1064.8069271838515}, 'fuel_car_distance': 139398007261.14993, 'elec_car_distance': 258714780016.98557, 'subway_mileage': 10157168509.193068}, '(7, 8, 9, 10, 11, 12)': {'traffic_num': [1150923.8302527373, 1702381.4721000288, 11080826.975201368, 4555263.527925803], 'traffic_ratio': [0.06224777934126022, 0.09207339655714832, 0.5993071429579762, 0.24637168114361543], 'carbon': 35882120575.57507, 'subway_distribution': {'轨道交通5号线(太湖香山--阳澄湖南)': 327575.97357725375, '轨道交通3号线(苏州新区火车站--唯亭)': 386578.08873697236, '轨道交通4号线(龙道浜--同里)': 311296.9263657201, '轨道交通4号线(同里--龙道浜)': 147291.692699218, '轨道交通1号线(木渎--钟南街)': 178429.6158050447, '轨道交通3号线(唯亭--苏州新区火车站)': 38531.50595021198, '轨道交通4号线支线(红庄--木里)': 9640.131941791951, '轨道交通11号线(唯亭--花桥)': 270686.0781991261, '轨道交通1号线(钟南街--木渎)': 24873.909536774812, '轨道交通5号线(阳澄湖南--太湖香山)': 23413.148942908494, '轨道交通2号线(桑田岛--骑河)': 3237.8544903657316, '轨道交通4号线支线(木里--红庄)': 39268.97894001036, '轨道交通2号线(骑河--桑田岛)': 1092.4017761248756, '轨道交通11号线(花桥--唯亭)': 6047.293688137415}, 'fuel_car_distance': 136958006628.1606, 'elec_car_distance': 254271902231.80487, 'subway_mileage': 15804073554.549412}}}
2024-07-03 17:00:47,992 - root - INFO - keyunliang_true_list: [99.09178082191781, 88.80465753424657]
2024-07-03 17:00:47,992 - root - INFO - keyunliang_list: [54.61364463780084, 53.63486065688917, 38.43165822695472, 9.498797925626741, 9.206300737361843]
2024-07-03 17:00:47,992 - root - INFO - licheng_true_list: [712.4575342465754, 632.413698630137]
2024-07-03 17:00:47,992 - root - INFO - licheng_list: [448.34472327520854, 439.87495112392406, 311.20391869926794, 66.32256716438961, 64.01887559897578]
2024-07-03 17:00:47,992 - root - INFO - ratio: 1.8144143552238121
2024-07-03 17:00:48,316 - root - INFO - remove_subway_list: ['轨道交通1号线', '轨道交通2号线', '轨道交通3号线', '轨道交通4号线']
2024-07-03 17:02:34,135 - root - INFO - count, count_true: 211008, 0
2024-07-03 17:02:36,562 - root - INFO - count, count_true: 220886, 332
2024-07-03 17:02:36,698 - root - INFO - count, count_true: 218758, 332
2024-07-03 17:02:36,757 - root - INFO - count, count_true: 214889, 0
2024-07-03 17:02:38,551 - root - INFO - count, count_true: 223401, 340
2024-07-03 17:02:41,279 - root - INFO - count, count_true: 226236, 357
2024-07-03 17:02:41,990 - root - INFO - count, count_true: 229608, 17039
2024-07-03 17:02:44,596 - root - INFO - count, count_true: 232182, 17201
2024-07-03 17:05:41,945 - root - INFO - count, count_true: 223401, 340
2024-07-03 17:05:50,685 - root - INFO - count, count_true: 226236, 16769
2024-07-03 17:05:51,941 - root - INFO - count, count_true: 234769, 23882
2024-07-03 17:05:52,922 - root - INFO - count, count_true: 234769, 23882
2024-07-03 17:05:55,019 - root - INFO - count, count_true: 234769, 35086
2024-07-03 17:05:56,593 - root - INFO - count, count_true: 234769, 35086
2024-07-03 17:08:49,461 - root - INFO - count, count_true: 234769, 35086
2024-07-03 17:08:49,999 - root - INFO - count, count_true: 234769, 69072
2024-07-03 17:12:16,036 - root - INFO - count, count_true: 214889, 927
2024-07-03 17:12:16,079 - root - INFO - count, count_true: 211008, 913
2024-07-03 17:12:19,676 - root - INFO - count, count_true: 223401, 974
2024-07-03 17:12:20,001 - root - INFO - count, count_true: 226236, 983
2024-07-03 17:12:20,354 - root - INFO - count, count_true: 218758, 944
2024-07-03 17:12:24,554 - root - INFO - count, count_true: 220886, 955
2024-07-03 17:12:24,825 - root - INFO - count, count_true: 229608, 17319
2024-07-03 17:12:30,205 - root - INFO - count, count_true: 232182, 17465
2024-07-03 17:15:05,261 - root - INFO - count, count_true: 234769, 25314
2024-07-03 17:15:05,540 - root - INFO - count, count_true: 223401, 974
2024-07-03 17:15:06,414 - root - INFO - count, count_true: 226236, 17026
2024-07-03 17:15:07,489 - root - INFO - count, count_true: 234769, 25314
2024-07-03 17:15:14,137 - root - INFO - count, count_true: 234769, 36621
2024-07-03 17:15:20,660 - root - INFO - count, count_true: 234769, 36621
2024-07-03 17:18:02,737 - root - INFO - count, count_true: 234769, 36621
2024-07-03 17:18:26,170 - root - INFO - count, count_true: 234769, 71181
2024-07-03 17:22:00,195 - root - INFO - count, count_true: 218758, 1276
2024-07-03 17:22:01,105 - root - INFO - count, count_true: 211008, 913
2024-07-03 17:22:01,836 - root - INFO - count, count_true: 214889, 927
2024-07-03 17:22:01,852 - root - INFO - count, count_true: 220886, 1287
2024-07-03 17:22:03,281 - root - INFO - count, count_true: 226236, 1340
2024-07-03 17:22:04,145 - root - INFO - count, count_true: 229608, 19220
2024-07-03 17:22:04,160 - root - INFO - count, count_true: 223401, 1314
2024-07-03 17:22:07,172 - root - INFO - count, count_true: 232182, 19405
2024-07-03 17:24:56,224 - root - INFO - count, count_true: 223401, 1314
2024-07-03 17:25:01,334 - root - INFO - count, count_true: 226236, 18907
2024-07-03 17:25:01,731 - root - INFO - count, count_true: 234769, 21311
2024-07-03 17:25:02,394 - root - INFO - count, count_true: 234769, 21311
2024-07-03 17:25:02,725 - root - INFO - count, count_true: 234769, 31163
2024-07-03 17:25:06,984 - root - INFO - count, count_true: 234769, 31163
2024-07-03 17:27:57,842 - root - INFO - count, count_true: 234769, 31163
2024-07-03 17:28:05,272 - root - INFO - count, count_true: 234769, 48561
2024-07-03 17:31:28,365 - root - INFO - count, count_true: 211008, 913
2024-07-03 17:31:30,235 - root - INFO - count, count_true: 214889, 927
2024-07-03 17:31:30,923 - root - INFO - count, count_true: 218758, 1276
2024-07-03 17:31:31,601 - root - INFO - count, count_true: 223401, 1314
2024-07-03 17:31:32,740 - root - INFO - count, count_true: 220886, 1287
2024-07-03 17:31:33,402 - root - INFO - count, count_true: 226236, 1340
2024-07-03 17:31:37,000 - root - INFO - count, count_true: 229608, 1531
2024-07-03 17:31:37,608 - root - INFO - count, count_true: 232182, 1543
2024-07-03 17:34:15,136 - root - INFO - count, count_true: 223401, 1314
2024-07-03 17:34:16,441 - root - INFO - count, count_true: 234769, 7524
2024-07-03 17:34:18,721 - root - INFO - count, count_true: 234769, 7524
2024-07-03 17:34:19,388 - root - INFO - count, count_true: 234769, 15693
2024-07-03 17:34:20,829 - root - INFO - count, count_true: 226236, 1509
2024-07-03 17:34:22,975 - root - INFO - count, count_true: 234769, 15693
2024-07-03 17:37:21,247 - root - INFO - count, count_true: 234769, 15693
2024-07-03 17:37:27,701 - root - INFO - count, count_true: 234769, 47495
2024-07-03 17:40:32,279 - root - INFO - count, count_true: 206700, 0
2024-07-03 17:40:34,022 - root - INFO - count, count_true: 211008, 0
2024-07-03 17:40:34,801 - root - INFO - count, count_true: 209602, 0
2024-07-03 17:40:35,151 - root - INFO - count, count_true: 214889, 0
2024-07-03 17:40:35,898 - root - INFO - count, count_true: 218758, 0
2024-07-03 17:40:35,976 - root - INFO - count, count_true: 220886, 0
2024-07-03 17:40:36,529 - root - INFO - count, count_true: 226236, 0
2024-07-03 17:40:36,667 - root - INFO - count, count_true: 223401, 0
2024-07-03 17:41:58,368 - root - INFO - count, count_true: 229608, 0
2024-07-03 17:42:00,522 - root - INFO - count, count_true: 232182, 0
2024-07-03 17:42:01,744 - root - INFO - count, count_true: 234769, 0
2024-07-03 17:42:02,180 - root - INFO - count, count_true: 234769, 0
2024-07-03 17:42:02,180 - root - INFO - count, count_true: 234769, 0
2024-07-03 17:42:02,336 - root - INFO - count, count_true: 234769, 0
