2024-06-25 21:44:30,464 - root - INFO - City: Ningbo
2024-06-25 21:44:30,464 - root - INFO - Parking fee: 20
2024-06-25 21:46:00,148 - root - INFO - Year: 2019, Month: 6
2024-06-25 21:49:05,431 - root - INFO - count, count_true: 158237, 5730
2024-06-25 21:49:05,432 - root - INFO - len args: 159701, missing rate: 0.009167131076198647
2024-06-25 21:49:06,551 - root - INFO - count, count_true: 166557, 13615
2024-06-25 21:49:06,552 - root - INFO - len args: 168107, missing rate: 0.009220318011742522
2024-06-25 21:49:06,639 - root - INFO - count, count_true: 152546, 1127
2024-06-25 21:49:06,640 - root - INFO - len args: 153968, missing rate: 0.009235685337212928
2024-06-25 21:49:06,639 - root - INFO - count, count_true: 155851, 1107
2024-06-25 21:49:06,641 - root - INFO - len args: 157316, missing rate: 0.00931246662767932
2024-06-25 21:49:06,748 - root - INFO - count, count_true: 163957, 13430
2024-06-25 21:49:06,748 - root - INFO - len args: 165461, missing rate: 0.009089755289766169
2024-06-25 21:49:06,985 - root - INFO - count, count_true: 160967, 13172
2024-06-25 21:49:06,986 - root - INFO - len args: 162463, missing rate: 0.009208250493958625
2024-06-25 21:49:07,135 - root - INFO - count, count_true: 169260, 18481
2024-06-25 21:49:07,137 - root - INFO - len args: 170843, missing rate: 0.009265817153761055
2024-06-25 21:49:07,774 - root - INFO - count, count_true: 169260, 49410
2024-06-25 21:49:07,775 - root - INFO - len args: 170843, missing rate: 0.009265817153761055
2024-06-25 21:51:13,154 - root - INFO - count, count_true: 158237, 12876
2024-06-25 21:51:13,155 - root - INFO - len args: 159701, missing rate: 0.009167131076198647
2024-06-25 21:51:15,283 - root - INFO - count, count_true: 155851, 5575
2024-06-25 21:51:15,283 - root - INFO - len args: 157316, missing rate: 0.00931246662767932
2024-06-25 21:51:17,078 - root - INFO - count, count_true: 169260, 58205
2024-06-25 21:51:17,078 - root - INFO - len args: 170843, missing rate: 0.009265817153761055
2024-06-25 21:51:19,928 - root - INFO - count, count_true: 166557, 18101
2024-06-25 21:51:19,929 - root - INFO - len args: 168107, missing rate: 0.009220318011742522
2024-06-25 21:51:21,548 - root - INFO - count, count_true: 169260, 62066
2024-06-25 21:51:21,548 - root - INFO - len args: 170843, missing rate: 0.009265817153761055
2024-06-25 21:51:21,754 - root - INFO - count, count_true: 169260, 21298
2024-06-25 21:51:21,755 - root - INFO - len args: 170843, missing rate: 0.009265817153761055
2024-06-25 21:53:27,209 - root - INFO - count, count_true: 169260, 28835
2024-06-25 21:53:27,209 - root - INFO - len args: 170843, missing rate: 0.009265817153761055
2024-06-25 21:54:56,176 - root - INFO - Factual data collection finished, {2010: {}, 2011: {}, 2012: {}, 2013: {}, 2014: {'(6, 7, 8, 9, 10, 11, 12)': {'traffic_num': [67158.00235859689, 1216473.359161124, 6677531.744394037, 3235300.576032946], 'traffic_ratio': [0.005998144080696047, 0.10864799759254153, 0.5963964992947692, 0.28895735903199316], 'carbon': 21826809031.64359, 'subway_distribution': {'轨道交通1号线(霞浦--高桥西)': 1099.5245804099748, '轨道交通1号线(高桥西--霞浦)': 66058.4777781869}, 'fuel_car_distance': 81710100145.5071, 'elec_car_distance': 158413226850.0333, 'subway_mileage': 410202518.8602365}}, 2015: {'(1, 2, 3, 4, 5, 6, 7, 8, 9)': {'traffic_num': [67694.16611640612, 1249146.0675307114, 6942775.002433122, 3313585.200302948], 'traffic_ratio': [0.005849217464824419, 0.10793436736857293, 0.5999010421185491, 0.2863153730480535], 'carbon': 22738343648.73273, 'subway_distribution': {'轨道交通1号线(霞浦--高桥西)': 1109.2619984883397, '轨道交通1号线(高桥西--霞浦)': 66584.90411791777}, 'fuel_car_distance': 85185325109.59796, 'elec_car_distance': 164881997169.46906, 'subway_mileage': 413679283.8438951}, '(10, 11, 12)': {'traffic_num': [189298.7750710695, 1232550.649979784, 6879934.030897252, 3271416.9804351283], 'traffic_ratio': [0.016356648803554953, 0.10650041505415861, 0.5944711723188054, 0.28267176382348097], 'carbon': 22582339899.188057, 'subway_distribution': {'轨道交通2号线(红联--栎社国际机场)': 21192.83820080426, '轨道交通2号线(栎社国际机场--红联)': 109950.62565687284, '轨道交通1号线(霞浦--高桥西)': 3883.0299043776085, '轨道交通1号线(高桥西--霞浦)': 77000.95069802926}, 'fuel_car_distance': 84527033105.27151, 'elec_car_distance': 163923433057.268, 'subway_mileage': 1261914683.71996}}, 2016: {'(1, 2, 3)': {'traffic_num': [193621.99609163744, 1268136.370068077, 7090048.586547033, 3341894.8097911184], 'traffic_ratio': [0.016279372054052058, 0.10662251293929775, 0.5961179057728458, 0.2809802092338044], 'carbon': 23376429704.745087, 'subway_distribution': {'轨道交通2号线(红联--栎社国际机场)': 21602.771144451664, '轨道交通2号线(栎社国际机场--红联)': 112371.77135800866, '轨道交通1号线(霞浦--高桥西)': 3974.248504969293, '轨道交通1号线(高桥西--霞浦)': 79060.19018482597}, 'fuel_car_distance': 87373267396.68518, 'elec_car_distance': 169982467941.40704, 'subway_mileage': 1290966520.6452525}, '(4, 5, 6, 7, 8, 9, 10, 11, 12)': {'traffic_num': [269452.24028675037, 1260297.1481471304, 7029884.568611632, 3334067.8054523356], 'traffic_ratio': [0.022655035889361456, 0.10596340595330767, 0.5910594286782633, 0.28032212947906754], 'carbon': 23192378063.64583, 'subway_distribution': {'轨道交通2号线(红联--栎社国际机场)': 27566.94746374537, '轨道交通2号线(栎社国际机场--红联)': 121940.44549414708, '轨道交通1号线(高桥西--霞浦)': 148101.59626948685, '轨道交通1号线(霞浦--高桥西)': 5886.391107106264}, 'fuel_car_distance': 86583681214.25876, 'elec_car_distance': 168881817239.77295, 'subway_mileage': 2800749976.2472577}}, 2017: {'(1, 2, 3, 4, 5, 6, 7, 8, 9, 10, 11, 12)': {'traffic_num': [275041.6599654921, 1289780.9160746282, 7234090.216931719, 3409835.947460881], 'traffic_ratio': [0.02252824313228873, 0.10564398887194347, 0.5925333030217901, 0.2792944649739777], 'carbon': 23907782076.19842, 'subway_distribution': {'轨道交通2号线(红联--栎社国际机场)': 28274.836806343992, '轨道交通2号线(栎社国际机场--红联)': 124640.93152194151, '轨道交通1号线(高桥西--霞浦)': 150852.91748274723, '轨道交通1号线(霞浦--高桥西)': 6027.183431476503}, 'fuel_car_distance': 89197843760.00156, 'elec_car_distance': 174223661552.3472, 'subway_mileage': 2851413871.884042}}, 2018: {'(1, 2, 3, 4, 5, 6, 7, 8, 9, 10, 11, 12)': {'traffic_num': [280974.88583676197, 1318054.2247317564, 7417163.8659100775, 3484890.8656597715], 'traffic_ratio': [0.02247604202842463, 0.10543519596987978, 0.59332166391113, 0.27876709809056566], 'carbon': 24534403078.15664, 'subway_distribution': {'轨道交通2号线(红联--栎社国际机场)': 28851.06184418139, '轨道交通2号线(栎社国际机场--红联)': 127396.91022997003, '轨道交通1号线(高桥西--霞浦)': 154098.00168291107, '轨道交通1号线(霞浦--高桥西)': 6157.84784764021}, 'fuel_car_distance': 91531130694.3347, 'elec_car_distance': 178800760237.86255, 'subway_mileage': 2910509667.403476}}, 2019: {'(1, 2, 3, 4, 5, 6)': {'traffic_num': [286891.570784153, 1344898.3223860567, 7612821.605958762, 3557196.387277931], 'traffic_ratio': [0.022410238720171515, 0.10505534330147887, 0.5946676964307626, 0.27786672154758707], 'carbon': 25234039828.830723, 'subway_distribution': {'轨道交通2号线(红联--栎社国际机场)': 29381.12177649329, '轨道交通2号线(栎社国际机场--红联)': 130297.59713704372, '轨道交通1号线(高桥西--霞浦)': 157052.20189130254, '轨道交通1号线(霞浦--高桥西)': 6262.4805555199055}, 'fuel_car_distance': 94066123500.15784, 'elec_car_distance': 184075266331.60947, 'subway_mileage': 2973455084.5877934}, '(7, 8, 9, 10, 11, 12)': {'traffic_num': [354372.2141110362, 1334552.2576112626, 7579950.967987922, 3532932.446696681], 'traffic_ratio': [0.02768141947258187, 0.10424717113809406, 0.5921000404979047, 0.2759713688914194], 'carbon': 25160560360.559788, 'subway_distribution': {'轨道交通2号线(红联--栎社国际机场)': 30333.91717010993, '轨道交通2号线(栎社国际机场--红联)': 138519.7041833256, '轨道交通1号线(高桥西--霞浦)': 181478.12155702186, '轨道交通1号线(霞浦--高桥西)': 9373.070620224486, '轨道交通3号线(大通桥--金海路)': 28007.81970998153, '轨道交通3号线(金海路--大通桥)': 36824.50939784794}, 'fuel_car_distance': 93729223199.65514, 'elec_car_distance': 183686518241.02655, 'subway_mileage': 3668861825.953507}}, 2020: {'(1, 2, 3, 4, 5)': {'traffic_num': [362104.7772396906, 1363976.645905495, 7776088.519880974, 3606542.774686182], 'traffic_ratio': [0.027623214043772493, 0.10405115096179547, 0.5932000103544883, 0.2751256246399437], 'carbon': 25864308264.800327, 'subway_distribution': {'轨道交通2号线(红联--栎社国际机场)': 31007.69630059516, '轨道交通2号线(栎社国际机场--红联)': 141580.75646221716, '轨道交通1号线(霞浦--高桥西)': 9556.60574020642, '轨道交通1号线(高桥西--霞浦)': 185444.95782249127, '轨道交通3号线(大通桥--金海路)': 28561.969053021174, '轨道交通3号线(金海路--大通桥)': 37502.60317889897}, 'fuel_car_distance': 96298247296.16101, 'elec_car_distance': 188947279684.30478, 'subway_mileage': 3752389980.9863014}, '(6, 7, 8, 9)': {'traffic_num': [402739.37255136896, 1357021.7498861216, 7746053.084838552, 3602898.5104363374], 'traffic_ratio': [0.0307230298828039, 0.10352059573725537, 0.5909087529526947, 0.274847621427246], 'carbon': 25789979809.519577, 'subway_distribution': {'轨道交通2号线(红联--栎社国际机场)': 32482.593105377127, '轨道交通2号线(栎社国际机场--红联)': 181484.78242894114, '轨道交通1号线(霞浦--高桥西)': 11081.536455001977, '轨道交通1号线(高桥西--霞浦)': 189172.2853272453, '轨道交通3号线(大通桥--金海路)': 28605.233435172562, '轨道交通3号线(金海路--大通桥)': 41619.06482495381}, 'fuel_car_distance': 95943185925.54553, 'elec_car_distance': 188587399614.92108, 'subway_mileage': 4480250123.740943}, '(10, 11, 12)': {'traffic_num': [449922.4106282101, 1352382.8403726227, 7710851.433741843, 3595556.0329696154], 'traffic_ratio': [0.034322394602506, 0.10316671587022454, 0.5882233900299806, 0.274287499497289], 'carbon': 25696778130.753536, 'subway_distribution': {'轨道交通2号线(红联--栎社国际机场)': 34763.94136434804, '轨道交通2号线(栎社国际机场--红联)': 182624.7634735067, '轨道交通1号线(霞浦--高桥西)': 16483.362256377575, '轨道交通1号线(高桥西--霞浦)': 191853.49020577845, '轨道交通3号线(大通桥--金海路)': 34925.19776832688, '轨道交通3号线(金海路--大通桥)': 82230.97709502709}, 'fuel_car_distance': 95526819832.35188, 'elec_car_distance': 188068686093.98608, 'subway_mileage': 5340798961.101153}}, 2021: {'(1, 2, 3, 4, 5, 6, 7, 8, 9, 10, 11, 12)': {'traffic_num': [706262.4553031438, 1315730.889110602, 7581179.048268031, 3505540.3250305397], 'traffic_ratio': [0.05387733109360551, 0.10037071659468165, 0.5783313138005111, 0.26742063851120185], 'carbon': 25401983850.39548, 'subway_distribution': {'轨道交通4号线(慈城--东钱湖)': 237582.52448846083, '轨道交通3号线(大通桥--金海路)': 56128.39055148914, '轨道交通2号线(红联--栎社国际机场)': 50429.951786603066, '轨道交通2号线(栎社国际机场--红联)': 212691.28599699, '轨道交通4号线(东钱湖--慈城)': 43490.05721791224, '轨道交通1号线(高桥西--霞浦)': 215430.72058126403, '轨道交通1号线(霞浦--高桥西)': 18354.663619208124, '轨道交通3号线(金海路--大通桥)': 102354.76880985202}, 'fuel_car_distance': 94191921286.64493, 'elec_car_distance': 186469963592.82895, 'subway_mileage': 8208942880.753665}}, 2022: {'(1, 2, 3, 4, 5, 6, 7, 8, 9, 10, 11, 12)': {'traffic_num': [854428.0199138625, 1296025.4989860503, 7503620.909485636, 3454638.289326618], 'traffic_ratio': [0.0651801621038945, 0.09886748812756366, 0.572414780235967, 0.26353756953257484], 'carbon': 25240862840.748203, 'subway_distribution': {'轨道交通4号线(慈城--东钱湖)': 247128.71196203292, '轨道交通3号线(大通桥--金海路)': 61236.8041361898, '轨道交通2号线(红联--栎社国际机场)': 66295.41640024156, '轨道交通2号线(栎社国际机场--红联)': 228678.9199308891, '轨道交通4号线(东钱湖--慈城)': 49467.272827754845, '轨道交通5号线(兴庄路--布政)': 46603.80813858455, '轨道交通1号线(高桥西--霞浦)': 246338.14978183914, '轨道交通1号线(霞浦--高桥西)': 19678.237429288904, '轨道交通5号线(布政--兴庄路)': 141370.5896633205, '轨道交通3号线(金海路--大通桥)': 111406.60465284764}, 'fuel_car_distance': 93416681548.85968, 'elec_car_distance': 185702894210.3247, 'subway_mileage': 9971380042.61285}}, 2023: {'(1, 2, 3, 4, 5, 6, 7, 8, 9, 10, 11, 12)': {'traffic_num': [920859.0661497856, 1284826.8992541775, 7457087.626324489, 3445939.125983725], 'traffic_ratio': [0.07024786384291899, 0.09801320136630581, 0.568864982161723, 0.26287395262905217], 'carbon': 25133709666.447643, 'subway_distribution': {'轨道交通4号线(慈城--东钱湖)': 247467.1825911848, '轨道交通3号线(大通桥--金海路)': 61030.66820051109, '轨道交通2号线(红联--栎社国际机场)': 67975.28052036246, '轨道交通2号线(栎社国际机场--红联)': 297534.5444834533, '轨道交通4号线(东钱湖--慈城)': 51549.49976965372, '轨道交通5号线(兴庄路--布政)': 44759.85644325929, '轨道交通1号线(高桥西--霞浦)': 245980.37277037144, '轨道交通1号线(霞浦--高桥西)': 21152.169030164147, '轨道交通5号线(布政--兴庄路)': 145285.81264955312, '轨道交通3号线(金海路--大通桥)': 114182.4263049112}, 'fuel_car_distance': 92944731265.04051, 'elec_car_distance': 185090770355.22964, 'subway_mileage': 10770672855.377157}}}
2024-06-25 21:54:56,276 - root - INFO - jinzhanliang_true_list: [31.77972602739726, 27.05698630136986, 24.40794520547945, 21.770410958904108, 9.413698630136986]
2024-06-25 21:54:56,277 - root - INFO - jinzhanliang_list: [32.063189244759464, 28.097488583676196, 27.504165996549208, 25.049467923797213, 9.809531835507197, 3.9175501375848185]
2024-06-25 21:54:56,277 - root - INFO - keyunliang_true_list: [45.84054794520548, 34.074246575342464, 30.776438356164384, 27.30986301369863, 10.345205479452055]
2024-06-25 21:54:56,277 - root - INFO - keyunliang_list: [37.376527199943546, 31.65038216047027, 30.979586924250935, 28.187378054892807, 10.377748570232557, 3.917550137584817]
2024-06-25 21:54:56,277 - root - INFO - licheng_true_list: [347.79808219178085, 275.1364383561644, 270.50520547945206, 220.36410958904108, 56.29041095890411]
2024-06-25 21:54:56,277 - root - INFO - licheng_list: [332.115845527065, 291.05096674034763, 285.14138718840417, 242.3304112346756, 62.57381338129113, 23.92848026684713]
2024-06-25 21:54:56,277 - root - INFO - ratio: 0.9911592320028322
2024-06-25 21:54:56,347 - matplotlib.font_manager - WARNING - findfont: Generic family 'sans-serif' not found because none of the following families were found: Times New Roman
2024-06-25 21:54:56,358 - matplotlib.font_manager - WARNING - findfont: Generic family 'sans-serif' not found because none of the following families were found: Times New Roman
2024-06-25 21:54:56,359 - matplotlib.font_manager - WARNING - findfont: Generic family 'sans-serif' not found because none of the following families were found: Times New Roman
2024-06-25 21:54:56,359 - matplotlib.font_manager - WARNING - findfont: Generic family 'sans-serif' not found because none of the following families were found: Times New Roman
2024-06-25 21:54:56,360 - matplotlib.font_manager - WARNING - findfont: Generic family 'sans-serif' not found because none of the following families were found: Times New Roman
2024-06-25 21:54:56,360 - matplotlib.font_manager - WARNING - findfont: Generic family 'sans-serif' not found because none of the following families were found: Times New Roman
2024-06-25 21:54:56,375 - matplotlib.font_manager - WARNING - findfont: Generic family 'sans-serif' not found because none of the following families were found: Times New Roman
2024-06-25 21:54:56,376 - matplotlib.font_manager - WARNING - findfont: Generic family 'sans-serif' not found because none of the following families were found: Times New Roman
2024-06-25 21:54:56,376 - matplotlib.font_manager - WARNING - findfont: Generic family 'sans-serif' not found because none of the following families were found: Times New Roman
2024-06-25 21:54:56,376 - matplotlib.font_manager - WARNING - findfont: Generic family 'sans-serif' not found because none of the following families were found: Times New Roman
2024-06-25 21:54:56,376 - matplotlib.font_manager - WARNING - findfont: Generic family 'sans-serif' not found because none of the following families were found: Times New Roman
2024-06-25 21:54:56,377 - matplotlib.font_manager - WARNING - findfont: Generic family 'sans-serif' not found because none of the following families were found: Times New Roman
2024-06-25 21:54:56,377 - matplotlib.font_manager - WARNING - findfont: Generic family 'sans-serif' not found because none of the following families were found: Times New Roman
2024-06-25 21:54:56,384 - matplotlib.font_manager - WARNING - findfont: Generic family 'sans-serif' not found because none of the following families were found: Times New Roman
2024-06-25 21:54:56,385 - matplotlib.font_manager - WARNING - findfont: Generic family 'sans-serif' not found because none of the following families were found: Times New Roman
2024-06-25 21:54:56,394 - matplotlib.font_manager - WARNING - findfont: Generic family 'sans-serif' not found because none of the following families were found: Times New Roman
2024-06-25 21:54:56,395 - matplotlib.font_manager - WARNING - findfont: Generic family 'sans-serif' not found because none of the following families were found: Times New Roman
2024-06-25 21:54:56,396 - matplotlib.font_manager - WARNING - findfont: Generic family 'sans-serif' not found because none of the following families were found: Times New Roman
2024-06-25 21:54:56,396 - matplotlib.font_manager - WARNING - findfont: Generic family 'sans-serif' not found because none of the following families were found: Times New Roman
2024-06-25 21:54:56,398 - matplotlib.font_manager - WARNING - findfont: Generic family 'sans-serif' not found because none of the following families were found: Times New Roman
2024-06-25 21:54:56,398 - matplotlib.font_manager - WARNING - findfont: Generic family 'sans-serif' not found because none of the following families were found: Times New Roman
2024-06-25 21:54:56,398 - matplotlib.font_manager - WARNING - findfont: Generic family 'sans-serif' not found because none of the following families were found: Times New Roman
2024-06-25 21:54:56,399 - matplotlib.font_manager - WARNING - findfont: Generic family 'sans-serif' not found because none of the following families were found: Times New Roman
2024-06-25 21:54:56,399 - matplotlib.font_manager - WARNING - findfont: Generic family 'sans-serif' not found because none of the following families were found: Times New Roman
2024-06-25 21:54:56,401 - matplotlib.font_manager - WARNING - findfont: Generic family 'sans-serif' not found because none of the following families were found: Times New Roman
2024-06-25 21:54:56,401 - matplotlib.font_manager - WARNING - findfont: Generic family 'sans-serif' not found because none of the following families were found: Times New Roman
2024-06-25 21:54:56,403 - matplotlib.font_manager - WARNING - findfont: Generic family 'sans-serif' not found because none of the following families were found: Times New Roman
2024-06-25 21:54:56,403 - matplotlib.font_manager - WARNING - findfont: Generic family 'sans-serif' not found because none of the following families were found: Times New Roman
2024-06-25 21:54:56,403 - matplotlib.font_manager - WARNING - findfont: Generic family 'sans-serif' not found because none of the following families were found: Times New Roman
2024-06-25 21:54:56,404 - matplotlib.font_manager - WARNING - findfont: Generic family 'sans-serif' not found because none of the following families were found: Times New Roman
2024-06-25 21:54:56,404 - matplotlib.font_manager - WARNING - findfont: Generic family 'sans-serif' not found because none of the following families were found: Times New Roman
2024-06-25 21:54:56,405 - matplotlib.font_manager - WARNING - findfont: Generic family 'sans-serif' not found because none of the following families were found: Times New Roman
2024-06-25 21:54:56,421 - matplotlib.font_manager - WARNING - findfont: Generic family 'sans-serif' not found because none of the following families were found: Times New Roman
2024-06-25 21:54:56,422 - matplotlib.font_manager - WARNING - findfont: Generic family 'sans-serif' not found because none of the following families were found: Times New Roman
2024-06-25 21:54:56,426 - matplotlib.font_manager - WARNING - findfont: Generic family 'sans-serif' not found because none of the following families were found: Times New Roman
2024-06-25 21:54:56,427 - matplotlib.font_manager - WARNING - findfont: Generic family 'sans-serif' not found because none of the following families were found: Times New Roman
2024-06-25 21:54:56,436 - matplotlib.font_manager - WARNING - findfont: Generic family 'sans-serif' not found because none of the following families were found: Times New Roman
2024-06-25 21:54:56,436 - matplotlib.font_manager - WARNING - findfont: Generic family 'sans-serif' not found because none of the following families were found: Times New Roman
2024-06-25 21:54:56,445 - matplotlib.font_manager - WARNING - findfont: Generic family 'sans-serif' not found because none of the following families were found: Times New Roman
2024-06-25 21:54:56,445 - matplotlib.font_manager - WARNING - findfont: Generic family 'sans-serif' not found because none of the following families were found: Times New Roman
2024-06-25 21:54:56,445 - matplotlib.font_manager - WARNING - findfont: Generic family 'sans-serif' not found because none of the following families were found: Times New Roman
2024-06-25 21:54:56,446 - matplotlib.font_manager - WARNING - findfont: Generic family 'sans-serif' not found because none of the following families were found: Times New Roman
2024-06-25 21:54:56,446 - matplotlib.font_manager - WARNING - findfont: Generic family 'sans-serif' not found because none of the following families were found: Times New Roman
2024-06-25 21:54:56,446 - matplotlib.font_manager - WARNING - findfont: Generic family 'sans-serif' not found because none of the following families were found: Times New Roman
2024-06-25 21:54:56,447 - matplotlib.font_manager - WARNING - findfont: Generic family 'sans-serif' not found because none of the following families were found: Times New Roman
2024-06-25 21:54:56,447 - matplotlib.font_manager - WARNING - findfont: Generic family 'sans-serif' not found because none of the following families were found: Times New Roman
2024-06-25 21:54:56,448 - matplotlib.font_manager - WARNING - findfont: Generic family 'sans-serif' not found because none of the following families were found: Times New Roman
2024-06-25 21:54:56,448 - matplotlib.font_manager - WARNING - findfont: Generic family 'sans-serif' not found because none of the following families were found: Times New Roman
2024-06-25 21:54:56,449 - matplotlib.font_manager - WARNING - findfont: Generic family 'sans-serif' not found because none of the following families were found: Times New Roman
2024-06-25 21:54:56,451 - matplotlib.font_manager - WARNING - findfont: Generic family 'sans-serif' not found because none of the following families were found: Times New Roman
2024-06-25 21:54:56,451 - matplotlib.font_manager - WARNING - findfont: Generic family 'sans-serif' not found because none of the following families were found: Times New Roman
2024-06-25 21:54:56,451 - matplotlib.font_manager - WARNING - findfont: Generic family 'sans-serif' not found because none of the following families were found: Times New Roman
2024-06-25 21:54:56,452 - matplotlib.font_manager - WARNING - findfont: Generic family 'sans-serif' not found because none of the following families were found: Times New Roman
2024-06-25 21:54:56,452 - matplotlib.font_manager - WARNING - findfont: Generic family 'sans-serif' not found because none of the following families were found: Times New Roman
2024-06-25 21:54:56,452 - matplotlib.font_manager - WARNING - findfont: Generic family 'sans-serif' not found because none of the following families were found: Times New Roman
2024-06-25 21:54:56,452 - matplotlib.font_manager - WARNING - findfont: Generic family 'sans-serif' not found because none of the following families were found: Times New Roman
2024-06-25 21:54:56,453 - matplotlib.font_manager - WARNING - findfont: Generic family 'sans-serif' not found because none of the following families were found: Times New Roman
2024-06-25 21:54:56,453 - matplotlib.font_manager - WARNING - findfont: Generic family 'sans-serif' not found because none of the following families were found: Times New Roman
2024-06-25 21:54:56,453 - matplotlib.font_manager - WARNING - findfont: Generic family 'sans-serif' not found because none of the following families were found: Times New Roman
2024-06-25 21:54:56,454 - matplotlib.font_manager - WARNING - findfont: Generic family 'sans-serif' not found because none of the following families were found: Times New Roman
2024-06-25 21:54:56,454 - matplotlib.font_manager - WARNING - findfont: Generic family 'sans-serif' not found because none of the following families were found: Times New Roman
2024-06-25 21:54:56,455 - matplotlib.font_manager - WARNING - findfont: Generic family 'sans-serif' not found because none of the following families were found: Times New Roman
2024-06-25 21:54:56,455 - matplotlib.font_manager - WARNING - findfont: Generic family 'sans-serif' not found because none of the following families were found: Times New Roman
2024-06-25 21:54:56,458 - matplotlib.font_manager - WARNING - findfont: Generic family 'sans-serif' not found because none of the following families were found: Times New Roman
2024-06-25 21:54:56,458 - matplotlib.font_manager - WARNING - findfont: Generic family 'sans-serif' not found because none of the following families were found: Times New Roman
2024-06-25 21:54:56,460 - matplotlib.font_manager - WARNING - findfont: Generic family 'sans-serif' not found because none of the following families were found: Times New Roman
2024-06-25 21:54:56,460 - matplotlib.font_manager - WARNING - findfont: Generic family 'sans-serif' not found because none of the following families were found: Times New Roman
2024-06-25 21:54:56,460 - matplotlib.font_manager - WARNING - findfont: Generic family 'sans-serif' not found because none of the following families were found: Times New Roman
2024-06-25 21:54:56,460 - matplotlib.font_manager - WARNING - findfont: Generic family 'sans-serif' not found because none of the following families were found: Times New Roman
2024-06-25 21:54:56,460 - matplotlib.font_manager - WARNING - findfont: Generic family 'sans-serif' not found because none of the following families were found: Times New Roman
2024-06-25 21:54:56,461 - matplotlib.font_manager - WARNING - findfont: Generic family 'sans-serif' not found because none of the following families were found: Times New Roman
2024-06-25 21:54:56,461 - matplotlib.font_manager - WARNING - findfont: Generic family 'sans-serif' not found because none of the following families were found: Times New Roman
2024-06-25 21:54:56,461 - matplotlib.font_manager - WARNING - findfont: Generic family 'sans-serif' not found because none of the following families were found: Times New Roman
2024-06-25 21:54:56,461 - matplotlib.font_manager - WARNING - findfont: Generic family 'sans-serif' not found because none of the following families were found: Times New Roman
2024-06-25 21:54:56,461 - matplotlib.font_manager - WARNING - findfont: Generic family 'sans-serif' not found because none of the following families were found: Times New Roman
2024-06-25 21:54:56,462 - matplotlib.font_manager - WARNING - findfont: Generic family 'sans-serif' not found because none of the following families were found: Times New Roman
2024-06-25 21:54:56,462 - matplotlib.font_manager - WARNING - findfont: Generic family 'sans-serif' not found because none of the following families were found: Times New Roman
2024-06-25 21:54:56,462 - matplotlib.font_manager - WARNING - findfont: Generic family 'sans-serif' not found because none of the following families were found: Times New Roman
2024-06-25 21:54:56,462 - matplotlib.font_manager - WARNING - findfont: Generic family 'sans-serif' not found because none of the following families were found: Times New Roman
2024-06-25 21:54:56,463 - matplotlib.font_manager - WARNING - findfont: Generic family 'sans-serif' not found because none of the following families were found: Times New Roman
2024-06-25 21:54:56,463 - matplotlib.font_manager - WARNING - findfont: Generic family 'sans-serif' not found because none of the following families were found: Times New Roman
2024-06-25 21:54:56,463 - matplotlib.font_manager - WARNING - findfont: Generic family 'sans-serif' not found because none of the following families were found: Times New Roman
2024-06-25 21:54:56,463 - matplotlib.font_manager - WARNING - findfont: Generic family 'sans-serif' not found because none of the following families were found: Times New Roman
2024-06-25 21:54:56,464 - matplotlib.font_manager - WARNING - findfont: Generic family 'sans-serif' not found because none of the following families were found: Times New Roman
2024-06-25 21:54:56,464 - matplotlib.font_manager - WARNING - findfont: Generic family 'sans-serif' not found because none of the following families were found: Times New Roman
2024-06-25 21:54:56,465 - matplotlib.font_manager - WARNING - findfont: Generic family 'sans-serif' not found because none of the following families were found: Times New Roman
2024-06-25 21:54:56,465 - matplotlib.font_manager - WARNING - findfont: Generic family 'sans-serif' not found because none of the following families were found: Times New Roman
2024-06-25 21:54:56,466 - matplotlib.font_manager - WARNING - findfont: Generic family 'sans-serif' not found because none of the following families were found: Times New Roman
2024-06-25 21:54:56,466 - matplotlib.font_manager - WARNING - findfont: Generic family 'sans-serif' not found because none of the following families were found: Times New Roman
2024-06-25 21:54:56,467 - matplotlib.font_manager - WARNING - findfont: Generic family 'sans-serif' not found because none of the following families were found: Times New Roman
2024-06-25 21:54:56,467 - matplotlib.font_manager - WARNING - findfont: Generic family 'sans-serif' not found because none of the following families were found: Times New Roman
2024-06-25 21:54:56,467 - matplotlib.font_manager - WARNING - findfont: Generic family 'sans-serif' not found because none of the following families were found: Times New Roman
2024-06-25 21:54:56,468 - matplotlib.font_manager - WARNING - findfont: Generic family 'sans-serif' not found because none of the following families were found: Times New Roman
2024-06-25 21:54:56,468 - matplotlib.font_manager - WARNING - findfont: Generic family 'sans-serif' not found because none of the following families were found: Times New Roman
2024-06-25 21:54:56,469 - matplotlib.font_manager - WARNING - findfont: Generic family 'sans-serif' not found because none of the following families were found: Times New Roman
2024-06-25 21:54:56,512 - matplotlib.font_manager - WARNING - findfont: Generic family 'sans-serif' not found because none of the following families were found: Times New Roman
2024-06-25 21:54:56,512 - matplotlib.font_manager - WARNING - findfont: Generic family 'sans-serif' not found because none of the following families were found: Times New Roman
2024-06-25 21:54:56,512 - matplotlib.font_manager - WARNING - findfont: Generic family 'sans-serif' not found because none of the following families were found: Times New Roman
2024-06-25 21:54:56,513 - matplotlib.font_manager - WARNING - findfont: Generic family 'sans-serif' not found because none of the following families were found: Times New Roman
2024-06-25 21:54:56,513 - matplotlib.font_manager - WARNING - findfont: Generic family 'sans-serif' not found because none of the following families were found: Times New Roman
2024-06-25 21:54:56,513 - matplotlib.font_manager - WARNING - findfont: Generic family 'sans-serif' not found because none of the following families were found: Times New Roman
2024-06-25 21:54:56,514 - matplotlib.font_manager - WARNING - findfont: Generic family 'sans-serif' not found because none of the following families were found: Times New Roman
2024-06-25 21:54:56,514 - matplotlib.font_manager - WARNING - findfont: Generic family 'sans-serif' not found because none of the following families were found: Times New Roman
2024-06-25 21:54:56,515 - matplotlib.font_manager - WARNING - findfont: Generic family 'sans-serif' not found because none of the following families were found: Times New Roman
2024-06-25 21:54:56,515 - matplotlib.font_manager - WARNING - findfont: Generic family 'sans-serif' not found because none of the following families were found: Times New Roman
2024-06-25 21:54:56,516 - matplotlib.font_manager - WARNING - findfont: Generic family 'sans-serif' not found because none of the following families were found: Times New Roman
2024-06-25 21:54:56,518 - matplotlib.font_manager - WARNING - findfont: Generic family 'sans-serif' not found because none of the following families were found: Times New Roman
2024-06-25 21:54:56,518 - matplotlib.font_manager - WARNING - findfont: Generic family 'sans-serif' not found because none of the following families were found: Times New Roman
2024-06-25 21:54:56,518 - matplotlib.font_manager - WARNING - findfont: Generic family 'sans-serif' not found because none of the following families were found: Times New Roman
2024-06-25 21:54:56,519 - matplotlib.font_manager - WARNING - findfont: Generic family 'sans-serif' not found because none of the following families were found: Times New Roman
2024-06-25 21:54:56,519 - matplotlib.font_manager - WARNING - findfont: Generic family 'sans-serif' not found because none of the following families were found: Times New Roman
2024-06-25 21:54:56,519 - matplotlib.font_manager - WARNING - findfont: Generic family 'sans-serif' not found because none of the following families were found: Times New Roman
2024-06-25 21:54:56,519 - matplotlib.font_manager - WARNING - findfont: Generic family 'sans-serif' not found because none of the following families were found: Times New Roman
2024-06-25 21:54:56,520 - matplotlib.font_manager - WARNING - findfont: Generic family 'sans-serif' not found because none of the following families were found: Times New Roman
2024-06-25 21:54:56,520 - matplotlib.font_manager - WARNING - findfont: Generic family 'sans-serif' not found because none of the following families were found: Times New Roman
2024-06-25 21:54:56,520 - matplotlib.font_manager - WARNING - findfont: Generic family 'sans-serif' not found because none of the following families were found: Times New Roman
2024-06-25 21:54:56,521 - matplotlib.font_manager - WARNING - findfont: Generic family 'sans-serif' not found because none of the following families were found: Times New Roman
2024-06-25 21:54:56,521 - matplotlib.font_manager - WARNING - findfont: Generic family 'sans-serif' not found because none of the following families were found: Times New Roman
2024-06-25 21:54:56,522 - matplotlib.font_manager - WARNING - findfont: Generic family 'sans-serif' not found because none of the following families were found: Times New Roman
2024-06-25 21:54:56,522 - matplotlib.font_manager - WARNING - findfont: Generic family 'sans-serif' not found because none of the following families were found: Times New Roman
2024-06-25 21:54:56,524 - matplotlib.font_manager - WARNING - findfont: Generic family 'sans-serif' not found because none of the following families were found: Times New Roman
2024-06-25 21:54:56,525 - matplotlib.font_manager - WARNING - findfont: Generic family 'sans-serif' not found because none of the following families were found: Times New Roman
2024-06-25 21:54:56,526 - matplotlib.font_manager - WARNING - findfont: Generic family 'sans-serif' not found because none of the following families were found: Times New Roman
2024-06-25 21:54:56,527 - matplotlib.font_manager - WARNING - findfont: Generic family 'sans-serif' not found because none of the following families were found: Times New Roman
2024-06-25 21:54:56,527 - matplotlib.font_manager - WARNING - findfont: Generic family 'sans-serif' not found because none of the following families were found: Times New Roman
2024-06-25 21:54:56,527 - matplotlib.font_manager - WARNING - findfont: Generic family 'sans-serif' not found because none of the following families were found: Times New Roman
2024-06-25 21:54:56,527 - matplotlib.font_manager - WARNING - findfont: Generic family 'sans-serif' not found because none of the following families were found: Times New Roman
2024-06-25 21:54:56,528 - matplotlib.font_manager - WARNING - findfont: Generic family 'sans-serif' not found because none of the following families were found: Times New Roman
2024-06-25 21:54:56,528 - matplotlib.font_manager - WARNING - findfont: Generic family 'sans-serif' not found because none of the following families were found: Times New Roman
2024-06-25 21:54:56,528 - matplotlib.font_manager - WARNING - findfont: Generic family 'sans-serif' not found because none of the following families were found: Times New Roman
2024-06-25 21:54:56,528 - matplotlib.font_manager - WARNING - findfont: Generic family 'sans-serif' not found because none of the following families were found: Times New Roman
2024-06-25 21:54:56,528 - matplotlib.font_manager - WARNING - findfont: Generic family 'sans-serif' not found because none of the following families were found: Times New Roman
2024-06-25 21:54:56,529 - matplotlib.font_manager - WARNING - findfont: Generic family 'sans-serif' not found because none of the following families were found: Times New Roman
2024-06-25 21:54:56,529 - matplotlib.font_manager - WARNING - findfont: Generic family 'sans-serif' not found because none of the following families were found: Times New Roman
2024-06-25 21:54:56,529 - matplotlib.font_manager - WARNING - findfont: Generic family 'sans-serif' not found because none of the following families were found: Times New Roman
2024-06-25 21:54:56,529 - matplotlib.font_manager - WARNING - findfont: Generic family 'sans-serif' not found because none of the following families were found: Times New Roman
2024-06-25 21:54:56,530 - matplotlib.font_manager - WARNING - findfont: Generic family 'sans-serif' not found because none of the following families were found: Times New Roman
2024-06-25 21:54:56,530 - matplotlib.font_manager - WARNING - findfont: Generic family 'sans-serif' not found because none of the following families were found: Times New Roman
2024-06-25 21:54:56,530 - matplotlib.font_manager - WARNING - findfont: Generic family 'sans-serif' not found because none of the following families were found: Times New Roman
2024-06-25 21:54:56,530 - matplotlib.font_manager - WARNING - findfont: Generic family 'sans-serif' not found because none of the following families were found: Times New Roman
2024-06-25 21:54:56,530 - matplotlib.font_manager - WARNING - findfont: Generic family 'sans-serif' not found because none of the following families were found: Times New Roman
2024-06-25 21:54:56,531 - matplotlib.font_manager - WARNING - findfont: Generic family 'sans-serif' not found because none of the following families were found: Times New Roman
2024-06-25 21:54:56,532 - matplotlib.font_manager - WARNING - findfont: Generic family 'sans-serif' not found because none of the following families were found: Times New Roman
2024-06-25 21:54:56,532 - matplotlib.font_manager - WARNING - findfont: Generic family 'sans-serif' not found because none of the following families were found: Times New Roman
2024-06-25 21:54:56,533 - matplotlib.font_manager - WARNING - findfont: Generic family 'sans-serif' not found because none of the following families were found: Times New Roman
2024-06-25 21:54:56,533 - matplotlib.font_manager - WARNING - findfont: Generic family 'sans-serif' not found because none of the following families were found: Times New Roman
2024-06-25 21:54:56,534 - matplotlib.font_manager - WARNING - findfont: Generic family 'sans-serif' not found because none of the following families were found: Times New Roman
2024-06-25 21:54:56,535 - matplotlib.font_manager - WARNING - findfont: Generic family 'sans-serif' not found because none of the following families were found: Times New Roman
2024-06-25 21:54:56,535 - matplotlib.font_manager - WARNING - findfont: Generic family 'sans-serif' not found because none of the following families were found: Times New Roman
2024-06-25 21:54:56,536 - matplotlib.font_manager - WARNING - findfont: Generic family 'sans-serif' not found because none of the following families were found: Times New Roman
2024-06-25 21:54:56,536 - matplotlib.font_manager - WARNING - findfont: Generic family 'sans-serif' not found because none of the following families were found: Times New Roman
2024-06-25 21:54:56,537 - matplotlib.font_manager - WARNING - findfont: Generic family 'sans-serif' not found because none of the following families were found: Times New Roman
2024-06-25 21:54:56,564 - matplotlib.font_manager - WARNING - findfont: Generic family 'sans-serif' not found because none of the following families were found: Times New Roman
2024-06-25 21:54:56,564 - matplotlib.font_manager - WARNING - findfont: Generic family 'sans-serif' not found because none of the following families were found: Times New Roman
2024-06-25 21:54:56,564 - matplotlib.font_manager - WARNING - findfont: Generic family 'sans-serif' not found because none of the following families were found: Times New Roman
2024-06-25 21:54:56,564 - matplotlib.font_manager - WARNING - findfont: Generic family 'sans-serif' not found because none of the following families were found: Times New Roman
2024-06-25 21:54:56,565 - matplotlib.font_manager - WARNING - findfont: Generic family 'sans-serif' not found because none of the following families were found: Times New Roman
2024-06-25 21:54:56,565 - matplotlib.font_manager - WARNING - findfont: Generic family 'sans-serif' not found because none of the following families were found: Times New Roman
2024-06-25 21:54:56,568 - matplotlib.font_manager - WARNING - findfont: Generic family 'sans-serif' not found because none of the following families were found: Times New Roman
2024-06-25 21:54:56,568 - matplotlib.font_manager - WARNING - findfont: Generic family 'sans-serif' not found because none of the following families were found: Times New Roman
2024-06-25 21:54:56,568 - matplotlib.font_manager - WARNING - findfont: Generic family 'sans-serif' not found because none of the following families were found: Times New Roman
2024-06-25 21:54:56,568 - matplotlib.font_manager - WARNING - findfont: Generic family 'sans-serif' not found because none of the following families were found: Times New Roman
2024-06-25 21:54:56,569 - matplotlib.font_manager - WARNING - findfont: Generic family 'sans-serif' not found because none of the following families were found: Times New Roman
2024-06-25 21:54:56,572 - matplotlib.font_manager - WARNING - findfont: Generic family 'sans-serif' not found because none of the following families were found: Times New Roman
2024-06-25 21:54:56,574 - matplotlib.font_manager - WARNING - findfont: Generic family 'sans-serif' not found because none of the following families were found: Times New Roman
2024-06-25 21:54:56,574 - matplotlib.font_manager - WARNING - findfont: Generic family 'sans-serif' not found because none of the following families were found: Times New Roman
2024-06-25 21:54:56,576 - matplotlib.font_manager - WARNING - findfont: Generic family 'sans-serif' not found because none of the following families were found: Times New Roman
2024-06-25 21:54:56,576 - matplotlib.font_manager - WARNING - findfont: Generic family 'sans-serif' not found because none of the following families were found: Times New Roman
2024-06-25 21:54:56,576 - matplotlib.font_manager - WARNING - findfont: Generic family 'sans-serif' not found because none of the following families were found: Times New Roman
2024-06-25 21:54:56,577 - matplotlib.font_manager - WARNING - findfont: Generic family 'sans-serif' not found because none of the following families were found: Times New Roman
2024-06-25 21:54:56,577 - matplotlib.font_manager - WARNING - findfont: Generic family 'sans-serif' not found because none of the following families were found: Times New Roman
2024-06-25 21:54:56,577 - matplotlib.font_manager - WARNING - findfont: Generic family 'sans-serif' not found because none of the following families were found: Times New Roman
2024-06-25 21:54:56,578 - matplotlib.font_manager - WARNING - findfont: Generic family 'sans-serif' not found because none of the following families were found: Times New Roman
2024-06-25 21:54:56,578 - matplotlib.font_manager - WARNING - findfont: Generic family 'sans-serif' not found because none of the following families were found: Times New Roman
2024-06-25 21:54:56,578 - matplotlib.font_manager - WARNING - findfont: Generic family 'sans-serif' not found because none of the following families were found: Times New Roman
2024-06-25 21:54:56,578 - matplotlib.font_manager - WARNING - findfont: Generic family 'sans-serif' not found because none of the following families were found: Times New Roman
2024-06-25 21:54:56,579 - matplotlib.font_manager - WARNING - findfont: Generic family 'sans-serif' not found because none of the following families were found: Times New Roman
2024-06-25 21:54:56,580 - matplotlib.font_manager - WARNING - findfont: Generic family 'sans-serif' not found because none of the following families were found: Times New Roman
2024-06-25 21:54:56,580 - matplotlib.font_manager - WARNING - findfont: Generic family 'sans-serif' not found because none of the following families were found: Times New Roman
2024-06-25 21:54:56,581 - matplotlib.font_manager - WARNING - findfont: Generic family 'sans-serif' not found because none of the following families were found: Times New Roman
2024-06-25 21:54:56,581 - matplotlib.font_manager - WARNING - findfont: Generic family 'sans-serif' not found because none of the following families were found: Times New Roman
2024-06-25 21:54:56,581 - matplotlib.font_manager - WARNING - findfont: Generic family 'sans-serif' not found because none of the following families were found: Times New Roman
2024-06-25 21:54:56,582 - matplotlib.font_manager - WARNING - findfont: Generic family 'sans-serif' not found because none of the following families were found: Times New Roman
2024-06-25 21:54:56,582 - matplotlib.font_manager - WARNING - findfont: Generic family 'sans-serif' not found because none of the following families were found: Times New Roman
2024-06-25 21:54:56,591 - matplotlib.font_manager - WARNING - findfont: Generic family 'sans-serif' not found because none of the following families were found: Times New Roman
2024-06-25 21:54:56,591 - matplotlib.font_manager - WARNING - findfont: Generic family 'sans-serif' not found because none of the following families were found: Times New Roman
2024-06-25 21:54:56,595 - matplotlib.font_manager - WARNING - findfont: Generic family 'sans-serif' not found because none of the following families were found: Times New Roman
2024-06-25 21:54:56,596 - matplotlib.font_manager - WARNING - findfont: Generic family 'sans-serif' not found because none of the following families were found: Times New Roman
2024-06-25 21:54:56,609 - matplotlib.font_manager - WARNING - findfont: Generic family 'sans-serif' not found because none of the following families were found: Times New Roman
2024-06-25 21:54:56,610 - matplotlib.font_manager - WARNING - findfont: Generic family 'sans-serif' not found because none of the following families were found: Times New Roman
2024-06-25 21:54:56,618 - matplotlib.font_manager - WARNING - findfont: Generic family 'sans-serif' not found because none of the following families were found: Times New Roman
2024-06-25 21:54:56,618 - matplotlib.font_manager - WARNING - findfont: Generic family 'sans-serif' not found because none of the following families were found: Times New Roman
2024-06-25 21:54:56,618 - matplotlib.font_manager - WARNING - findfont: Generic family 'sans-serif' not found because none of the following families were found: Times New Roman
2024-06-25 21:54:56,619 - matplotlib.font_manager - WARNING - findfont: Generic family 'sans-serif' not found because none of the following families were found: Times New Roman
2024-06-25 21:54:56,619 - matplotlib.font_manager - WARNING - findfont: Generic family 'sans-serif' not found because none of the following families were found: Times New Roman
2024-06-25 21:54:56,619 - matplotlib.font_manager - WARNING - findfont: Generic family 'sans-serif' not found because none of the following families were found: Times New Roman
2024-06-25 21:54:56,620 - matplotlib.font_manager - WARNING - findfont: Generic family 'sans-serif' not found because none of the following families were found: Times New Roman
2024-06-25 21:54:56,620 - matplotlib.font_manager - WARNING - findfont: Generic family 'sans-serif' not found because none of the following families were found: Times New Roman
2024-06-25 21:54:56,621 - matplotlib.font_manager - WARNING - findfont: Generic family 'sans-serif' not found because none of the following families were found: Times New Roman
2024-06-25 21:54:56,621 - matplotlib.font_manager - WARNING - findfont: Generic family 'sans-serif' not found because none of the following families were found: Times New Roman
2024-06-25 21:54:56,621 - matplotlib.font_manager - WARNING - findfont: Generic family 'sans-serif' not found because none of the following families were found: Times New Roman
2024-06-25 21:54:56,624 - matplotlib.font_manager - WARNING - findfont: Generic family 'sans-serif' not found because none of the following families were found: Times New Roman
2024-06-25 21:54:56,624 - matplotlib.font_manager - WARNING - findfont: Generic family 'sans-serif' not found because none of the following families were found: Times New Roman
2024-06-25 21:54:56,624 - matplotlib.font_manager - WARNING - findfont: Generic family 'sans-serif' not found because none of the following families were found: Times New Roman
2024-06-25 21:54:56,624 - matplotlib.font_manager - WARNING - findfont: Generic family 'sans-serif' not found because none of the following families were found: Times New Roman
2024-06-25 21:54:56,624 - matplotlib.font_manager - WARNING - findfont: Generic family 'sans-serif' not found because none of the following families were found: Times New Roman
2024-06-25 21:54:56,625 - matplotlib.font_manager - WARNING - findfont: Generic family 'sans-serif' not found because none of the following families were found: Times New Roman
2024-06-25 21:54:56,625 - matplotlib.font_manager - WARNING - findfont: Generic family 'sans-serif' not found because none of the following families were found: Times New Roman
2024-06-25 21:54:56,626 - matplotlib.font_manager - WARNING - findfont: Generic family 'sans-serif' not found because none of the following families were found: Times New Roman
2024-06-25 21:54:56,626 - matplotlib.font_manager - WARNING - findfont: Generic family 'sans-serif' not found because none of the following families were found: Times New Roman
2024-06-25 21:54:56,627 - matplotlib.font_manager - WARNING - findfont: Generic family 'sans-serif' not found because none of the following families were found: Times New Roman
2024-06-25 21:54:56,629 - matplotlib.font_manager - WARNING - findfont: Generic family 'sans-serif' not found because none of the following families were found: Times New Roman
2024-06-25 21:54:56,629 - matplotlib.font_manager - WARNING - findfont: Generic family 'sans-serif' not found because none of the following families were found: Times New Roman
2024-06-25 21:54:56,631 - matplotlib.font_manager - WARNING - findfont: Generic family 'sans-serif' not found because none of the following families were found: Times New Roman
2024-06-25 21:54:56,631 - matplotlib.font_manager - WARNING - findfont: Generic family 'sans-serif' not found because none of the following families were found: Times New Roman
2024-06-25 21:54:56,631 - matplotlib.font_manager - WARNING - findfont: Generic family 'sans-serif' not found because none of the following families were found: Times New Roman
2024-06-25 21:54:56,631 - matplotlib.font_manager - WARNING - findfont: Generic family 'sans-serif' not found because none of the following families were found: Times New Roman
2024-06-25 21:54:56,631 - matplotlib.font_manager - WARNING - findfont: Generic family 'sans-serif' not found because none of the following families were found: Times New Roman
2024-06-25 21:54:56,632 - matplotlib.font_manager - WARNING - findfont: Generic family 'sans-serif' not found because none of the following families were found: Times New Roman
2024-06-25 21:54:56,632 - matplotlib.font_manager - WARNING - findfont: Generic family 'sans-serif' not found because none of the following families were found: Times New Roman
2024-06-25 21:54:56,632 - matplotlib.font_manager - WARNING - findfont: Generic family 'sans-serif' not found because none of the following families were found: Times New Roman
2024-06-25 21:54:56,632 - matplotlib.font_manager - WARNING - findfont: Generic family 'sans-serif' not found because none of the following families were found: Times New Roman
2024-06-25 21:54:56,632 - matplotlib.font_manager - WARNING - findfont: Generic family 'sans-serif' not found because none of the following families were found: Times New Roman
2024-06-25 21:54:56,633 - matplotlib.font_manager - WARNING - findfont: Generic family 'sans-serif' not found because none of the following families were found: Times New Roman
2024-06-25 21:54:56,633 - matplotlib.font_manager - WARNING - findfont: Generic family 'sans-serif' not found because none of the following families were found: Times New Roman
2024-06-25 21:54:56,633 - matplotlib.font_manager - WARNING - findfont: Generic family 'sans-serif' not found because none of the following families were found: Times New Roman
2024-06-25 21:54:56,633 - matplotlib.font_manager - WARNING - findfont: Generic family 'sans-serif' not found because none of the following families were found: Times New Roman
2024-06-25 21:54:56,633 - matplotlib.font_manager - WARNING - findfont: Generic family 'sans-serif' not found because none of the following families were found: Times New Roman
2024-06-25 21:54:56,634 - matplotlib.font_manager - WARNING - findfont: Generic family 'sans-serif' not found because none of the following families were found: Times New Roman
2024-06-25 21:54:56,634 - matplotlib.font_manager - WARNING - findfont: Generic family 'sans-serif' not found because none of the following families were found: Times New Roman
2024-06-25 21:54:56,634 - matplotlib.font_manager - WARNING - findfont: Generic family 'sans-serif' not found because none of the following families were found: Times New Roman
2024-06-25 21:54:56,634 - matplotlib.font_manager - WARNING - findfont: Generic family 'sans-serif' not found because none of the following families were found: Times New Roman
2024-06-25 21:54:56,635 - matplotlib.font_manager - WARNING - findfont: Generic family 'sans-serif' not found because none of the following families were found: Times New Roman
2024-06-25 21:54:56,635 - matplotlib.font_manager - WARNING - findfont: Generic family 'sans-serif' not found because none of the following families were found: Times New Roman
2024-06-25 21:54:56,635 - matplotlib.font_manager - WARNING - findfont: Generic family 'sans-serif' not found because none of the following families were found: Times New Roman
2024-06-25 21:54:56,636 - matplotlib.font_manager - WARNING - findfont: Generic family 'sans-serif' not found because none of the following families were found: Times New Roman
2024-06-25 21:54:56,637 - matplotlib.font_manager - WARNING - findfont: Generic family 'sans-serif' not found because none of the following families were found: Times New Roman
2024-06-25 21:54:56,637 - matplotlib.font_manager - WARNING - findfont: Generic family 'sans-serif' not found because none of the following families were found: Times New Roman
2024-06-25 21:54:56,638 - matplotlib.font_manager - WARNING - findfont: Generic family 'sans-serif' not found because none of the following families were found: Times New Roman
2024-06-25 21:54:56,638 - matplotlib.font_manager - WARNING - findfont: Generic family 'sans-serif' not found because none of the following families were found: Times New Roman
2024-06-25 21:54:56,638 - matplotlib.font_manager - WARNING - findfont: Generic family 'sans-serif' not found because none of the following families were found: Times New Roman
2024-06-25 21:54:56,639 - matplotlib.font_manager - WARNING - findfont: Generic family 'sans-serif' not found because none of the following families were found: Times New Roman
2024-06-25 21:54:56,639 - matplotlib.font_manager - WARNING - findfont: Generic family 'sans-serif' not found because none of the following families were found: Times New Roman
2024-06-25 21:54:56,639 - matplotlib.font_manager - WARNING - findfont: Generic family 'sans-serif' not found because none of the following families were found: Times New Roman
2024-06-25 21:54:56,640 - matplotlib.font_manager - WARNING - findfont: Generic family 'sans-serif' not found because none of the following families were found: Times New Roman
2024-06-25 21:54:56,674 - matplotlib.font_manager - WARNING - findfont: Generic family 'sans-serif' not found because none of the following families were found: Times New Roman
2024-06-25 21:54:56,675 - matplotlib.font_manager - WARNING - findfont: Generic family 'sans-serif' not found because none of the following families were found: Times New Roman
2024-06-25 21:54:56,675 - matplotlib.font_manager - WARNING - findfont: Generic family 'sans-serif' not found because none of the following families were found: Times New Roman
2024-06-25 21:54:56,675 - matplotlib.font_manager - WARNING - findfont: Generic family 'sans-serif' not found because none of the following families were found: Times New Roman
2024-06-25 21:54:56,675 - matplotlib.font_manager - WARNING - findfont: Generic family 'sans-serif' not found because none of the following families were found: Times New Roman
2024-06-25 21:54:56,676 - matplotlib.font_manager - WARNING - findfont: Generic family 'sans-serif' not found because none of the following families were found: Times New Roman
2024-06-25 21:54:56,676 - matplotlib.font_manager - WARNING - findfont: Generic family 'sans-serif' not found because none of the following families were found: Times New Roman
2024-06-25 21:54:56,677 - matplotlib.font_manager - WARNING - findfont: Generic family 'sans-serif' not found because none of the following families were found: Times New Roman
2024-06-25 21:54:56,677 - matplotlib.font_manager - WARNING - findfont: Generic family 'sans-serif' not found because none of the following families were found: Times New Roman
2024-06-25 21:54:56,678 - matplotlib.font_manager - WARNING - findfont: Generic family 'sans-serif' not found because none of the following families were found: Times New Roman
2024-06-25 21:54:56,678 - matplotlib.font_manager - WARNING - findfont: Generic family 'sans-serif' not found because none of the following families were found: Times New Roman
2024-06-25 21:54:56,680 - matplotlib.font_manager - WARNING - findfont: Generic family 'sans-serif' not found because none of the following families were found: Times New Roman
2024-06-25 21:54:56,680 - matplotlib.font_manager - WARNING - findfont: Generic family 'sans-serif' not found because none of the following families were found: Times New Roman
2024-06-25 21:54:56,681 - matplotlib.font_manager - WARNING - findfont: Generic family 'sans-serif' not found because none of the following families were found: Times New Roman
2024-06-25 21:54:56,681 - matplotlib.font_manager - WARNING - findfont: Generic family 'sans-serif' not found because none of the following families were found: Times New Roman
2024-06-25 21:54:56,681 - matplotlib.font_manager - WARNING - findfont: Generic family 'sans-serif' not found because none of the following families were found: Times New Roman
2024-06-25 21:54:56,681 - matplotlib.font_manager - WARNING - findfont: Generic family 'sans-serif' not found because none of the following families were found: Times New Roman
2024-06-25 21:54:56,682 - matplotlib.font_manager - WARNING - findfont: Generic family 'sans-serif' not found because none of the following families were found: Times New Roman
2024-06-25 21:54:56,682 - matplotlib.font_manager - WARNING - findfont: Generic family 'sans-serif' not found because none of the following families were found: Times New Roman
2024-06-25 21:54:56,683 - matplotlib.font_manager - WARNING - findfont: Generic family 'sans-serif' not found because none of the following families were found: Times New Roman
2024-06-25 21:54:56,683 - matplotlib.font_manager - WARNING - findfont: Generic family 'sans-serif' not found because none of the following families were found: Times New Roman
2024-06-25 21:54:56,685 - matplotlib.font_manager - WARNING - findfont: Generic family 'sans-serif' not found because none of the following families were found: Times New Roman
2024-06-25 21:54:56,686 - matplotlib.font_manager - WARNING - findfont: Generic family 'sans-serif' not found because none of the following families were found: Times New Roman
2024-06-25 21:54:56,687 - matplotlib.font_manager - WARNING - findfont: Generic family 'sans-serif' not found because none of the following families were found: Times New Roman
2024-06-25 21:54:56,687 - matplotlib.font_manager - WARNING - findfont: Generic family 'sans-serif' not found because none of the following families were found: Times New Roman
2024-06-25 21:54:56,688 - matplotlib.font_manager - WARNING - findfont: Generic family 'sans-serif' not found because none of the following families were found: Times New Roman
2024-06-25 21:54:56,688 - matplotlib.font_manager - WARNING - findfont: Generic family 'sans-serif' not found because none of the following families were found: Times New Roman
2024-06-25 21:54:56,688 - matplotlib.font_manager - WARNING - findfont: Generic family 'sans-serif' not found because none of the following families were found: Times New Roman
2024-06-25 21:54:56,688 - matplotlib.font_manager - WARNING - findfont: Generic family 'sans-serif' not found because none of the following families were found: Times New Roman
2024-06-25 21:54:56,688 - matplotlib.font_manager - WARNING - findfont: Generic family 'sans-serif' not found because none of the following families were found: Times New Roman
2024-06-25 21:54:56,689 - matplotlib.font_manager - WARNING - findfont: Generic family 'sans-serif' not found because none of the following families were found: Times New Roman
2024-06-25 21:54:56,689 - matplotlib.font_manager - WARNING - findfont: Generic family 'sans-serif' not found because none of the following families were found: Times New Roman
2024-06-25 21:54:56,689 - matplotlib.font_manager - WARNING - findfont: Generic family 'sans-serif' not found because none of the following families were found: Times New Roman
2024-06-25 21:54:56,689 - matplotlib.font_manager - WARNING - findfont: Generic family 'sans-serif' not found because none of the following families were found: Times New Roman
2024-06-25 21:54:56,689 - matplotlib.font_manager - WARNING - findfont: Generic family 'sans-serif' not found because none of the following families were found: Times New Roman
2024-06-25 21:54:56,689 - matplotlib.font_manager - WARNING - findfont: Generic family 'sans-serif' not found because none of the following families were found: Times New Roman
2024-06-25 21:54:56,690 - matplotlib.font_manager - WARNING - findfont: Generic family 'sans-serif' not found because none of the following families were found: Times New Roman
2024-06-25 21:54:56,690 - matplotlib.font_manager - WARNING - findfont: Generic family 'sans-serif' not found because none of the following families were found: Times New Roman
2024-06-25 21:54:56,690 - matplotlib.font_manager - WARNING - findfont: Generic family 'sans-serif' not found because none of the following families were found: Times New Roman
2024-06-25 21:54:56,690 - matplotlib.font_manager - WARNING - findfont: Generic family 'sans-serif' not found because none of the following families were found: Times New Roman
2024-06-25 21:54:56,691 - matplotlib.font_manager - WARNING - findfont: Generic family 'sans-serif' not found because none of the following families were found: Times New Roman
2024-06-25 21:54:56,691 - matplotlib.font_manager - WARNING - findfont: Generic family 'sans-serif' not found because none of the following families were found: Times New Roman
2024-06-25 21:54:56,691 - matplotlib.font_manager - WARNING - findfont: Generic family 'sans-serif' not found because none of the following families were found: Times New Roman
2024-06-25 21:54:56,691 - matplotlib.font_manager - WARNING - findfont: Generic family 'sans-serif' not found because none of the following families were found: Times New Roman
2024-06-25 21:54:56,691 - matplotlib.font_manager - WARNING - findfont: Generic family 'sans-serif' not found because none of the following families were found: Times New Roman
2024-06-25 21:54:56,693 - matplotlib.font_manager - WARNING - findfont: Generic family 'sans-serif' not found because none of the following families were found: Times New Roman
2024-06-25 21:54:56,693 - matplotlib.font_manager - WARNING - findfont: Generic family 'sans-serif' not found because none of the following families were found: Times New Roman
2024-06-25 21:54:56,694 - matplotlib.font_manager - WARNING - findfont: Generic family 'sans-serif' not found because none of the following families were found: Times New Roman
2024-06-25 21:54:56,694 - matplotlib.font_manager - WARNING - findfont: Generic family 'sans-serif' not found because none of the following families were found: Times New Roman
2024-06-25 21:54:56,694 - matplotlib.font_manager - WARNING - findfont: Generic family 'sans-serif' not found because none of the following families were found: Times New Roman
2024-06-25 21:54:56,694 - matplotlib.font_manager - WARNING - findfont: Generic family 'sans-serif' not found because none of the following families were found: Times New Roman
2024-06-25 21:54:56,695 - matplotlib.font_manager - WARNING - findfont: Generic family 'sans-serif' not found because none of the following families were found: Times New Roman
2024-06-25 21:54:56,695 - matplotlib.font_manager - WARNING - findfont: Generic family 'sans-serif' not found because none of the following families were found: Times New Roman
2024-06-25 21:54:56,696 - matplotlib.font_manager - WARNING - findfont: Generic family 'sans-serif' not found because none of the following families were found: Times New Roman
2024-06-25 21:54:56,696 - matplotlib.font_manager - WARNING - findfont: Generic family 'sans-serif' not found because none of the following families were found: Times New Roman
2024-06-25 21:54:56,727 - matplotlib.font_manager - WARNING - findfont: Generic family 'sans-serif' not found because none of the following families were found: Times New Roman
2024-06-25 21:54:56,728 - matplotlib.font_manager - WARNING - findfont: Generic family 'sans-serif' not found because none of the following families were found: Times New Roman
2024-06-25 21:54:56,728 - matplotlib.font_manager - WARNING - findfont: Generic family 'sans-serif' not found because none of the following families were found: Times New Roman
2024-06-25 21:54:56,728 - matplotlib.font_manager - WARNING - findfont: Generic family 'sans-serif' not found because none of the following families were found: Times New Roman
2024-06-25 21:54:56,729 - matplotlib.font_manager - WARNING - findfont: Generic family 'sans-serif' not found because none of the following families were found: Times New Roman
2024-06-25 21:54:56,729 - matplotlib.font_manager - WARNING - findfont: Generic family 'sans-serif' not found because none of the following families were found: Times New Roman
2024-06-25 21:54:56,733 - matplotlib.font_manager - WARNING - findfont: Generic family 'sans-serif' not found because none of the following families were found: Times New Roman
2024-06-25 21:54:56,733 - matplotlib.font_manager - WARNING - findfont: Generic family 'sans-serif' not found because none of the following families were found: Times New Roman
2024-06-25 21:54:56,734 - matplotlib.font_manager - WARNING - findfont: Generic family 'sans-serif' not found because none of the following families were found: Times New Roman
2024-06-25 21:54:56,734 - matplotlib.font_manager - WARNING - findfont: Generic family 'sans-serif' not found because none of the following families were found: Times New Roman
2024-06-25 21:54:56,734 - matplotlib.font_manager - WARNING - findfont: Generic family 'sans-serif' not found because none of the following families were found: Times New Roman
2024-06-25 21:54:56,734 - matplotlib.font_manager - WARNING - findfont: Generic family 'sans-serif' not found because none of the following families were found: Times New Roman
2024-06-25 21:54:56,734 - matplotlib.font_manager - WARNING - findfont: Generic family 'sans-serif' not found because none of the following families were found: Times New Roman
2024-06-25 21:54:56,735 - matplotlib.font_manager - WARNING - findfont: Generic family 'sans-serif' not found because none of the following families were found: Times New Roman
2024-06-25 21:54:56,740 - matplotlib.font_manager - WARNING - findfont: Generic family 'sans-serif' not found because none of the following families were found: Times New Roman
2024-06-25 21:54:56,741 - matplotlib.font_manager - WARNING - findfont: Generic family 'sans-serif' not found because none of the following families were found: Times New Roman
2024-06-25 21:54:56,741 - matplotlib.font_manager - WARNING - findfont: Generic family 'sans-serif' not found because none of the following families were found: Times New Roman
2024-06-25 21:54:56,741 - matplotlib.font_manager - WARNING - findfont: Generic family 'sans-serif' not found because none of the following families were found: Times New Roman
2024-06-25 21:54:56,741 - matplotlib.font_manager - WARNING - findfont: Generic family 'sans-serif' not found because none of the following families were found: Times New Roman
2024-06-25 21:54:56,742 - matplotlib.font_manager - WARNING - findfont: Generic family 'sans-serif' not found because none of the following families were found: Times New Roman
2024-06-25 21:54:56,742 - matplotlib.font_manager - WARNING - findfont: Generic family 'sans-serif' not found because none of the following families were found: Times New Roman
2024-06-25 21:54:56,742 - matplotlib.font_manager - WARNING - findfont: Generic family 'sans-serif' not found because none of the following families were found: Times New Roman
2024-06-25 21:54:56,743 - matplotlib.font_manager - WARNING - findfont: Generic family 'sans-serif' not found because none of the following families were found: Times New Roman
2024-06-25 21:54:56,743 - matplotlib.font_manager - WARNING - findfont: Generic family 'sans-serif' not found because none of the following families were found: Times New Roman
2024-06-25 21:54:56,743 - matplotlib.font_manager - WARNING - findfont: Generic family 'sans-serif' not found because none of the following families were found: Times New Roman
2024-06-25 21:54:56,744 - matplotlib.font_manager - WARNING - findfont: Generic family 'sans-serif' not found because none of the following families were found: Times New Roman
2024-06-25 21:54:56,744 - matplotlib.font_manager - WARNING - findfont: Generic family 'sans-serif' not found because none of the following families were found: Times New Roman
2024-06-25 21:54:56,744 - matplotlib.font_manager - WARNING - findfont: Generic family 'sans-serif' not found because none of the following families were found: Times New Roman
2024-06-25 21:54:56,744 - matplotlib.font_manager - WARNING - findfont: Generic family 'sans-serif' not found because none of the following families were found: Times New Roman
2024-06-25 21:54:56,745 - matplotlib.font_manager - WARNING - findfont: Generic family 'sans-serif' not found because none of the following families were found: Times New Roman
2024-06-25 21:54:56,746 - matplotlib.font_manager - WARNING - findfont: Generic family 'sans-serif' not found because none of the following families were found: Times New Roman
2024-06-25 21:54:56,746 - matplotlib.font_manager - WARNING - findfont: Generic family 'sans-serif' not found because none of the following families were found: Times New Roman
2024-06-25 21:54:56,747 - matplotlib.font_manager - WARNING - findfont: Generic family 'sans-serif' not found because none of the following families were found: Times New Roman
2024-06-25 21:54:56,748 - matplotlib.font_manager - WARNING - findfont: Generic family 'sans-serif' not found because none of the following families were found: Times New Roman
2024-06-25 21:54:56,748 - matplotlib.font_manager - WARNING - findfont: Generic family 'sans-serif' not found because none of the following families were found: Times New Roman
2024-06-25 21:54:56,748 - matplotlib.font_manager - WARNING - findfont: Generic family 'sans-serif' not found because none of the following families were found: Times New Roman
2024-06-25 21:54:56,749 - matplotlib.font_manager - WARNING - findfont: Generic family 'sans-serif' not found because none of the following families were found: Times New Roman
2024-06-25 21:54:56,749 - matplotlib.font_manager - WARNING - findfont: Generic family 'sans-serif' not found because none of the following families were found: Times New Roman
2024-06-25 21:54:56,762 - matplotlib.font_manager - WARNING - findfont: Generic family 'sans-serif' not found because none of the following families were found: Times New Roman
2024-06-25 21:54:56,762 - matplotlib.font_manager - WARNING - findfont: Generic family 'sans-serif' not found because none of the following families were found: Times New Roman
2024-06-25 21:54:56,767 - matplotlib.font_manager - WARNING - findfont: Generic family 'sans-serif' not found because none of the following families were found: Times New Roman
2024-06-25 21:54:56,768 - matplotlib.font_manager - WARNING - findfont: Generic family 'sans-serif' not found because none of the following families were found: Times New Roman
2024-06-25 21:54:56,780 - matplotlib.font_manager - WARNING - findfont: Generic family 'sans-serif' not found because none of the following families were found: Times New Roman
2024-06-25 21:54:56,780 - matplotlib.font_manager - WARNING - findfont: Generic family 'sans-serif' not found because none of the following families were found: Times New Roman
2024-06-25 21:54:56,790 - matplotlib.font_manager - WARNING - findfont: Generic family 'sans-serif' not found because none of the following families were found: Times New Roman
2024-06-25 21:54:56,791 - matplotlib.font_manager - WARNING - findfont: Generic family 'sans-serif' not found because none of the following families were found: Times New Roman
2024-06-25 21:54:56,791 - matplotlib.font_manager - WARNING - findfont: Generic family 'sans-serif' not found because none of the following families were found: Times New Roman
2024-06-25 21:54:56,791 - matplotlib.font_manager - WARNING - findfont: Generic family 'sans-serif' not found because none of the following families were found: Times New Roman
2024-06-25 21:54:56,792 - matplotlib.font_manager - WARNING - findfont: Generic family 'sans-serif' not found because none of the following families were found: Times New Roman
2024-06-25 21:54:56,792 - matplotlib.font_manager - WARNING - findfont: Generic family 'sans-serif' not found because none of the following families were found: Times New Roman
2024-06-25 21:54:56,793 - matplotlib.font_manager - WARNING - findfont: Generic family 'sans-serif' not found because none of the following families were found: Times New Roman
2024-06-25 21:54:56,793 - matplotlib.font_manager - WARNING - findfont: Generic family 'sans-serif' not found because none of the following families were found: Times New Roman
2024-06-25 21:54:56,794 - matplotlib.font_manager - WARNING - findfont: Generic family 'sans-serif' not found because none of the following families were found: Times New Roman
2024-06-25 21:54:56,794 - matplotlib.font_manager - WARNING - findfont: Generic family 'sans-serif' not found because none of the following families were found: Times New Roman
2024-06-25 21:54:56,795 - matplotlib.font_manager - WARNING - findfont: Generic family 'sans-serif' not found because none of the following families were found: Times New Roman
2024-06-25 21:54:56,798 - matplotlib.font_manager - WARNING - findfont: Generic family 'sans-serif' not found because none of the following families were found: Times New Roman
2024-06-25 21:54:56,798 - matplotlib.font_manager - WARNING - findfont: Generic family 'sans-serif' not found because none of the following families were found: Times New Roman
2024-06-25 21:54:56,798 - matplotlib.font_manager - WARNING - findfont: Generic family 'sans-serif' not found because none of the following families were found: Times New Roman
2024-06-25 21:54:56,798 - matplotlib.font_manager - WARNING - findfont: Generic family 'sans-serif' not found because none of the following families were found: Times New Roman
2024-06-25 21:54:56,799 - matplotlib.font_manager - WARNING - findfont: Generic family 'sans-serif' not found because none of the following families were found: Times New Roman
2024-06-25 21:54:56,799 - matplotlib.font_manager - WARNING - findfont: Generic family 'sans-serif' not found because none of the following families were found: Times New Roman
2024-06-25 21:54:56,799 - matplotlib.font_manager - WARNING - findfont: Generic family 'sans-serif' not found because none of the following families were found: Times New Roman
2024-06-25 21:54:56,799 - matplotlib.font_manager - WARNING - findfont: Generic family 'sans-serif' not found because none of the following families were found: Times New Roman
2024-06-25 21:54:56,800 - matplotlib.font_manager - WARNING - findfont: Generic family 'sans-serif' not found because none of the following families were found: Times New Roman
2024-06-25 21:54:56,801 - matplotlib.font_manager - WARNING - findfont: Generic family 'sans-serif' not found because none of the following families were found: Times New Roman
2024-06-25 21:54:56,801 - matplotlib.font_manager - WARNING - findfont: Generic family 'sans-serif' not found because none of the following families were found: Times New Roman
2024-06-25 21:54:56,802 - matplotlib.font_manager - WARNING - findfont: Generic family 'sans-serif' not found because none of the following families were found: Times New Roman
2024-06-25 21:54:56,802 - matplotlib.font_manager - WARNING - findfont: Generic family 'sans-serif' not found because none of the following families were found: Times New Roman
2024-06-25 21:54:56,803 - matplotlib.font_manager - WARNING - findfont: Generic family 'sans-serif' not found because none of the following families were found: Times New Roman
2024-06-25 21:54:56,803 - matplotlib.font_manager - WARNING - findfont: Generic family 'sans-serif' not found because none of the following families were found: Times New Roman
2024-06-25 21:54:56,804 - matplotlib.font_manager - WARNING - findfont: Generic family 'sans-serif' not found because none of the following families were found: Times New Roman
2024-06-25 21:54:56,807 - matplotlib.font_manager - WARNING - findfont: Generic family 'sans-serif' not found because none of the following families were found: Times New Roman
2024-06-25 21:54:56,808 - matplotlib.font_manager - WARNING - findfont: Generic family 'sans-serif' not found because none of the following families were found: Times New Roman
2024-06-25 21:54:56,809 - matplotlib.font_manager - WARNING - findfont: Generic family 'sans-serif' not found because none of the following families were found: Times New Roman
2024-06-25 21:54:56,809 - matplotlib.font_manager - WARNING - findfont: Generic family 'sans-serif' not found because none of the following families were found: Times New Roman
2024-06-25 21:54:56,810 - matplotlib.font_manager - WARNING - findfont: Generic family 'sans-serif' not found because none of the following families were found: Times New Roman
2024-06-25 21:54:56,810 - matplotlib.font_manager - WARNING - findfont: Generic family 'sans-serif' not found because none of the following families were found: Times New Roman
2024-06-25 21:54:56,810 - matplotlib.font_manager - WARNING - findfont: Generic family 'sans-serif' not found because none of the following families were found: Times New Roman
2024-06-25 21:54:56,811 - matplotlib.font_manager - WARNING - findfont: Generic family 'sans-serif' not found because none of the following families were found: Times New Roman
2024-06-25 21:54:56,811 - matplotlib.font_manager - WARNING - findfont: Generic family 'sans-serif' not found because none of the following families were found: Times New Roman
2024-06-25 21:54:56,811 - matplotlib.font_manager - WARNING - findfont: Generic family 'sans-serif' not found because none of the following families were found: Times New Roman
2024-06-25 21:54:56,811 - matplotlib.font_manager - WARNING - findfont: Generic family 'sans-serif' not found because none of the following families were found: Times New Roman
2024-06-25 21:54:56,812 - matplotlib.font_manager - WARNING - findfont: Generic family 'sans-serif' not found because none of the following families were found: Times New Roman
2024-06-25 21:54:56,812 - matplotlib.font_manager - WARNING - findfont: Generic family 'sans-serif' not found because none of the following families were found: Times New Roman
2024-06-25 21:54:56,812 - matplotlib.font_manager - WARNING - findfont: Generic family 'sans-serif' not found because none of the following families were found: Times New Roman
2024-06-25 21:54:56,812 - matplotlib.font_manager - WARNING - findfont: Generic family 'sans-serif' not found because none of the following families were found: Times New Roman
2024-06-25 21:54:56,813 - matplotlib.font_manager - WARNING - findfont: Generic family 'sans-serif' not found because none of the following families were found: Times New Roman
2024-06-25 21:54:56,813 - matplotlib.font_manager - WARNING - findfont: Generic family 'sans-serif' not found because none of the following families were found: Times New Roman
2024-06-25 21:54:56,813 - matplotlib.font_manager - WARNING - findfont: Generic family 'sans-serif' not found because none of the following families were found: Times New Roman
2024-06-25 21:54:56,813 - matplotlib.font_manager - WARNING - findfont: Generic family 'sans-serif' not found because none of the following families were found: Times New Roman
2024-06-25 21:54:56,814 - matplotlib.font_manager - WARNING - findfont: Generic family 'sans-serif' not found because none of the following families were found: Times New Roman
2024-06-25 21:54:56,814 - matplotlib.font_manager - WARNING - findfont: Generic family 'sans-serif' not found because none of the following families were found: Times New Roman
2024-06-25 21:54:56,814 - matplotlib.font_manager - WARNING - findfont: Generic family 'sans-serif' not found because none of the following families were found: Times New Roman
2024-06-25 21:54:56,814 - matplotlib.font_manager - WARNING - findfont: Generic family 'sans-serif' not found because none of the following families were found: Times New Roman
2024-06-25 21:54:56,814 - matplotlib.font_manager - WARNING - findfont: Generic family 'sans-serif' not found because none of the following families were found: Times New Roman
2024-06-25 21:54:56,815 - matplotlib.font_manager - WARNING - findfont: Generic family 'sans-serif' not found because none of the following families were found: Times New Roman
2024-06-25 21:54:56,815 - matplotlib.font_manager - WARNING - findfont: Generic family 'sans-serif' not found because none of the following families were found: Times New Roman
2024-06-25 21:54:56,815 - matplotlib.font_manager - WARNING - findfont: Generic family 'sans-serif' not found because none of the following families were found: Times New Roman
2024-06-25 21:54:56,817 - matplotlib.font_manager - WARNING - findfont: Generic family 'sans-serif' not found because none of the following families were found: Times New Roman
2024-06-25 21:54:56,817 - matplotlib.font_manager - WARNING - findfont: Generic family 'sans-serif' not found because none of the following families were found: Times New Roman
2024-06-25 21:54:56,818 - matplotlib.font_manager - WARNING - findfont: Generic family 'sans-serif' not found because none of the following families were found: Times New Roman
2024-06-25 21:54:56,819 - matplotlib.font_manager - WARNING - findfont: Generic family 'sans-serif' not found because none of the following families were found: Times New Roman
2024-06-25 21:54:56,819 - matplotlib.font_manager - WARNING - findfont: Generic family 'sans-serif' not found because none of the following families were found: Times New Roman
2024-06-25 21:54:56,819 - matplotlib.font_manager - WARNING - findfont: Generic family 'sans-serif' not found because none of the following families were found: Times New Roman
2024-06-25 21:54:56,820 - matplotlib.font_manager - WARNING - findfont: Generic family 'sans-serif' not found because none of the following families were found: Times New Roman
2024-06-25 21:54:56,820 - matplotlib.font_manager - WARNING - findfont: Generic family 'sans-serif' not found because none of the following families were found: Times New Roman
2024-06-25 21:54:56,821 - matplotlib.font_manager - WARNING - findfont: Generic family 'sans-serif' not found because none of the following families were found: Times New Roman
2024-06-25 21:54:56,821 - matplotlib.font_manager - WARNING - findfont: Generic family 'sans-serif' not found because none of the following families were found: Times New Roman
2024-06-25 21:54:56,886 - matplotlib.font_manager - WARNING - findfont: Generic family 'sans-serif' not found because none of the following families were found: Times New Roman
2024-06-25 21:54:56,886 - matplotlib.font_manager - WARNING - findfont: Generic family 'sans-serif' not found because none of the following families were found: Times New Roman
2024-06-25 21:54:56,886 - matplotlib.font_manager - WARNING - findfont: Generic family 'sans-serif' not found because none of the following families were found: Times New Roman
2024-06-25 21:54:56,887 - matplotlib.font_manager - WARNING - findfont: Generic family 'sans-serif' not found because none of the following families were found: Times New Roman
2024-06-25 21:54:56,887 - matplotlib.font_manager - WARNING - findfont: Generic family 'sans-serif' not found because none of the following families were found: Times New Roman
2024-06-25 21:54:56,887 - matplotlib.font_manager - WARNING - findfont: Generic family 'sans-serif' not found because none of the following families were found: Times New Roman
2024-06-25 21:54:56,888 - matplotlib.font_manager - WARNING - findfont: Generic family 'sans-serif' not found because none of the following families were found: Times New Roman
2024-06-25 21:54:56,888 - matplotlib.font_manager - WARNING - findfont: Generic family 'sans-serif' not found because none of the following families were found: Times New Roman
2024-06-25 21:54:56,889 - matplotlib.font_manager - WARNING - findfont: Generic family 'sans-serif' not found because none of the following families were found: Times New Roman
2024-06-25 21:54:56,890 - matplotlib.font_manager - WARNING - findfont: Generic family 'sans-serif' not found because none of the following families were found: Times New Roman
2024-06-25 21:54:56,890 - matplotlib.font_manager - WARNING - findfont: Generic family 'sans-serif' not found because none of the following families were found: Times New Roman
2024-06-25 21:54:56,893 - matplotlib.font_manager - WARNING - findfont: Generic family 'sans-serif' not found because none of the following families were found: Times New Roman
2024-06-25 21:54:56,893 - matplotlib.font_manager - WARNING - findfont: Generic family 'sans-serif' not found because none of the following families were found: Times New Roman
2024-06-25 21:54:56,894 - matplotlib.font_manager - WARNING - findfont: Generic family 'sans-serif' not found because none of the following families were found: Times New Roman
2024-06-25 21:54:56,894 - matplotlib.font_manager - WARNING - findfont: Generic family 'sans-serif' not found because none of the following families were found: Times New Roman
2024-06-25 21:54:56,894 - matplotlib.font_manager - WARNING - findfont: Generic family 'sans-serif' not found because none of the following families were found: Times New Roman
2024-06-25 21:54:56,894 - matplotlib.font_manager - WARNING - findfont: Generic family 'sans-serif' not found because none of the following families were found: Times New Roman
2024-06-25 21:54:56,895 - matplotlib.font_manager - WARNING - findfont: Generic family 'sans-serif' not found because none of the following families were found: Times New Roman
2024-06-25 21:54:56,895 - matplotlib.font_manager - WARNING - findfont: Generic family 'sans-serif' not found because none of the following families were found: Times New Roman
2024-06-25 21:54:56,895 - matplotlib.font_manager - WARNING - findfont: Generic family 'sans-serif' not found because none of the following families were found: Times New Roman
2024-06-25 21:54:56,896 - matplotlib.font_manager - WARNING - findfont: Generic family 'sans-serif' not found because none of the following families were found: Times New Roman
2024-06-25 21:54:56,896 - matplotlib.font_manager - WARNING - findfont: Generic family 'sans-serif' not found because none of the following families were found: Times New Roman
2024-06-25 21:54:56,897 - matplotlib.font_manager - WARNING - findfont: Generic family 'sans-serif' not found because none of the following families were found: Times New Roman
2024-06-25 21:54:56,897 - matplotlib.font_manager - WARNING - findfont: Generic family 'sans-serif' not found because none of the following families were found: Times New Roman
2024-06-25 21:54:56,898 - matplotlib.font_manager - WARNING - findfont: Generic family 'sans-serif' not found because none of the following families were found: Times New Roman
2024-06-25 21:54:56,898 - matplotlib.font_manager - WARNING - findfont: Generic family 'sans-serif' not found because none of the following families were found: Times New Roman
2024-06-25 21:54:56,899 - matplotlib.font_manager - WARNING - findfont: Generic family 'sans-serif' not found because none of the following families were found: Times New Roman
2024-06-25 21:54:56,902 - matplotlib.font_manager - WARNING - findfont: Generic family 'sans-serif' not found because none of the following families were found: Times New Roman
2024-06-25 21:54:56,903 - matplotlib.font_manager - WARNING - findfont: Generic family 'sans-serif' not found because none of the following families were found: Times New Roman
2024-06-25 21:54:56,905 - matplotlib.font_manager - WARNING - findfont: Generic family 'sans-serif' not found because none of the following families were found: Times New Roman
2024-06-25 21:54:56,905 - matplotlib.font_manager - WARNING - findfont: Generic family 'sans-serif' not found because none of the following families were found: Times New Roman
2024-06-25 21:54:56,905 - matplotlib.font_manager - WARNING - findfont: Generic family 'sans-serif' not found because none of the following families were found: Times New Roman
2024-06-25 21:54:56,905 - matplotlib.font_manager - WARNING - findfont: Generic family 'sans-serif' not found because none of the following families were found: Times New Roman
2024-06-25 21:54:56,905 - matplotlib.font_manager - WARNING - findfont: Generic family 'sans-serif' not found because none of the following families were found: Times New Roman
2024-06-25 21:54:56,906 - matplotlib.font_manager - WARNING - findfont: Generic family 'sans-serif' not found because none of the following families were found: Times New Roman
2024-06-25 21:54:56,906 - matplotlib.font_manager - WARNING - findfont: Generic family 'sans-serif' not found because none of the following families were found: Times New Roman
2024-06-25 21:54:56,906 - matplotlib.font_manager - WARNING - findfont: Generic family 'sans-serif' not found because none of the following families were found: Times New Roman
2024-06-25 21:54:56,906 - matplotlib.font_manager - WARNING - findfont: Generic family 'sans-serif' not found because none of the following families were found: Times New Roman
2024-06-25 21:54:56,907 - matplotlib.font_manager - WARNING - findfont: Generic family 'sans-serif' not found because none of the following families were found: Times New Roman
2024-06-25 21:54:56,907 - matplotlib.font_manager - WARNING - findfont: Generic family 'sans-serif' not found because none of the following families were found: Times New Roman
2024-06-25 21:54:56,907 - matplotlib.font_manager - WARNING - findfont: Generic family 'sans-serif' not found because none of the following families were found: Times New Roman
2024-06-25 21:54:56,907 - matplotlib.font_manager - WARNING - findfont: Generic family 'sans-serif' not found because none of the following families were found: Times New Roman
2024-06-25 21:54:56,908 - matplotlib.font_manager - WARNING - findfont: Generic family 'sans-serif' not found because none of the following families were found: Times New Roman
2024-06-25 21:54:56,908 - matplotlib.font_manager - WARNING - findfont: Generic family 'sans-serif' not found because none of the following families were found: Times New Roman
2024-06-25 21:54:56,908 - matplotlib.font_manager - WARNING - findfont: Generic family 'sans-serif' not found because none of the following families were found: Times New Roman
2024-06-25 21:54:56,908 - matplotlib.font_manager - WARNING - findfont: Generic family 'sans-serif' not found because none of the following families were found: Times New Roman
2024-06-25 21:54:56,908 - matplotlib.font_manager - WARNING - findfont: Generic family 'sans-serif' not found because none of the following families were found: Times New Roman
2024-06-25 21:54:56,909 - matplotlib.font_manager - WARNING - findfont: Generic family 'sans-serif' not found because none of the following families were found: Times New Roman
2024-06-25 21:54:56,909 - matplotlib.font_manager - WARNING - findfont: Generic family 'sans-serif' not found because none of the following families were found: Times New Roman
2024-06-25 21:54:56,909 - matplotlib.font_manager - WARNING - findfont: Generic family 'sans-serif' not found because none of the following families were found: Times New Roman
2024-06-25 21:54:56,911 - matplotlib.font_manager - WARNING - findfont: Generic family 'sans-serif' not found because none of the following families were found: Times New Roman
2024-06-25 21:54:56,911 - matplotlib.font_manager - WARNING - findfont: Generic family 'sans-serif' not found because none of the following families were found: Times New Roman
2024-06-25 21:54:56,911 - matplotlib.font_manager - WARNING - findfont: Generic family 'sans-serif' not found because none of the following families were found: Times New Roman
2024-06-25 21:54:56,911 - matplotlib.font_manager - WARNING - findfont: Generic family 'sans-serif' not found because none of the following families were found: Times New Roman
2024-06-25 21:54:56,913 - matplotlib.font_manager - WARNING - findfont: Generic family 'sans-serif' not found because none of the following families were found: Times New Roman
2024-06-25 21:54:56,913 - matplotlib.font_manager - WARNING - findfont: Generic family 'sans-serif' not found because none of the following families were found: Times New Roman
2024-06-25 21:54:56,914 - matplotlib.font_manager - WARNING - findfont: Generic family 'sans-serif' not found because none of the following families were found: Times New Roman
2024-06-25 21:54:56,915 - matplotlib.font_manager - WARNING - findfont: Generic family 'sans-serif' not found because none of the following families were found: Times New Roman
2024-06-25 21:54:56,915 - matplotlib.font_manager - WARNING - findfont: Generic family 'sans-serif' not found because none of the following families were found: Times New Roman
2024-06-25 21:54:56,915 - matplotlib.font_manager - WARNING - findfont: Generic family 'sans-serif' not found because none of the following families were found: Times New Roman
2024-06-25 21:54:56,916 - matplotlib.font_manager - WARNING - findfont: Generic family 'sans-serif' not found because none of the following families were found: Times New Roman
2024-06-25 21:54:56,916 - matplotlib.font_manager - WARNING - findfont: Generic family 'sans-serif' not found because none of the following families were found: Times New Roman
2024-06-25 21:54:56,917 - matplotlib.font_manager - WARNING - findfont: Generic family 'sans-serif' not found because none of the following families were found: Times New Roman
2024-06-25 21:54:56,918 - matplotlib.font_manager - WARNING - findfont: Generic family 'sans-serif' not found because none of the following families were found: Times New Roman
2024-06-25 21:54:56,925 - root - INFO - remove_subway_list: ['轨道交通1号线', '轨道交通2号线', '轨道交通3号线']
2024-06-25 21:55:55,589 - root - INFO - count, count_true: 166557, 4257
2024-06-25 21:55:57,249 - root - INFO - count, count_true: 166557, 7601
2024-06-25 21:55:57,617 - root - INFO - count, count_true: 166557, 13615
2024-06-25 21:57:53,560 - root - INFO - count, count_true: 166557, 7385
2024-06-25 21:57:57,071 - root - INFO - count, count_true: 166557, 11631
2024-06-25 21:57:57,441 - root - INFO - count, count_true: 166557, 15403
2024-06-25 22:00:11,832 - root - INFO - line 轨道交通1号线
2024-06-25 22:00:11,833 - root - INFO - year2construction{2010: {}, 2011: {}, 2012: {}, 2013: {}, 2014: {5: 1471009.6774}, 2015: {}, 2016: {3: 827439.8437499999}, 2017: {}, 2018: {}, 2019: {}, 2020: {}, 2021: {}, 2022: {}, 2023: {}}
2024-06-25 22:00:11,833 - root - INFO - total_construction2298449.52115
2024-06-25 22:00:11,836 - root - INFO - year2ope{2010: {}, 2011: {}, 2012: {}, 2013: {}, 2014: {5: 19    121.525002
Name: per_mileage_carbon (tCO2/km), dtype: float64}, 2015: {}, 2016: {3: 19    267.061279
Name: per_mileage_carbon (tCO2/km), dtype: float64}, 2017: {}, 2018: {}, 2019: {}, 2020: {}, 2021: {}, 2022: {}, 2023: {}}
2024-06-25 22:00:11,837 - root - INFO - carbon_save_list{2010: {}, 2011: {}, 2012: {}, 2013: {}, 2014: {}, 2015: {}, 2016: {}, 2017: {}, 2018: {}, 2019: {}, 2020: {}, 2021: {}, 2022: {}, 2023: {}}
