2024-06-28 21:35:41,058 - root - INFO - City: Zhengzhou
2024-06-28 21:35:41,058 - root - INFO - Parking fee: 20
2024-06-28 21:36:56,239 - root - INFO - Year: 2019, Month: 6
2024-06-28 21:37:59,633 - root - INFO - remove_subway_list: ['地铁1号线', '地铁2号线', '地铁5号线', '地铁14号线', '城郊线']
2024-06-28 21:39:17,483 - root - INFO - count, count_true: 181266, 0
2024-06-28 21:39:18,845 - root - INFO - count, count_true: 185202, 0
2024-06-28 21:39:20,971 - root - INFO - count, count_true: 193991, 2967
2024-06-28 21:39:22,458 - root - INFO - count, count_true: 202011, 14056
2024-06-28 21:39:24,037 - root - INFO - count, count_true: 189723, 0
2024-06-28 21:39:24,254 - root - INFO - count, count_true: 197896, 13792
2024-06-28 21:39:27,281 - root - INFO - count, count_true: 206112, 28230
2024-06-28 21:39:29,953 - root - INFO - count, count_true: 206112, 55212
2024-06-28 21:41:29,837 - root - INFO - count, count_true: 193991, 13505
2024-06-28 21:41:31,977 - root - INFO - count, count_true: 206112, 55212
2024-06-28 21:41:33,464 - root - INFO - count, count_true: 189723, 2912
2024-06-28 21:41:33,640 - root - INFO - count, count_true: 206112, 57357
2024-06-28 21:41:39,151 - root - INFO - count, count_true: 202011, 25120
2024-06-28 21:43:51,899 - root - INFO - count, count_true: 206112, 56549
2024-06-28 21:43:53,750 - root - INFO - count, count_true: 206112, 73545
2024-06-28 21:43:57,512 - root - INFO - count, count_true: 202011, 25371
2024-06-28 21:46:32,123 - root - INFO - count, count_true: 206112, 57357
2024-06-28 21:49:22,039 - root - INFO - count, count_true: 181266, 1519
2024-06-28 21:49:26,524 - root - INFO - count, count_true: 193991, 2591
2024-06-28 21:49:29,590 - root - INFO - count, count_true: 189723, 1606
2024-06-28 21:49:31,129 - root - INFO - count, count_true: 185202, 1552
2024-06-28 21:49:32,432 - root - INFO - count, count_true: 197896, 12789
2024-06-28 21:49:34,577 - root - INFO - count, count_true: 202011, 13071
2024-06-28 21:49:34,854 - root - INFO - count, count_true: 206112, 24427
2024-06-28 21:49:37,605 - root - INFO - count, count_true: 206112, 50945
2024-06-28 21:51:41,523 - root - INFO - count, count_true: 193991, 12497
2024-06-28 21:51:42,071 - root - INFO - count, count_true: 189723, 2531
2024-06-28 21:51:42,993 - root - INFO - count, count_true: 206112, 50945
2024-06-28 21:51:50,374 - root - INFO - count, count_true: 206112, 53225
2024-06-28 21:51:50,834 - root - INFO - count, count_true: 202011, 22415
2024-06-28 21:54:07,380 - root - INFO - count, count_true: 206112, 51873
2024-06-28 21:54:19,441 - root - INFO - count, count_true: 202011, 23199
2024-06-28 21:54:23,044 - root - INFO - count, count_true: 206112, 67989
2024-06-28 21:56:27,066 - root - INFO - count, count_true: 206112, 53225
2024-06-28 21:59:24,430 - root - INFO - count, count_true: 181266, 1519
2024-06-28 21:59:26,593 - root - INFO - count, count_true: 189723, 1606
2024-06-28 21:59:26,741 - root - INFO - count, count_true: 185202, 1552
2024-06-28 21:59:26,742 - root - INFO - count, count_true: 193991, 6200
2024-06-28 21:59:28,322 - root - INFO - count, count_true: 197896, 24913
2024-06-28 21:59:30,120 - root - INFO - count, count_true: 206112, 58725
2024-06-28 21:59:31,190 - root - INFO - count, count_true: 206112, 31501
2024-06-28 21:59:32,428 - root - INFO - count, count_true: 202011, 25406
2024-06-28 22:01:36,258 - root - INFO - count, count_true: 193991, 24408
2024-06-28 22:01:38,739 - root - INFO - count, count_true: 189723, 6069
2024-06-28 22:01:40,745 - root - INFO - count, count_true: 206112, 58725
2024-06-28 22:01:43,906 - root - INFO - count, count_true: 206112, 61558
2024-06-28 22:01:50,569 - root - INFO - count, count_true: 202011, 28056
2024-06-28 22:04:10,473 - root - INFO - count, count_true: 206112, 60058
2024-06-28 22:04:15,508 - root - INFO - count, count_true: 206112, 75628
2024-06-28 22:04:21,356 - root - INFO - count, count_true: 202011, 28908
2024-06-28 22:06:53,481 - root - INFO - count, count_true: 206112, 61558
2024-06-28 22:10:05,094 - root - INFO - count, count_true: 181266, 1519
2024-06-28 22:10:05,466 - root - INFO - count, count_true: 189723, 1606
2024-06-28 22:10:06,647 - root - INFO - count, count_true: 185202, 1552
2024-06-28 22:10:08,066 - root - INFO - count, count_true: 193991, 6200
2024-06-28 22:10:08,070 - root - INFO - count, count_true: 197896, 24913
2024-06-28 22:10:09,692 - root - INFO - count, count_true: 202011, 25406
2024-06-28 22:10:11,712 - root - INFO - count, count_true: 206112, 40241
2024-06-28 22:10:12,533 - root - INFO - count, count_true: 206112, 69701
2024-06-28 22:12:14,129 - root - INFO - count, count_true: 189723, 6069
2024-06-28 22:12:19,270 - root - INFO - count, count_true: 193991, 24408
2024-06-28 22:12:20,880 - root - INFO - count, count_true: 206112, 71626
2024-06-28 22:12:21,716 - root - INFO - count, count_true: 206112, 69701
2024-06-28 22:12:23,170 - root - INFO - count, count_true: 202011, 36752
2024-06-28 22:14:44,497 - root - INFO - count, count_true: 202011, 36955
2024-06-28 22:14:45,912 - root - INFO - count, count_true: 206112, 85789
2024-06-28 22:14:46,671 - root - INFO - count, count_true: 206112, 71043
2024-06-28 22:17:15,594 - root - INFO - count, count_true: 206112, 71626
2024-06-28 22:20:23,846 - root - INFO - count, count_true: 181266, 1519
2024-06-28 22:20:24,725 - root - INFO - count, count_true: 185202, 1552
2024-06-28 22:20:27,567 - root - INFO - count, count_true: 189723, 1606
2024-06-28 22:20:27,780 - root - INFO - count, count_true: 193991, 6200
2024-06-28 22:20:28,644 - root - INFO - count, count_true: 202011, 14745
2024-06-28 22:20:29,647 - root - INFO - count, count_true: 197896, 14479
2024-06-28 22:20:31,098 - root - INFO - count, count_true: 206112, 29361
2024-06-28 22:20:32,250 - root - INFO - count, count_true: 206112, 57761
2024-06-28 22:22:41,205 - root - INFO - count, count_true: 189723, 6069
2024-06-28 22:22:44,157 - root - INFO - count, count_true: 206112, 57761
2024-06-28 22:22:46,137 - root - INFO - count, count_true: 202011, 25489
2024-06-28 22:22:48,261 - root - INFO - count, count_true: 193991, 14216
2024-06-28 22:22:49,662 - root - INFO - count, count_true: 206112, 59257
2024-06-28 22:25:05,081 - root - INFO - count, count_true: 206112, 57821
2024-06-28 22:25:05,249 - root - INFO - count, count_true: 202011, 26333
2024-06-28 22:25:21,179 - root - INFO - count, count_true: 206112, 74116
2024-06-28 22:27:41,906 - root - INFO - count, count_true: 206112, 59257
