2024-07-03 19:23:03,796 - root - INFO - City: Changchun
2024-07-03 19:23:03,797 - root - INFO - Parking fee: 20
2024-07-03 19:23:43,016 - root - INFO - Year: 2019, Month: 6
2024-07-03 19:27:11,740 - root - INFO - count, count_true: 92009, 10381
2024-07-03 19:27:11,740 - root - INFO - len args: 94189, missing rate: 0.02314495323233074
2024-07-03 19:27:12,115 - root - INFO - count, count_true: 95711, 10438
2024-07-03 19:27:12,116 - root - INFO - len args: 98012, missing rate: 0.023476717136677143
2024-07-03 19:27:12,473 - root - INFO - count, count_true: 97773, 10478
2024-07-03 19:27:12,473 - root - INFO - len args: 100115, missing rate: 0.023393097937372022
2024-07-03 19:27:12,844 - root - INFO - count, count_true: 96843, 10526
2024-07-03 19:27:12,845 - root - INFO - len args: 98969, missing rate: 0.021481473996908123
2024-07-03 19:27:13,048 - root - INFO - count, count_true: 93757, 10532
2024-07-03 19:27:13,048 - root - INFO - len args: 95957, missing rate: 0.02292693602342716
2024-07-03 19:27:13,675 - root - INFO - count, count_true: 102971, 10456
2024-07-03 19:27:13,676 - root - INFO - len args: 105512, missing rate: 0.02408256880733945
2024-07-03 19:27:13,861 - root - INFO - count, count_true: 100963, 10461
2024-07-03 19:27:13,861 - root - INFO - len args: 103400, missing rate: 0.023568665377176015
2024-07-03 19:27:14,560 - root - INFO - count, count_true: 104136, 10472
2024-07-03 19:27:14,560 - root - INFO - len args: 106779, missing rate: 0.024752057988930407
2024-07-03 19:29:03,829 - root - INFO - count, count_true: 93757, 10532
2024-07-03 19:29:03,829 - root - INFO - len args: 95957, missing rate: 0.02292693602342716
2024-07-03 19:29:07,465 - root - INFO - count, count_true: 104136, 17532
2024-07-03 19:29:07,466 - root - INFO - len args: 106779, missing rate: 0.024752057988930407
2024-07-03 19:29:12,953 - root - INFO - count, count_true: 105343, 30587
2024-07-03 19:29:12,954 - root - INFO - len args: 107990, missing rate: 0.02451152884526345
2024-07-03 19:29:13,390 - root - INFO - count, count_true: 103154, 17557
2024-07-03 19:29:13,390 - root - INFO - len args: 105552, missing rate: 0.02271865999696832
2024-07-03 19:29:15,027 - root - INFO - count, count_true: 105476, 30721
2024-07-03 19:29:15,027 - root - INFO - len args: 108161, missing rate: 0.02482410480672331
2024-07-03 19:29:17,193 - root - INFO - count, count_true: 105476, 31462
2024-07-03 19:29:17,193 - root - INFO - len args: 108161, missing rate: 0.02482410480672331
2024-07-03 19:29:17,313 - root - INFO - count, count_true: 105476, 30721
2024-07-03 19:29:17,313 - root - INFO - len args: 108161, missing rate: 0.02482410480672331
2024-07-03 19:29:17,393 - root - INFO - count, count_true: 105476, 31462
2024-07-03 19:29:17,393 - root - INFO - len args: 108161, missing rate: 0.02482410480672331
2024-07-03 19:31:08,226 - root - INFO - count, count_true: 103154, 29293
2024-07-03 19:31:08,226 - root - INFO - len args: 105552, missing rate: 0.02271865999696832
2024-07-03 19:31:16,180 - root - INFO - count, count_true: 105476, 31462
2024-07-03 19:31:16,180 - root - INFO - len args: 108161, missing rate: 0.02482410480672331
2024-07-03 19:33:07,424 - root - INFO - count, count_true: 103154, 30306
2024-07-03 19:33:07,425 - root - INFO - len args: 105552, missing rate: 0.02271865999696832
2024-07-03 19:34:44,435 - root - INFO - Factual data collection finished, {2010: {'(1, 2, 3, 4, 5, 6, 7, 8, 9, 10, 11, 12)': {'traffic_num': [240069.34317789675, 998886.8767914459, 2933529.0272323787, 2843613.6456835046], 'traffic_ratio': [0.034216926933761216, 0.1423706951742629, 0.4181139792951273, 0.40529839859684863], 'carbon': 11837626244.719452, 'subway_distribution': {'轨道交通3号线(伪满皇宫--长影世纪城)': 126540.00558776724, '轨道交通3号线(长影世纪城--伪满皇宫)': 113529.33759012842}, 'fuel_car_distance': 28564263530.817383, 'elec_car_distance': 122739321203.00012, 'subway_mileage': 1742221862.4964345}}, 2011: {'(1, 2, 3, 4, 5, 6)': {'traffic_num': [242799.91119451105, 1006833.3888473307, 2994182.590020499, 2869548.772305491], 'traffic_ratio': [0.03413292059649449, 0.14154109013612487, 0.42092353367749646, 0.4034024555898842], 'carbon': 12174038741.267582, 'subway_distribution': {'轨道交通3号线(伪满皇宫--长影世纪城)': 128457.71061663539, '轨道交通3号线(长影世纪城--伪满皇宫)': 114342.20057787652}, 'fuel_car_distance': 29126877627.840515, 'elec_car_distance': 126809953373.24648, 'subway_mileage': 1771544052.5284915}, '(7, 8, 9, 10, 11, 12)': {'traffic_num': [242799.91119451105, 1006833.3888473307, 2994182.590020499, 2869548.772305491], 'traffic_ratio': [0.03413292059649449, 0.14154109013612487, 0.42092353367749646, 0.4034024555898842], 'carbon': 12174038741.267582, 'subway_distribution': {'轨道交通3号线(伪满皇宫--长影世纪城)': 128457.71061663539, '轨道交通3号线(长影世纪城--伪满皇宫)': 114342.20057787652}, 'fuel_car_distance': 29126877627.840515, 'elec_car_distance': 126809953373.24648, 'subway_mileage': 1771544052.5284915}}, 2012: {'(1, 2, 3, 4, 5, 6, 7, 8, 9, 10, 11, 12)': {'traffic_num': [243615.121262428, 1013379.072303989, 3064244.560118025, 2886995.579767785], 'traffic_ratio': [0.03379678156852509, 0.14058631079750886, 0.4251033496368689, 0.4005135579970971], 'carbon': 12494157222.030323, 'subway_distribution': {'轨道交通3号线(伪满皇宫--长影世纪城)': 128870.30185277847, '轨道交通3号线(长影世纪城--伪满皇宫)': 114744.81940965066}, 'fuel_car_distance': 29837057078.032, 'elec_car_distance': 130274708988.5682, 'subway_mileage': 1772432137.9924357}}, 2013: {'(1, 2, 3, 4, 5, 6, 7, 8, 9, 10, 11, 12)': {'traffic_num': [244516.6678243859, 1017965.6039585109, 3120127.913720144, 2912336.651996588], 'traffic_ratio': [0.033518636019038484, 0.13954393728075784, 0.42771085015741944, 0.3992265765427844], 'carbon': 12798724656.560497, 'subway_distribution': {'轨道交通3号线(伪满皇宫--长影世纪城)': 129593.70418888869, '轨道交通3号线(长影世纪城--伪满皇宫)': 114922.9636354974}, 'fuel_car_distance': 30266510323.282524, 'elec_car_distance': 134146825511.84552, 'subway_mileage': 1776921344.4734733}}, 2014: {'(1, 2, 3, 4, 5, 6, 7, 8, 9, 10, 11, 12)': {'traffic_num': [246713.89474000357, 1023803.967811876, 3088381.0505462033, 2917318.992979359], 'traffic_ratio': [0.033906886506784854, 0.14070551226300498, 0.42444867517871354, 0.4009389260514966], 'carbon': 12577066808.679657, 'subway_distribution': {'轨道交通3号线(伪满皇宫--长影世纪城)': 130794.5321122356, '轨道交通3号线(长影世纪城--伪满皇宫)': 115919.36262776755}, 'fuel_car_distance': 30055613597.82546, 'elec_car_distance': 131091121689.1548, 'subway_mileage': 1797008836.8520482}}, 2015: {'(1, 2, 3, 4, 5, 6, 7, 8, 9, 10, 11, 12)': {'traffic_num': [248432.38022699466, 1029739.6377120544, 3210869.0405422696, 2955054.2543381397], 'traffic_ratio': [0.03337307890176659, 0.13832972234231636, 0.43133099532092767, 0.39696620343498934], 'carbon': 13149940829.719612, 'subway_distribution': {'轨道交通3号线(伪满皇宫--长影世纪城)': 131842.13123182775, '轨道交通3号线(长影世纪城--伪满皇宫)': 116590.24899516745}, 'fuel_car_distance': 31160707658.213696, 'elec_car_distance': 137679227907.69238, 'subway_mileage': 1811754715.756073}}, 2016: {'(1, 2, 3, 4, 5, 6, 7, 8, 9, 10, 11, 12)': {'traffic_num': [250245.26559426202, 1036937.1354122005, 3292092.7748608715, 2984061.4055173458], 'traffic_ratio': [0.03308662293440439, 0.13710048789371215, 0.43526990230258433, 0.3945429868692992], 'carbon': 13544006722.486687, 'subway_distribution': {'轨道交通3号线(伪满皇宫--长影世纪城)': 132875.55558966933, '轨道交通3号线(长影世纪城--伪满皇宫)': 117369.71000459317}, 'fuel_car_distance': 31967542451.23741, 'elec_car_distance': 142101914349.49863, 'subway_mileage': 1826415304.8259208}}, 2017: {'(1, 2, 3, 4, 5, 6)': {'traffic_num': [251355.71894262198, 1043209.3489521132, 3337903.132604107, 3003602.2702042623], 'traffic_ratio': [0.03291689356547779, 0.13661599286629655, 0.4371231440844421, 0.39334396948378353], 'carbon': 13758942747.637335, 'subway_distribution': {'轨道交通3号线(伪满皇宫--长影世纪城)': 133590.51503493945, '轨道交通3号线(长影世纪城--伪满皇宫)': 117765.20390768438}, 'fuel_car_distance': 32423974470.638958, 'elec_car_distance': 144475941034.63116, 'subway_mileage': 1835902222.7122374}, '(7, 8, 9, 10, 11, 12)': {'traffic_num': [361453.92025030043, 1022203.0011470442, 3299447.666167733, 2952965.8831380378], 'traffic_ratio': [0.0473350686897234, 0.13386505599560314, 0.4320871158571073, 0.3867127594575661], 'carbon': 13668643731.550003, 'subway_distribution': {'轨道交通1号线(北环城路--红嘴子)': 88330.27554428122, '轨道交通3号线(伪满皇宫--长影世纪城)': 156654.4084722771, '轨道交通3号线(长影世纪城--伪满皇宫)': 148035.73160757407, '轨道交通1号线(红嘴子--北环城路)': 41020.41896821048}, 'fuel_car_distance': 32077808052.94534, 'elec_car_distance': 143839573316.53192, 'subway_mileage': 2562763835.068954}}, 2018: {'(1, 2, 3, 4, 5, 6, 7, 8)': {'traffic_num': [363159.8148402714, 1030156.4940527513, 3304792.627425768, 2960311.988760586], 'traffic_ratio': [0.047419672853318315, 0.13451291122942216, 0.4315240256125665, 0.38654339030469304], 'carbon': 13701015123.447552, 'subway_distribution': {'轨道交通1号线(北环城路--红嘴子)': 88882.10159124841, '轨道交通3号线(伪满皇宫--长影世纪城)': 157332.00638376255, '轨道交通3号线(长影世纪城--伪满皇宫)': 148598.7829789867, '轨道交通1号线(红嘴子--北环城路)': 41226.30572043274}, 'fuel_car_distance': 32284142555.908943, 'elec_car_distance': 143875436153.1978, 'subway_mileage': 2571865193.590295}, '(9, 10)': {'traffic_num': [807747.7129923656, 937172.4219232217, 3155660.8421015795, 2757839.948062181], 'traffic_ratio': [0.10547183562961403, 0.12237149551994778, 0.4120511098792711, 0.3601055589711671], 'carbon': 13400186661.562824, 'subway_distribution': {'轨道交通1号线(北环城路--红嘴子)': 138689.1759903006, '轨道交通2号线(东方广场--汽车公园)': 13847.543164484972, '轨道交通3号线(伪满皇宫--长影世纪城)': 165801.1731896205, '轨道交通2号线(汽车公园--东方广场)': 475072.7363457285, '轨道交通3号线(长影世纪城--伪满皇宫)': 173468.84216796263, '轨道交通1号线(红嘴子--北环城路)': 85367.828168438}, 'fuel_car_distance': 31099418595.78107, 'elec_car_distance': 141828998372.87726, 'subway_mileage': 5872955068.199366}, '(11, 12)': {'traffic_num': [815049.2272564033, 935912.1701875789, 3151009.0385209206, 2756450.4891144615], 'traffic_ratio': [0.10642523246369576, 0.12220693787184073, 0.41144369960159466, 0.35992413006286883], 'carbon': 13390687832.618864, 'subway_distribution': {'轨道交通1号线(北环城路--红嘴子)': 139319.79599042874, '轨道交通2号线(东方广场--汽车公园)': 13960.182253830784, '轨道交通3号线(伪满皇宫--长影世纪城)': 166124.15261491438, '轨道交通2号线(汽车公园--东方广场)': 476250.1753208458, '轨道交通3号线(长影世纪城--伪满皇宫)': 175790.0701570377, '轨道交通1号线(红嘴子--北环城路)': 91127.33638543577, '轨道交通8号线(北环城路--广通路)': 8140.767404706256, '轨道交通8号线(广通路--北环城路)': 1548.2081230545118}, 'fuel_car_distance': 31054227875.049835, 'elec_car_distance': 141782576112.9682, 'subway_mileage': 5980872212.897602}}, 2019: {'(1, 2, 3, 4, 5, 6, 7, 8, 9, 10, 11, 12)': {'traffic_num': [817620.5333094207, 936822.0677775304, 3194134.900078413, 2775713.7485161], 'traffic_ratio': [0.1058505572719229, 0.12128259247295516, 0.4135181852717081, 0.35934866498341395], 'carbon': 13586162688.755726, 'subway_distribution': {'轨道交通1号线(北环城路--红嘴子)': 139626.12388942967, '轨道交通2号线(东方广场--汽车公园)': 13843.337625255506, '轨道交通3号线(伪满皇宫--长影世纪城)': 166458.96359727316, '轨道交通2号线(汽车公园--东方广场)': 478039.89853138314, '轨道交通3号线(长影世纪城--伪满皇宫)': 176191.43992258506, '轨道交通1号线(红嘴子--北环城路)': 91727.66240377896, '轨道交通8号线(北环城路--广通路)': 8338.411073707059, '轨道交通8号线(广通路--北环城路)': 1558.8536154361282}, 'fuel_car_distance': 31374316494.049557, 'elec_car_distance': 144163796098.18417, 'subway_mileage': 6007229556.312355}}, 2020: {'(1, 2, 3, 4, 5, 6, 7, 8, 9, 10, 11, 12)': {'traffic_num': [820115.5190454343, 938390.9325707307, 3192668.6643143245, 2780259.286050861], 'traffic_ratio': [0.10607546755298883, 0.12137345850470482, 0.4129464855184095, 0.35960458842389686], 'carbon': 13591183207.80743, 'subway_distribution': {'轨道交通1号线(北环城路--红嘴子)': 139926.99638201925, '轨道交通2号线(东方广场--汽车公园)': 13795.499821889165, '轨道交通3号线(伪满皇宫--长影世纪城)': 166887.19505439664, '轨道交通2号线(汽车公园--东方广场)': 479769.1094016965, '轨道交通3号线(长影世纪城--伪满皇宫)': 176527.5303799228, '轨道交通1号线(红嘴子--北环城路)': 92194.65017820231, '轨道交通8号线(北环城路--广通路)': 8502.330846688394, '轨道交通8号线(广通路--北环城路)': 1558.9974740578864}, 'fuel_car_distance': 31332399665.64712, 'elec_car_distance': 144342176662.7483, 'subway_mileage': 6027814557.836162}}, 2021: {'(1, 2, 3, 4, 5, 6, 7, 8, 9, 10)': {'traffic_num': [820115.5190454343, 938390.9325707307, 3192668.6643143245, 2780259.286050861], 'traffic_ratio': [0.10607546755298883, 0.12137345850470482, 0.4129464855184095, 0.35960458842389686], 'carbon': 13591183207.80743, 'subway_distribution': {'轨道交通1号线(北环城路--红嘴子)': 139926.99638201925, '轨道交通2号线(东方广场--汽车公园)': 13795.499821889165, '轨道交通3号线(伪满皇宫--长影世纪城)': 166887.19505439664, '轨道交通2号线(汽车公园--东方广场)': 479769.1094016965, '轨道交通3号线(长影世纪城--伪满皇宫)': 176527.5303799228, '轨道交通1号线(红嘴子--北环城路)': 92194.65017820231, '轨道交通8号线(北环城路--广通路)': 8502.330846688394, '轨道交通8号线(广通路--北环城路)': 1558.9974740578864}, 'fuel_car_distance': 31332399665.64712, 'elec_car_distance': 144342176662.7483, 'subway_mileage': 6027814557.836162}, '(11, 12)': {'traffic_num': [829625.2766842941, 936629.4874646298, 3188439.867010903, 2776739.7708215127], 'traffic_ratio': [0.10730547962376626, 0.12114562948689045, 0.41239952397368845, 0.35914936691565486], 'carbon': 13583916459.613792, 'subway_distribution': {'轨道交通1号线(北环城路--红嘴子)': 140238.5293152386, '轨道交通2号线(东方广场--汽车公园)': 14668.681167362703, '轨道交通3号线(伪满皇宫--长影世纪城)': 167235.930695011, '轨道交通2号线(汽车公园--东方广场)': 487970.539645948, '轨道交通3号线(长影世纪城--伪满皇宫)': 177510.63506110414, '轨道交通1号线(红嘴子--北环城路)': 92776.71436154521, '轨道交通8号线(北环城路--广通路)': 8506.174425453453, '轨道交通8号线(广通路--北环城路)': 1560.3757564070722}, 'fuel_car_distance': 31303230801.259136, 'elec_car_distance': 144294031406.37482, 'subway_mileage': 6152294742.130885}}, 2022: {'(1, 2, 3, 4, 5, 6, 7, 8, 9, 10, 11, 12)': {'traffic_num': [829625.2766842941, 936629.4874646298, 3188439.867010903, 2776739.7708215127], 'traffic_ratio': [0.10730547962376626, 0.12114562948689045, 0.41239952397368845, 0.35914936691565486], 'carbon': 13583916459.613792, 'subway_distribution': {'轨道交通1号线(北环城路--红嘴子)': 140238.5293152386, '轨道交通2号线(东方广场--汽车公园)': 14668.681167362703, '轨道交通3号线(伪满皇宫--长影世纪城)': 167235.930695011, '轨道交通2号线(汽车公园--东方广场)': 487970.539645948, '轨道交通3号线(长影世纪城--伪满皇宫)': 177510.63506110414, '轨道交通1号线(红嘴子--北环城路)': 92776.71436154521, '轨道交通8号线(北环城路--广通路)': 8506.174425453453, '轨道交通8号线(广通路--北环城路)': 1560.3757564070722}, 'fuel_car_distance': 31303230801.259136, 'elec_car_distance': 144294031406.37482, 'subway_mileage': 6152294742.130885}}, 2023: {'(1, 2, 3, 4, 5, 6, 7, 8, 9, 10, 11, 12)': {'traffic_num': [829625.2766842941, 936629.4874646298, 3188439.867010903, 2776739.7708215127], 'traffic_ratio': [0.10730547962376626, 0.12114562948689045, 0.41239952397368845, 0.35914936691565486], 'carbon': 13583916459.613792, 'subway_distribution': {'轨道交通1号线(北环城路--红嘴子)': 140238.5293152386, '轨道交通2号线(东方广场--汽车公园)': 14668.681167362703, '轨道交通3号线(伪满皇宫--长影世纪城)': 167235.930695011, '轨道交通2号线(汽车公园--东方广场)': 487970.539645948, '轨道交通3号线(长影世纪城--伪满皇宫)': 177510.63506110414, '轨道交通1号线(红嘴子--北环城路)': 92776.71436154521, '轨道交通8号线(北环城路--广通路)': 8506.174425453453, '轨道交通8号线(广通路--北环城路)': 1560.3757564070722}, 'fuel_car_distance': 31303230801.259136, 'elec_car_distance': 144294031406.37482, 'subway_mileage': 6152294742.130885}}}
2024-07-03 19:34:44,479 - root - INFO - keyunliang_true_list: [31.516712328767124, 13.429863013698629]
2024-07-03 19:34:44,479 - root - INFO - keyunliang_list: [107.57846906588487, 64.4777462329085, 34.26982767674833, 25.024526559426253, 24.84323802269952]
2024-07-03 19:34:44,479 - root - INFO - licheng_true_list: [174.44657534246576, 81.34575342465753]
2024-07-03 19:34:44,479 - root - INFO - licheng_list: [600.7229556312355, 369.02146759096917, 219.93330288905955, 182.6415304825921, 181.1754715756073]
2024-07-03 19:34:44,479 - root - INFO - ratio: 0.29296487115340125
2024-07-03 19:34:44,817 - root - INFO - remove_subway_list: ['轨道交通1号线', '轨道交通2号线', '轨道交通3号线', '轨道交通4号线', '轨道交通8号线']
2024-07-03 19:36:05,275 - root - INFO - count, count_true: 95711, 10438
2024-07-03 19:36:06,274 - root - INFO - count, count_true: 92009, 10381
2024-07-03 19:36:07,169 - root - INFO - count, count_true: 96843, 10526
2024-07-03 19:36:07,786 - root - INFO - count, count_true: 93757, 10532
2024-07-03 19:36:08,269 - root - INFO - count, count_true: 102971, 10456
2024-07-03 19:36:09,013 - root - INFO - count, count_true: 97773, 10478
2024-07-03 19:36:09,123 - root - INFO - count, count_true: 100963, 10461
2024-07-03 19:36:10,237 - root - INFO - count, count_true: 104136, 10472
2024-07-03 19:38:08,158 - root - INFO - count, count_true: 93757, 10532
2024-07-03 19:38:15,411 - root - INFO - count, count_true: 103154, 11474
2024-07-03 19:38:17,160 - root - INFO - count, count_true: 105343, 20714
2024-07-03 19:38:17,758 - root - INFO - count, count_true: 104136, 11444
2024-07-03 19:38:18,351 - root - INFO - count, count_true: 105476, 20817
2024-07-03 19:38:18,696 - root - INFO - count, count_true: 105476, 20817
2024-07-03 19:38:19,655 - root - INFO - count, count_true: 105476, 21498
2024-07-03 19:38:22,823 - root - INFO - count, count_true: 105476, 21498
2024-07-03 19:40:20,926 - root - INFO - count, count_true: 103154, 19857
2024-07-03 19:40:24,483 - root - INFO - count, count_true: 105476, 21498
2024-07-03 19:42:34,048 - root - INFO - count, count_true: 103154, 20563
2024-07-03 19:45:20,739 - root - INFO - count, count_true: 93757, 10532
2024-07-03 19:45:23,476 - root - INFO - count, count_true: 97773, 10478
2024-07-03 19:45:24,158 - root - INFO - count, count_true: 100963, 10461
2024-07-03 19:45:24,319 - root - INFO - count, count_true: 92009, 10381
2024-07-03 19:45:24,534 - root - INFO - count, count_true: 95711, 10438
2024-07-03 19:45:24,977 - root - INFO - count, count_true: 96843, 10526
2024-07-03 19:45:27,228 - root - INFO - count, count_true: 102971, 10456
2024-07-03 19:45:28,007 - root - INFO - count, count_true: 104136, 10472
2024-07-03 19:47:21,420 - root - INFO - count, count_true: 93757, 10532
2024-07-03 19:47:42,005 - root - INFO - count, count_true: 104136, 17532
2024-07-03 19:47:44,278 - root - INFO - count, count_true: 103154, 17557
2024-07-03 19:47:45,693 - root - INFO - count, count_true: 105343, 21351
2024-07-03 19:47:46,205 - root - INFO - count, count_true: 105476, 21492
2024-07-03 19:47:50,879 - root - INFO - count, count_true: 105476, 21417
2024-07-03 19:47:51,803 - root - INFO - count, count_true: 105476, 21417
2024-07-03 19:47:53,122 - root - INFO - count, count_true: 105476, 21492
2024-07-03 19:49:50,989 - root - INFO - count, count_true: 103154, 20156
2024-07-03 19:50:01,573 - root - INFO - count, count_true: 105476, 21492
2024-07-03 19:52:04,611 - root - INFO - count, count_true: 103154, 21159
2024-07-03 19:54:47,905 - root - INFO - count, count_true: 97773, 0
2024-07-03 19:54:48,299 - root - INFO - count, count_true: 93757, 0
2024-07-03 19:54:49,080 - root - INFO - count, count_true: 95711, 0
2024-07-03 19:54:49,178 - root - INFO - count, count_true: 92009, 0
2024-07-03 19:54:49,944 - root - INFO - count, count_true: 96843, 0
2024-07-03 19:54:50,046 - root - INFO - count, count_true: 102971, 0
2024-07-03 19:54:51,142 - root - INFO - count, count_true: 100963, 0
2024-07-03 19:54:53,214 - root - INFO - count, count_true: 104136, 0
2024-07-03 19:56:57,222 - root - INFO - count, count_true: 93757, 0
2024-07-03 19:57:02,819 - root - INFO - count, count_true: 103154, 5793
2024-07-03 19:57:04,144 - root - INFO - count, count_true: 104136, 5818
2024-07-03 19:57:05,408 - root - INFO - count, count_true: 105476, 20176
2024-07-03 19:57:07,547 - root - INFO - count, count_true: 105476, 20851
2024-07-03 19:57:07,844 - root - INFO - count, count_true: 105476, 20851
2024-07-03 19:57:08,145 - root - INFO - count, count_true: 105476, 20176
2024-07-03 19:57:08,577 - root - INFO - count, count_true: 105343, 20065
2024-07-03 19:59:09,389 - root - INFO - count, count_true: 103154, 18834
2024-07-03 19:59:17,244 - root - INFO - count, count_true: 105476, 20851
2024-07-03 20:01:28,203 - root - INFO - count, count_true: 103154, 19832
2024-07-03 20:04:16,638 - root - INFO - count, count_true: 93757, 10532
2024-07-03 20:04:17,378 - root - INFO - count, count_true: 95711, 10438
2024-07-03 20:04:17,680 - root - INFO - count, count_true: 97773, 10478
2024-07-03 20:04:19,096 - root - INFO - count, count_true: 96843, 10526
2024-07-03 20:04:19,537 - root - INFO - count, count_true: 100963, 10461
2024-07-03 20:04:20,209 - root - INFO - count, count_true: 104136, 10472
2024-07-03 20:04:20,354 - root - INFO - count, count_true: 92009, 10381
2024-07-03 20:04:21,017 - root - INFO - count, count_true: 102971, 10456
2024-07-03 20:06:19,641 - root - INFO - count, count_true: 93757, 10532
2024-07-03 20:06:33,389 - root - INFO - count, count_true: 103154, 17557
2024-07-03 20:06:35,191 - root - INFO - count, count_true: 105343, 30587
2024-07-03 20:06:36,632 - root - INFO - count, count_true: 104136, 17532
2024-07-03 20:06:40,737 - root - INFO - count, count_true: 105476, 30721
2024-07-03 20:06:41,050 - root - INFO - count, count_true: 105476, 30721
2024-07-03 20:06:41,652 - root - INFO - count, count_true: 105476, 31462
2024-07-03 20:06:42,800 - root - INFO - count, count_true: 105476, 31462
2024-07-03 20:08:40,276 - root - INFO - count, count_true: 103154, 29293
2024-07-03 20:08:49,220 - root - INFO - count, count_true: 105476, 31462
2024-07-03 20:10:49,261 - root - INFO - count, count_true: 103154, 30306
2024-07-03 20:13:39,985 - root - INFO - count, count_true: 95711, 10438
2024-07-03 20:13:40,054 - root - INFO - count, count_true: 96843, 10526
2024-07-03 20:13:41,109 - root - INFO - count, count_true: 93757, 10532
2024-07-03 20:13:41,451 - root - INFO - count, count_true: 92009, 10381
2024-07-03 20:13:41,686 - root - INFO - count, count_true: 97773, 10478
2024-07-03 20:13:42,142 - root - INFO - count, count_true: 100963, 10461
2024-07-03 20:13:43,208 - root - INFO - count, count_true: 104136, 10472
2024-07-03 20:13:43,458 - root - INFO - count, count_true: 102971, 10456
2024-07-03 20:15:46,682 - root - INFO - count, count_true: 93757, 10532
2024-07-03 20:15:52,818 - root - INFO - count, count_true: 104136, 17532
2024-07-03 20:15:56,077 - root - INFO - count, count_true: 103154, 17557
2024-07-03 20:15:58,008 - root - INFO - count, count_true: 105343, 29767
2024-07-03 20:16:00,656 - root - INFO - count, count_true: 105476, 29881
2024-07-03 20:16:00,901 - root - INFO - count, count_true: 105476, 30622
2024-07-03 20:16:01,635 - root - INFO - count, count_true: 105476, 29881
2024-07-03 20:16:04,727 - root - INFO - count, count_true: 105476, 30622
2024-07-03 20:18:10,757 - root - INFO - count, count_true: 103154, 29293
2024-07-03 20:18:14,208 - root - INFO - count, count_true: 105476, 30622
2024-07-03 20:20:32,931 - root - INFO - count, count_true: 103154, 29492
2024-07-03 20:23:05,372 - root - INFO - count, count_true: 92009, 13076
2024-07-03 20:23:07,771 - root - INFO - count, count_true: 95711, 13127
2024-07-03 20:23:07,779 - root - INFO - count, count_true: 100963, 13203
2024-07-03 20:23:08,098 - root - INFO - count, count_true: 102971, 13185
2024-07-03 20:23:08,108 - root - INFO - count, count_true: 104136, 13209
2024-07-03 20:23:08,184 - root - INFO - count, count_true: 93757, 13235
2024-07-03 20:23:08,370 - root - INFO - count, count_true: 96843, 13275
2024-07-03 20:23:08,548 - root - INFO - count, count_true: 97773, 13191
2024-07-03 20:24:28,195 - root - INFO - count, count_true: 103154, 13275
2024-07-03 20:24:29,222 - root - INFO - count, count_true: 105343, 13344
2024-07-03 20:24:29,644 - root - INFO - count, count_true: 105476, 13395
2024-07-03 20:24:30,278 - root - INFO - count, count_true: 105476, 13395
2024-07-03 20:24:30,847 - root - INFO - count, count_true: 105476, 13395
2024-07-03 20:24:30,877 - root - INFO - count, count_true: 105476, 13395
