2024-06-25 20:33:08,420 - root - INFO - City: Jinan
2024-06-25 20:33:08,420 - root - INFO - Parking fee: 20
2024-06-25 20:34:04,946 - root - INFO - Year: 2019, Month: 6
2024-06-25 20:36:09,807 - root - INFO - count, count_true: 138035, 25289
2024-06-25 20:36:09,807 - root - INFO - len args: 144016, missing rate: 0.0415301077658038
2024-06-25 20:36:10,036 - root - INFO - count, count_true: 138035, 3911
2024-06-25 20:36:10,036 - root - INFO - len args: 144016, missing rate: 0.0415301077658038
2024-06-25 20:36:10,036 - root - INFO - count, count_true: 138035, 25289
2024-06-25 20:36:10,037 - root - INFO - len args: 144016, missing rate: 0.0415301077658038
2024-06-25 20:36:10,037 - root - INFO - count, count_true: 136745, 1349
2024-06-25 20:36:10,038 - root - INFO - len args: 142708, missing rate: 0.04178462314656502
2024-06-25 20:36:10,050 - root - INFO - count, count_true: 138035, 3911
2024-06-25 20:36:10,051 - root - INFO - len args: 144016, missing rate: 0.0415301077658038
2024-06-25 20:38:01,156 - root - INFO - count, count_true: 138035, 25289
2024-06-25 20:38:01,157 - root - INFO - len args: 144016, missing rate: 0.0415301077658038
2024-06-25 20:39:28,714 - root - INFO - Factual data collection finished, {2010: {}, 2011: {}, 2012: {}, 2013: {}, 2014: {}, 2015: {}, 2016: {}, 2017: {}, 2018: {}, 2019: {'(5, 6, 7, 8, 9, 10, 11, 12)': {'traffic_num': [14757.515578409644, 1096275.9931083794, 4860002.6957441345, 3647682.089968217], 'traffic_ratio': [0.0015342496917705513, 0.11397318848049924, 0.505265103623427, 0.37922745820430326], 'carbon': 14320411877.614258, 'subway_distribution': {'轨道交通1号线(方特--工研院)': 2968.550223412734, '轨道交通1号线(工研院--方特)': 11788.965354996883}, 'fuel_car_distance': 52350195961.106346, 'elec_car_distance': 106877800621.98723, 'subway_mileage': 149274317.02110723}}, 2020: {'(1, 2, 3, 4, 5, 6, 7, 8, 9, 10, 11, 12)': {'traffic_num': [62154.00288353291, 1101595.1277181169, 4894033.653124589, 3671035.817034308], 'traffic_ratio': [0.00638864855375904, 0.11323010253598523, 0.503045010289533, 0.3773362386207228], 'carbon': 14454091888.491047, 'subway_distribution': {'轨道交通1号线(方特--工研院)': 2921.5062677463534, '轨道交通1号线(工研院--方特)': 11641.77710592976, '轨道交通3号线(龙洞--滩头)': 32596.477592729512, '轨道交通3号线(滩头--龙洞)': 14994.241917127389}, 'fuel_car_distance': 52788102674.86027, 'elec_car_distance': 107994217119.7513, 'subway_mileage': 446374257.7706163}}, 2021: {'(1, 2, 3)': {'traffic_num': [62154.00288353291, 1101595.1277181169, 4894033.653124589, 3671035.817034308], 'traffic_ratio': [0.00638864855375904, 0.11323010253598523, 0.503045010289533, 0.3773362386207228], 'carbon': 14454091888.491047, 'subway_distribution': {'轨道交通1号线(方特--工研院)': 2921.5062677463534, '轨道交通1号线(工研院--方特)': 11641.77710592976, '轨道交通3号线(龙洞--滩头)': 32596.477592729512, '轨道交通3号线(滩头--龙洞)': 14994.241917127389}, 'fuel_car_distance': 52788102674.86027, 'elec_car_distance': 107994217119.7513, 'subway_mileage': 446374257.7706163}, '(4, 5, 6, 7, 8, 9, 10, 11, 12)': {'traffic_num': [350091.68499474396, 1059689.4633217442, 4730755.701118649, 3588281.751325317], 'traffic_ratio': [0.035985015176187886, 0.10892272811407065, 0.48626209360598716, 0.3688301631037543], 'carbon': 14054767027.632326, 'subway_distribution': {'轨道交通1号线(方特--工研院)': 8273.13309544658, '轨道交通2号线(王府庄--彭家庄)': 288176.84452364774, '轨道交通1号线(工研院--方特)': 32012.5109039654, '轨道交通3号线(滩头--龙洞)': 37923.73332876418, '轨道交通3号线(龙洞--滩头)': 50128.691493016195, '轨道交通2号线(彭家庄--王府庄)': 6546.417921097469}, 'fuel_car_distance': 51222028423.592354, 'elec_car_distance': 105262429795.11739, 'subway_mileage': 3922361772.42422}}, 2022: {'(1, 2, 3, 4, 5, 6, 7, 8, 9, 10, 11, 12)': {'traffic_num': [350091.68499474396, 1059689.4633217442, 4730755.701118649, 3588281.751325317], 'traffic_ratio': [0.035985015176187886, 0.10892272811407065, 0.48626209360598716, 0.3688301631037543], 'carbon': 14054767027.632326, 'subway_distribution': {'轨道交通1号线(方特--工研院)': 8273.13309544658, '轨道交通2号线(王府庄--彭家庄)': 288176.84452364774, '轨道交通1号线(工研院--方特)': 32012.5109039654, '轨道交通3号线(滩头--龙洞)': 37923.73332876418, '轨道交通3号线(龙洞--滩头)': 50128.691493016195, '轨道交通2号线(彭家庄--王府庄)': 6546.417921097469}, 'fuel_car_distance': 51222028423.592354, 'elec_car_distance': 105262429795.11739, 'subway_mileage': 3922361772.42422}}, 2023: {'(1, 2, 3, 4, 5, 6, 7, 8, 9, 10, 11, 12)': {'traffic_num': [350091.68499474396, 1059689.4633217442, 4730755.701118649, 3588281.751325317], 'traffic_ratio': [0.035985015176187886, 0.10892272811407065, 0.48626209360598716, 0.3688301631037543], 'carbon': 14054767027.632326, 'subway_distribution': {'轨道交通1号线(方特--工研院)': 8273.13309544658, '轨道交通2号线(王府庄--彭家庄)': 288176.84452364774, '轨道交通1号线(工研院--方特)': 32012.5109039654, '轨道交通3号线(滩头--龙洞)': 37923.73332876418, '轨道交通3号线(龙洞--滩头)': 50128.691493016195, '轨道交通2号线(彭家庄--王府庄)': 6546.417921097469}, 'fuel_car_distance': 51222028423.592354, 'elec_car_distance': 105262429795.11739, 'subway_mileage': 3922361772.42422}}}
2024-06-25 20:39:28,824 - root - INFO - jinzhanliang_true_list: [1.5712328767123287, 0.0, 0.0, 0.0, 0.0]
2024-06-25 20:39:28,824 - root - INFO - jinzhanliang_list: [0.9838343718939763, 0.0, 0.0, 0.0, 0.0, 0.0]
2024-06-25 20:39:28,825 - root - INFO - keyunliang_true_list: [1.5712328767123287, 0.0, 0.0, 0.0, 0.0]
2024-06-25 20:39:28,825 - root - INFO - keyunliang_list: [0.9838343718939745, 0.0, 0.0, 0.0, 0.0, 0.0]
2024-06-25 20:39:28,825 - root - INFO - licheng_true_list: [16.395890410958906, 0.0, 0.0, 0.0, 0.0]
2024-06-25 20:39:28,825 - root - INFO - licheng_list: [9.951621134740481, 0.0, 0.0, 0.0, 0.0, 0.0]
2024-06-25 20:39:28,825 - root - INFO - ratio: 1.597050196251584
2024-06-25 20:39:28,898 - matplotlib.font_manager - WARNING - findfont: Generic family 'sans-serif' not found because none of the following families were found: Times New Roman
2024-06-25 20:39:28,915 - matplotlib.font_manager - WARNING - findfont: Generic family 'sans-serif' not found because none of the following families were found: Times New Roman
2024-06-25 20:39:28,916 - matplotlib.font_manager - WARNING - findfont: Generic family 'sans-serif' not found because none of the following families were found: Times New Roman
2024-06-25 20:39:28,916 - matplotlib.font_manager - WARNING - findfont: Generic family 'sans-serif' not found because none of the following families were found: Times New Roman
2024-06-25 20:39:28,916 - matplotlib.font_manager - WARNING - findfont: Generic family 'sans-serif' not found because none of the following families were found: Times New Roman
2024-06-25 20:39:28,917 - matplotlib.font_manager - WARNING - findfont: Generic family 'sans-serif' not found because none of the following families were found: Times New Roman
2024-06-25 20:39:28,924 - matplotlib.font_manager - WARNING - findfont: Generic family 'sans-serif' not found because none of the following families were found: Times New Roman
2024-06-25 20:39:28,924 - matplotlib.font_manager - WARNING - findfont: Generic family 'sans-serif' not found because none of the following families were found: Times New Roman
2024-06-25 20:39:28,925 - matplotlib.font_manager - WARNING - findfont: Generic family 'sans-serif' not found because none of the following families were found: Times New Roman
2024-06-25 20:39:28,925 - matplotlib.font_manager - WARNING - findfont: Generic family 'sans-serif' not found because none of the following families were found: Times New Roman
2024-06-25 20:39:28,925 - matplotlib.font_manager - WARNING - findfont: Generic family 'sans-serif' not found because none of the following families were found: Times New Roman
2024-06-25 20:39:28,925 - matplotlib.font_manager - WARNING - findfont: Generic family 'sans-serif' not found because none of the following families were found: Times New Roman
2024-06-25 20:39:28,926 - matplotlib.font_manager - WARNING - findfont: Generic family 'sans-serif' not found because none of the following families were found: Times New Roman
2024-06-25 20:39:28,926 - matplotlib.font_manager - WARNING - findfont: Generic family 'sans-serif' not found because none of the following families were found: Times New Roman
2024-06-25 20:39:28,927 - matplotlib.font_manager - WARNING - findfont: Generic family 'sans-serif' not found because none of the following families were found: Times New Roman
2024-06-25 20:39:28,934 - matplotlib.font_manager - WARNING - findfont: Generic family 'sans-serif' not found because none of the following families were found: Times New Roman
2024-06-25 20:39:28,935 - matplotlib.font_manager - WARNING - findfont: Generic family 'sans-serif' not found because none of the following families were found: Times New Roman
2024-06-25 20:39:28,944 - matplotlib.font_manager - WARNING - findfont: Generic family 'sans-serif' not found because none of the following families were found: Times New Roman
2024-06-25 20:39:28,945 - matplotlib.font_manager - WARNING - findfont: Generic family 'sans-serif' not found because none of the following families were found: Times New Roman
2024-06-25 20:39:28,948 - matplotlib.font_manager - WARNING - findfont: Generic family 'sans-serif' not found because none of the following families were found: Times New Roman
2024-06-25 20:39:28,948 - matplotlib.font_manager - WARNING - findfont: Generic family 'sans-serif' not found because none of the following families were found: Times New Roman
2024-06-25 20:39:28,949 - matplotlib.font_manager - WARNING - findfont: Generic family 'sans-serif' not found because none of the following families were found: Times New Roman
2024-06-25 20:39:28,949 - matplotlib.font_manager - WARNING - findfont: Generic family 'sans-serif' not found because none of the following families were found: Times New Roman
2024-06-25 20:39:28,951 - matplotlib.font_manager - WARNING - findfont: Generic family 'sans-serif' not found because none of the following families were found: Times New Roman
2024-06-25 20:39:28,951 - matplotlib.font_manager - WARNING - findfont: Generic family 'sans-serif' not found because none of the following families were found: Times New Roman
2024-06-25 20:39:28,952 - matplotlib.font_manager - WARNING - findfont: Generic family 'sans-serif' not found because none of the following families were found: Times New Roman
2024-06-25 20:39:28,953 - matplotlib.font_manager - WARNING - findfont: Generic family 'sans-serif' not found because none of the following families were found: Times New Roman
2024-06-25 20:39:28,953 - matplotlib.font_manager - WARNING - findfont: Generic family 'sans-serif' not found because none of the following families were found: Times New Roman
2024-06-25 20:39:28,954 - matplotlib.font_manager - WARNING - findfont: Generic family 'sans-serif' not found because none of the following families were found: Times New Roman
2024-06-25 20:39:28,954 - matplotlib.font_manager - WARNING - findfont: Generic family 'sans-serif' not found because none of the following families were found: Times New Roman
2024-06-25 20:39:28,955 - matplotlib.font_manager - WARNING - findfont: Generic family 'sans-serif' not found because none of the following families were found: Times New Roman
2024-06-25 20:39:28,969 - matplotlib.font_manager - WARNING - findfont: Generic family 'sans-serif' not found because none of the following families were found: Times New Roman
2024-06-25 20:39:28,969 - matplotlib.font_manager - WARNING - findfont: Generic family 'sans-serif' not found because none of the following families were found: Times New Roman
2024-06-25 20:39:28,974 - matplotlib.font_manager - WARNING - findfont: Generic family 'sans-serif' not found because none of the following families were found: Times New Roman
2024-06-25 20:39:28,974 - matplotlib.font_manager - WARNING - findfont: Generic family 'sans-serif' not found because none of the following families were found: Times New Roman
2024-06-25 20:39:28,984 - matplotlib.font_manager - WARNING - findfont: Generic family 'sans-serif' not found because none of the following families were found: Times New Roman
2024-06-25 20:39:28,984 - matplotlib.font_manager - WARNING - findfont: Generic family 'sans-serif' not found because none of the following families were found: Times New Roman
2024-06-25 20:39:28,992 - matplotlib.font_manager - WARNING - findfont: Generic family 'sans-serif' not found because none of the following families were found: Times New Roman
2024-06-25 20:39:28,992 - matplotlib.font_manager - WARNING - findfont: Generic family 'sans-serif' not found because none of the following families were found: Times New Roman
2024-06-25 20:39:28,992 - matplotlib.font_manager - WARNING - findfont: Generic family 'sans-serif' not found because none of the following families were found: Times New Roman
2024-06-25 20:39:28,993 - matplotlib.font_manager - WARNING - findfont: Generic family 'sans-serif' not found because none of the following families were found: Times New Roman
2024-06-25 20:39:28,993 - matplotlib.font_manager - WARNING - findfont: Generic family 'sans-serif' not found because none of the following families were found: Times New Roman
2024-06-25 20:39:28,993 - matplotlib.font_manager - WARNING - findfont: Generic family 'sans-serif' not found because none of the following families were found: Times New Roman
2024-06-25 20:39:28,994 - matplotlib.font_manager - WARNING - findfont: Generic family 'sans-serif' not found because none of the following families were found: Times New Roman
2024-06-25 20:39:28,994 - matplotlib.font_manager - WARNING - findfont: Generic family 'sans-serif' not found because none of the following families were found: Times New Roman
2024-06-25 20:39:28,995 - matplotlib.font_manager - WARNING - findfont: Generic family 'sans-serif' not found because none of the following families were found: Times New Roman
2024-06-25 20:39:28,995 - matplotlib.font_manager - WARNING - findfont: Generic family 'sans-serif' not found because none of the following families were found: Times New Roman
2024-06-25 20:39:28,996 - matplotlib.font_manager - WARNING - findfont: Generic family 'sans-serif' not found because none of the following families were found: Times New Roman
2024-06-25 20:39:28,998 - matplotlib.font_manager - WARNING - findfont: Generic family 'sans-serif' not found because none of the following families were found: Times New Roman
2024-06-25 20:39:28,998 - matplotlib.font_manager - WARNING - findfont: Generic family 'sans-serif' not found because none of the following families were found: Times New Roman
2024-06-25 20:39:28,998 - matplotlib.font_manager - WARNING - findfont: Generic family 'sans-serif' not found because none of the following families were found: Times New Roman
2024-06-25 20:39:28,998 - matplotlib.font_manager - WARNING - findfont: Generic family 'sans-serif' not found because none of the following families were found: Times New Roman
2024-06-25 20:39:28,999 - matplotlib.font_manager - WARNING - findfont: Generic family 'sans-serif' not found because none of the following families were found: Times New Roman
2024-06-25 20:39:29,000 - matplotlib.font_manager - WARNING - findfont: Generic family 'sans-serif' not found because none of the following families were found: Times New Roman
2024-06-25 20:39:29,001 - matplotlib.font_manager - WARNING - findfont: Generic family 'sans-serif' not found because none of the following families were found: Times New Roman
2024-06-25 20:39:29,001 - matplotlib.font_manager - WARNING - findfont: Generic family 'sans-serif' not found because none of the following families were found: Times New Roman
2024-06-25 20:39:29,001 - matplotlib.font_manager - WARNING - findfont: Generic family 'sans-serif' not found because none of the following families were found: Times New Roman
2024-06-25 20:39:29,002 - matplotlib.font_manager - WARNING - findfont: Generic family 'sans-serif' not found because none of the following families were found: Times New Roman
2024-06-25 20:39:29,005 - matplotlib.font_manager - WARNING - findfont: Generic family 'sans-serif' not found because none of the following families were found: Times New Roman
2024-06-25 20:39:29,005 - matplotlib.font_manager - WARNING - findfont: Generic family 'sans-serif' not found because none of the following families were found: Times New Roman
2024-06-25 20:39:29,006 - matplotlib.font_manager - WARNING - findfont: Generic family 'sans-serif' not found because none of the following families were found: Times New Roman
2024-06-25 20:39:29,006 - matplotlib.font_manager - WARNING - findfont: Generic family 'sans-serif' not found because none of the following families were found: Times New Roman
2024-06-25 20:39:29,007 - matplotlib.font_manager - WARNING - findfont: Generic family 'sans-serif' not found because none of the following families were found: Times New Roman
2024-06-25 20:39:29,007 - matplotlib.font_manager - WARNING - findfont: Generic family 'sans-serif' not found because none of the following families were found: Times New Roman
2024-06-25 20:39:29,008 - matplotlib.font_manager - WARNING - findfont: Generic family 'sans-serif' not found because none of the following families were found: Times New Roman
2024-06-25 20:39:29,008 - matplotlib.font_manager - WARNING - findfont: Generic family 'sans-serif' not found because none of the following families were found: Times New Roman
2024-06-25 20:39:29,011 - matplotlib.font_manager - WARNING - findfont: Generic family 'sans-serif' not found because none of the following families were found: Times New Roman
2024-06-25 20:39:29,012 - matplotlib.font_manager - WARNING - findfont: Generic family 'sans-serif' not found because none of the following families were found: Times New Roman
2024-06-25 20:39:29,013 - matplotlib.font_manager - WARNING - findfont: Generic family 'sans-serif' not found because none of the following families were found: Times New Roman
2024-06-25 20:39:29,013 - matplotlib.font_manager - WARNING - findfont: Generic family 'sans-serif' not found because none of the following families were found: Times New Roman
2024-06-25 20:39:29,013 - matplotlib.font_manager - WARNING - findfont: Generic family 'sans-serif' not found because none of the following families were found: Times New Roman
2024-06-25 20:39:29,014 - matplotlib.font_manager - WARNING - findfont: Generic family 'sans-serif' not found because none of the following families were found: Times New Roman
2024-06-25 20:39:29,014 - matplotlib.font_manager - WARNING - findfont: Generic family 'sans-serif' not found because none of the following families were found: Times New Roman
2024-06-25 20:39:29,014 - matplotlib.font_manager - WARNING - findfont: Generic family 'sans-serif' not found because none of the following families were found: Times New Roman
2024-06-25 20:39:29,015 - matplotlib.font_manager - WARNING - findfont: Generic family 'sans-serif' not found because none of the following families were found: Times New Roman
2024-06-25 20:39:29,015 - matplotlib.font_manager - WARNING - findfont: Generic family 'sans-serif' not found because none of the following families were found: Times New Roman
2024-06-25 20:39:29,015 - matplotlib.font_manager - WARNING - findfont: Generic family 'sans-serif' not found because none of the following families were found: Times New Roman
2024-06-25 20:39:29,015 - matplotlib.font_manager - WARNING - findfont: Generic family 'sans-serif' not found because none of the following families were found: Times New Roman
2024-06-25 20:39:29,016 - matplotlib.font_manager - WARNING - findfont: Generic family 'sans-serif' not found because none of the following families were found: Times New Roman
2024-06-25 20:39:29,016 - matplotlib.font_manager - WARNING - findfont: Generic family 'sans-serif' not found because none of the following families were found: Times New Roman
2024-06-25 20:39:29,016 - matplotlib.font_manager - WARNING - findfont: Generic family 'sans-serif' not found because none of the following families were found: Times New Roman
2024-06-25 20:39:29,016 - matplotlib.font_manager - WARNING - findfont: Generic family 'sans-serif' not found because none of the following families were found: Times New Roman
2024-06-25 20:39:29,016 - matplotlib.font_manager - WARNING - findfont: Generic family 'sans-serif' not found because none of the following families were found: Times New Roman
2024-06-25 20:39:29,017 - matplotlib.font_manager - WARNING - findfont: Generic family 'sans-serif' not found because none of the following families were found: Times New Roman
2024-06-25 20:39:29,017 - matplotlib.font_manager - WARNING - findfont: Generic family 'sans-serif' not found because none of the following families were found: Times New Roman
2024-06-25 20:39:29,018 - matplotlib.font_manager - WARNING - findfont: Generic family 'sans-serif' not found because none of the following families were found: Times New Roman
2024-06-25 20:39:29,019 - matplotlib.font_manager - WARNING - findfont: Generic family 'sans-serif' not found because none of the following families were found: Times New Roman
2024-06-25 20:39:29,019 - matplotlib.font_manager - WARNING - findfont: Generic family 'sans-serif' not found because none of the following families were found: Times New Roman
2024-06-25 20:39:29,020 - matplotlib.font_manager - WARNING - findfont: Generic family 'sans-serif' not found because none of the following families were found: Times New Roman
2024-06-25 20:39:29,020 - matplotlib.font_manager - WARNING - findfont: Generic family 'sans-serif' not found because none of the following families were found: Times New Roman
2024-06-25 20:39:29,020 - matplotlib.font_manager - WARNING - findfont: Generic family 'sans-serif' not found because none of the following families were found: Times New Roman
2024-06-25 20:39:29,021 - matplotlib.font_manager - WARNING - findfont: Generic family 'sans-serif' not found because none of the following families were found: Times New Roman
2024-06-25 20:39:29,021 - matplotlib.font_manager - WARNING - findfont: Generic family 'sans-serif' not found because none of the following families were found: Times New Roman
2024-06-25 20:39:29,022 - matplotlib.font_manager - WARNING - findfont: Generic family 'sans-serif' not found because none of the following families were found: Times New Roman
2024-06-25 20:39:29,022 - matplotlib.font_manager - WARNING - findfont: Generic family 'sans-serif' not found because none of the following families were found: Times New Roman
2024-06-25 20:39:29,063 - matplotlib.font_manager - WARNING - findfont: Generic family 'sans-serif' not found because none of the following families were found: Times New Roman
2024-06-25 20:39:29,063 - matplotlib.font_manager - WARNING - findfont: Generic family 'sans-serif' not found because none of the following families were found: Times New Roman
2024-06-25 20:39:29,063 - matplotlib.font_manager - WARNING - findfont: Generic family 'sans-serif' not found because none of the following families were found: Times New Roman
2024-06-25 20:39:29,063 - matplotlib.font_manager - WARNING - findfont: Generic family 'sans-serif' not found because none of the following families were found: Times New Roman
2024-06-25 20:39:29,064 - matplotlib.font_manager - WARNING - findfont: Generic family 'sans-serif' not found because none of the following families were found: Times New Roman
2024-06-25 20:39:29,064 - matplotlib.font_manager - WARNING - findfont: Generic family 'sans-serif' not found because none of the following families were found: Times New Roman
2024-06-25 20:39:29,064 - matplotlib.font_manager - WARNING - findfont: Generic family 'sans-serif' not found because none of the following families were found: Times New Roman
2024-06-25 20:39:29,065 - matplotlib.font_manager - WARNING - findfont: Generic family 'sans-serif' not found because none of the following families were found: Times New Roman
2024-06-25 20:39:29,065 - matplotlib.font_manager - WARNING - findfont: Generic family 'sans-serif' not found because none of the following families were found: Times New Roman
2024-06-25 20:39:29,066 - matplotlib.font_manager - WARNING - findfont: Generic family 'sans-serif' not found because none of the following families were found: Times New Roman
2024-06-25 20:39:29,066 - matplotlib.font_manager - WARNING - findfont: Generic family 'sans-serif' not found because none of the following families were found: Times New Roman
2024-06-25 20:39:29,068 - matplotlib.font_manager - WARNING - findfont: Generic family 'sans-serif' not found because none of the following families were found: Times New Roman
2024-06-25 20:39:29,069 - matplotlib.font_manager - WARNING - findfont: Generic family 'sans-serif' not found because none of the following families were found: Times New Roman
2024-06-25 20:39:29,069 - matplotlib.font_manager - WARNING - findfont: Generic family 'sans-serif' not found because none of the following families were found: Times New Roman
2024-06-25 20:39:29,069 - matplotlib.font_manager - WARNING - findfont: Generic family 'sans-serif' not found because none of the following families were found: Times New Roman
2024-06-25 20:39:29,069 - matplotlib.font_manager - WARNING - findfont: Generic family 'sans-serif' not found because none of the following families were found: Times New Roman
2024-06-25 20:39:29,070 - matplotlib.font_manager - WARNING - findfont: Generic family 'sans-serif' not found because none of the following families were found: Times New Roman
2024-06-25 20:39:29,070 - matplotlib.font_manager - WARNING - findfont: Generic family 'sans-serif' not found because none of the following families were found: Times New Roman
2024-06-25 20:39:29,070 - matplotlib.font_manager - WARNING - findfont: Generic family 'sans-serif' not found because none of the following families were found: Times New Roman
2024-06-25 20:39:29,070 - matplotlib.font_manager - WARNING - findfont: Generic family 'sans-serif' not found because none of the following families were found: Times New Roman
2024-06-25 20:39:29,071 - matplotlib.font_manager - WARNING - findfont: Generic family 'sans-serif' not found because none of the following families were found: Times New Roman
2024-06-25 20:39:29,071 - matplotlib.font_manager - WARNING - findfont: Generic family 'sans-serif' not found because none of the following families were found: Times New Roman
2024-06-25 20:39:29,072 - matplotlib.font_manager - WARNING - findfont: Generic family 'sans-serif' not found because none of the following families were found: Times New Roman
2024-06-25 20:39:29,072 - matplotlib.font_manager - WARNING - findfont: Generic family 'sans-serif' not found because none of the following families were found: Times New Roman
2024-06-25 20:39:29,073 - matplotlib.font_manager - WARNING - findfont: Generic family 'sans-serif' not found because none of the following families were found: Times New Roman
2024-06-25 20:39:29,073 - matplotlib.font_manager - WARNING - findfont: Generic family 'sans-serif' not found because none of the following families were found: Times New Roman
2024-06-25 20:39:29,073 - matplotlib.font_manager - WARNING - findfont: Generic family 'sans-serif' not found because none of the following families were found: Times New Roman
2024-06-25 20:39:29,074 - matplotlib.font_manager - WARNING - findfont: Generic family 'sans-serif' not found because none of the following families were found: Times New Roman
2024-06-25 20:39:29,074 - matplotlib.font_manager - WARNING - findfont: Generic family 'sans-serif' not found because none of the following families were found: Times New Roman
2024-06-25 20:39:29,077 - matplotlib.font_manager - WARNING - findfont: Generic family 'sans-serif' not found because none of the following families were found: Times New Roman
2024-06-25 20:39:29,078 - matplotlib.font_manager - WARNING - findfont: Generic family 'sans-serif' not found because none of the following families were found: Times New Roman
2024-06-25 20:39:29,079 - matplotlib.font_manager - WARNING - findfont: Generic family 'sans-serif' not found because none of the following families were found: Times New Roman
2024-06-25 20:39:29,079 - matplotlib.font_manager - WARNING - findfont: Generic family 'sans-serif' not found because none of the following families were found: Times New Roman
2024-06-25 20:39:29,079 - matplotlib.font_manager - WARNING - findfont: Generic family 'sans-serif' not found because none of the following families were found: Times New Roman
2024-06-25 20:39:29,080 - matplotlib.font_manager - WARNING - findfont: Generic family 'sans-serif' not found because none of the following families were found: Times New Roman
2024-06-25 20:39:29,080 - matplotlib.font_manager - WARNING - findfont: Generic family 'sans-serif' not found because none of the following families were found: Times New Roman
2024-06-25 20:39:29,080 - matplotlib.font_manager - WARNING - findfont: Generic family 'sans-serif' not found because none of the following families were found: Times New Roman
2024-06-25 20:39:29,080 - matplotlib.font_manager - WARNING - findfont: Generic family 'sans-serif' not found because none of the following families were found: Times New Roman
2024-06-25 20:39:29,081 - matplotlib.font_manager - WARNING - findfont: Generic family 'sans-serif' not found because none of the following families were found: Times New Roman
2024-06-25 20:39:29,081 - matplotlib.font_manager - WARNING - findfont: Generic family 'sans-serif' not found because none of the following families were found: Times New Roman
2024-06-25 20:39:29,081 - matplotlib.font_manager - WARNING - findfont: Generic family 'sans-serif' not found because none of the following families were found: Times New Roman
2024-06-25 20:39:29,081 - matplotlib.font_manager - WARNING - findfont: Generic family 'sans-serif' not found because none of the following families were found: Times New Roman
2024-06-25 20:39:29,082 - matplotlib.font_manager - WARNING - findfont: Generic family 'sans-serif' not found because none of the following families were found: Times New Roman
2024-06-25 20:39:29,082 - matplotlib.font_manager - WARNING - findfont: Generic family 'sans-serif' not found because none of the following families were found: Times New Roman
2024-06-25 20:39:29,082 - matplotlib.font_manager - WARNING - findfont: Generic family 'sans-serif' not found because none of the following families were found: Times New Roman
2024-06-25 20:39:29,082 - matplotlib.font_manager - WARNING - findfont: Generic family 'sans-serif' not found because none of the following families were found: Times New Roman
2024-06-25 20:39:29,083 - matplotlib.font_manager - WARNING - findfont: Generic family 'sans-serif' not found because none of the following families were found: Times New Roman
2024-06-25 20:39:29,083 - matplotlib.font_manager - WARNING - findfont: Generic family 'sans-serif' not found because none of the following families were found: Times New Roman
2024-06-25 20:39:29,084 - matplotlib.font_manager - WARNING - findfont: Generic family 'sans-serif' not found because none of the following families were found: Times New Roman
2024-06-25 20:39:29,084 - matplotlib.font_manager - WARNING - findfont: Generic family 'sans-serif' not found because none of the following families were found: Times New Roman
2024-06-25 20:39:29,085 - matplotlib.font_manager - WARNING - findfont: Generic family 'sans-serif' not found because none of the following families were found: Times New Roman
2024-06-25 20:39:29,085 - matplotlib.font_manager - WARNING - findfont: Generic family 'sans-serif' not found because none of the following families were found: Times New Roman
2024-06-25 20:39:29,086 - matplotlib.font_manager - WARNING - findfont: Generic family 'sans-serif' not found because none of the following families were found: Times New Roman
2024-06-25 20:39:29,086 - matplotlib.font_manager - WARNING - findfont: Generic family 'sans-serif' not found because none of the following families were found: Times New Roman
2024-06-25 20:39:29,086 - matplotlib.font_manager - WARNING - findfont: Generic family 'sans-serif' not found because none of the following families were found: Times New Roman
2024-06-25 20:39:29,087 - matplotlib.font_manager - WARNING - findfont: Generic family 'sans-serif' not found because none of the following families were found: Times New Roman
2024-06-25 20:39:29,087 - matplotlib.font_manager - WARNING - findfont: Generic family 'sans-serif' not found because none of the following families were found: Times New Roman
2024-06-25 20:39:29,088 - matplotlib.font_manager - WARNING - findfont: Generic family 'sans-serif' not found because none of the following families were found: Times New Roman
2024-06-25 20:39:29,123 - matplotlib.font_manager - WARNING - findfont: Generic family 'sans-serif' not found because none of the following families were found: Times New Roman
2024-06-25 20:39:29,123 - matplotlib.font_manager - WARNING - findfont: Generic family 'sans-serif' not found because none of the following families were found: Times New Roman
2024-06-25 20:39:29,124 - matplotlib.font_manager - WARNING - findfont: Generic family 'sans-serif' not found because none of the following families were found: Times New Roman
2024-06-25 20:39:29,124 - matplotlib.font_manager - WARNING - findfont: Generic family 'sans-serif' not found because none of the following families were found: Times New Roman
2024-06-25 20:39:29,124 - matplotlib.font_manager - WARNING - findfont: Generic family 'sans-serif' not found because none of the following families were found: Times New Roman
2024-06-25 20:39:29,124 - matplotlib.font_manager - WARNING - findfont: Generic family 'sans-serif' not found because none of the following families were found: Times New Roman
2024-06-25 20:39:29,127 - matplotlib.font_manager - WARNING - findfont: Generic family 'sans-serif' not found because none of the following families were found: Times New Roman
2024-06-25 20:39:29,128 - matplotlib.font_manager - WARNING - findfont: Generic family 'sans-serif' not found because none of the following families were found: Times New Roman
2024-06-25 20:39:29,128 - matplotlib.font_manager - WARNING - findfont: Generic family 'sans-serif' not found because none of the following families were found: Times New Roman
2024-06-25 20:39:29,128 - matplotlib.font_manager - WARNING - findfont: Generic family 'sans-serif' not found because none of the following families were found: Times New Roman
2024-06-25 20:39:29,128 - matplotlib.font_manager - WARNING - findfont: Generic family 'sans-serif' not found because none of the following families were found: Times New Roman
2024-06-25 20:39:29,129 - matplotlib.font_manager - WARNING - findfont: Generic family 'sans-serif' not found because none of the following families were found: Times New Roman
2024-06-25 20:39:29,129 - matplotlib.font_manager - WARNING - findfont: Generic family 'sans-serif' not found because none of the following families were found: Times New Roman
2024-06-25 20:39:29,129 - matplotlib.font_manager - WARNING - findfont: Generic family 'sans-serif' not found because none of the following families were found: Times New Roman
2024-06-25 20:39:29,129 - matplotlib.font_manager - WARNING - findfont: Generic family 'sans-serif' not found because none of the following families were found: Times New Roman
2024-06-25 20:39:29,134 - matplotlib.font_manager - WARNING - findfont: Generic family 'sans-serif' not found because none of the following families were found: Times New Roman
2024-06-25 20:39:29,136 - matplotlib.font_manager - WARNING - findfont: Generic family 'sans-serif' not found because none of the following families were found: Times New Roman
2024-06-25 20:39:29,136 - matplotlib.font_manager - WARNING - findfont: Generic family 'sans-serif' not found because none of the following families were found: Times New Roman
2024-06-25 20:39:29,137 - matplotlib.font_manager - WARNING - findfont: Generic family 'sans-serif' not found because none of the following families were found: Times New Roman
2024-06-25 20:39:29,138 - matplotlib.font_manager - WARNING - findfont: Generic family 'sans-serif' not found because none of the following families were found: Times New Roman
2024-06-25 20:39:29,138 - matplotlib.font_manager - WARNING - findfont: Generic family 'sans-serif' not found because none of the following families were found: Times New Roman
2024-06-25 20:39:29,139 - matplotlib.font_manager - WARNING - findfont: Generic family 'sans-serif' not found because none of the following families were found: Times New Roman
2024-06-25 20:39:29,139 - matplotlib.font_manager - WARNING - findfont: Generic family 'sans-serif' not found because none of the following families were found: Times New Roman
2024-06-25 20:39:29,140 - matplotlib.font_manager - WARNING - findfont: Generic family 'sans-serif' not found because none of the following families were found: Times New Roman
2024-06-25 20:39:29,140 - matplotlib.font_manager - WARNING - findfont: Generic family 'sans-serif' not found because none of the following families were found: Times New Roman
2024-06-25 20:39:29,141 - matplotlib.font_manager - WARNING - findfont: Generic family 'sans-serif' not found because none of the following families were found: Times New Roman
2024-06-25 20:39:29,141 - matplotlib.font_manager - WARNING - findfont: Generic family 'sans-serif' not found because none of the following families were found: Times New Roman
2024-06-25 20:39:29,142 - matplotlib.font_manager - WARNING - findfont: Generic family 'sans-serif' not found because none of the following families were found: Times New Roman
2024-06-25 20:39:29,142 - matplotlib.font_manager - WARNING - findfont: Generic family 'sans-serif' not found because none of the following families were found: Times New Roman
2024-06-25 20:39:29,142 - matplotlib.font_manager - WARNING - findfont: Generic family 'sans-serif' not found because none of the following families were found: Times New Roman
2024-06-25 20:39:29,143 - matplotlib.font_manager - WARNING - findfont: Generic family 'sans-serif' not found because none of the following families were found: Times New Roman
2024-06-25 20:39:29,153 - matplotlib.font_manager - WARNING - findfont: Generic family 'sans-serif' not found because none of the following families were found: Times New Roman
2024-06-25 20:39:29,153 - matplotlib.font_manager - WARNING - findfont: Generic family 'sans-serif' not found because none of the following families were found: Times New Roman
2024-06-25 20:39:29,157 - matplotlib.font_manager - WARNING - findfont: Generic family 'sans-serif' not found because none of the following families were found: Times New Roman
2024-06-25 20:39:29,158 - matplotlib.font_manager - WARNING - findfont: Generic family 'sans-serif' not found because none of the following families were found: Times New Roman
2024-06-25 20:39:29,167 - matplotlib.font_manager - WARNING - findfont: Generic family 'sans-serif' not found because none of the following families were found: Times New Roman
2024-06-25 20:39:29,168 - matplotlib.font_manager - WARNING - findfont: Generic family 'sans-serif' not found because none of the following families were found: Times New Roman
2024-06-25 20:39:29,175 - matplotlib.font_manager - WARNING - findfont: Generic family 'sans-serif' not found because none of the following families were found: Times New Roman
2024-06-25 20:39:29,175 - matplotlib.font_manager - WARNING - findfont: Generic family 'sans-serif' not found because none of the following families were found: Times New Roman
2024-06-25 20:39:29,175 - matplotlib.font_manager - WARNING - findfont: Generic family 'sans-serif' not found because none of the following families were found: Times New Roman
2024-06-25 20:39:29,176 - matplotlib.font_manager - WARNING - findfont: Generic family 'sans-serif' not found because none of the following families were found: Times New Roman
2024-06-25 20:39:29,176 - matplotlib.font_manager - WARNING - findfont: Generic family 'sans-serif' not found because none of the following families were found: Times New Roman
2024-06-25 20:39:29,176 - matplotlib.font_manager - WARNING - findfont: Generic family 'sans-serif' not found because none of the following families were found: Times New Roman
2024-06-25 20:39:29,177 - matplotlib.font_manager - WARNING - findfont: Generic family 'sans-serif' not found because none of the following families were found: Times New Roman
2024-06-25 20:39:29,177 - matplotlib.font_manager - WARNING - findfont: Generic family 'sans-serif' not found because none of the following families were found: Times New Roman
2024-06-25 20:39:29,178 - matplotlib.font_manager - WARNING - findfont: Generic family 'sans-serif' not found because none of the following families were found: Times New Roman
2024-06-25 20:39:29,178 - matplotlib.font_manager - WARNING - findfont: Generic family 'sans-serif' not found because none of the following families were found: Times New Roman
2024-06-25 20:39:29,179 - matplotlib.font_manager - WARNING - findfont: Generic family 'sans-serif' not found because none of the following families were found: Times New Roman
2024-06-25 20:39:29,181 - matplotlib.font_manager - WARNING - findfont: Generic family 'sans-serif' not found because none of the following families were found: Times New Roman
2024-06-25 20:39:29,181 - matplotlib.font_manager - WARNING - findfont: Generic family 'sans-serif' not found because none of the following families were found: Times New Roman
2024-06-25 20:39:29,181 - matplotlib.font_manager - WARNING - findfont: Generic family 'sans-serif' not found because none of the following families were found: Times New Roman
2024-06-25 20:39:29,181 - matplotlib.font_manager - WARNING - findfont: Generic family 'sans-serif' not found because none of the following families were found: Times New Roman
2024-06-25 20:39:29,182 - matplotlib.font_manager - WARNING - findfont: Generic family 'sans-serif' not found because none of the following families were found: Times New Roman
2024-06-25 20:39:29,182 - matplotlib.font_manager - WARNING - findfont: Generic family 'sans-serif' not found because none of the following families were found: Times New Roman
2024-06-25 20:39:29,182 - matplotlib.font_manager - WARNING - findfont: Generic family 'sans-serif' not found because none of the following families were found: Times New Roman
2024-06-25 20:39:29,182 - matplotlib.font_manager - WARNING - findfont: Generic family 'sans-serif' not found because none of the following families were found: Times New Roman
2024-06-25 20:39:29,183 - matplotlib.font_manager - WARNING - findfont: Generic family 'sans-serif' not found because none of the following families were found: Times New Roman
2024-06-25 20:39:29,183 - matplotlib.font_manager - WARNING - findfont: Generic family 'sans-serif' not found because none of the following families were found: Times New Roman
2024-06-25 20:39:29,183 - matplotlib.font_manager - WARNING - findfont: Generic family 'sans-serif' not found because none of the following families were found: Times New Roman
2024-06-25 20:39:29,184 - matplotlib.font_manager - WARNING - findfont: Generic family 'sans-serif' not found because none of the following families were found: Times New Roman
2024-06-25 20:39:29,184 - matplotlib.font_manager - WARNING - findfont: Generic family 'sans-serif' not found because none of the following families were found: Times New Roman
2024-06-25 20:39:29,185 - matplotlib.font_manager - WARNING - findfont: Generic family 'sans-serif' not found because none of the following families were found: Times New Roman
2024-06-25 20:39:29,185 - matplotlib.font_manager - WARNING - findfont: Generic family 'sans-serif' not found because none of the following families were found: Times New Roman
2024-06-25 20:39:29,185 - matplotlib.font_manager - WARNING - findfont: Generic family 'sans-serif' not found because none of the following families were found: Times New Roman
2024-06-25 20:39:29,186 - matplotlib.font_manager - WARNING - findfont: Generic family 'sans-serif' not found because none of the following families were found: Times New Roman
2024-06-25 20:39:29,186 - matplotlib.font_manager - WARNING - findfont: Generic family 'sans-serif' not found because none of the following families were found: Times New Roman
2024-06-25 20:39:29,189 - matplotlib.font_manager - WARNING - findfont: Generic family 'sans-serif' not found because none of the following families were found: Times New Roman
2024-06-25 20:39:29,190 - matplotlib.font_manager - WARNING - findfont: Generic family 'sans-serif' not found because none of the following families were found: Times New Roman
2024-06-25 20:39:29,191 - matplotlib.font_manager - WARNING - findfont: Generic family 'sans-serif' not found because none of the following families were found: Times New Roman
2024-06-25 20:39:29,191 - matplotlib.font_manager - WARNING - findfont: Generic family 'sans-serif' not found because none of the following families were found: Times New Roman
2024-06-25 20:39:29,191 - matplotlib.font_manager - WARNING - findfont: Generic family 'sans-serif' not found because none of the following families were found: Times New Roman
2024-06-25 20:39:29,191 - matplotlib.font_manager - WARNING - findfont: Generic family 'sans-serif' not found because none of the following families were found: Times New Roman
2024-06-25 20:39:29,192 - matplotlib.font_manager - WARNING - findfont: Generic family 'sans-serif' not found because none of the following families were found: Times New Roman
2024-06-25 20:39:29,192 - matplotlib.font_manager - WARNING - findfont: Generic family 'sans-serif' not found because none of the following families were found: Times New Roman
2024-06-25 20:39:29,192 - matplotlib.font_manager - WARNING - findfont: Generic family 'sans-serif' not found because none of the following families were found: Times New Roman
2024-06-25 20:39:29,193 - matplotlib.font_manager - WARNING - findfont: Generic family 'sans-serif' not found because none of the following families were found: Times New Roman
2024-06-25 20:39:29,193 - matplotlib.font_manager - WARNING - findfont: Generic family 'sans-serif' not found because none of the following families were found: Times New Roman
2024-06-25 20:39:29,193 - matplotlib.font_manager - WARNING - findfont: Generic family 'sans-serif' not found because none of the following families were found: Times New Roman
2024-06-25 20:39:29,193 - matplotlib.font_manager - WARNING - findfont: Generic family 'sans-serif' not found because none of the following families were found: Times New Roman
2024-06-25 20:39:29,194 - matplotlib.font_manager - WARNING - findfont: Generic family 'sans-serif' not found because none of the following families were found: Times New Roman
2024-06-25 20:39:29,194 - matplotlib.font_manager - WARNING - findfont: Generic family 'sans-serif' not found because none of the following families were found: Times New Roman
2024-06-25 20:39:29,194 - matplotlib.font_manager - WARNING - findfont: Generic family 'sans-serif' not found because none of the following families were found: Times New Roman
2024-06-25 20:39:29,194 - matplotlib.font_manager - WARNING - findfont: Generic family 'sans-serif' not found because none of the following families were found: Times New Roman
2024-06-25 20:39:29,194 - matplotlib.font_manager - WARNING - findfont: Generic family 'sans-serif' not found because none of the following families were found: Times New Roman
2024-06-25 20:39:29,195 - matplotlib.font_manager - WARNING - findfont: Generic family 'sans-serif' not found because none of the following families were found: Times New Roman
2024-06-25 20:39:29,196 - matplotlib.font_manager - WARNING - findfont: Generic family 'sans-serif' not found because none of the following families were found: Times New Roman
2024-06-25 20:39:29,196 - matplotlib.font_manager - WARNING - findfont: Generic family 'sans-serif' not found because none of the following families were found: Times New Roman
2024-06-25 20:39:29,197 - matplotlib.font_manager - WARNING - findfont: Generic family 'sans-serif' not found because none of the following families were found: Times New Roman
2024-06-25 20:39:29,197 - matplotlib.font_manager - WARNING - findfont: Generic family 'sans-serif' not found because none of the following families were found: Times New Roman
2024-06-25 20:39:29,197 - matplotlib.font_manager - WARNING - findfont: Generic family 'sans-serif' not found because none of the following families were found: Times New Roman
2024-06-25 20:39:29,199 - matplotlib.font_manager - WARNING - findfont: Generic family 'sans-serif' not found because none of the following families were found: Times New Roman
2024-06-25 20:39:29,200 - matplotlib.font_manager - WARNING - findfont: Generic family 'sans-serif' not found because none of the following families were found: Times New Roman
2024-06-25 20:39:29,200 - matplotlib.font_manager - WARNING - findfont: Generic family 'sans-serif' not found because none of the following families were found: Times New Roman
2024-06-25 20:39:29,201 - matplotlib.font_manager - WARNING - findfont: Generic family 'sans-serif' not found because none of the following families were found: Times New Roman
2024-06-25 20:39:29,201 - matplotlib.font_manager - WARNING - findfont: Generic family 'sans-serif' not found because none of the following families were found: Times New Roman
2024-06-25 20:39:29,241 - matplotlib.font_manager - WARNING - findfont: Generic family 'sans-serif' not found because none of the following families were found: Times New Roman
2024-06-25 20:39:29,241 - matplotlib.font_manager - WARNING - findfont: Generic family 'sans-serif' not found because none of the following families were found: Times New Roman
2024-06-25 20:39:29,242 - matplotlib.font_manager - WARNING - findfont: Generic family 'sans-serif' not found because none of the following families were found: Times New Roman
2024-06-25 20:39:29,242 - matplotlib.font_manager - WARNING - findfont: Generic family 'sans-serif' not found because none of the following families were found: Times New Roman
2024-06-25 20:39:29,242 - matplotlib.font_manager - WARNING - findfont: Generic family 'sans-serif' not found because none of the following families were found: Times New Roman
2024-06-25 20:39:29,242 - matplotlib.font_manager - WARNING - findfont: Generic family 'sans-serif' not found because none of the following families were found: Times New Roman
2024-06-25 20:39:29,243 - matplotlib.font_manager - WARNING - findfont: Generic family 'sans-serif' not found because none of the following families were found: Times New Roman
2024-06-25 20:39:29,243 - matplotlib.font_manager - WARNING - findfont: Generic family 'sans-serif' not found because none of the following families were found: Times New Roman
2024-06-25 20:39:29,244 - matplotlib.font_manager - WARNING - findfont: Generic family 'sans-serif' not found because none of the following families were found: Times New Roman
2024-06-25 20:39:29,244 - matplotlib.font_manager - WARNING - findfont: Generic family 'sans-serif' not found because none of the following families were found: Times New Roman
2024-06-25 20:39:29,245 - matplotlib.font_manager - WARNING - findfont: Generic family 'sans-serif' not found because none of the following families were found: Times New Roman
2024-06-25 20:39:29,247 - matplotlib.font_manager - WARNING - findfont: Generic family 'sans-serif' not found because none of the following families were found: Times New Roman
2024-06-25 20:39:29,247 - matplotlib.font_manager - WARNING - findfont: Generic family 'sans-serif' not found because none of the following families were found: Times New Roman
2024-06-25 20:39:29,247 - matplotlib.font_manager - WARNING - findfont: Generic family 'sans-serif' not found because none of the following families were found: Times New Roman
2024-06-25 20:39:29,248 - matplotlib.font_manager - WARNING - findfont: Generic family 'sans-serif' not found because none of the following families were found: Times New Roman
2024-06-25 20:39:29,248 - matplotlib.font_manager - WARNING - findfont: Generic family 'sans-serif' not found because none of the following families were found: Times New Roman
2024-06-25 20:39:29,248 - matplotlib.font_manager - WARNING - findfont: Generic family 'sans-serif' not found because none of the following families were found: Times New Roman
2024-06-25 20:39:29,248 - matplotlib.font_manager - WARNING - findfont: Generic family 'sans-serif' not found because none of the following families were found: Times New Roman
2024-06-25 20:39:29,249 - matplotlib.font_manager - WARNING - findfont: Generic family 'sans-serif' not found because none of the following families were found: Times New Roman
2024-06-25 20:39:29,249 - matplotlib.font_manager - WARNING - findfont: Generic family 'sans-serif' not found because none of the following families were found: Times New Roman
2024-06-25 20:39:29,249 - matplotlib.font_manager - WARNING - findfont: Generic family 'sans-serif' not found because none of the following families were found: Times New Roman
2024-06-25 20:39:29,250 - matplotlib.font_manager - WARNING - findfont: Generic family 'sans-serif' not found because none of the following families were found: Times New Roman
2024-06-25 20:39:29,250 - matplotlib.font_manager - WARNING - findfont: Generic family 'sans-serif' not found because none of the following families were found: Times New Roman
2024-06-25 20:39:29,251 - matplotlib.font_manager - WARNING - findfont: Generic family 'sans-serif' not found because none of the following families were found: Times New Roman
2024-06-25 20:39:29,251 - matplotlib.font_manager - WARNING - findfont: Generic family 'sans-serif' not found because none of the following families were found: Times New Roman
2024-06-25 20:39:29,251 - matplotlib.font_manager - WARNING - findfont: Generic family 'sans-serif' not found because none of the following families were found: Times New Roman
2024-06-25 20:39:29,252 - matplotlib.font_manager - WARNING - findfont: Generic family 'sans-serif' not found because none of the following families were found: Times New Roman
2024-06-25 20:39:29,253 - matplotlib.font_manager - WARNING - findfont: Generic family 'sans-serif' not found because none of the following families were found: Times New Roman
2024-06-25 20:39:29,253 - matplotlib.font_manager - WARNING - findfont: Generic family 'sans-serif' not found because none of the following families were found: Times New Roman
2024-06-25 20:39:29,257 - matplotlib.font_manager - WARNING - findfont: Generic family 'sans-serif' not found because none of the following families were found: Times New Roman
2024-06-25 20:39:29,257 - matplotlib.font_manager - WARNING - findfont: Generic family 'sans-serif' not found because none of the following families were found: Times New Roman
2024-06-25 20:39:29,258 - matplotlib.font_manager - WARNING - findfont: Generic family 'sans-serif' not found because none of the following families were found: Times New Roman
2024-06-25 20:39:29,259 - matplotlib.font_manager - WARNING - findfont: Generic family 'sans-serif' not found because none of the following families were found: Times New Roman
2024-06-25 20:39:29,259 - matplotlib.font_manager - WARNING - findfont: Generic family 'sans-serif' not found because none of the following families were found: Times New Roman
2024-06-25 20:39:29,259 - matplotlib.font_manager - WARNING - findfont: Generic family 'sans-serif' not found because none of the following families were found: Times New Roman
2024-06-25 20:39:29,259 - matplotlib.font_manager - WARNING - findfont: Generic family 'sans-serif' not found because none of the following families were found: Times New Roman
2024-06-25 20:39:29,260 - matplotlib.font_manager - WARNING - findfont: Generic family 'sans-serif' not found because none of the following families were found: Times New Roman
2024-06-25 20:39:29,260 - matplotlib.font_manager - WARNING - findfont: Generic family 'sans-serif' not found because none of the following families were found: Times New Roman
2024-06-25 20:39:29,260 - matplotlib.font_manager - WARNING - findfont: Generic family 'sans-serif' not found because none of the following families were found: Times New Roman
2024-06-25 20:39:29,260 - matplotlib.font_manager - WARNING - findfont: Generic family 'sans-serif' not found because none of the following families were found: Times New Roman
2024-06-25 20:39:29,261 - matplotlib.font_manager - WARNING - findfont: Generic family 'sans-serif' not found because none of the following families were found: Times New Roman
2024-06-25 20:39:29,261 - matplotlib.font_manager - WARNING - findfont: Generic family 'sans-serif' not found because none of the following families were found: Times New Roman
2024-06-25 20:39:29,261 - matplotlib.font_manager - WARNING - findfont: Generic family 'sans-serif' not found because none of the following families were found: Times New Roman
2024-06-25 20:39:29,261 - matplotlib.font_manager - WARNING - findfont: Generic family 'sans-serif' not found because none of the following families were found: Times New Roman
2024-06-25 20:39:29,262 - matplotlib.font_manager - WARNING - findfont: Generic family 'sans-serif' not found because none of the following families were found: Times New Roman
2024-06-25 20:39:29,262 - matplotlib.font_manager - WARNING - findfont: Generic family 'sans-serif' not found because none of the following families were found: Times New Roman
2024-06-25 20:39:29,262 - matplotlib.font_manager - WARNING - findfont: Generic family 'sans-serif' not found because none of the following families were found: Times New Roman
2024-06-25 20:39:29,262 - matplotlib.font_manager - WARNING - findfont: Generic family 'sans-serif' not found because none of the following families were found: Times New Roman
2024-06-25 20:39:29,264 - matplotlib.font_manager - WARNING - findfont: Generic family 'sans-serif' not found because none of the following families were found: Times New Roman
2024-06-25 20:39:29,264 - matplotlib.font_manager - WARNING - findfont: Generic family 'sans-serif' not found because none of the following families were found: Times New Roman
2024-06-25 20:39:29,265 - matplotlib.font_manager - WARNING - findfont: Generic family 'sans-serif' not found because none of the following families were found: Times New Roman
2024-06-25 20:39:29,266 - matplotlib.font_manager - WARNING - findfont: Generic family 'sans-serif' not found because none of the following families were found: Times New Roman
2024-06-25 20:39:29,266 - matplotlib.font_manager - WARNING - findfont: Generic family 'sans-serif' not found because none of the following families were found: Times New Roman
2024-06-25 20:39:29,267 - matplotlib.font_manager - WARNING - findfont: Generic family 'sans-serif' not found because none of the following families were found: Times New Roman
2024-06-25 20:39:29,267 - matplotlib.font_manager - WARNING - findfont: Generic family 'sans-serif' not found because none of the following families were found: Times New Roman
2024-06-25 20:39:29,268 - matplotlib.font_manager - WARNING - findfont: Generic family 'sans-serif' not found because none of the following families were found: Times New Roman
2024-06-25 20:39:29,268 - matplotlib.font_manager - WARNING - findfont: Generic family 'sans-serif' not found because none of the following families were found: Times New Roman
2024-06-25 20:39:29,269 - matplotlib.font_manager - WARNING - findfont: Generic family 'sans-serif' not found because none of the following families were found: Times New Roman
2024-06-25 20:39:29,308 - matplotlib.font_manager - WARNING - findfont: Generic family 'sans-serif' not found because none of the following families were found: Times New Roman
2024-06-25 20:39:29,309 - matplotlib.font_manager - WARNING - findfont: Generic family 'sans-serif' not found because none of the following families were found: Times New Roman
2024-06-25 20:39:29,309 - matplotlib.font_manager - WARNING - findfont: Generic family 'sans-serif' not found because none of the following families were found: Times New Roman
2024-06-25 20:39:29,309 - matplotlib.font_manager - WARNING - findfont: Generic family 'sans-serif' not found because none of the following families were found: Times New Roman
2024-06-25 20:39:29,309 - matplotlib.font_manager - WARNING - findfont: Generic family 'sans-serif' not found because none of the following families were found: Times New Roman
2024-06-25 20:39:29,310 - matplotlib.font_manager - WARNING - findfont: Generic family 'sans-serif' not found because none of the following families were found: Times New Roman
2024-06-25 20:39:29,313 - matplotlib.font_manager - WARNING - findfont: Generic family 'sans-serif' not found because none of the following families were found: Times New Roman
2024-06-25 20:39:29,313 - matplotlib.font_manager - WARNING - findfont: Generic family 'sans-serif' not found because none of the following families were found: Times New Roman
2024-06-25 20:39:29,313 - matplotlib.font_manager - WARNING - findfont: Generic family 'sans-serif' not found because none of the following families were found: Times New Roman
2024-06-25 20:39:29,314 - matplotlib.font_manager - WARNING - findfont: Generic family 'sans-serif' not found because none of the following families were found: Times New Roman
2024-06-25 20:39:29,314 - matplotlib.font_manager - WARNING - findfont: Generic family 'sans-serif' not found because none of the following families were found: Times New Roman
2024-06-25 20:39:29,314 - matplotlib.font_manager - WARNING - findfont: Generic family 'sans-serif' not found because none of the following families were found: Times New Roman
2024-06-25 20:39:29,314 - matplotlib.font_manager - WARNING - findfont: Generic family 'sans-serif' not found because none of the following families were found: Times New Roman
2024-06-25 20:39:29,314 - matplotlib.font_manager - WARNING - findfont: Generic family 'sans-serif' not found because none of the following families were found: Times New Roman
2024-06-25 20:39:29,314 - matplotlib.font_manager - WARNING - findfont: Generic family 'sans-serif' not found because none of the following families were found: Times New Roman
2024-06-25 20:39:29,319 - matplotlib.font_manager - WARNING - findfont: Generic family 'sans-serif' not found because none of the following families were found: Times New Roman
2024-06-25 20:39:29,319 - matplotlib.font_manager - WARNING - findfont: Generic family 'sans-serif' not found because none of the following families were found: Times New Roman
2024-06-25 20:39:29,320 - matplotlib.font_manager - WARNING - findfont: Generic family 'sans-serif' not found because none of the following families were found: Times New Roman
2024-06-25 20:39:29,320 - matplotlib.font_manager - WARNING - findfont: Generic family 'sans-serif' not found because none of the following families were found: Times New Roman
2024-06-25 20:39:29,320 - matplotlib.font_manager - WARNING - findfont: Generic family 'sans-serif' not found because none of the following families were found: Times New Roman
2024-06-25 20:39:29,321 - matplotlib.font_manager - WARNING - findfont: Generic family 'sans-serif' not found because none of the following families were found: Times New Roman
2024-06-25 20:39:29,321 - matplotlib.font_manager - WARNING - findfont: Generic family 'sans-serif' not found because none of the following families were found: Times New Roman
2024-06-25 20:39:29,322 - matplotlib.font_manager - WARNING - findfont: Generic family 'sans-serif' not found because none of the following families were found: Times New Roman
2024-06-25 20:39:29,322 - matplotlib.font_manager - WARNING - findfont: Generic family 'sans-serif' not found because none of the following families were found: Times New Roman
2024-06-25 20:39:29,323 - matplotlib.font_manager - WARNING - findfont: Generic family 'sans-serif' not found because none of the following families were found: Times New Roman
2024-06-25 20:39:29,323 - matplotlib.font_manager - WARNING - findfont: Generic family 'sans-serif' not found because none of the following families were found: Times New Roman
2024-06-25 20:39:29,324 - matplotlib.font_manager - WARNING - findfont: Generic family 'sans-serif' not found because none of the following families were found: Times New Roman
2024-06-25 20:39:29,324 - matplotlib.font_manager - WARNING - findfont: Generic family 'sans-serif' not found because none of the following families were found: Times New Roman
2024-06-25 20:39:29,324 - matplotlib.font_manager - WARNING - findfont: Generic family 'sans-serif' not found because none of the following families were found: Times New Roman
2024-06-25 20:39:29,325 - matplotlib.font_manager - WARNING - findfont: Generic family 'sans-serif' not found because none of the following families were found: Times New Roman
2024-06-25 20:39:29,325 - matplotlib.font_manager - WARNING - findfont: Generic family 'sans-serif' not found because none of the following families were found: Times New Roman
2024-06-25 20:39:29,326 - matplotlib.font_manager - WARNING - findfont: Generic family 'sans-serif' not found because none of the following families were found: Times New Roman
2024-06-25 20:39:29,335 - matplotlib.font_manager - WARNING - findfont: Generic family 'sans-serif' not found because none of the following families were found: Times New Roman
2024-06-25 20:39:29,336 - matplotlib.font_manager - WARNING - findfont: Generic family 'sans-serif' not found because none of the following families were found: Times New Roman
2024-06-25 20:39:29,340 - matplotlib.font_manager - WARNING - findfont: Generic family 'sans-serif' not found because none of the following families were found: Times New Roman
2024-06-25 20:39:29,340 - matplotlib.font_manager - WARNING - findfont: Generic family 'sans-serif' not found because none of the following families were found: Times New Roman
2024-06-25 20:39:29,350 - matplotlib.font_manager - WARNING - findfont: Generic family 'sans-serif' not found because none of the following families were found: Times New Roman
2024-06-25 20:39:29,350 - matplotlib.font_manager - WARNING - findfont: Generic family 'sans-serif' not found because none of the following families were found: Times New Roman
2024-06-25 20:39:29,357 - matplotlib.font_manager - WARNING - findfont: Generic family 'sans-serif' not found because none of the following families were found: Times New Roman
2024-06-25 20:39:29,358 - matplotlib.font_manager - WARNING - findfont: Generic family 'sans-serif' not found because none of the following families were found: Times New Roman
2024-06-25 20:39:29,358 - matplotlib.font_manager - WARNING - findfont: Generic family 'sans-serif' not found because none of the following families were found: Times New Roman
2024-06-25 20:39:29,358 - matplotlib.font_manager - WARNING - findfont: Generic family 'sans-serif' not found because none of the following families were found: Times New Roman
2024-06-25 20:39:29,358 - matplotlib.font_manager - WARNING - findfont: Generic family 'sans-serif' not found because none of the following families were found: Times New Roman
2024-06-25 20:39:29,359 - matplotlib.font_manager - WARNING - findfont: Generic family 'sans-serif' not found because none of the following families were found: Times New Roman
2024-06-25 20:39:29,359 - matplotlib.font_manager - WARNING - findfont: Generic family 'sans-serif' not found because none of the following families were found: Times New Roman
2024-06-25 20:39:29,360 - matplotlib.font_manager - WARNING - findfont: Generic family 'sans-serif' not found because none of the following families were found: Times New Roman
2024-06-25 20:39:29,360 - matplotlib.font_manager - WARNING - findfont: Generic family 'sans-serif' not found because none of the following families were found: Times New Roman
2024-06-25 20:39:29,361 - matplotlib.font_manager - WARNING - findfont: Generic family 'sans-serif' not found because none of the following families were found: Times New Roman
2024-06-25 20:39:29,361 - matplotlib.font_manager - WARNING - findfont: Generic family 'sans-serif' not found because none of the following families were found: Times New Roman
2024-06-25 20:39:29,363 - matplotlib.font_manager - WARNING - findfont: Generic family 'sans-serif' not found because none of the following families were found: Times New Roman
2024-06-25 20:39:29,364 - matplotlib.font_manager - WARNING - findfont: Generic family 'sans-serif' not found because none of the following families were found: Times New Roman
2024-06-25 20:39:29,364 - matplotlib.font_manager - WARNING - findfont: Generic family 'sans-serif' not found because none of the following families were found: Times New Roman
2024-06-25 20:39:29,364 - matplotlib.font_manager - WARNING - findfont: Generic family 'sans-serif' not found because none of the following families were found: Times New Roman
2024-06-25 20:39:29,364 - matplotlib.font_manager - WARNING - findfont: Generic family 'sans-serif' not found because none of the following families were found: Times New Roman
2024-06-25 20:39:29,364 - matplotlib.font_manager - WARNING - findfont: Generic family 'sans-serif' not found because none of the following families were found: Times New Roman
2024-06-25 20:39:29,364 - matplotlib.font_manager - WARNING - findfont: Generic family 'sans-serif' not found because none of the following families were found: Times New Roman
2024-06-25 20:39:29,365 - matplotlib.font_manager - WARNING - findfont: Generic family 'sans-serif' not found because none of the following families were found: Times New Roman
2024-06-25 20:39:29,365 - matplotlib.font_manager - WARNING - findfont: Generic family 'sans-serif' not found because none of the following families were found: Times New Roman
2024-06-25 20:39:29,365 - matplotlib.font_manager - WARNING - findfont: Generic family 'sans-serif' not found because none of the following families were found: Times New Roman
2024-06-25 20:39:29,366 - matplotlib.font_manager - WARNING - findfont: Generic family 'sans-serif' not found because none of the following families were found: Times New Roman
2024-06-25 20:39:29,366 - matplotlib.font_manager - WARNING - findfont: Generic family 'sans-serif' not found because none of the following families were found: Times New Roman
2024-06-25 20:39:29,366 - matplotlib.font_manager - WARNING - findfont: Generic family 'sans-serif' not found because none of the following families were found: Times New Roman
2024-06-25 20:39:29,367 - matplotlib.font_manager - WARNING - findfont: Generic family 'sans-serif' not found because none of the following families were found: Times New Roman
2024-06-25 20:39:29,367 - matplotlib.font_manager - WARNING - findfont: Generic family 'sans-serif' not found because none of the following families were found: Times New Roman
2024-06-25 20:39:29,368 - matplotlib.font_manager - WARNING - findfont: Generic family 'sans-serif' not found because none of the following families were found: Times New Roman
2024-06-25 20:39:29,368 - matplotlib.font_manager - WARNING - findfont: Generic family 'sans-serif' not found because none of the following families were found: Times New Roman
2024-06-25 20:39:29,369 - matplotlib.font_manager - WARNING - findfont: Generic family 'sans-serif' not found because none of the following families were found: Times New Roman
2024-06-25 20:39:29,371 - matplotlib.font_manager - WARNING - findfont: Generic family 'sans-serif' not found because none of the following families were found: Times New Roman
2024-06-25 20:39:29,372 - matplotlib.font_manager - WARNING - findfont: Generic family 'sans-serif' not found because none of the following families were found: Times New Roman
2024-06-25 20:39:29,373 - matplotlib.font_manager - WARNING - findfont: Generic family 'sans-serif' not found because none of the following families were found: Times New Roman
2024-06-25 20:39:29,373 - matplotlib.font_manager - WARNING - findfont: Generic family 'sans-serif' not found because none of the following families were found: Times New Roman
2024-06-25 20:39:29,373 - matplotlib.font_manager - WARNING - findfont: Generic family 'sans-serif' not found because none of the following families were found: Times New Roman
2024-06-25 20:39:29,374 - matplotlib.font_manager - WARNING - findfont: Generic family 'sans-serif' not found because none of the following families were found: Times New Roman
2024-06-25 20:39:29,374 - matplotlib.font_manager - WARNING - findfont: Generic family 'sans-serif' not found because none of the following families were found: Times New Roman
2024-06-25 20:39:29,374 - matplotlib.font_manager - WARNING - findfont: Generic family 'sans-serif' not found because none of the following families were found: Times New Roman
2024-06-25 20:39:29,374 - matplotlib.font_manager - WARNING - findfont: Generic family 'sans-serif' not found because none of the following families were found: Times New Roman
2024-06-25 20:39:29,375 - matplotlib.font_manager - WARNING - findfont: Generic family 'sans-serif' not found because none of the following families were found: Times New Roman
2024-06-25 20:39:29,375 - matplotlib.font_manager - WARNING - findfont: Generic family 'sans-serif' not found because none of the following families were found: Times New Roman
2024-06-25 20:39:29,375 - matplotlib.font_manager - WARNING - findfont: Generic family 'sans-serif' not found because none of the following families were found: Times New Roman
2024-06-25 20:39:29,375 - matplotlib.font_manager - WARNING - findfont: Generic family 'sans-serif' not found because none of the following families were found: Times New Roman
2024-06-25 20:39:29,376 - matplotlib.font_manager - WARNING - findfont: Generic family 'sans-serif' not found because none of the following families were found: Times New Roman
2024-06-25 20:39:29,376 - matplotlib.font_manager - WARNING - findfont: Generic family 'sans-serif' not found because none of the following families were found: Times New Roman
2024-06-25 20:39:29,376 - matplotlib.font_manager - WARNING - findfont: Generic family 'sans-serif' not found because none of the following families were found: Times New Roman
2024-06-25 20:39:29,376 - matplotlib.font_manager - WARNING - findfont: Generic family 'sans-serif' not found because none of the following families were found: Times New Roman
2024-06-25 20:39:29,376 - matplotlib.font_manager - WARNING - findfont: Generic family 'sans-serif' not found because none of the following families were found: Times New Roman
2024-06-25 20:39:29,377 - matplotlib.font_manager - WARNING - findfont: Generic family 'sans-serif' not found because none of the following families were found: Times New Roman
2024-06-25 20:39:29,377 - matplotlib.font_manager - WARNING - findfont: Generic family 'sans-serif' not found because none of the following families were found: Times New Roman
2024-06-25 20:39:29,379 - matplotlib.font_manager - WARNING - findfont: Generic family 'sans-serif' not found because none of the following families were found: Times New Roman
2024-06-25 20:39:29,380 - matplotlib.font_manager - WARNING - findfont: Generic family 'sans-serif' not found because none of the following families were found: Times New Roman
2024-06-25 20:39:29,381 - matplotlib.font_manager - WARNING - findfont: Generic family 'sans-serif' not found because none of the following families were found: Times New Roman
2024-06-25 20:39:29,381 - matplotlib.font_manager - WARNING - findfont: Generic family 'sans-serif' not found because none of the following families were found: Times New Roman
2024-06-25 20:39:29,381 - matplotlib.font_manager - WARNING - findfont: Generic family 'sans-serif' not found because none of the following families were found: Times New Roman
2024-06-25 20:39:29,381 - matplotlib.font_manager - WARNING - findfont: Generic family 'sans-serif' not found because none of the following families were found: Times New Roman
2024-06-25 20:39:29,382 - matplotlib.font_manager - WARNING - findfont: Generic family 'sans-serif' not found because none of the following families were found: Times New Roman
2024-06-25 20:39:29,382 - matplotlib.font_manager - WARNING - findfont: Generic family 'sans-serif' not found because none of the following families were found: Times New Roman
2024-06-25 20:39:29,383 - matplotlib.font_manager - WARNING - findfont: Generic family 'sans-serif' not found because none of the following families were found: Times New Roman
2024-06-25 20:39:29,383 - matplotlib.font_manager - WARNING - findfont: Generic family 'sans-serif' not found because none of the following families were found: Times New Roman
2024-06-25 20:39:29,417 - matplotlib.font_manager - WARNING - findfont: Generic family 'sans-serif' not found because none of the following families were found: Times New Roman
2024-06-25 20:39:29,417 - matplotlib.font_manager - WARNING - findfont: Generic family 'sans-serif' not found because none of the following families were found: Times New Roman
2024-06-25 20:39:29,418 - matplotlib.font_manager - WARNING - findfont: Generic family 'sans-serif' not found because none of the following families were found: Times New Roman
2024-06-25 20:39:29,418 - matplotlib.font_manager - WARNING - findfont: Generic family 'sans-serif' not found because none of the following families were found: Times New Roman
2024-06-25 20:39:29,418 - matplotlib.font_manager - WARNING - findfont: Generic family 'sans-serif' not found because none of the following families were found: Times New Roman
2024-06-25 20:39:29,418 - matplotlib.font_manager - WARNING - findfont: Generic family 'sans-serif' not found because none of the following families were found: Times New Roman
2024-06-25 20:39:29,419 - matplotlib.font_manager - WARNING - findfont: Generic family 'sans-serif' not found because none of the following families were found: Times New Roman
2024-06-25 20:39:29,419 - matplotlib.font_manager - WARNING - findfont: Generic family 'sans-serif' not found because none of the following families were found: Times New Roman
2024-06-25 20:39:29,420 - matplotlib.font_manager - WARNING - findfont: Generic family 'sans-serif' not found because none of the following families were found: Times New Roman
2024-06-25 20:39:29,420 - matplotlib.font_manager - WARNING - findfont: Generic family 'sans-serif' not found because none of the following families were found: Times New Roman
2024-06-25 20:39:29,421 - matplotlib.font_manager - WARNING - findfont: Generic family 'sans-serif' not found because none of the following families were found: Times New Roman
2024-06-25 20:39:29,423 - matplotlib.font_manager - WARNING - findfont: Generic family 'sans-serif' not found because none of the following families were found: Times New Roman
2024-06-25 20:39:29,423 - matplotlib.font_manager - WARNING - findfont: Generic family 'sans-serif' not found because none of the following families were found: Times New Roman
2024-06-25 20:39:29,423 - matplotlib.font_manager - WARNING - findfont: Generic family 'sans-serif' not found because none of the following families were found: Times New Roman
2024-06-25 20:39:29,424 - matplotlib.font_manager - WARNING - findfont: Generic family 'sans-serif' not found because none of the following families were found: Times New Roman
2024-06-25 20:39:29,424 - matplotlib.font_manager - WARNING - findfont: Generic family 'sans-serif' not found because none of the following families were found: Times New Roman
2024-06-25 20:39:29,424 - matplotlib.font_manager - WARNING - findfont: Generic family 'sans-serif' not found because none of the following families were found: Times New Roman
2024-06-25 20:39:29,424 - matplotlib.font_manager - WARNING - findfont: Generic family 'sans-serif' not found because none of the following families were found: Times New Roman
2024-06-25 20:39:29,424 - matplotlib.font_manager - WARNING - findfont: Generic family 'sans-serif' not found because none of the following families were found: Times New Roman
2024-06-25 20:39:29,425 - matplotlib.font_manager - WARNING - findfont: Generic family 'sans-serif' not found because none of the following families were found: Times New Roman
2024-06-25 20:39:29,425 - matplotlib.font_manager - WARNING - findfont: Generic family 'sans-serif' not found because none of the following families were found: Times New Roman
2024-06-25 20:39:29,425 - matplotlib.font_manager - WARNING - findfont: Generic family 'sans-serif' not found because none of the following families were found: Times New Roman
2024-06-25 20:39:29,426 - matplotlib.font_manager - WARNING - findfont: Generic family 'sans-serif' not found because none of the following families were found: Times New Roman
2024-06-25 20:39:29,426 - matplotlib.font_manager - WARNING - findfont: Generic family 'sans-serif' not found because none of the following families were found: Times New Roman
2024-06-25 20:39:29,427 - matplotlib.font_manager - WARNING - findfont: Generic family 'sans-serif' not found because none of the following families were found: Times New Roman
2024-06-25 20:39:29,427 - matplotlib.font_manager - WARNING - findfont: Generic family 'sans-serif' not found because none of the following families were found: Times New Roman
2024-06-25 20:39:29,428 - matplotlib.font_manager - WARNING - findfont: Generic family 'sans-serif' not found because none of the following families were found: Times New Roman
2024-06-25 20:39:29,428 - matplotlib.font_manager - WARNING - findfont: Generic family 'sans-serif' not found because none of the following families were found: Times New Roman
2024-06-25 20:39:29,428 - matplotlib.font_manager - WARNING - findfont: Generic family 'sans-serif' not found because none of the following families were found: Times New Roman
2024-06-25 20:39:29,431 - matplotlib.font_manager - WARNING - findfont: Generic family 'sans-serif' not found because none of the following families were found: Times New Roman
2024-06-25 20:39:29,431 - matplotlib.font_manager - WARNING - findfont: Generic family 'sans-serif' not found because none of the following families were found: Times New Roman
2024-06-25 20:39:29,433 - matplotlib.font_manager - WARNING - findfont: Generic family 'sans-serif' not found because none of the following families were found: Times New Roman
2024-06-25 20:39:29,433 - matplotlib.font_manager - WARNING - findfont: Generic family 'sans-serif' not found because none of the following families were found: Times New Roman
2024-06-25 20:39:29,433 - matplotlib.font_manager - WARNING - findfont: Generic family 'sans-serif' not found because none of the following families were found: Times New Roman
2024-06-25 20:39:29,433 - matplotlib.font_manager - WARNING - findfont: Generic family 'sans-serif' not found because none of the following families were found: Times New Roman
2024-06-25 20:39:29,434 - matplotlib.font_manager - WARNING - findfont: Generic family 'sans-serif' not found because none of the following families were found: Times New Roman
2024-06-25 20:39:29,434 - matplotlib.font_manager - WARNING - findfont: Generic family 'sans-serif' not found because none of the following families were found: Times New Roman
2024-06-25 20:39:29,434 - matplotlib.font_manager - WARNING - findfont: Generic family 'sans-serif' not found because none of the following families were found: Times New Roman
2024-06-25 20:39:29,434 - matplotlib.font_manager - WARNING - findfont: Generic family 'sans-serif' not found because none of the following families were found: Times New Roman
2024-06-25 20:39:29,434 - matplotlib.font_manager - WARNING - findfont: Generic family 'sans-serif' not found because none of the following families were found: Times New Roman
2024-06-25 20:39:29,435 - matplotlib.font_manager - WARNING - findfont: Generic family 'sans-serif' not found because none of the following families were found: Times New Roman
2024-06-25 20:39:29,435 - matplotlib.font_manager - WARNING - findfont: Generic family 'sans-serif' not found because none of the following families were found: Times New Roman
2024-06-25 20:39:29,435 - matplotlib.font_manager - WARNING - findfont: Generic family 'sans-serif' not found because none of the following families were found: Times New Roman
2024-06-25 20:39:29,435 - matplotlib.font_manager - WARNING - findfont: Generic family 'sans-serif' not found because none of the following families were found: Times New Roman
2024-06-25 20:39:29,436 - matplotlib.font_manager - WARNING - findfont: Generic family 'sans-serif' not found because none of the following families were found: Times New Roman
2024-06-25 20:39:29,436 - matplotlib.font_manager - WARNING - findfont: Generic family 'sans-serif' not found because none of the following families were found: Times New Roman
2024-06-25 20:39:29,436 - matplotlib.font_manager - WARNING - findfont: Generic family 'sans-serif' not found because none of the following families were found: Times New Roman
2024-06-25 20:39:29,436 - matplotlib.font_manager - WARNING - findfont: Generic family 'sans-serif' not found because none of the following families were found: Times New Roman
2024-06-25 20:39:29,437 - matplotlib.font_manager - WARNING - findfont: Generic family 'sans-serif' not found because none of the following families were found: Times New Roman
2024-06-25 20:39:29,438 - matplotlib.font_manager - WARNING - findfont: Generic family 'sans-serif' not found because none of the following families were found: Times New Roman
2024-06-25 20:39:29,438 - matplotlib.font_manager - WARNING - findfont: Generic family 'sans-serif' not found because none of the following families were found: Times New Roman
2024-06-25 20:39:29,439 - matplotlib.font_manager - WARNING - findfont: Generic family 'sans-serif' not found because none of the following families were found: Times New Roman
2024-06-25 20:39:29,439 - matplotlib.font_manager - WARNING - findfont: Generic family 'sans-serif' not found because none of the following families were found: Times New Roman
2024-06-25 20:39:29,439 - matplotlib.font_manager - WARNING - findfont: Generic family 'sans-serif' not found because none of the following families were found: Times New Roman
2024-06-25 20:39:29,440 - matplotlib.font_manager - WARNING - findfont: Generic family 'sans-serif' not found because none of the following families were found: Times New Roman
2024-06-25 20:39:29,440 - matplotlib.font_manager - WARNING - findfont: Generic family 'sans-serif' not found because none of the following families were found: Times New Roman
2024-06-25 20:39:29,440 - matplotlib.font_manager - WARNING - findfont: Generic family 'sans-serif' not found because none of the following families were found: Times New Roman
2024-06-25 20:39:29,441 - matplotlib.font_manager - WARNING - findfont: Generic family 'sans-serif' not found because none of the following families were found: Times New Roman
2024-06-25 20:39:29,441 - matplotlib.font_manager - WARNING - findfont: Generic family 'sans-serif' not found because none of the following families were found: Times New Roman
2024-06-25 20:39:29,446 - root - INFO - remove_subway_list: ['轨道交通1号线', '轨道交通3号线']
2024-06-25 20:40:21,503 - root - INFO - count, count_true: 136745, 1349
2024-06-25 20:40:21,798 - root - INFO - count, count_true: 136745, 0
2024-06-25 20:41:48,841 - root - INFO - line 轨道交通1号线
2024-06-25 20:41:48,841 - root - INFO - year2construction{2010: {}, 2011: {}, 2012: {}, 2013: {}, 2014: {}, 2015: {}, 2016: {}, 2017: {}, 2018: {}, 2019: {4: 970485.0295}, 2020: {}, 2021: {}, 2022: {}, 2023: {}}
2024-06-25 20:41:48,841 - root - INFO - total_construction970485.0295
2024-06-25 20:41:48,842 - root - INFO - year2ope{2010: {}, 2011: {}, 2012: {}, 2013: {}, 2014: {}, 2015: {}, 2016: {}, 2017: {}, 2018: {}, 2019: {4: 33    195.032203
Name: per_mileage_carbon (tCO2/km), dtype: float64}, 2020: {}, 2021: {}, 2022: {}, 2023: {}}
2024-06-25 20:41:48,842 - root - INFO - carbon_save_list{2010: {}, 2011: {}, 2012: {}, 2013: {}, 2014: {}, 2015: {}, 2016: {}, 2017: {}, 2018: {}, 2019: {}, 2020: {}, 2021: {}, 2022: {}, 2023: {}}
