2024-06-28 16:34:23,513 - root - INFO - City: Tianjin
2024-06-28 16:34:23,514 - root - INFO - Parking fee: 20
2024-06-28 16:41:10,967 - root - INFO - Year: 2019, Month: 6
2024-06-28 16:50:19,606 - root - INFO - remove_subway_list: ['地铁1号线', '地铁2号线', '地铁3号线', '地铁5号线', '地铁6号线']
2024-06-28 17:00:06,490 - root - INFO - count, count_true: 182488, 13001
2024-06-28 17:00:13,882 - root - INFO - count, count_true: 170117, 4598
2024-06-28 17:00:26,126 - root - INFO - count, count_true: 173909, 4591
2024-06-28 17:00:28,717 - root - INFO - count, count_true: 187708, 21866
2024-06-28 17:02:11,552 - root - INFO - count, count_true: 178623, 5373
2024-06-28 17:08:48,134 - root - INFO - count, count_true: 182488, 20353
2024-06-28 17:09:16,002 - root - INFO - count, count_true: 173909, 5295
2024-06-28 17:10:01,660 - root - INFO - count, count_true: 178623, 6542
2024-06-28 17:10:09,269 - root - INFO - count, count_true: 196092, 22813
2024-06-28 17:10:36,180 - root - INFO - count, count_true: 192189, 22308
2024-06-28 17:17:58,846 - root - INFO - count, count_true: 201092, 30846
2024-06-28 17:18:43,640 - root - INFO - count, count_true: 178623, 12735
2024-06-28 17:19:12,934 - root - INFO - count, count_true: 205789, 31585
2024-06-28 17:19:56,717 - root - INFO - count, count_true: 196092, 23804
2024-06-28 17:20:07,753 - root - INFO - count, count_true: 210000, 52166
2024-06-28 17:30:55,654 - root - INFO - count, count_true: 214237, 54037
2024-06-28 17:32:15,982 - root - INFO - count, count_true: 205789, 35794
2024-06-28 17:32:47,655 - root - INFO - count, count_true: 214237, 54037
2024-06-28 17:35:07,858 - root - INFO - count, count_true: 214237, 63371
2024-06-28 17:35:45,537 - root - INFO - count, count_true: 214237, 57109
2024-06-28 17:46:13,609 - root - INFO - count, count_true: 205789, 51227
2024-06-28 17:49:48,473 - root - INFO - count, count_true: 214237, 63371
2024-06-28 18:03:37,281 - root - INFO - count, count_true: 170117, 9725
2024-06-28 18:03:51,904 - root - INFO - count, count_true: 173909, 9828
2024-06-28 18:03:59,293 - root - INFO - count, count_true: 178623, 10810
2024-06-28 18:04:23,066 - root - INFO - count, count_true: 182488, 20737
2024-06-28 18:04:35,281 - root - INFO - count, count_true: 187708, 26326
2024-06-28 18:15:06,082 - root - INFO - count, count_true: 173909, 10554
2024-06-28 18:15:31,403 - root - INFO - count, count_true: 178623, 12924
2024-06-28 18:15:45,901 - root - INFO - count, count_true: 182488, 24682
2024-06-28 18:15:51,833 - root - INFO - count, count_true: 192189, 26745
2024-06-28 18:16:48,177 - root - INFO - count, count_true: 196092, 27408
2024-06-28 18:28:54,795 - root - INFO - count, count_true: 178623, 20272
2024-06-28 18:30:20,809 - root - INFO - count, count_true: 201092, 36435
2024-06-28 18:30:50,617 - root - INFO - count, count_true: 196092, 28032
2024-06-28 18:30:53,005 - root - INFO - count, count_true: 205789, 37214
2024-06-28 18:31:09,143 - root - INFO - count, count_true: 210000, 57778
2024-06-28 18:43:47,798 - root - INFO - count, count_true: 214237, 61255
2024-06-28 18:45:05,471 - root - INFO - count, count_true: 205789, 41164
2024-06-28 18:45:09,506 - root - INFO - count, count_true: 214237, 61255
2024-06-28 18:46:17,807 - root - INFO - count, count_true: 214237, 64568
2024-06-28 18:46:18,537 - root - INFO - count, count_true: 214237, 70618
2024-06-28 18:56:13,229 - root - INFO - count, count_true: 205789, 56704
2024-06-28 18:57:52,248 - root - INFO - count, count_true: 214237, 70618
2024-06-28 19:11:25,589 - root - INFO - count, count_true: 178623, 10810
2024-06-28 19:11:27,655 - root - INFO - count, count_true: 170117, 9725
2024-06-28 19:11:35,003 - root - INFO - count, count_true: 173909, 9828
2024-06-28 19:12:05,887 - root - INFO - count, count_true: 182488, 17255
2024-06-28 19:12:13,383 - root - INFO - count, count_true: 187708, 24774
2024-06-28 19:18:49,988 - root - INFO - count, count_true: 173909, 10554
2024-06-28 19:18:56,515 - root - INFO - count, count_true: 178623, 14461
2024-06-28 19:19:27,873 - root - INFO - count, count_true: 182488, 23950
2024-06-28 19:19:34,243 - root - INFO - count, count_true: 192189, 25070
2024-06-28 19:20:20,838 - root - INFO - count, count_true: 196092, 25614
2024-06-28 19:27:13,749 - root - INFO - count, count_true: 178623, 16943
2024-06-28 19:29:02,729 - root - INFO - count, count_true: 201092, 32890
2024-06-28 19:29:31,091 - root - INFO - count, count_true: 205789, 33534
2024-06-28 19:29:56,317 - root - INFO - count, count_true: 210000, 55826
2024-06-28 19:30:33,466 - root - INFO - count, count_true: 196092, 26472
2024-06-28 19:34:45,345 - root - INFO - count, count_true: 214237, 59301
2024-06-28 19:37:37,561 - root - INFO - count, count_true: 214237, 62537
2024-06-28 19:37:54,848 - root - INFO - count, count_true: 205789, 37309
2024-06-28 19:38:11,986 - root - INFO - count, count_true: 214237, 59301
2024-06-28 19:38:23,043 - root - INFO - count, count_true: 214237, 69119
2024-06-28 19:44:17,310 - root - INFO - count, count_true: 205789, 54825
2024-06-28 19:44:21,749 - root - INFO - count, count_true: 214237, 69119
2024-06-28 19:54:18,563 - root - INFO - count, count_true: 178623, 10810
2024-06-28 19:54:31,097 - root - INFO - count, count_true: 182488, 22566
2024-06-28 19:54:52,236 - root - INFO - count, count_true: 173909, 9828
2024-06-28 19:55:08,365 - root - INFO - count, count_true: 187708, 34046
2024-06-28 19:55:20,655 - root - INFO - count, count_true: 170117, 9725
2024-06-28 20:01:22,438 - root - INFO - count, count_true: 182488, 32095
2024-06-28 20:02:32,734 - root - INFO - count, count_true: 173909, 10554
2024-06-28 20:02:43,649 - root - INFO - count, count_true: 178623, 14461
2024-06-28 20:03:03,039 - root - INFO - count, count_true: 192189, 34589
2024-06-28 20:03:32,772 - root - INFO - count, count_true: 196092, 35409
2024-06-28 20:09:11,624 - root - INFO - count, count_true: 201092, 44456
2024-06-28 20:10:08,089 - root - INFO - count, count_true: 178623, 22076
2024-06-28 20:10:26,382 - root - INFO - count, count_true: 205789, 45435
2024-06-28 20:12:08,785 - root - INFO - count, count_true: 210000, 56015
2024-06-28 20:12:09,873 - root - INFO - count, count_true: 196092, 36409
2024-06-28 20:16:19,388 - root - INFO - count, count_true: 214237, 59342
2024-06-28 20:17:52,011 - root - INFO - count, count_true: 205789, 49549
2024-06-28 20:19:31,003 - root - INFO - count, count_true: 214237, 59342
2024-06-28 20:21:10,340 - root - INFO - count, count_true: 214237, 62293
2024-06-28 20:22:19,561 - root - INFO - count, count_true: 214237, 68751
2024-06-28 20:24:19,534 - root - INFO - count, count_true: 205789, 55001
2024-06-28 20:29:10,175 - root - INFO - count, count_true: 214237, 68751
2024-06-28 20:38:24,838 - root - INFO - count, count_true: 170117, 9725
2024-06-28 20:38:55,220 - root - INFO - count, count_true: 178623, 10810
2024-06-28 20:38:55,219 - root - INFO - count, count_true: 173909, 9828
2024-06-28 20:39:09,909 - root - INFO - count, count_true: 182488, 22566
2024-06-28 20:39:29,629 - root - INFO - count, count_true: 187708, 34046
2024-06-28 20:45:54,070 - root - INFO - count, count_true: 173909, 10554
2024-06-28 20:46:03,280 - root - INFO - count, count_true: 192189, 34589
2024-06-28 20:46:27,440 - root - INFO - count, count_true: 182488, 32095
2024-06-28 20:46:42,649 - root - INFO - count, count_true: 178623, 14461
2024-06-28 20:47:05,817 - root - INFO - count, count_true: 196092, 35409
2024-06-28 20:53:54,111 - root - INFO - count, count_true: 205789, 38832
2024-06-28 20:54:17,517 - root - INFO - count, count_true: 201092, 38002
2024-06-28 20:54:20,049 - root - INFO - count, count_true: 178623, 22076
2024-06-28 20:55:01,503 - root - INFO - count, count_true: 210000, 55874
2024-06-28 20:56:01,523 - root - INFO - count, count_true: 196092, 35757
2024-06-28 21:01:39,288 - root - INFO - count, count_true: 205789, 39966
2024-06-28 21:03:12,660 - root - INFO - count, count_true: 214237, 59373
2024-06-28 21:03:52,053 - root - INFO - count, count_true: 214237, 62725
2024-06-28 21:03:54,697 - root - INFO - count, count_true: 214237, 59373
2024-06-28 21:04:47,860 - root - INFO - count, count_true: 214237, 69530
2024-06-28 21:10:05,821 - root - INFO - count, count_true: 205789, 54910
2024-06-28 21:11:50,644 - root - INFO - count, count_true: 214237, 69530
