2024-06-25 21:07:49,836 - root - INFO - City: Qingdao
2024-06-25 21:07:49,836 - root - INFO - Parking fee: 20
2024-06-25 21:08:43,848 - root - INFO - Year: 2019, Month: 6
2024-06-25 21:11:15,871 - root - INFO - count, count_true: 145942, 1357
2024-06-25 21:11:15,872 - root - INFO - len args: 149397, missing rate: 0.02312630106360904
2024-06-25 21:11:16,310 - root - INFO - count, count_true: 148084, 2107
2024-06-25 21:11:16,310 - root - INFO - len args: 151537, missing rate: 0.022786514184654574
2024-06-25 21:11:19,268 - root - INFO - count, count_true: 151295, 4438
2024-06-25 21:11:19,269 - root - INFO - len args: 154829, missing rate: 0.022825181329079177
2024-06-25 21:11:19,727 - root - INFO - count, count_true: 151295, 35737
2024-06-25 21:11:19,727 - root - INFO - len args: 154829, missing rate: 0.022825181329079177
2024-06-25 21:11:20,018 - root - INFO - count, count_true: 143941, 149
2024-06-25 21:11:20,019 - root - INFO - len args: 147357, missing rate: 0.023181796589235665
2024-06-25 21:11:20,167 - root - INFO - count, count_true: 149692, 4175
2024-06-25 21:11:20,167 - root - INFO - len args: 153232, missing rate: 0.023102224078521458
2024-06-25 21:11:20,389 - root - INFO - count, count_true: 151295, 17367
2024-06-25 21:11:20,390 - root - INFO - len args: 154829, missing rate: 0.022825181329079177
2024-06-25 21:11:20,424 - root - INFO - count, count_true: 151295, 38690
2024-06-25 21:11:20,425 - root - INFO - len args: 154829, missing rate: 0.022825181329079177
2024-06-25 21:13:14,639 - root - INFO - count, count_true: 148084, 2811
2024-06-25 21:13:14,640 - root - INFO - len args: 151537, missing rate: 0.022786514184654574
2024-06-25 21:13:21,414 - root - INFO - count, count_true: 151295, 39258
2024-06-25 21:13:21,414 - root - INFO - len args: 154829, missing rate: 0.022825181329079177
2024-06-25 21:14:56,475 - root - INFO - Factual data collection finished, {2010: {}, 2011: {}, 2012: {}, 2013: {}, 2014: {}, 2015: {}, 2016: {'(1, 2, 3, 4, 5, 6, 7, 8, 9, 10, 11, 12)': {'traffic_num': [45920.58156472456, 1245149.1692214245, 5505338.983559136, 3178345.236074531], 'traffic_ratio': [0.004603680622189006, 0.12483006326912129, 0.5519272956390952, 0.3186389604695945], 'carbon': 18845010119.919582, 'subway_distribution': {'地铁3号线(青岛北站--青岛站)': 21877.220088640708, '地铁3号线(青岛站--青岛北站)': 24043.361476083897}, 'fuel_car_distance': 59361475458.54691, 'elec_car_distance': 162925047861.83023, 'subway_mileage': 194029166.13264465}}, 2017: {'(1, 2, 3, 4, 5, 6, 7, 8, 9, 10, 11, 12)': {'traffic_num': [160231.7113465182, 1236930.0686364325, 5551880.908479979, 3174381.2731296807], 'traffic_ratio': [0.015827817935356984, 0.12218495178402461, 0.5484192827983232, 0.3135679474822952], 'carbon': 19073918880.772255, 'subway_distribution': {'地铁3号线(青岛站--青岛北站)': 112552.99931089277, '地铁3号线(青岛北站--青岛站)': 47678.712035625394}, 'fuel_car_distance': 59957884357.47219, 'elec_car_distance': 165195515476.4696, 'subway_mileage': 1075456490.29276}}, 2018: {'(1, 2, 3, 4)': {'traffic_num': [227394.33835842257, 1243162.8416088524, 5629062.874652595, 3192452.9113883097], 'traffic_ratio': [0.022094124197277076, 0.12078838206012234, 0.5469318856603336, 0.31018560808226714], 'carbon': 19405924405.59978, 'subway_distribution': {'地铁3号线(青岛站--青岛北站)': 129982.82564500274, '地铁2号线(李村公园--泰山路)': 31298.938785147442, '地铁2号线(泰山路--李村公园)': 40140.534326671135, '地铁3号线(青岛北站--青岛站)': 55912.941842915556}, 'fuel_car_distance': 60916863919.38346, 'elec_car_distance': 168268891866.44434, 'subway_mileage': 1601184013.4533272}, '(5, 6, 7, 8, 9, 10, 11, 12)': {'traffic_num': [247500.2449784247, 1239859.7589795168, 5618576.833747777, 3186136.1283024466], 'traffic_ratio': [0.024047657434595412, 0.12046744743011699, 0.5459130393171875, 0.30957185581810026], 'carbon': 19382364613.824726, 'subway_distribution': {'地铁3号线(青岛站--青岛北站)': 136377.67952785236, '地铁2号线(李村公园--泰山路)': 37535.04735177644, '地铁2号线(泰山路--李村公园)': 43695.97719992894, '地铁11号线(苗岭路--鳌山湾)': 11479.80827675657, '地铁3号线(青岛北站--青岛站)': 58837.999491558105, '地铁11号线(鳌山湾--苗岭路)': 1595.061108605333}, 'fuel_car_distance': 60817483296.52131, 'elec_car_distance': 168124046847.00424, 'subway_mileage': 1831883933.7021651}}, 2019: {'(1, 2, 3, 4, 5, 6, 7, 8, 9, 10, 11, 12)': {'traffic_num': [285990.6037299263, 1243546.5759939654, 5666786.405946793, 3215186.7390458165], 'traffic_ratio': [0.02746869520467134, 0.11943959494923964, 0.5442809188301982, 0.30881079101589076], 'carbon': 19577848191.619034, 'subway_distribution': {'地铁13号线(董家口火车站--嘉陵江西路)': 21966.61173826427, '地铁3号线(青岛站--青岛北站)': 145673.1200163306, '地铁2号线(李村公园--泰山路)': 40448.621092324815, '地铁13号线(嘉陵江西路--董家口火车站)': 355.36851226934505, '地铁2号线(泰山路--李村公园)': 45570.624064163574, '地铁11号线(苗岭路--鳌山湾)': 12172.1204286129, '地铁3号线(青岛北站--青岛站)': 62334.71669055376, '地铁11号线(鳌山湾--苗岭路)': 1694.598306235669}, 'fuel_car_distance': 61355519413.30184, 'elec_car_distance': 169995846879.19247, 'subway_mileage': 2289526737.25484}}, 2020: {'(1, 2, 3, 4, 5, 6, 7, 8, 9, 10, 11, 12)': {'traffic_num': [336012.8602427958, 1250742.2387481632, 5733031.240794641, 3227999.2513046996], 'traffic_ratio': [0.03185624672979942, 0.11857865596022957, 0.5435293684427303, 0.30603572886724073], 'carbon': 19845087873.76694, 'subway_distribution': {'地铁13号线(董家口火车站--嘉陵江西路)': 22404.44588138688, '地铁3号线(青岛站--青岛北站)': 158121.25952545626, '地铁2号线(李村公园--泰山路)': 41560.38597373513, '地铁13号线(嘉陵江西路--董家口火车站)': 363.04787387122104, '地铁2号线(泰山路--李村公园)': 93306.44114419584, '地铁11号线(苗岭路--鳌山湾)': 14736.552501159777, '地铁3号线(青岛北站--青岛站)': 64151.600208270596, '地铁11号线(鳌山湾--苗岭路)': 1688.467264805754}, 'fuel_car_distance': 62154889743.661415, 'elec_car_distance': 172405476596.0946, 'subway_mileage': 2748646236.510643}}, 2021: {'(1, 2, 3, 4, 5, 6, 7, 8, 9, 10, 11, 12)': {'traffic_num': [526369.823814746, 1227934.3677317246, 5588032.675249544, 3205448.724294232], 'traffic_ratio': [0.04990334883744437, 0.11641631858434488, 0.5297825431690397, 0.303897789409171], 'carbon': 19398288020.103226, 'subway_distribution': {'地铁13号线(董家口火车站--嘉陵江西路)': 22405.575740911572, '地铁3号线(青岛站--青岛北站)': 177563.76699743897, '地铁2号线(李村公园--泰山路)': 48419.18302059173, '地铁13号线(嘉陵江西路--董家口火车站)': 363.0951729000248, '地铁2号线(泰山路--李村公园)': 94505.28377944122, '地铁8号线(胶州北站--青岛北站)': 62297.596313829024, '地铁3号线(青岛北站--青岛站)': 134883.91079005811, '地铁8号线(青岛北站--胶州北站)': 1488.090281535267, '地铁1号线(王家港--东郭庄)': 61642.51944306621, '地铁1号线(东郭庄--王家港)': 74425.31325675453, '地铁11号线(苗岭路--鳌山湾)': 15350.592638180853, '地铁11号线(鳌山湾--苗岭路)': 1691.8875306779505}, 'fuel_car_distance': 60592917700.25176, 'elec_car_distance': 168904015863.83408, 'subway_mileage': 6667047859.757998}}, 2022: {'(1, 2, 3, 4, 5, 6, 7, 8, 9, 10, 11, 12)': {'traffic_num': [1008012.3254170583, 1169685.7857139527, 5240443.1283011725, 3129644.3516580355], 'traffic_ratio': [0.09556625101182685, 0.11089396685328849, 0.4968287497925449, 0.2967110323423398], 'carbon': 18267465998.671127, 'subway_distribution': {'地铁13号线(董家口火车站--嘉陵江西路)': 74819.68667543196, '地铁1号线(王家港--东郭庄)': 442775.72168279166, '地铁3号线(青岛站--青岛北站)': 199601.76724787793, '地铁8号线(青岛北站--胶州北站)': 1724.1620473005842, '地铁2号线(李村公园--泰山路)': 72316.71871053329, '地铁2号线(泰山路--李村公园)': 161254.07459201477, '地铁3号线(青岛北站--青岛站)': 163049.315366485, '地铁13号线(嘉陵江西路--董家口火车站)': 391.60899653417977, '地铁8号线(胶州北站--青岛北站)': 111332.65580475827, '地铁1号线(东郭庄--王家港)': 198485.56900753276, '地铁11号线(苗岭路--鳌山湾)': 17116.985658609727, '地铁11号线(鳌山湾--苗岭路)': 1734.9227656497442}, 'fuel_car_distance': 56683044891.76349, 'elec_car_distance': 159940621324.538, 'subway_mileage': 17567501993.849022}}, 2023: {'(1, 2, 3, 4, 5, 6, 7, 8, 9, 10)': {'traffic_num': [1156146.6013213014, 1144639.5744250203, 5174906.52674353, 3072092.888600416], 'traffic_ratio': [0.10961036241558611, 0.10851941998061652, 0.4906154454935814, 0.291254772110216], 'carbon': 18123855774.31671, 'subway_distribution': {'地铁13号线(董家口火车站--嘉陵江西路)': 77692.01407293203, '地铁1号线(王家港--东郭庄)': 461603.9624481661, '地铁3号线(青岛站--青岛北站)': 210742.4265680305, '地铁8号线(青岛北站--胶州北站)': 1731.9374145116865, '地铁2号线(李村公园--泰山路)': 76238.40988194209, '地铁2号线(泰山路--李村公园)': 165070.59745058828, '地铁4号线(人民会堂--大河东)': 177314.3545592619, '地铁3号线(青岛北站--青岛站)': 169985.73544819927, '地铁13号线(嘉陵江西路--董家口火车站)': 394.11193303338473, '地铁8号线(胶州北站--青岛北站)': 112882.3478221634, '地铁1号线(东郭庄--王家港)': 217839.45006097291, '地铁4号线(大河东--人民会堂)': 6399.41143929947, '地铁11号线(苗岭路--鳌山湾)': 20029.779193497376, '地铁11号线(鳌山湾--苗岭路)': 7269.482638343857}, 'fuel_car_distance': 56082953345.56588, 'elec_car_distance': 159044407370.45657, 'subway_mileage': 19126799650.603577}, '(11, 12)': {'traffic_num': [1184210.4124270962, 1137384.9263854837, 5155327.878219484, 3070862.374058195], 'traffic_ratio': [0.11227099775590829, 0.10783163125217825, 0.48875925981792834, 0.2911381111739852], 'carbon': 18068887610.668514, 'subway_distribution': {'地铁13号线(董家口火车站--嘉陵江西路)': 95025.78223019278, '地铁1号线(王家港--东郭庄)': 478142.5571449556, '地铁3号线(青岛站--青岛北站)': 211163.63803242633, '地铁8号线(青岛北站--胶州北站)': 1795.700461147336, '地铁2号线(李村公园--泰山路)': 77128.07132837409, '地铁2号线(泰山路--李村公园)': 165198.94235119192, '地铁4号线(人民会堂--大河东)': 174555.1517875105, '地铁3号线(青岛北站--青岛站)': 170540.30571760001, '地铁13号线(嘉陵江西路--董家口火车站)': 27955.901974229542, '地铁8号线(胶州北站--青岛北站)': 113047.67916095382, '地铁1号线(东郭庄--王家港)': 218038.83088701882, '地铁4号线(大河东--人民会堂)': 6400.272967543743, '地铁11号线(苗岭路--鳌山湾)': 20019.29090858139, '地铁11号线(鳌山湾--苗岭路)': 7282.384884068848}, 'fuel_car_distance': 55858237356.76004, 'elec_car_distance': 158689742259.19293, 'subway_mileage': 20036211965.158493}}}
2024-06-25 21:14:56,587 - root - INFO - jinzhanliang_true_list: [40.93287671232877, 33.72794520547946, 17.76821917808219, 3.0767123287671234, 0.14794520547945206]
2024-06-25 21:14:56,587 - root - INFO - jinzhanliang_list: [28.59906037299263, 24.079827610509067, 16.023171134651818, 4.592058156472456, 0.0, 0.0]
2024-06-25 21:14:56,587 - root - INFO - keyunliang_true_list: [51.69315068493151, 42.159726027397255, 18.008767123287672, 3.0767123287671234, 0.14794520547945206]
2024-06-25 21:14:56,587 - root - INFO - keyunliang_list: [33.02157808487549, 27.879279550423078, 16.023171134651815, 4.5920581564724605, 0.0, 0.0]
2024-06-25 21:14:56,587 - root - INFO - licheng_true_list: [457.1427397260274, 340.85150684931506, 161.59835616438357, 15.656986301369864, 0.7068493150684931]
2024-06-25 21:14:56,587 - root - INFO - licheng_list: [228.952673725484, 175.4983960285886, 107.54564902927599, 19.402916613264466, 0.0, 0.0]
2024-06-25 21:14:56,587 - root - INFO - ratio: 1.4312664884257358
2024-06-25 21:14:56,651 - matplotlib.font_manager - WARNING - findfont: Generic family 'sans-serif' not found because none of the following families were found: Times New Roman
2024-06-25 21:14:56,669 - matplotlib.font_manager - WARNING - findfont: Generic family 'sans-serif' not found because none of the following families were found: Times New Roman
2024-06-25 21:14:56,669 - matplotlib.font_manager - WARNING - findfont: Generic family 'sans-serif' not found because none of the following families were found: Times New Roman
2024-06-25 21:14:56,670 - matplotlib.font_manager - WARNING - findfont: Generic family 'sans-serif' not found because none of the following families were found: Times New Roman
2024-06-25 21:14:56,670 - matplotlib.font_manager - WARNING - findfont: Generic family 'sans-serif' not found because none of the following families were found: Times New Roman
2024-06-25 21:14:56,670 - matplotlib.font_manager - WARNING - findfont: Generic family 'sans-serif' not found because none of the following families were found: Times New Roman
2024-06-25 21:14:56,675 - matplotlib.font_manager - WARNING - findfont: Generic family 'sans-serif' not found because none of the following families were found: Times New Roman
2024-06-25 21:14:56,675 - matplotlib.font_manager - WARNING - findfont: Generic family 'sans-serif' not found because none of the following families were found: Times New Roman
2024-06-25 21:14:56,675 - matplotlib.font_manager - WARNING - findfont: Generic family 'sans-serif' not found because none of the following families were found: Times New Roman
2024-06-25 21:14:56,676 - matplotlib.font_manager - WARNING - findfont: Generic family 'sans-serif' not found because none of the following families were found: Times New Roman
2024-06-25 21:14:56,676 - matplotlib.font_manager - WARNING - findfont: Generic family 'sans-serif' not found because none of the following families were found: Times New Roman
2024-06-25 21:14:56,676 - matplotlib.font_manager - WARNING - findfont: Generic family 'sans-serif' not found because none of the following families were found: Times New Roman
2024-06-25 21:14:56,676 - matplotlib.font_manager - WARNING - findfont: Generic family 'sans-serif' not found because none of the following families were found: Times New Roman
2024-06-25 21:14:56,677 - matplotlib.font_manager - WARNING - findfont: Generic family 'sans-serif' not found because none of the following families were found: Times New Roman
2024-06-25 21:14:56,677 - matplotlib.font_manager - WARNING - findfont: Generic family 'sans-serif' not found because none of the following families were found: Times New Roman
2024-06-25 21:14:56,683 - matplotlib.font_manager - WARNING - findfont: Generic family 'sans-serif' not found because none of the following families were found: Times New Roman
2024-06-25 21:14:56,684 - matplotlib.font_manager - WARNING - findfont: Generic family 'sans-serif' not found because none of the following families were found: Times New Roman
2024-06-25 21:14:56,691 - matplotlib.font_manager - WARNING - findfont: Generic family 'sans-serif' not found because none of the following families were found: Times New Roman
2024-06-25 21:14:56,691 - matplotlib.font_manager - WARNING - findfont: Generic family 'sans-serif' not found because none of the following families were found: Times New Roman
2024-06-25 21:14:56,692 - matplotlib.font_manager - WARNING - findfont: Generic family 'sans-serif' not found because none of the following families were found: Times New Roman
2024-06-25 21:14:56,692 - matplotlib.font_manager - WARNING - findfont: Generic family 'sans-serif' not found because none of the following families were found: Times New Roman
2024-06-25 21:14:56,692 - matplotlib.font_manager - WARNING - findfont: Generic family 'sans-serif' not found because none of the following families were found: Times New Roman
2024-06-25 21:14:56,693 - matplotlib.font_manager - WARNING - findfont: Generic family 'sans-serif' not found because none of the following families were found: Times New Roman
2024-06-25 21:14:56,693 - matplotlib.font_manager - WARNING - findfont: Generic family 'sans-serif' not found because none of the following families were found: Times New Roman
2024-06-25 21:14:56,693 - matplotlib.font_manager - WARNING - findfont: Generic family 'sans-serif' not found because none of the following families were found: Times New Roman
2024-06-25 21:14:56,694 - matplotlib.font_manager - WARNING - findfont: Generic family 'sans-serif' not found because none of the following families were found: Times New Roman
2024-06-25 21:14:56,694 - matplotlib.font_manager - WARNING - findfont: Generic family 'sans-serif' not found because none of the following families were found: Times New Roman
2024-06-25 21:14:56,694 - matplotlib.font_manager - WARNING - findfont: Generic family 'sans-serif' not found because none of the following families were found: Times New Roman
2024-06-25 21:14:56,696 - matplotlib.font_manager - WARNING - findfont: Generic family 'sans-serif' not found because none of the following families were found: Times New Roman
2024-06-25 21:14:56,697 - matplotlib.font_manager - WARNING - findfont: Generic family 'sans-serif' not found because none of the following families were found: Times New Roman
2024-06-25 21:14:56,698 - matplotlib.font_manager - WARNING - findfont: Generic family 'sans-serif' not found because none of the following families were found: Times New Roman
2024-06-25 21:14:56,699 - matplotlib.font_manager - WARNING - findfont: Generic family 'sans-serif' not found because none of the following families were found: Times New Roman
2024-06-25 21:14:56,699 - matplotlib.font_manager - WARNING - findfont: Generic family 'sans-serif' not found because none of the following families were found: Times New Roman
2024-06-25 21:14:56,700 - matplotlib.font_manager - WARNING - findfont: Generic family 'sans-serif' not found because none of the following families were found: Times New Roman
2024-06-25 21:14:56,700 - matplotlib.font_manager - WARNING - findfont: Generic family 'sans-serif' not found because none of the following families were found: Times New Roman
2024-06-25 21:14:56,700 - matplotlib.font_manager - WARNING - findfont: Generic family 'sans-serif' not found because none of the following families were found: Times New Roman
2024-06-25 21:14:56,701 - matplotlib.font_manager - WARNING - findfont: Generic family 'sans-serif' not found because none of the following families were found: Times New Roman
2024-06-25 21:14:56,714 - matplotlib.font_manager - WARNING - findfont: Generic family 'sans-serif' not found because none of the following families were found: Times New Roman
2024-06-25 21:14:56,715 - matplotlib.font_manager - WARNING - findfont: Generic family 'sans-serif' not found because none of the following families were found: Times New Roman
2024-06-25 21:14:56,720 - matplotlib.font_manager - WARNING - findfont: Generic family 'sans-serif' not found because none of the following families were found: Times New Roman
2024-06-25 21:14:56,721 - matplotlib.font_manager - WARNING - findfont: Generic family 'sans-serif' not found because none of the following families were found: Times New Roman
2024-06-25 21:14:56,733 - matplotlib.font_manager - WARNING - findfont: Generic family 'sans-serif' not found because none of the following families were found: Times New Roman
2024-06-25 21:14:56,734 - matplotlib.font_manager - WARNING - findfont: Generic family 'sans-serif' not found because none of the following families were found: Times New Roman
2024-06-25 21:14:56,743 - matplotlib.font_manager - WARNING - findfont: Generic family 'sans-serif' not found because none of the following families were found: Times New Roman
2024-06-25 21:14:56,744 - matplotlib.font_manager - WARNING - findfont: Generic family 'sans-serif' not found because none of the following families were found: Times New Roman
2024-06-25 21:14:56,744 - matplotlib.font_manager - WARNING - findfont: Generic family 'sans-serif' not found because none of the following families were found: Times New Roman
2024-06-25 21:14:56,744 - matplotlib.font_manager - WARNING - findfont: Generic family 'sans-serif' not found because none of the following families were found: Times New Roman
2024-06-25 21:14:56,745 - matplotlib.font_manager - WARNING - findfont: Generic family 'sans-serif' not found because none of the following families were found: Times New Roman
2024-06-25 21:14:56,745 - matplotlib.font_manager - WARNING - findfont: Generic family 'sans-serif' not found because none of the following families were found: Times New Roman
2024-06-25 21:14:56,745 - matplotlib.font_manager - WARNING - findfont: Generic family 'sans-serif' not found because none of the following families were found: Times New Roman
2024-06-25 21:14:56,746 - matplotlib.font_manager - WARNING - findfont: Generic family 'sans-serif' not found because none of the following families were found: Times New Roman
2024-06-25 21:14:56,747 - matplotlib.font_manager - WARNING - findfont: Generic family 'sans-serif' not found because none of the following families were found: Times New Roman
2024-06-25 21:14:56,747 - matplotlib.font_manager - WARNING - findfont: Generic family 'sans-serif' not found because none of the following families were found: Times New Roman
2024-06-25 21:14:56,748 - matplotlib.font_manager - WARNING - findfont: Generic family 'sans-serif' not found because none of the following families were found: Times New Roman
2024-06-25 21:14:56,751 - matplotlib.font_manager - WARNING - findfont: Generic family 'sans-serif' not found because none of the following families were found: Times New Roman
2024-06-25 21:14:56,751 - matplotlib.font_manager - WARNING - findfont: Generic family 'sans-serif' not found because none of the following families were found: Times New Roman
2024-06-25 21:14:56,751 - matplotlib.font_manager - WARNING - findfont: Generic family 'sans-serif' not found because none of the following families were found: Times New Roman
2024-06-25 21:14:56,751 - matplotlib.font_manager - WARNING - findfont: Generic family 'sans-serif' not found because none of the following families were found: Times New Roman
2024-06-25 21:14:56,752 - matplotlib.font_manager - WARNING - findfont: Generic family 'sans-serif' not found because none of the following families were found: Times New Roman
2024-06-25 21:14:56,752 - matplotlib.font_manager - WARNING - findfont: Generic family 'sans-serif' not found because none of the following families were found: Times New Roman
2024-06-25 21:14:56,752 - matplotlib.font_manager - WARNING - findfont: Generic family 'sans-serif' not found because none of the following families were found: Times New Roman
2024-06-25 21:14:56,752 - matplotlib.font_manager - WARNING - findfont: Generic family 'sans-serif' not found because none of the following families were found: Times New Roman
2024-06-25 21:14:56,753 - matplotlib.font_manager - WARNING - findfont: Generic family 'sans-serif' not found because none of the following families were found: Times New Roman
2024-06-25 21:14:56,753 - matplotlib.font_manager - WARNING - findfont: Generic family 'sans-serif' not found because none of the following families were found: Times New Roman
2024-06-25 21:14:56,754 - matplotlib.font_manager - WARNING - findfont: Generic family 'sans-serif' not found because none of the following families were found: Times New Roman
2024-06-25 21:14:56,754 - matplotlib.font_manager - WARNING - findfont: Generic family 'sans-serif' not found because none of the following families were found: Times New Roman
2024-06-25 21:14:56,755 - matplotlib.font_manager - WARNING - findfont: Generic family 'sans-serif' not found because none of the following families were found: Times New Roman
2024-06-25 21:14:56,755 - matplotlib.font_manager - WARNING - findfont: Generic family 'sans-serif' not found because none of the following families were found: Times New Roman
2024-06-25 21:14:56,756 - matplotlib.font_manager - WARNING - findfont: Generic family 'sans-serif' not found because none of the following families were found: Times New Roman
2024-06-25 21:14:56,756 - matplotlib.font_manager - WARNING - findfont: Generic family 'sans-serif' not found because none of the following families were found: Times New Roman
2024-06-25 21:14:56,757 - matplotlib.font_manager - WARNING - findfont: Generic family 'sans-serif' not found because none of the following families were found: Times New Roman
2024-06-25 21:14:56,757 - matplotlib.font_manager - WARNING - findfont: Generic family 'sans-serif' not found because none of the following families were found: Times New Roman
2024-06-25 21:14:56,761 - matplotlib.font_manager - WARNING - findfont: Generic family 'sans-serif' not found because none of the following families were found: Times New Roman
2024-06-25 21:14:56,762 - matplotlib.font_manager - WARNING - findfont: Generic family 'sans-serif' not found because none of the following families were found: Times New Roman
2024-06-25 21:14:56,764 - matplotlib.font_manager - WARNING - findfont: Generic family 'sans-serif' not found because none of the following families were found: Times New Roman
2024-06-25 21:14:56,764 - matplotlib.font_manager - WARNING - findfont: Generic family 'sans-serif' not found because none of the following families were found: Times New Roman
2024-06-25 21:14:56,764 - matplotlib.font_manager - WARNING - findfont: Generic family 'sans-serif' not found because none of the following families were found: Times New Roman
2024-06-25 21:14:56,764 - matplotlib.font_manager - WARNING - findfont: Generic family 'sans-serif' not found because none of the following families were found: Times New Roman
2024-06-25 21:14:56,765 - matplotlib.font_manager - WARNING - findfont: Generic family 'sans-serif' not found because none of the following families were found: Times New Roman
2024-06-25 21:14:56,765 - matplotlib.font_manager - WARNING - findfont: Generic family 'sans-serif' not found because none of the following families were found: Times New Roman
2024-06-25 21:14:56,765 - matplotlib.font_manager - WARNING - findfont: Generic family 'sans-serif' not found because none of the following families were found: Times New Roman
2024-06-25 21:14:56,765 - matplotlib.font_manager - WARNING - findfont: Generic family 'sans-serif' not found because none of the following families were found: Times New Roman
2024-06-25 21:14:56,766 - matplotlib.font_manager - WARNING - findfont: Generic family 'sans-serif' not found because none of the following families were found: Times New Roman
2024-06-25 21:14:56,766 - matplotlib.font_manager - WARNING - findfont: Generic family 'sans-serif' not found because none of the following families were found: Times New Roman
2024-06-25 21:14:56,766 - matplotlib.font_manager - WARNING - findfont: Generic family 'sans-serif' not found because none of the following families were found: Times New Roman
2024-06-25 21:14:56,766 - matplotlib.font_manager - WARNING - findfont: Generic family 'sans-serif' not found because none of the following families were found: Times New Roman
2024-06-25 21:14:56,766 - matplotlib.font_manager - WARNING - findfont: Generic family 'sans-serif' not found because none of the following families were found: Times New Roman
2024-06-25 21:14:56,767 - matplotlib.font_manager - WARNING - findfont: Generic family 'sans-serif' not found because none of the following families were found: Times New Roman
2024-06-25 21:14:56,767 - matplotlib.font_manager - WARNING - findfont: Generic family 'sans-serif' not found because none of the following families were found: Times New Roman
2024-06-25 21:14:56,767 - matplotlib.font_manager - WARNING - findfont: Generic family 'sans-serif' not found because none of the following families were found: Times New Roman
2024-06-25 21:14:56,767 - matplotlib.font_manager - WARNING - findfont: Generic family 'sans-serif' not found because none of the following families were found: Times New Roman
2024-06-25 21:14:56,768 - matplotlib.font_manager - WARNING - findfont: Generic family 'sans-serif' not found because none of the following families were found: Times New Roman
2024-06-25 21:14:56,768 - matplotlib.font_manager - WARNING - findfont: Generic family 'sans-serif' not found because none of the following families were found: Times New Roman
2024-06-25 21:14:56,768 - matplotlib.font_manager - WARNING - findfont: Generic family 'sans-serif' not found because none of the following families were found: Times New Roman
2024-06-25 21:14:56,768 - matplotlib.font_manager - WARNING - findfont: Generic family 'sans-serif' not found because none of the following families were found: Times New Roman
2024-06-25 21:14:56,769 - matplotlib.font_manager - WARNING - findfont: Generic family 'sans-serif' not found because none of the following families were found: Times New Roman
2024-06-25 21:14:56,769 - matplotlib.font_manager - WARNING - findfont: Generic family 'sans-serif' not found because none of the following families were found: Times New Roman
2024-06-25 21:14:56,771 - matplotlib.font_manager - WARNING - findfont: Generic family 'sans-serif' not found because none of the following families were found: Times New Roman
2024-06-25 21:14:56,771 - matplotlib.font_manager - WARNING - findfont: Generic family 'sans-serif' not found because none of the following families were found: Times New Roman
2024-06-25 21:14:56,772 - matplotlib.font_manager - WARNING - findfont: Generic family 'sans-serif' not found because none of the following families were found: Times New Roman
2024-06-25 21:14:56,772 - matplotlib.font_manager - WARNING - findfont: Generic family 'sans-serif' not found because none of the following families were found: Times New Roman
2024-06-25 21:14:56,773 - matplotlib.font_manager - WARNING - findfont: Generic family 'sans-serif' not found because none of the following families were found: Times New Roman
2024-06-25 21:14:56,773 - matplotlib.font_manager - WARNING - findfont: Generic family 'sans-serif' not found because none of the following families were found: Times New Roman
2024-06-25 21:14:56,774 - matplotlib.font_manager - WARNING - findfont: Generic family 'sans-serif' not found because none of the following families were found: Times New Roman
2024-06-25 21:14:56,774 - matplotlib.font_manager - WARNING - findfont: Generic family 'sans-serif' not found because none of the following families were found: Times New Roman
2024-06-25 21:14:56,775 - matplotlib.font_manager - WARNING - findfont: Generic family 'sans-serif' not found because none of the following families were found: Times New Roman
2024-06-25 21:14:56,776 - matplotlib.font_manager - WARNING - findfont: Generic family 'sans-serif' not found because none of the following families were found: Times New Roman
2024-06-25 21:14:56,818 - matplotlib.font_manager - WARNING - findfont: Generic family 'sans-serif' not found because none of the following families were found: Times New Roman
2024-06-25 21:14:56,818 - matplotlib.font_manager - WARNING - findfont: Generic family 'sans-serif' not found because none of the following families were found: Times New Roman
2024-06-25 21:14:56,819 - matplotlib.font_manager - WARNING - findfont: Generic family 'sans-serif' not found because none of the following families were found: Times New Roman
2024-06-25 21:14:56,819 - matplotlib.font_manager - WARNING - findfont: Generic family 'sans-serif' not found because none of the following families were found: Times New Roman
2024-06-25 21:14:56,819 - matplotlib.font_manager - WARNING - findfont: Generic family 'sans-serif' not found because none of the following families were found: Times New Roman
2024-06-25 21:14:56,819 - matplotlib.font_manager - WARNING - findfont: Generic family 'sans-serif' not found because none of the following families were found: Times New Roman
2024-06-25 21:14:56,820 - matplotlib.font_manager - WARNING - findfont: Generic family 'sans-serif' not found because none of the following families were found: Times New Roman
2024-06-25 21:14:56,820 - matplotlib.font_manager - WARNING - findfont: Generic family 'sans-serif' not found because none of the following families were found: Times New Roman
2024-06-25 21:14:56,821 - matplotlib.font_manager - WARNING - findfont: Generic family 'sans-serif' not found because none of the following families were found: Times New Roman
2024-06-25 21:14:56,822 - matplotlib.font_manager - WARNING - findfont: Generic family 'sans-serif' not found because none of the following families were found: Times New Roman
2024-06-25 21:14:56,822 - matplotlib.font_manager - WARNING - findfont: Generic family 'sans-serif' not found because none of the following families were found: Times New Roman
2024-06-25 21:14:56,824 - matplotlib.font_manager - WARNING - findfont: Generic family 'sans-serif' not found because none of the following families were found: Times New Roman
2024-06-25 21:14:56,825 - matplotlib.font_manager - WARNING - findfont: Generic family 'sans-serif' not found because none of the following families were found: Times New Roman
2024-06-25 21:14:56,825 - matplotlib.font_manager - WARNING - findfont: Generic family 'sans-serif' not found because none of the following families were found: Times New Roman
2024-06-25 21:14:56,825 - matplotlib.font_manager - WARNING - findfont: Generic family 'sans-serif' not found because none of the following families were found: Times New Roman
2024-06-25 21:14:56,825 - matplotlib.font_manager - WARNING - findfont: Generic family 'sans-serif' not found because none of the following families were found: Times New Roman
2024-06-25 21:14:56,825 - matplotlib.font_manager - WARNING - findfont: Generic family 'sans-serif' not found because none of the following families were found: Times New Roman
2024-06-25 21:14:56,825 - matplotlib.font_manager - WARNING - findfont: Generic family 'sans-serif' not found because none of the following families were found: Times New Roman
2024-06-25 21:14:56,826 - matplotlib.font_manager - WARNING - findfont: Generic family 'sans-serif' not found because none of the following families were found: Times New Roman
2024-06-25 21:14:56,826 - matplotlib.font_manager - WARNING - findfont: Generic family 'sans-serif' not found because none of the following families were found: Times New Roman
2024-06-25 21:14:56,826 - matplotlib.font_manager - WARNING - findfont: Generic family 'sans-serif' not found because none of the following families were found: Times New Roman
2024-06-25 21:14:56,827 - matplotlib.font_manager - WARNING - findfont: Generic family 'sans-serif' not found because none of the following families were found: Times New Roman
2024-06-25 21:14:56,827 - matplotlib.font_manager - WARNING - findfont: Generic family 'sans-serif' not found because none of the following families were found: Times New Roman
2024-06-25 21:14:56,828 - matplotlib.font_manager - WARNING - findfont: Generic family 'sans-serif' not found because none of the following families were found: Times New Roman
2024-06-25 21:14:56,828 - matplotlib.font_manager - WARNING - findfont: Generic family 'sans-serif' not found because none of the following families were found: Times New Roman
2024-06-25 21:14:56,828 - matplotlib.font_manager - WARNING - findfont: Generic family 'sans-serif' not found because none of the following families were found: Times New Roman
2024-06-25 21:14:56,829 - matplotlib.font_manager - WARNING - findfont: Generic family 'sans-serif' not found because none of the following families were found: Times New Roman
2024-06-25 21:14:56,829 - matplotlib.font_manager - WARNING - findfont: Generic family 'sans-serif' not found because none of the following families were found: Times New Roman
2024-06-25 21:14:56,830 - matplotlib.font_manager - WARNING - findfont: Generic family 'sans-serif' not found because none of the following families were found: Times New Roman
2024-06-25 21:14:56,832 - matplotlib.font_manager - WARNING - findfont: Generic family 'sans-serif' not found because none of the following families were found: Times New Roman
2024-06-25 21:14:56,833 - matplotlib.font_manager - WARNING - findfont: Generic family 'sans-serif' not found because none of the following families were found: Times New Roman
2024-06-25 21:14:56,834 - matplotlib.font_manager - WARNING - findfont: Generic family 'sans-serif' not found because none of the following families were found: Times New Roman
2024-06-25 21:14:56,835 - matplotlib.font_manager - WARNING - findfont: Generic family 'sans-serif' not found because none of the following families were found: Times New Roman
2024-06-25 21:14:56,835 - matplotlib.font_manager - WARNING - findfont: Generic family 'sans-serif' not found because none of the following families were found: Times New Roman
2024-06-25 21:14:56,835 - matplotlib.font_manager - WARNING - findfont: Generic family 'sans-serif' not found because none of the following families were found: Times New Roman
2024-06-25 21:14:56,835 - matplotlib.font_manager - WARNING - findfont: Generic family 'sans-serif' not found because none of the following families were found: Times New Roman
2024-06-25 21:14:56,835 - matplotlib.font_manager - WARNING - findfont: Generic family 'sans-serif' not found because none of the following families were found: Times New Roman
2024-06-25 21:14:56,836 - matplotlib.font_manager - WARNING - findfont: Generic family 'sans-serif' not found because none of the following families were found: Times New Roman
2024-06-25 21:14:56,836 - matplotlib.font_manager - WARNING - findfont: Generic family 'sans-serif' not found because none of the following families were found: Times New Roman
2024-06-25 21:14:56,836 - matplotlib.font_manager - WARNING - findfont: Generic family 'sans-serif' not found because none of the following families were found: Times New Roman
2024-06-25 21:14:56,836 - matplotlib.font_manager - WARNING - findfont: Generic family 'sans-serif' not found because none of the following families were found: Times New Roman
2024-06-25 21:14:56,836 - matplotlib.font_manager - WARNING - findfont: Generic family 'sans-serif' not found because none of the following families were found: Times New Roman
2024-06-25 21:14:56,836 - matplotlib.font_manager - WARNING - findfont: Generic family 'sans-serif' not found because none of the following families were found: Times New Roman
2024-06-25 21:14:56,837 - matplotlib.font_manager - WARNING - findfont: Generic family 'sans-serif' not found because none of the following families were found: Times New Roman
2024-06-25 21:14:56,837 - matplotlib.font_manager - WARNING - findfont: Generic family 'sans-serif' not found because none of the following families were found: Times New Roman
2024-06-25 21:14:56,837 - matplotlib.font_manager - WARNING - findfont: Generic family 'sans-serif' not found because none of the following families were found: Times New Roman
2024-06-25 21:14:56,837 - matplotlib.font_manager - WARNING - findfont: Generic family 'sans-serif' not found because none of the following families were found: Times New Roman
2024-06-25 21:14:56,837 - matplotlib.font_manager - WARNING - findfont: Generic family 'sans-serif' not found because none of the following families were found: Times New Roman
2024-06-25 21:14:56,838 - matplotlib.font_manager - WARNING - findfont: Generic family 'sans-serif' not found because none of the following families were found: Times New Roman
2024-06-25 21:14:56,838 - matplotlib.font_manager - WARNING - findfont: Generic family 'sans-serif' not found because none of the following families were found: Times New Roman
2024-06-25 21:14:56,838 - matplotlib.font_manager - WARNING - findfont: Generic family 'sans-serif' not found because none of the following families were found: Times New Roman
2024-06-25 21:14:56,838 - matplotlib.font_manager - WARNING - findfont: Generic family 'sans-serif' not found because none of the following families were found: Times New Roman
2024-06-25 21:14:56,839 - matplotlib.font_manager - WARNING - findfont: Generic family 'sans-serif' not found because none of the following families were found: Times New Roman
2024-06-25 21:14:56,839 - matplotlib.font_manager - WARNING - findfont: Generic family 'sans-serif' not found because none of the following families were found: Times New Roman
2024-06-25 21:14:56,840 - matplotlib.font_manager - WARNING - findfont: Generic family 'sans-serif' not found because none of the following families were found: Times New Roman
2024-06-25 21:14:56,840 - matplotlib.font_manager - WARNING - findfont: Generic family 'sans-serif' not found because none of the following families were found: Times New Roman
2024-06-25 21:14:56,841 - matplotlib.font_manager - WARNING - findfont: Generic family 'sans-serif' not found because none of the following families were found: Times New Roman
2024-06-25 21:14:56,841 - matplotlib.font_manager - WARNING - findfont: Generic family 'sans-serif' not found because none of the following families were found: Times New Roman
2024-06-25 21:14:56,841 - matplotlib.font_manager - WARNING - findfont: Generic family 'sans-serif' not found because none of the following families were found: Times New Roman
2024-06-25 21:14:56,842 - matplotlib.font_manager - WARNING - findfont: Generic family 'sans-serif' not found because none of the following families were found: Times New Roman
2024-06-25 21:14:56,842 - matplotlib.font_manager - WARNING - findfont: Generic family 'sans-serif' not found because none of the following families were found: Times New Roman
2024-06-25 21:14:56,843 - matplotlib.font_manager - WARNING - findfont: Generic family 'sans-serif' not found because none of the following families were found: Times New Roman
2024-06-25 21:14:56,843 - matplotlib.font_manager - WARNING - findfont: Generic family 'sans-serif' not found because none of the following families were found: Times New Roman
2024-06-25 21:14:56,843 - matplotlib.font_manager - WARNING - findfont: Generic family 'sans-serif' not found because none of the following families were found: Times New Roman
2024-06-25 21:14:56,872 - matplotlib.font_manager - WARNING - findfont: Generic family 'sans-serif' not found because none of the following families were found: Times New Roman
2024-06-25 21:14:56,872 - matplotlib.font_manager - WARNING - findfont: Generic family 'sans-serif' not found because none of the following families were found: Times New Roman
2024-06-25 21:14:56,873 - matplotlib.font_manager - WARNING - findfont: Generic family 'sans-serif' not found because none of the following families were found: Times New Roman
2024-06-25 21:14:56,873 - matplotlib.font_manager - WARNING - findfont: Generic family 'sans-serif' not found because none of the following families were found: Times New Roman
2024-06-25 21:14:56,873 - matplotlib.font_manager - WARNING - findfont: Generic family 'sans-serif' not found because none of the following families were found: Times New Roman
2024-06-25 21:14:56,873 - matplotlib.font_manager - WARNING - findfont: Generic family 'sans-serif' not found because none of the following families were found: Times New Roman
2024-06-25 21:14:56,876 - matplotlib.font_manager - WARNING - findfont: Generic family 'sans-serif' not found because none of the following families were found: Times New Roman
2024-06-25 21:14:56,877 - matplotlib.font_manager - WARNING - findfont: Generic family 'sans-serif' not found because none of the following families were found: Times New Roman
2024-06-25 21:14:56,877 - matplotlib.font_manager - WARNING - findfont: Generic family 'sans-serif' not found because none of the following families were found: Times New Roman
2024-06-25 21:14:56,877 - matplotlib.font_manager - WARNING - findfont: Generic family 'sans-serif' not found because none of the following families were found: Times New Roman
2024-06-25 21:14:56,877 - matplotlib.font_manager - WARNING - findfont: Generic family 'sans-serif' not found because none of the following families were found: Times New Roman
2024-06-25 21:14:56,878 - matplotlib.font_manager - WARNING - findfont: Generic family 'sans-serif' not found because none of the following families were found: Times New Roman
2024-06-25 21:14:56,881 - matplotlib.font_manager - WARNING - findfont: Generic family 'sans-serif' not found because none of the following families were found: Times New Roman
2024-06-25 21:14:56,884 - matplotlib.font_manager - WARNING - findfont: Generic family 'sans-serif' not found because none of the following families were found: Times New Roman
2024-06-25 21:14:56,884 - matplotlib.font_manager - WARNING - findfont: Generic family 'sans-serif' not found because none of the following families were found: Times New Roman
2024-06-25 21:14:56,884 - matplotlib.font_manager - WARNING - findfont: Generic family 'sans-serif' not found because none of the following families were found: Times New Roman
2024-06-25 21:14:56,884 - matplotlib.font_manager - WARNING - findfont: Generic family 'sans-serif' not found because none of the following families were found: Times New Roman
2024-06-25 21:14:56,885 - matplotlib.font_manager - WARNING - findfont: Generic family 'sans-serif' not found because none of the following families were found: Times New Roman
2024-06-25 21:14:56,885 - matplotlib.font_manager - WARNING - findfont: Generic family 'sans-serif' not found because none of the following families were found: Times New Roman
2024-06-25 21:14:56,885 - matplotlib.font_manager - WARNING - findfont: Generic family 'sans-serif' not found because none of the following families were found: Times New Roman
2024-06-25 21:14:56,885 - matplotlib.font_manager - WARNING - findfont: Generic family 'sans-serif' not found because none of the following families were found: Times New Roman
2024-06-25 21:14:56,885 - matplotlib.font_manager - WARNING - findfont: Generic family 'sans-serif' not found because none of the following families were found: Times New Roman
2024-06-25 21:14:56,886 - matplotlib.font_manager - WARNING - findfont: Generic family 'sans-serif' not found because none of the following families were found: Times New Roman
2024-06-25 21:14:56,886 - matplotlib.font_manager - WARNING - findfont: Generic family 'sans-serif' not found because none of the following families were found: Times New Roman
2024-06-25 21:14:56,886 - matplotlib.font_manager - WARNING - findfont: Generic family 'sans-serif' not found because none of the following families were found: Times New Roman
2024-06-25 21:14:56,887 - matplotlib.font_manager - WARNING - findfont: Generic family 'sans-serif' not found because none of the following families were found: Times New Roman
2024-06-25 21:14:56,887 - matplotlib.font_manager - WARNING - findfont: Generic family 'sans-serif' not found because none of the following families were found: Times New Roman
2024-06-25 21:14:56,888 - matplotlib.font_manager - WARNING - findfont: Generic family 'sans-serif' not found because none of the following families were found: Times New Roman
2024-06-25 21:14:56,888 - matplotlib.font_manager - WARNING - findfont: Generic family 'sans-serif' not found because none of the following families were found: Times New Roman
2024-06-25 21:14:56,889 - matplotlib.font_manager - WARNING - findfont: Generic family 'sans-serif' not found because none of the following families were found: Times New Roman
2024-06-25 21:14:56,889 - matplotlib.font_manager - WARNING - findfont: Generic family 'sans-serif' not found because none of the following families were found: Times New Roman
2024-06-25 21:14:56,889 - matplotlib.font_manager - WARNING - findfont: Generic family 'sans-serif' not found because none of the following families were found: Times New Roman
2024-06-25 21:14:56,890 - matplotlib.font_manager - WARNING - findfont: Generic family 'sans-serif' not found because none of the following families were found: Times New Roman
2024-06-25 21:14:56,890 - matplotlib.font_manager - WARNING - findfont: Generic family 'sans-serif' not found because none of the following families were found: Times New Roman
2024-06-25 21:14:56,891 - matplotlib.font_manager - WARNING - findfont: Generic family 'sans-serif' not found because none of the following families were found: Times New Roman
2024-06-25 21:14:56,900 - matplotlib.font_manager - WARNING - findfont: Generic family 'sans-serif' not found because none of the following families were found: Times New Roman
2024-06-25 21:14:56,900 - matplotlib.font_manager - WARNING - findfont: Generic family 'sans-serif' not found because none of the following families were found: Times New Roman
2024-06-25 21:14:56,905 - matplotlib.font_manager - WARNING - findfont: Generic family 'sans-serif' not found because none of the following families were found: Times New Roman
2024-06-25 21:14:56,905 - matplotlib.font_manager - WARNING - findfont: Generic family 'sans-serif' not found because none of the following families were found: Times New Roman
2024-06-25 21:14:56,914 - matplotlib.font_manager - WARNING - findfont: Generic family 'sans-serif' not found because none of the following families were found: Times New Roman
2024-06-25 21:14:56,914 - matplotlib.font_manager - WARNING - findfont: Generic family 'sans-serif' not found because none of the following families were found: Times New Roman
2024-06-25 21:14:56,922 - matplotlib.font_manager - WARNING - findfont: Generic family 'sans-serif' not found because none of the following families were found: Times New Roman
2024-06-25 21:14:56,922 - matplotlib.font_manager - WARNING - findfont: Generic family 'sans-serif' not found because none of the following families were found: Times New Roman
2024-06-25 21:14:56,922 - matplotlib.font_manager - WARNING - findfont: Generic family 'sans-serif' not found because none of the following families were found: Times New Roman
2024-06-25 21:14:56,923 - matplotlib.font_manager - WARNING - findfont: Generic family 'sans-serif' not found because none of the following families were found: Times New Roman
2024-06-25 21:14:56,923 - matplotlib.font_manager - WARNING - findfont: Generic family 'sans-serif' not found because none of the following families were found: Times New Roman
2024-06-25 21:14:56,923 - matplotlib.font_manager - WARNING - findfont: Generic family 'sans-serif' not found because none of the following families were found: Times New Roman
2024-06-25 21:14:56,924 - matplotlib.font_manager - WARNING - findfont: Generic family 'sans-serif' not found because none of the following families were found: Times New Roman
2024-06-25 21:14:56,924 - matplotlib.font_manager - WARNING - findfont: Generic family 'sans-serif' not found because none of the following families were found: Times New Roman
2024-06-25 21:14:56,925 - matplotlib.font_manager - WARNING - findfont: Generic family 'sans-serif' not found because none of the following families were found: Times New Roman
2024-06-25 21:14:56,925 - matplotlib.font_manager - WARNING - findfont: Generic family 'sans-serif' not found because none of the following families were found: Times New Roman
2024-06-25 21:14:56,926 - matplotlib.font_manager - WARNING - findfont: Generic family 'sans-serif' not found because none of the following families were found: Times New Roman
2024-06-25 21:14:56,928 - matplotlib.font_manager - WARNING - findfont: Generic family 'sans-serif' not found because none of the following families were found: Times New Roman
2024-06-25 21:14:56,928 - matplotlib.font_manager - WARNING - findfont: Generic family 'sans-serif' not found because none of the following families were found: Times New Roman
2024-06-25 21:14:56,928 - matplotlib.font_manager - WARNING - findfont: Generic family 'sans-serif' not found because none of the following families were found: Times New Roman
2024-06-25 21:14:56,928 - matplotlib.font_manager - WARNING - findfont: Generic family 'sans-serif' not found because none of the following families were found: Times New Roman
2024-06-25 21:14:56,929 - matplotlib.font_manager - WARNING - findfont: Generic family 'sans-serif' not found because none of the following families were found: Times New Roman
2024-06-25 21:14:56,929 - matplotlib.font_manager - WARNING - findfont: Generic family 'sans-serif' not found because none of the following families were found: Times New Roman
2024-06-25 21:14:56,929 - matplotlib.font_manager - WARNING - findfont: Generic family 'sans-serif' not found because none of the following families were found: Times New Roman
2024-06-25 21:14:56,930 - matplotlib.font_manager - WARNING - findfont: Generic family 'sans-serif' not found because none of the following families were found: Times New Roman
2024-06-25 21:14:56,930 - matplotlib.font_manager - WARNING - findfont: Generic family 'sans-serif' not found because none of the following families were found: Times New Roman
2024-06-25 21:14:56,930 - matplotlib.font_manager - WARNING - findfont: Generic family 'sans-serif' not found because none of the following families were found: Times New Roman
2024-06-25 21:14:56,931 - matplotlib.font_manager - WARNING - findfont: Generic family 'sans-serif' not found because none of the following families were found: Times New Roman
2024-06-25 21:14:56,931 - matplotlib.font_manager - WARNING - findfont: Generic family 'sans-serif' not found because none of the following families were found: Times New Roman
2024-06-25 21:14:56,933 - matplotlib.font_manager - WARNING - findfont: Generic family 'sans-serif' not found because none of the following families were found: Times New Roman
2024-06-25 21:14:56,934 - matplotlib.font_manager - WARNING - findfont: Generic family 'sans-serif' not found because none of the following families were found: Times New Roman
2024-06-25 21:14:56,935 - matplotlib.font_manager - WARNING - findfont: Generic family 'sans-serif' not found because none of the following families were found: Times New Roman
2024-06-25 21:14:56,935 - matplotlib.font_manager - WARNING - findfont: Generic family 'sans-serif' not found because none of the following families were found: Times New Roman
2024-06-25 21:14:56,936 - matplotlib.font_manager - WARNING - findfont: Generic family 'sans-serif' not found because none of the following families were found: Times New Roman
2024-06-25 21:14:56,936 - matplotlib.font_manager - WARNING - findfont: Generic family 'sans-serif' not found because none of the following families were found: Times New Roman
2024-06-25 21:14:56,936 - matplotlib.font_manager - WARNING - findfont: Generic family 'sans-serif' not found because none of the following families were found: Times New Roman
2024-06-25 21:14:56,936 - matplotlib.font_manager - WARNING - findfont: Generic family 'sans-serif' not found because none of the following families were found: Times New Roman
2024-06-25 21:14:56,936 - matplotlib.font_manager - WARNING - findfont: Generic family 'sans-serif' not found because none of the following families were found: Times New Roman
2024-06-25 21:14:56,937 - matplotlib.font_manager - WARNING - findfont: Generic family 'sans-serif' not found because none of the following families were found: Times New Roman
2024-06-25 21:14:56,937 - matplotlib.font_manager - WARNING - findfont: Generic family 'sans-serif' not found because none of the following families were found: Times New Roman
2024-06-25 21:14:56,937 - matplotlib.font_manager - WARNING - findfont: Generic family 'sans-serif' not found because none of the following families were found: Times New Roman
2024-06-25 21:14:56,937 - matplotlib.font_manager - WARNING - findfont: Generic family 'sans-serif' not found because none of the following families were found: Times New Roman
2024-06-25 21:14:56,937 - matplotlib.font_manager - WARNING - findfont: Generic family 'sans-serif' not found because none of the following families were found: Times New Roman
2024-06-25 21:14:56,937 - matplotlib.font_manager - WARNING - findfont: Generic family 'sans-serif' not found because none of the following families were found: Times New Roman
2024-06-25 21:14:56,938 - matplotlib.font_manager - WARNING - findfont: Generic family 'sans-serif' not found because none of the following families were found: Times New Roman
2024-06-25 21:14:56,938 - matplotlib.font_manager - WARNING - findfont: Generic family 'sans-serif' not found because none of the following families were found: Times New Roman
2024-06-25 21:14:56,938 - matplotlib.font_manager - WARNING - findfont: Generic family 'sans-serif' not found because none of the following families were found: Times New Roman
2024-06-25 21:14:56,938 - matplotlib.font_manager - WARNING - findfont: Generic family 'sans-serif' not found because none of the following families were found: Times New Roman
2024-06-25 21:14:56,938 - matplotlib.font_manager - WARNING - findfont: Generic family 'sans-serif' not found because none of the following families were found: Times New Roman
2024-06-25 21:14:56,939 - matplotlib.font_manager - WARNING - findfont: Generic family 'sans-serif' not found because none of the following families were found: Times New Roman
2024-06-25 21:14:56,939 - matplotlib.font_manager - WARNING - findfont: Generic family 'sans-serif' not found because none of the following families were found: Times New Roman
2024-06-25 21:14:56,939 - matplotlib.font_manager - WARNING - findfont: Generic family 'sans-serif' not found because none of the following families were found: Times New Roman
2024-06-25 21:14:56,939 - matplotlib.font_manager - WARNING - findfont: Generic family 'sans-serif' not found because none of the following families were found: Times New Roman
2024-06-25 21:14:56,940 - matplotlib.font_manager - WARNING - findfont: Generic family 'sans-serif' not found because none of the following families were found: Times New Roman
2024-06-25 21:14:56,940 - matplotlib.font_manager - WARNING - findfont: Generic family 'sans-serif' not found because none of the following families were found: Times New Roman
2024-06-25 21:14:56,941 - matplotlib.font_manager - WARNING - findfont: Generic family 'sans-serif' not found because none of the following families were found: Times New Roman
2024-06-25 21:14:56,941 - matplotlib.font_manager - WARNING - findfont: Generic family 'sans-serif' not found because none of the following families were found: Times New Roman
2024-06-25 21:14:56,942 - matplotlib.font_manager - WARNING - findfont: Generic family 'sans-serif' not found because none of the following families were found: Times New Roman
2024-06-25 21:14:56,942 - matplotlib.font_manager - WARNING - findfont: Generic family 'sans-serif' not found because none of the following families were found: Times New Roman
2024-06-25 21:14:56,943 - matplotlib.font_manager - WARNING - findfont: Generic family 'sans-serif' not found because none of the following families were found: Times New Roman
2024-06-25 21:14:56,943 - matplotlib.font_manager - WARNING - findfont: Generic family 'sans-serif' not found because none of the following families were found: Times New Roman
2024-06-25 21:14:56,943 - matplotlib.font_manager - WARNING - findfont: Generic family 'sans-serif' not found because none of the following families were found: Times New Roman
2024-06-25 21:14:56,944 - matplotlib.font_manager - WARNING - findfont: Generic family 'sans-serif' not found because none of the following families were found: Times New Roman
2024-06-25 21:14:56,944 - matplotlib.font_manager - WARNING - findfont: Generic family 'sans-serif' not found because none of the following families were found: Times New Roman
2024-06-25 21:14:56,944 - matplotlib.font_manager - WARNING - findfont: Generic family 'sans-serif' not found because none of the following families were found: Times New Roman
2024-06-25 21:14:56,979 - matplotlib.font_manager - WARNING - findfont: Generic family 'sans-serif' not found because none of the following families were found: Times New Roman
2024-06-25 21:14:56,979 - matplotlib.font_manager - WARNING - findfont: Generic family 'sans-serif' not found because none of the following families were found: Times New Roman
2024-06-25 21:14:56,980 - matplotlib.font_manager - WARNING - findfont: Generic family 'sans-serif' not found because none of the following families were found: Times New Roman
2024-06-25 21:14:56,980 - matplotlib.font_manager - WARNING - findfont: Generic family 'sans-serif' not found because none of the following families were found: Times New Roman
2024-06-25 21:14:56,980 - matplotlib.font_manager - WARNING - findfont: Generic family 'sans-serif' not found because none of the following families were found: Times New Roman
2024-06-25 21:14:56,980 - matplotlib.font_manager - WARNING - findfont: Generic family 'sans-serif' not found because none of the following families were found: Times New Roman
2024-06-25 21:14:56,981 - matplotlib.font_manager - WARNING - findfont: Generic family 'sans-serif' not found because none of the following families were found: Times New Roman
2024-06-25 21:14:56,982 - matplotlib.font_manager - WARNING - findfont: Generic family 'sans-serif' not found because none of the following families were found: Times New Roman
2024-06-25 21:14:56,982 - matplotlib.font_manager - WARNING - findfont: Generic family 'sans-serif' not found because none of the following families were found: Times New Roman
2024-06-25 21:14:56,983 - matplotlib.font_manager - WARNING - findfont: Generic family 'sans-serif' not found because none of the following families were found: Times New Roman
2024-06-25 21:14:56,983 - matplotlib.font_manager - WARNING - findfont: Generic family 'sans-serif' not found because none of the following families were found: Times New Roman
2024-06-25 21:14:56,985 - matplotlib.font_manager - WARNING - findfont: Generic family 'sans-serif' not found because none of the following families were found: Times New Roman
2024-06-25 21:14:56,985 - matplotlib.font_manager - WARNING - findfont: Generic family 'sans-serif' not found because none of the following families were found: Times New Roman
2024-06-25 21:14:56,985 - matplotlib.font_manager - WARNING - findfont: Generic family 'sans-serif' not found because none of the following families were found: Times New Roman
2024-06-25 21:14:56,986 - matplotlib.font_manager - WARNING - findfont: Generic family 'sans-serif' not found because none of the following families were found: Times New Roman
2024-06-25 21:14:56,986 - matplotlib.font_manager - WARNING - findfont: Generic family 'sans-serif' not found because none of the following families were found: Times New Roman
2024-06-25 21:14:56,986 - matplotlib.font_manager - WARNING - findfont: Generic family 'sans-serif' not found because none of the following families were found: Times New Roman
2024-06-25 21:14:56,987 - matplotlib.font_manager - WARNING - findfont: Generic family 'sans-serif' not found because none of the following families were found: Times New Roman
2024-06-25 21:14:56,987 - matplotlib.font_manager - WARNING - findfont: Generic family 'sans-serif' not found because none of the following families were found: Times New Roman
2024-06-25 21:14:56,987 - matplotlib.font_manager - WARNING - findfont: Generic family 'sans-serif' not found because none of the following families were found: Times New Roman
2024-06-25 21:14:56,988 - matplotlib.font_manager - WARNING - findfont: Generic family 'sans-serif' not found because none of the following families were found: Times New Roman
2024-06-25 21:14:56,988 - matplotlib.font_manager - WARNING - findfont: Generic family 'sans-serif' not found because none of the following families were found: Times New Roman
2024-06-25 21:14:56,989 - matplotlib.font_manager - WARNING - findfont: Generic family 'sans-serif' not found because none of the following families were found: Times New Roman
2024-06-25 21:14:56,992 - matplotlib.font_manager - WARNING - findfont: Generic family 'sans-serif' not found because none of the following families were found: Times New Roman
2024-06-25 21:14:56,993 - matplotlib.font_manager - WARNING - findfont: Generic family 'sans-serif' not found because none of the following families were found: Times New Roman
2024-06-25 21:14:56,994 - matplotlib.font_manager - WARNING - findfont: Generic family 'sans-serif' not found because none of the following families were found: Times New Roman
2024-06-25 21:14:56,994 - matplotlib.font_manager - WARNING - findfont: Generic family 'sans-serif' not found because none of the following families were found: Times New Roman
2024-06-25 21:14:56,994 - matplotlib.font_manager - WARNING - findfont: Generic family 'sans-serif' not found because none of the following families were found: Times New Roman
2024-06-25 21:14:56,995 - matplotlib.font_manager - WARNING - findfont: Generic family 'sans-serif' not found because none of the following families were found: Times New Roman
2024-06-25 21:14:56,995 - matplotlib.font_manager - WARNING - findfont: Generic family 'sans-serif' not found because none of the following families were found: Times New Roman
2024-06-25 21:14:56,995 - matplotlib.font_manager - WARNING - findfont: Generic family 'sans-serif' not found because none of the following families were found: Times New Roman
2024-06-25 21:14:56,995 - matplotlib.font_manager - WARNING - findfont: Generic family 'sans-serif' not found because none of the following families were found: Times New Roman
2024-06-25 21:14:56,995 - matplotlib.font_manager - WARNING - findfont: Generic family 'sans-serif' not found because none of the following families were found: Times New Roman
2024-06-25 21:14:56,996 - matplotlib.font_manager - WARNING - findfont: Generic family 'sans-serif' not found because none of the following families were found: Times New Roman
2024-06-25 21:14:56,996 - matplotlib.font_manager - WARNING - findfont: Generic family 'sans-serif' not found because none of the following families were found: Times New Roman
2024-06-25 21:14:56,996 - matplotlib.font_manager - WARNING - findfont: Generic family 'sans-serif' not found because none of the following families were found: Times New Roman
2024-06-25 21:14:56,996 - matplotlib.font_manager - WARNING - findfont: Generic family 'sans-serif' not found because none of the following families were found: Times New Roman
2024-06-25 21:14:56,996 - matplotlib.font_manager - WARNING - findfont: Generic family 'sans-serif' not found because none of the following families were found: Times New Roman
2024-06-25 21:14:56,996 - matplotlib.font_manager - WARNING - findfont: Generic family 'sans-serif' not found because none of the following families were found: Times New Roman
2024-06-25 21:14:56,997 - matplotlib.font_manager - WARNING - findfont: Generic family 'sans-serif' not found because none of the following families were found: Times New Roman
2024-06-25 21:14:56,997 - matplotlib.font_manager - WARNING - findfont: Generic family 'sans-serif' not found because none of the following families were found: Times New Roman
2024-06-25 21:14:56,997 - matplotlib.font_manager - WARNING - findfont: Generic family 'sans-serif' not found because none of the following families were found: Times New Roman
2024-06-25 21:14:56,997 - matplotlib.font_manager - WARNING - findfont: Generic family 'sans-serif' not found because none of the following families were found: Times New Roman
2024-06-25 21:14:56,997 - matplotlib.font_manager - WARNING - findfont: Generic family 'sans-serif' not found because none of the following families were found: Times New Roman
2024-06-25 21:14:56,998 - matplotlib.font_manager - WARNING - findfont: Generic family 'sans-serif' not found because none of the following families were found: Times New Roman
2024-06-25 21:14:56,998 - matplotlib.font_manager - WARNING - findfont: Generic family 'sans-serif' not found because none of the following families were found: Times New Roman
2024-06-25 21:14:56,998 - matplotlib.font_manager - WARNING - findfont: Generic family 'sans-serif' not found because none of the following families were found: Times New Roman
2024-06-25 21:14:56,998 - matplotlib.font_manager - WARNING - findfont: Generic family 'sans-serif' not found because none of the following families were found: Times New Roman
2024-06-25 21:14:56,998 - matplotlib.font_manager - WARNING - findfont: Generic family 'sans-serif' not found because none of the following families were found: Times New Roman
2024-06-25 21:14:57,000 - matplotlib.font_manager - WARNING - findfont: Generic family 'sans-serif' not found because none of the following families were found: Times New Roman
2024-06-25 21:14:57,000 - matplotlib.font_manager - WARNING - findfont: Generic family 'sans-serif' not found because none of the following families were found: Times New Roman
2024-06-25 21:14:57,001 - matplotlib.font_manager - WARNING - findfont: Generic family 'sans-serif' not found because none of the following families were found: Times New Roman
2024-06-25 21:14:57,001 - matplotlib.font_manager - WARNING - findfont: Generic family 'sans-serif' not found because none of the following families were found: Times New Roman
2024-06-25 21:14:57,001 - matplotlib.font_manager - WARNING - findfont: Generic family 'sans-serif' not found because none of the following families were found: Times New Roman
2024-06-25 21:14:57,002 - matplotlib.font_manager - WARNING - findfont: Generic family 'sans-serif' not found because none of the following families were found: Times New Roman
2024-06-25 21:14:57,002 - matplotlib.font_manager - WARNING - findfont: Generic family 'sans-serif' not found because none of the following families were found: Times New Roman
2024-06-25 21:14:57,003 - matplotlib.font_manager - WARNING - findfont: Generic family 'sans-serif' not found because none of the following families were found: Times New Roman
2024-06-25 21:14:57,003 - matplotlib.font_manager - WARNING - findfont: Generic family 'sans-serif' not found because none of the following families were found: Times New Roman
2024-06-25 21:14:57,003 - matplotlib.font_manager - WARNING - findfont: Generic family 'sans-serif' not found because none of the following families were found: Times New Roman
2024-06-25 21:14:57,036 - matplotlib.font_manager - WARNING - findfont: Generic family 'sans-serif' not found because none of the following families were found: Times New Roman
2024-06-25 21:14:57,036 - matplotlib.font_manager - WARNING - findfont: Generic family 'sans-serif' not found because none of the following families were found: Times New Roman
2024-06-25 21:14:57,037 - matplotlib.font_manager - WARNING - findfont: Generic family 'sans-serif' not found because none of the following families were found: Times New Roman
2024-06-25 21:14:57,037 - matplotlib.font_manager - WARNING - findfont: Generic family 'sans-serif' not found because none of the following families were found: Times New Roman
2024-06-25 21:14:57,037 - matplotlib.font_manager - WARNING - findfont: Generic family 'sans-serif' not found because none of the following families were found: Times New Roman
2024-06-25 21:14:57,037 - matplotlib.font_manager - WARNING - findfont: Generic family 'sans-serif' not found because none of the following families were found: Times New Roman
2024-06-25 21:14:57,041 - matplotlib.font_manager - WARNING - findfont: Generic family 'sans-serif' not found because none of the following families were found: Times New Roman
2024-06-25 21:14:57,041 - matplotlib.font_manager - WARNING - findfont: Generic family 'sans-serif' not found because none of the following families were found: Times New Roman
2024-06-25 21:14:57,041 - matplotlib.font_manager - WARNING - findfont: Generic family 'sans-serif' not found because none of the following families were found: Times New Roman
2024-06-25 21:14:57,042 - matplotlib.font_manager - WARNING - findfont: Generic family 'sans-serif' not found because none of the following families were found: Times New Roman
2024-06-25 21:14:57,042 - matplotlib.font_manager - WARNING - findfont: Generic family 'sans-serif' not found because none of the following families were found: Times New Roman
2024-06-25 21:14:57,045 - matplotlib.font_manager - WARNING - findfont: Generic family 'sans-serif' not found because none of the following families were found: Times New Roman
2024-06-25 21:14:57,046 - matplotlib.font_manager - WARNING - findfont: Generic family 'sans-serif' not found because none of the following families were found: Times New Roman
2024-06-25 21:14:57,046 - matplotlib.font_manager - WARNING - findfont: Generic family 'sans-serif' not found because none of the following families were found: Times New Roman
2024-06-25 21:14:57,046 - matplotlib.font_manager - WARNING - findfont: Generic family 'sans-serif' not found because none of the following families were found: Times New Roman
2024-06-25 21:14:57,046 - matplotlib.font_manager - WARNING - findfont: Generic family 'sans-serif' not found because none of the following families were found: Times New Roman
2024-06-25 21:14:57,047 - matplotlib.font_manager - WARNING - findfont: Generic family 'sans-serif' not found because none of the following families were found: Times New Roman
2024-06-25 21:14:57,047 - matplotlib.font_manager - WARNING - findfont: Generic family 'sans-serif' not found because none of the following families were found: Times New Roman
2024-06-25 21:14:57,047 - matplotlib.font_manager - WARNING - findfont: Generic family 'sans-serif' not found because none of the following families were found: Times New Roman
2024-06-25 21:14:57,047 - matplotlib.font_manager - WARNING - findfont: Generic family 'sans-serif' not found because none of the following families were found: Times New Roman
2024-06-25 21:14:57,048 - matplotlib.font_manager - WARNING - findfont: Generic family 'sans-serif' not found because none of the following families were found: Times New Roman
2024-06-25 21:14:57,048 - matplotlib.font_manager - WARNING - findfont: Generic family 'sans-serif' not found because none of the following families were found: Times New Roman
2024-06-25 21:14:57,048 - matplotlib.font_manager - WARNING - findfont: Generic family 'sans-serif' not found because none of the following families were found: Times New Roman
2024-06-25 21:14:57,048 - matplotlib.font_manager - WARNING - findfont: Generic family 'sans-serif' not found because none of the following families were found: Times New Roman
2024-06-25 21:14:57,049 - matplotlib.font_manager - WARNING - findfont: Generic family 'sans-serif' not found because none of the following families were found: Times New Roman
2024-06-25 21:14:57,049 - matplotlib.font_manager - WARNING - findfont: Generic family 'sans-serif' not found because none of the following families were found: Times New Roman
2024-06-25 21:14:57,050 - matplotlib.font_manager - WARNING - findfont: Generic family 'sans-serif' not found because none of the following families were found: Times New Roman
2024-06-25 21:14:57,050 - matplotlib.font_manager - WARNING - findfont: Generic family 'sans-serif' not found because none of the following families were found: Times New Roman
2024-06-25 21:14:57,051 - matplotlib.font_manager - WARNING - findfont: Generic family 'sans-serif' not found because none of the following families were found: Times New Roman
2024-06-25 21:14:57,051 - matplotlib.font_manager - WARNING - findfont: Generic family 'sans-serif' not found because none of the following families were found: Times New Roman
2024-06-25 21:14:57,052 - matplotlib.font_manager - WARNING - findfont: Generic family 'sans-serif' not found because none of the following families were found: Times New Roman
2024-06-25 21:14:57,052 - matplotlib.font_manager - WARNING - findfont: Generic family 'sans-serif' not found because none of the following families were found: Times New Roman
2024-06-25 21:14:57,052 - matplotlib.font_manager - WARNING - findfont: Generic family 'sans-serif' not found because none of the following families were found: Times New Roman
2024-06-25 21:14:57,053 - matplotlib.font_manager - WARNING - findfont: Generic family 'sans-serif' not found because none of the following families were found: Times New Roman
2024-06-25 21:14:57,062 - matplotlib.font_manager - WARNING - findfont: Generic family 'sans-serif' not found because none of the following families were found: Times New Roman
2024-06-25 21:14:57,062 - matplotlib.font_manager - WARNING - findfont: Generic family 'sans-serif' not found because none of the following families were found: Times New Roman
2024-06-25 21:14:57,066 - matplotlib.font_manager - WARNING - findfont: Generic family 'sans-serif' not found because none of the following families were found: Times New Roman
2024-06-25 21:14:57,066 - matplotlib.font_manager - WARNING - findfont: Generic family 'sans-serif' not found because none of the following families were found: Times New Roman
2024-06-25 21:14:57,075 - matplotlib.font_manager - WARNING - findfont: Generic family 'sans-serif' not found because none of the following families were found: Times New Roman
2024-06-25 21:14:57,075 - matplotlib.font_manager - WARNING - findfont: Generic family 'sans-serif' not found because none of the following families were found: Times New Roman
2024-06-25 21:14:57,082 - matplotlib.font_manager - WARNING - findfont: Generic family 'sans-serif' not found because none of the following families were found: Times New Roman
2024-06-25 21:14:57,082 - matplotlib.font_manager - WARNING - findfont: Generic family 'sans-serif' not found because none of the following families were found: Times New Roman
2024-06-25 21:14:57,082 - matplotlib.font_manager - WARNING - findfont: Generic family 'sans-serif' not found because none of the following families were found: Times New Roman
2024-06-25 21:14:57,082 - matplotlib.font_manager - WARNING - findfont: Generic family 'sans-serif' not found because none of the following families were found: Times New Roman
2024-06-25 21:14:57,083 - matplotlib.font_manager - WARNING - findfont: Generic family 'sans-serif' not found because none of the following families were found: Times New Roman
2024-06-25 21:14:57,084 - matplotlib.font_manager - WARNING - findfont: Generic family 'sans-serif' not found because none of the following families were found: Times New Roman
2024-06-25 21:14:57,085 - matplotlib.font_manager - WARNING - findfont: Generic family 'sans-serif' not found because none of the following families were found: Times New Roman
2024-06-25 21:14:57,085 - matplotlib.font_manager - WARNING - findfont: Generic family 'sans-serif' not found because none of the following families were found: Times New Roman
2024-06-25 21:14:57,085 - matplotlib.font_manager - WARNING - findfont: Generic family 'sans-serif' not found because none of the following families were found: Times New Roman
2024-06-25 21:14:57,086 - matplotlib.font_manager - WARNING - findfont: Generic family 'sans-serif' not found because none of the following families were found: Times New Roman
2024-06-25 21:14:57,086 - matplotlib.font_manager - WARNING - findfont: Generic family 'sans-serif' not found because none of the following families were found: Times New Roman
2024-06-25 21:14:57,088 - matplotlib.font_manager - WARNING - findfont: Generic family 'sans-serif' not found because none of the following families were found: Times New Roman
2024-06-25 21:14:57,089 - matplotlib.font_manager - WARNING - findfont: Generic family 'sans-serif' not found because none of the following families were found: Times New Roman
2024-06-25 21:14:57,089 - matplotlib.font_manager - WARNING - findfont: Generic family 'sans-serif' not found because none of the following families were found: Times New Roman
2024-06-25 21:14:57,089 - matplotlib.font_manager - WARNING - findfont: Generic family 'sans-serif' not found because none of the following families were found: Times New Roman
2024-06-25 21:14:57,089 - matplotlib.font_manager - WARNING - findfont: Generic family 'sans-serif' not found because none of the following families were found: Times New Roman
2024-06-25 21:14:57,090 - matplotlib.font_manager - WARNING - findfont: Generic family 'sans-serif' not found because none of the following families were found: Times New Roman
2024-06-25 21:14:57,090 - matplotlib.font_manager - WARNING - findfont: Generic family 'sans-serif' not found because none of the following families were found: Times New Roman
2024-06-25 21:14:57,091 - matplotlib.font_manager - WARNING - findfont: Generic family 'sans-serif' not found because none of the following families were found: Times New Roman
2024-06-25 21:14:57,091 - matplotlib.font_manager - WARNING - findfont: Generic family 'sans-serif' not found because none of the following families were found: Times New Roman
2024-06-25 21:14:57,091 - matplotlib.font_manager - WARNING - findfont: Generic family 'sans-serif' not found because none of the following families were found: Times New Roman
2024-06-25 21:14:57,093 - matplotlib.font_manager - WARNING - findfont: Generic family 'sans-serif' not found because none of the following families were found: Times New Roman
2024-06-25 21:14:57,094 - matplotlib.font_manager - WARNING - findfont: Generic family 'sans-serif' not found because none of the following families were found: Times New Roman
2024-06-25 21:14:57,095 - matplotlib.font_manager - WARNING - findfont: Generic family 'sans-serif' not found because none of the following families were found: Times New Roman
2024-06-25 21:14:57,095 - matplotlib.font_manager - WARNING - findfont: Generic family 'sans-serif' not found because none of the following families were found: Times New Roman
2024-06-25 21:14:57,096 - matplotlib.font_manager - WARNING - findfont: Generic family 'sans-serif' not found because none of the following families were found: Times New Roman
2024-06-25 21:14:57,096 - matplotlib.font_manager - WARNING - findfont: Generic family 'sans-serif' not found because none of the following families were found: Times New Roman
2024-06-25 21:14:57,096 - matplotlib.font_manager - WARNING - findfont: Generic family 'sans-serif' not found because none of the following families were found: Times New Roman
2024-06-25 21:14:57,096 - matplotlib.font_manager - WARNING - findfont: Generic family 'sans-serif' not found because none of the following families were found: Times New Roman
2024-06-25 21:14:57,097 - matplotlib.font_manager - WARNING - findfont: Generic family 'sans-serif' not found because none of the following families were found: Times New Roman
2024-06-25 21:14:57,097 - matplotlib.font_manager - WARNING - findfont: Generic family 'sans-serif' not found because none of the following families were found: Times New Roman
2024-06-25 21:14:57,097 - matplotlib.font_manager - WARNING - findfont: Generic family 'sans-serif' not found because none of the following families were found: Times New Roman
2024-06-25 21:14:57,097 - matplotlib.font_manager - WARNING - findfont: Generic family 'sans-serif' not found because none of the following families were found: Times New Roman
2024-06-25 21:14:57,097 - matplotlib.font_manager - WARNING - findfont: Generic family 'sans-serif' not found because none of the following families were found: Times New Roman
2024-06-25 21:14:57,097 - matplotlib.font_manager - WARNING - findfont: Generic family 'sans-serif' not found because none of the following families were found: Times New Roman
2024-06-25 21:14:57,098 - matplotlib.font_manager - WARNING - findfont: Generic family 'sans-serif' not found because none of the following families were found: Times New Roman
2024-06-25 21:14:57,098 - matplotlib.font_manager - WARNING - findfont: Generic family 'sans-serif' not found because none of the following families were found: Times New Roman
2024-06-25 21:14:57,098 - matplotlib.font_manager - WARNING - findfont: Generic family 'sans-serif' not found because none of the following families were found: Times New Roman
2024-06-25 21:14:57,098 - matplotlib.font_manager - WARNING - findfont: Generic family 'sans-serif' not found because none of the following families were found: Times New Roman
2024-06-25 21:14:57,098 - matplotlib.font_manager - WARNING - findfont: Generic family 'sans-serif' not found because none of the following families were found: Times New Roman
2024-06-25 21:14:57,099 - matplotlib.font_manager - WARNING - findfont: Generic family 'sans-serif' not found because none of the following families were found: Times New Roman
2024-06-25 21:14:57,099 - matplotlib.font_manager - WARNING - findfont: Generic family 'sans-serif' not found because none of the following families were found: Times New Roman
2024-06-25 21:14:57,099 - matplotlib.font_manager - WARNING - findfont: Generic family 'sans-serif' not found because none of the following families were found: Times New Roman
2024-06-25 21:14:57,099 - matplotlib.font_manager - WARNING - findfont: Generic family 'sans-serif' not found because none of the following families were found: Times New Roman
2024-06-25 21:14:57,099 - matplotlib.font_manager - WARNING - findfont: Generic family 'sans-serif' not found because none of the following families were found: Times New Roman
2024-06-25 21:14:57,100 - matplotlib.font_manager - WARNING - findfont: Generic family 'sans-serif' not found because none of the following families were found: Times New Roman
2024-06-25 21:14:57,100 - matplotlib.font_manager - WARNING - findfont: Generic family 'sans-serif' not found because none of the following families were found: Times New Roman
2024-06-25 21:14:57,101 - matplotlib.font_manager - WARNING - findfont: Generic family 'sans-serif' not found because none of the following families were found: Times New Roman
2024-06-25 21:14:57,101 - matplotlib.font_manager - WARNING - findfont: Generic family 'sans-serif' not found because none of the following families were found: Times New Roman
2024-06-25 21:14:57,102 - matplotlib.font_manager - WARNING - findfont: Generic family 'sans-serif' not found because none of the following families were found: Times New Roman
2024-06-25 21:14:57,102 - matplotlib.font_manager - WARNING - findfont: Generic family 'sans-serif' not found because none of the following families were found: Times New Roman
2024-06-25 21:14:57,103 - matplotlib.font_manager - WARNING - findfont: Generic family 'sans-serif' not found because none of the following families were found: Times New Roman
2024-06-25 21:14:57,103 - matplotlib.font_manager - WARNING - findfont: Generic family 'sans-serif' not found because none of the following families were found: Times New Roman
2024-06-25 21:14:57,103 - matplotlib.font_manager - WARNING - findfont: Generic family 'sans-serif' not found because none of the following families were found: Times New Roman
2024-06-25 21:14:57,104 - matplotlib.font_manager - WARNING - findfont: Generic family 'sans-serif' not found because none of the following families were found: Times New Roman
2024-06-25 21:14:57,104 - matplotlib.font_manager - WARNING - findfont: Generic family 'sans-serif' not found because none of the following families were found: Times New Roman
2024-06-25 21:14:57,105 - matplotlib.font_manager - WARNING - findfont: Generic family 'sans-serif' not found because none of the following families were found: Times New Roman
2024-06-25 21:14:57,141 - matplotlib.font_manager - WARNING - findfont: Generic family 'sans-serif' not found because none of the following families were found: Times New Roman
2024-06-25 21:14:57,141 - matplotlib.font_manager - WARNING - findfont: Generic family 'sans-serif' not found because none of the following families were found: Times New Roman
2024-06-25 21:14:57,142 - matplotlib.font_manager - WARNING - findfont: Generic family 'sans-serif' not found because none of the following families were found: Times New Roman
2024-06-25 21:14:57,142 - matplotlib.font_manager - WARNING - findfont: Generic family 'sans-serif' not found because none of the following families were found: Times New Roman
2024-06-25 21:14:57,142 - matplotlib.font_manager - WARNING - findfont: Generic family 'sans-serif' not found because none of the following families were found: Times New Roman
2024-06-25 21:14:57,142 - matplotlib.font_manager - WARNING - findfont: Generic family 'sans-serif' not found because none of the following families were found: Times New Roman
2024-06-25 21:14:57,143 - matplotlib.font_manager - WARNING - findfont: Generic family 'sans-serif' not found because none of the following families were found: Times New Roman
2024-06-25 21:14:57,143 - matplotlib.font_manager - WARNING - findfont: Generic family 'sans-serif' not found because none of the following families were found: Times New Roman
2024-06-25 21:14:57,144 - matplotlib.font_manager - WARNING - findfont: Generic family 'sans-serif' not found because none of the following families were found: Times New Roman
2024-06-25 21:14:57,144 - matplotlib.font_manager - WARNING - findfont: Generic family 'sans-serif' not found because none of the following families were found: Times New Roman
2024-06-25 21:14:57,145 - matplotlib.font_manager - WARNING - findfont: Generic family 'sans-serif' not found because none of the following families were found: Times New Roman
2024-06-25 21:14:57,147 - matplotlib.font_manager - WARNING - findfont: Generic family 'sans-serif' not found because none of the following families were found: Times New Roman
2024-06-25 21:14:57,147 - matplotlib.font_manager - WARNING - findfont: Generic family 'sans-serif' not found because none of the following families were found: Times New Roman
2024-06-25 21:14:57,147 - matplotlib.font_manager - WARNING - findfont: Generic family 'sans-serif' not found because none of the following families were found: Times New Roman
2024-06-25 21:14:57,148 - matplotlib.font_manager - WARNING - findfont: Generic family 'sans-serif' not found because none of the following families were found: Times New Roman
2024-06-25 21:14:57,148 - matplotlib.font_manager - WARNING - findfont: Generic family 'sans-serif' not found because none of the following families were found: Times New Roman
2024-06-25 21:14:57,148 - matplotlib.font_manager - WARNING - findfont: Generic family 'sans-serif' not found because none of the following families were found: Times New Roman
2024-06-25 21:14:57,149 - matplotlib.font_manager - WARNING - findfont: Generic family 'sans-serif' not found because none of the following families were found: Times New Roman
2024-06-25 21:14:57,149 - matplotlib.font_manager - WARNING - findfont: Generic family 'sans-serif' not found because none of the following families were found: Times New Roman
2024-06-25 21:14:57,149 - matplotlib.font_manager - WARNING - findfont: Generic family 'sans-serif' not found because none of the following families were found: Times New Roman
2024-06-25 21:14:57,150 - matplotlib.font_manager - WARNING - findfont: Generic family 'sans-serif' not found because none of the following families were found: Times New Roman
2024-06-25 21:14:57,152 - matplotlib.font_manager - WARNING - findfont: Generic family 'sans-serif' not found because none of the following families were found: Times New Roman
2024-06-25 21:14:57,153 - matplotlib.font_manager - WARNING - findfont: Generic family 'sans-serif' not found because none of the following families were found: Times New Roman
2024-06-25 21:14:57,154 - matplotlib.font_manager - WARNING - findfont: Generic family 'sans-serif' not found because none of the following families were found: Times New Roman
2024-06-25 21:14:57,154 - matplotlib.font_manager - WARNING - findfont: Generic family 'sans-serif' not found because none of the following families were found: Times New Roman
2024-06-25 21:14:57,154 - matplotlib.font_manager - WARNING - findfont: Generic family 'sans-serif' not found because none of the following families were found: Times New Roman
2024-06-25 21:14:57,155 - matplotlib.font_manager - WARNING - findfont: Generic family 'sans-serif' not found because none of the following families were found: Times New Roman
2024-06-25 21:14:57,155 - matplotlib.font_manager - WARNING - findfont: Generic family 'sans-serif' not found because none of the following families were found: Times New Roman
2024-06-25 21:14:57,155 - matplotlib.font_manager - WARNING - findfont: Generic family 'sans-serif' not found because none of the following families were found: Times New Roman
2024-06-25 21:14:57,155 - matplotlib.font_manager - WARNING - findfont: Generic family 'sans-serif' not found because none of the following families were found: Times New Roman
2024-06-25 21:14:57,155 - matplotlib.font_manager - WARNING - findfont: Generic family 'sans-serif' not found because none of the following families were found: Times New Roman
2024-06-25 21:14:57,156 - matplotlib.font_manager - WARNING - findfont: Generic family 'sans-serif' not found because none of the following families were found: Times New Roman
2024-06-25 21:14:57,156 - matplotlib.font_manager - WARNING - findfont: Generic family 'sans-serif' not found because none of the following families were found: Times New Roman
2024-06-25 21:14:57,156 - matplotlib.font_manager - WARNING - findfont: Generic family 'sans-serif' not found because none of the following families were found: Times New Roman
2024-06-25 21:14:57,156 - matplotlib.font_manager - WARNING - findfont: Generic family 'sans-serif' not found because none of the following families were found: Times New Roman
2024-06-25 21:14:57,156 - matplotlib.font_manager - WARNING - findfont: Generic family 'sans-serif' not found because none of the following families were found: Times New Roman
2024-06-25 21:14:57,156 - matplotlib.font_manager - WARNING - findfont: Generic family 'sans-serif' not found because none of the following families were found: Times New Roman
2024-06-25 21:14:57,157 - matplotlib.font_manager - WARNING - findfont: Generic family 'sans-serif' not found because none of the following families were found: Times New Roman
2024-06-25 21:14:57,157 - matplotlib.font_manager - WARNING - findfont: Generic family 'sans-serif' not found because none of the following families were found: Times New Roman
2024-06-25 21:14:57,157 - matplotlib.font_manager - WARNING - findfont: Generic family 'sans-serif' not found because none of the following families were found: Times New Roman
2024-06-25 21:14:57,157 - matplotlib.font_manager - WARNING - findfont: Generic family 'sans-serif' not found because none of the following families were found: Times New Roman
2024-06-25 21:14:57,157 - matplotlib.font_manager - WARNING - findfont: Generic family 'sans-serif' not found because none of the following families were found: Times New Roman
2024-06-25 21:14:57,158 - matplotlib.font_manager - WARNING - findfont: Generic family 'sans-serif' not found because none of the following families were found: Times New Roman
2024-06-25 21:14:57,158 - matplotlib.font_manager - WARNING - findfont: Generic family 'sans-serif' not found because none of the following families were found: Times New Roman
2024-06-25 21:14:57,158 - matplotlib.font_manager - WARNING - findfont: Generic family 'sans-serif' not found because none of the following families were found: Times New Roman
2024-06-25 21:14:57,158 - matplotlib.font_manager - WARNING - findfont: Generic family 'sans-serif' not found because none of the following families were found: Times New Roman
2024-06-25 21:14:57,158 - matplotlib.font_manager - WARNING - findfont: Generic family 'sans-serif' not found because none of the following families were found: Times New Roman
2024-06-25 21:14:57,160 - matplotlib.font_manager - WARNING - findfont: Generic family 'sans-serif' not found because none of the following families were found: Times New Roman
2024-06-25 21:14:57,160 - matplotlib.font_manager - WARNING - findfont: Generic family 'sans-serif' not found because none of the following families were found: Times New Roman
2024-06-25 21:14:57,161 - matplotlib.font_manager - WARNING - findfont: Generic family 'sans-serif' not found because none of the following families were found: Times New Roman
2024-06-25 21:14:57,161 - matplotlib.font_manager - WARNING - findfont: Generic family 'sans-serif' not found because none of the following families were found: Times New Roman
2024-06-25 21:14:57,161 - matplotlib.font_manager - WARNING - findfont: Generic family 'sans-serif' not found because none of the following families were found: Times New Roman
2024-06-25 21:14:57,161 - matplotlib.font_manager - WARNING - findfont: Generic family 'sans-serif' not found because none of the following families were found: Times New Roman
2024-06-25 21:14:57,162 - matplotlib.font_manager - WARNING - findfont: Generic family 'sans-serif' not found because none of the following families were found: Times New Roman
2024-06-25 21:14:57,162 - matplotlib.font_manager - WARNING - findfont: Generic family 'sans-serif' not found because none of the following families were found: Times New Roman
2024-06-25 21:14:57,163 - matplotlib.font_manager - WARNING - findfont: Generic family 'sans-serif' not found because none of the following families were found: Times New Roman
2024-06-25 21:14:57,163 - matplotlib.font_manager - WARNING - findfont: Generic family 'sans-serif' not found because none of the following families were found: Times New Roman
2024-06-25 21:14:57,168 - root - INFO - remove_subway_list: ['地铁2号线', '地铁3号线']
2024-06-25 21:15:51,067 - root - INFO - count, count_true: 149692, 2511
2024-06-25 21:15:52,628 - root - INFO - count, count_true: 149692, 3267
2024-06-25 21:17:24,788 - root - INFO - line 地铁2号线
2024-06-25 21:17:24,788 - root - INFO - year2construction{2010: {}, 2011: {}, 2012: {}, 2013: {}, 2014: {}, 2015: {}, 2016: {}, 2017: {12: 1342002.3986999998}, 2018: {}, 2019: {12: 292913.0588}, 2020: {}, 2021: {}, 2022: {}, 2023: {}}
2024-06-25 21:17:24,788 - root - INFO - total_construction1634915.4574999998
2024-06-25 21:17:24,790 - root - INFO - year2ope{2010: {}, 2011: {}, 2012: {}, 2013: {}, 2014: {}, 2015: {}, 2016: {}, 2017: {12: 23    91.851135
Name: per_mileage_carbon (tCO2/km), dtype: float64}, 2018: {}, 2019: {12: 23    110.165261
Name: per_mileage_carbon (tCO2/km), dtype: float64}, 2020: {}, 2021: {}, 2022: {}, 2023: {}}
2024-06-25 21:17:24,790 - root - INFO - carbon_save_list{2010: {}, 2011: {}, 2012: {}, 2013: {}, 2014: {}, 2015: {}, 2016: {}, 2017: {}, 2018: {}, 2019: {}, 2020: {}, 2021: {}, 2022: {}, 2023: {}}
