2024-07-02 19:42:56,215 - root - INFO - City: Xi'an
2024-07-02 19:42:56,215 - root - INFO - Parking fee: 20
2024-07-02 19:43:57,205 - root - INFO - Year: 2019, Month: 6
2024-07-02 19:45:02,604 - root - INFO - remove_subway_list: ['地铁1号线', '地铁2号线', '地铁3号线', '地铁4号线', '地铁14号线']
2024-07-02 19:46:06,089 - root - INFO - count, count_true: 148120, 2021
2024-07-02 19:46:06,308 - root - INFO - count, count_true: 146866, 2008
2024-07-02 19:46:07,059 - root - INFO - count, count_true: 150089, 2027
2024-07-02 19:46:07,167 - root - INFO - count, count_true: 152223, 4860
2024-07-02 19:46:07,345 - root - INFO - count, count_true: 154168, 4911
2024-07-02 19:46:07,531 - root - INFO - count, count_true: 157318, 10402
2024-07-02 19:46:08,400 - root - INFO - count, count_true: 155936, 10317
2024-07-02 19:46:08,456 - root - INFO - count, count_true: 151756, 2259
2024-07-02 19:48:03,133 - root - INFO - count, count_true: 151756, 4886
2024-07-02 19:48:03,750 - root - INFO - count, count_true: 150089, 2207
2024-07-02 19:48:05,270 - root - INFO - count, count_true: 154168, 10241
2024-07-02 19:48:05,688 - root - INFO - count, count_true: 158468, 16896
2024-07-02 19:48:06,107 - root - INFO - count, count_true: 159859, 65280
2024-07-02 19:48:06,776 - root - INFO - count, count_true: 159859, 17059
2024-07-02 19:48:08,396 - root - INFO - count, count_true: 159859, 44198
2024-07-02 19:48:08,819 - root - INFO - count, count_true: 159859, 41932
2024-07-02 19:50:21,467 - root - INFO - count, count_true: 159859, 44198
2024-07-02 19:50:21,985 - root - INFO - count, count_true: 158468, 16939
2024-07-02 19:50:27,430 - root - INFO - count, count_true: 159859, 70506
2024-07-02 19:52:29,930 - root - INFO - count, count_true: 159859, 70779
2024-07-02 19:55:13,265 - root - INFO - count, count_true: 150089, 0
2024-07-02 19:55:13,757 - root - INFO - count, count_true: 146866, 0
2024-07-02 19:55:14,203 - root - INFO - count, count_true: 151756, 2485
2024-07-02 19:55:14,246 - root - INFO - count, count_true: 148120, 0
2024-07-02 19:55:14,772 - root - INFO - count, count_true: 154168, 2640
2024-07-02 19:55:15,220 - root - INFO - count, count_true: 152223, 2621
2024-07-02 19:55:16,145 - root - INFO - count, count_true: 155936, 8176
2024-07-02 19:55:17,876 - root - INFO - count, count_true: 157318, 8242
2024-07-02 19:57:08,283 - root - INFO - count, count_true: 150089, 2469
2024-07-02 19:57:09,378 - root - INFO - count, count_true: 151756, 2611
2024-07-02 19:57:09,975 - root - INFO - count, count_true: 154168, 8127
2024-07-02 19:57:10,344 - root - INFO - count, count_true: 158468, 15549
2024-07-02 19:57:12,366 - root - INFO - count, count_true: 159859, 15796
2024-07-02 19:57:15,188 - root - INFO - count, count_true: 159859, 45996
2024-07-02 19:57:16,285 - root - INFO - count, count_true: 159859, 48134
2024-07-02 19:57:19,586 - root - INFO - count, count_true: 159859, 63325
2024-07-02 19:59:07,757 - root - INFO - count, count_true: 158468, 15701
2024-07-02 19:59:13,922 - root - INFO - count, count_true: 159859, 48134
2024-07-02 19:59:20,545 - root - INFO - count, count_true: 159859, 64308
2024-07-02 20:01:19,713 - root - INFO - count, count_true: 159859, 64775
2024-07-02 20:03:54,859 - root - INFO - count, count_true: 146866, 2008
2024-07-02 20:03:55,062 - root - INFO - count, count_true: 150089, 2027
2024-07-02 20:03:55,762 - root - INFO - count, count_true: 154168, 8942
2024-07-02 20:03:55,767 - root - INFO - count, count_true: 151756, 5636
2024-07-02 20:03:56,016 - root - INFO - count, count_true: 148120, 2021
2024-07-02 20:03:56,349 - root - INFO - count, count_true: 157318, 10602
2024-07-02 20:03:56,828 - root - INFO - count, count_true: 155936, 10553
2024-07-02 20:03:56,839 - root - INFO - count, count_true: 152223, 8851
2024-07-02 20:05:53,402 - root - INFO - count, count_true: 150089, 5551
2024-07-02 20:05:53,649 - root - INFO - count, count_true: 151756, 8849
2024-07-02 20:05:54,684 - root - INFO - count, count_true: 158468, 17677
2024-07-02 20:05:56,451 - root - INFO - count, count_true: 154168, 10471
2024-07-02 20:05:56,961 - root - INFO - count, count_true: 159859, 17957
2024-07-02 20:05:58,393 - root - INFO - count, count_true: 159859, 48262
2024-07-02 20:06:01,534 - root - INFO - count, count_true: 159859, 65969
2024-07-02 20:06:01,757 - root - INFO - count, count_true: 159859, 50304
2024-07-02 20:07:53,725 - root - INFO - count, count_true: 158468, 17856
2024-07-02 20:07:59,189 - root - INFO - count, count_true: 159859, 50304
2024-07-02 20:08:01,178 - root - INFO - count, count_true: 159859, 71308
2024-07-02 20:10:00,944 - root - INFO - count, count_true: 159859, 71838
2024-07-02 20:12:43,904 - root - INFO - count, count_true: 150089, 2027
2024-07-02 20:12:43,948 - root - INFO - count, count_true: 152223, 8851
2024-07-02 20:12:47,313 - root - INFO - count, count_true: 154168, 8942
2024-07-02 20:12:47,448 - root - INFO - count, count_true: 151756, 5636
2024-07-02 20:12:47,685 - root - INFO - count, count_true: 155936, 15317
2024-07-02 20:12:48,341 - root - INFO - count, count_true: 157318, 15421
2024-07-02 20:12:48,420 - root - INFO - count, count_true: 146866, 2008
2024-07-02 20:12:49,199 - root - INFO - count, count_true: 148120, 2021
2024-07-02 20:14:42,350 - root - INFO - count, count_true: 150089, 5551
2024-07-02 20:14:45,454 - root - INFO - count, count_true: 158468, 17785
2024-07-02 20:14:45,629 - root - INFO - count, count_true: 151756, 8849
2024-07-02 20:14:46,391 - root - INFO - count, count_true: 154168, 15206
2024-07-02 20:14:47,694 - root - INFO - count, count_true: 159859, 18073
2024-07-02 20:14:48,769 - root - INFO - count, count_true: 159859, 50472
2024-07-02 20:14:50,075 - root - INFO - count, count_true: 159859, 64670
2024-07-02 20:14:50,268 - root - INFO - count, count_true: 159859, 48532
2024-07-02 20:16:42,495 - root - INFO - count, count_true: 158468, 17948
2024-07-02 20:16:53,084 - root - INFO - count, count_true: 159859, 69995
2024-07-02 20:16:53,958 - root - INFO - count, count_true: 159859, 50472
2024-07-02 20:18:56,528 - root - INFO - count, count_true: 159859, 70494
2024-07-02 20:21:39,784 - root - INFO - count, count_true: 146866, 2008
2024-07-02 20:21:39,924 - root - INFO - count, count_true: 148120, 2021
2024-07-02 20:21:40,262 - root - INFO - count, count_true: 150089, 2027
2024-07-02 20:21:40,320 - root - INFO - count, count_true: 152223, 8851
2024-07-02 20:21:40,982 - root - INFO - count, count_true: 154168, 8942
2024-07-02 20:21:41,477 - root - INFO - count, count_true: 151756, 5636
2024-07-02 20:21:42,583 - root - INFO - count, count_true: 155936, 15317
2024-07-02 20:21:42,587 - root - INFO - count, count_true: 157318, 15421
2024-07-02 20:23:36,724 - root - INFO - count, count_true: 150089, 5551
2024-07-02 20:23:38,838 - root - INFO - count, count_true: 158468, 23174
2024-07-02 20:23:39,202 - root - INFO - count, count_true: 159859, 55496
2024-07-02 20:23:39,650 - root - INFO - count, count_true: 151756, 8849
2024-07-02 20:23:39,714 - root - INFO - count, count_true: 154168, 15206
2024-07-02 20:23:40,869 - root - INFO - count, count_true: 159859, 23482
2024-07-02 20:23:43,167 - root - INFO - count, count_true: 159859, 56112
2024-07-02 20:23:44,551 - root - INFO - count, count_true: 159859, 71180
2024-07-02 20:25:36,033 - root - INFO - count, count_true: 158468, 23332
2024-07-02 20:25:38,842 - root - INFO - count, count_true: 159859, 56112
2024-07-02 20:25:45,602 - root - INFO - count, count_true: 159859, 76626
2024-07-02 20:28:00,465 - root - INFO - count, count_true: 159859, 77115
